ApsimVersion = 7.6
Title = PFnew soilco2
           Date  soil_root_co2
   (dd/mm/yyyy)             ()
     05/05/2008          0.000
     06/05/2008         18.124
     07/05/2008         19.097
     08/05/2008         16.145
     09/05/2008         14.677
     10/05/2008         12.946
     11/05/2008         14.737
     12/05/2008         12.495
     13/05/2008         11.483
     14/05/2008         10.889
     15/05/2008         10.765
     16/05/2008         11.797
     17/05/2008         12.747
     18/05/2008         14.872
     19/05/2008         14.867
     20/05/2008         14.682
     21/05/2008         13.999
     22/05/2008         13.784
     23/05/2008         13.835
     24/05/2008         15.520
     25/05/2008         14.430
     26/05/2008         18.983
     27/05/2008         20.054
     28/05/2008         14.268
     29/05/2008         13.677
     30/05/2008         12.022
     31/05/2008         14.760
     01/06/2008         16.525
     02/06/2008         17.291
     03/06/2008         16.654
     04/06/2008         14.067
     05/06/2008         15.520
     06/06/2008         15.254
     07/06/2008         16.376
     08/06/2008         18.241
     09/06/2008         16.093
     10/06/2008         16.280
     11/06/2008         16.888
     12/06/2008         15.119
     13/06/2008         16.497
     14/06/2008         16.834
     15/06/2008         17.892
     16/06/2008         17.013
     17/06/2008         14.234
     18/06/2008         14.557
     19/06/2008         15.750
     20/06/2008         17.079
     21/06/2008         18.131
     22/06/2008         21.282
     23/06/2008         18.743
     24/06/2008         13.759
     25/06/2008         15.215
     26/06/2008         16.719
     27/06/2008         16.271
     28/06/2008         17.645
     29/06/2008         16.007
     30/06/2008         13.855
     01/07/2008         12.729
     02/07/2008         13.874
     03/07/2008         15.601
     04/07/2008         16.455
     05/07/2008         16.455
     06/07/2008         16.736
     07/07/2008         17.601
     08/07/2008         23.532
     09/07/2008         21.753
     10/07/2008         21.100
     11/07/2008         21.169
     12/07/2008         20.739
     13/07/2008         19.296
     14/07/2008         16.653
     15/07/2008         14.727
     16/07/2008         16.239
     17/07/2008         17.500
     18/07/2008         19.063
     19/07/2008         19.521
     20/07/2008         16.745
     21/07/2008         19.092
     22/07/2008         16.415
     23/07/2008         17.636
     24/07/2008         17.416
     25/07/2008         14.568
     26/07/2008         16.339
     27/07/2008         17.374
     28/07/2008         15.380
     29/07/2008         17.580
     30/07/2008         17.128
     31/07/2008         18.620
     01/08/2008         19.506
     02/08/2008         19.612
     03/08/2008         16.521
     04/08/2008         16.691
     05/08/2008         17.850
     06/08/2008         17.287
     07/08/2008         16.873
     08/08/2008         17.550
     09/08/2008         17.898
     10/08/2008         18.790
     11/08/2008         19.050
     12/08/2008         18.579
     13/08/2008         21.344
     14/08/2008         21.790
     15/08/2008         22.138
     16/08/2008         22.071
     17/08/2008         22.127
     18/08/2008         22.268
     19/08/2008         21.666
     20/08/2008         20.918
     21/08/2008         21.443
     22/08/2008         21.412
     23/08/2008         23.647
     24/08/2008         22.666
     25/08/2008         21.421
     26/08/2008         21.390
     27/08/2008         21.525
     28/08/2008         24.508
     29/08/2008         27.924
     30/08/2008         27.683
     31/08/2008         28.587
     01/09/2008         29.305
     02/09/2008         30.168
     03/09/2008         28.588
     04/09/2008         22.441
     05/09/2008         20.742
     06/09/2008         20.643
     07/09/2008         19.238
     08/09/2008         20.060
     09/09/2008         17.121
     10/09/2008         18.087
     11/09/2008         22.988
     12/09/2008         28.134
     13/09/2008         26.733
     14/09/2008         26.966
     15/09/2008         21.648
     16/09/2008         21.671
     17/09/2008         24.989
     18/09/2008         27.403
     19/09/2008         27.825
     20/09/2008         27.000
     21/09/2008         26.627
     22/09/2008         25.483
     23/09/2008         26.401
     24/09/2008         31.854
     25/09/2008         30.679
     26/09/2008         29.824
     27/09/2008         30.752
     28/09/2008         29.845
     29/09/2008         26.225
     30/09/2008         25.642
     01/10/2008         20.545
     02/10/2008          9.100
     03/10/2008          8.601
     04/10/2008          7.764
     05/10/2008          8.814
     06/10/2008          9.549
     07/10/2008         15.485
     08/10/2008         10.935
     09/10/2008         11.237
     10/10/2008         11.387
     11/10/2008         11.981
     12/10/2008         13.233
     13/10/2008         13.615
     14/10/2008         12.176
     15/10/2008          9.092
     16/10/2008          8.123
     17/10/2008          7.445
     18/10/2008          6.955
     19/10/2008          7.437
     20/10/2008         11.523
     21/10/2008          8.843
     22/10/2008          6.307
     23/10/2008          6.414
     24/10/2008          5.905
     25/10/2008          4.990
     26/10/2008          5.606
     27/10/2008          5.254
     28/10/2008          3.819
     29/10/2008          3.526
     30/10/2008          4.490
     31/10/2008          7.448
     01/11/2008          9.570
     02/11/2008          7.933
     03/11/2008         10.491
     04/11/2008         11.167
     05/11/2008         11.418
     06/11/2008         12.404
     07/11/2008          7.438
     08/11/2008          4.780
     09/11/2008          3.806
     10/11/2008          2.936
     11/11/2008          2.952
     12/11/2008          2.785
     13/11/2008          3.000
     14/11/2008          4.064
     15/11/2008          3.008
     16/11/2008          2.392
     17/11/2008          2.191
     18/11/2008          1.974
     19/11/2008          1.725
     20/11/2008          1.717
     21/11/2008          1.472
     22/11/2008          1.265
     23/11/2008          1.125
     24/11/2008          1.072
     25/11/2008          1.115
     26/11/2008          1.030
     27/11/2008          0.991
     28/11/2008          0.979
     29/11/2008          1.006
     30/11/2008          0.932
     01/12/2008          0.873
     02/12/2008          0.799
     03/12/2008          0.732
     04/12/2008          0.691
     05/12/2008          0.643
     06/12/2008          0.589
     07/12/2008          0.548
     08/12/2008          0.516
     09/12/2008          0.482
     10/12/2008          0.455
     11/12/2008          0.434
     12/12/2008          0.411
     13/12/2008          0.395
     14/12/2008          0.486
     15/12/2008          0.377
     16/12/2008          0.367
     17/12/2008          0.342
     18/12/2008          0.313
     19/12/2008          0.284
     20/12/2008          0.261
     21/12/2008          0.245
     22/12/2008          0.233
     23/12/2008          0.220
     24/12/2008          0.207
     25/12/2008          0.195
     26/12/2008          0.186
     27/12/2008          0.372
     28/12/2008          0.173
     29/12/2008          0.168
     30/12/2008          0.165
     31/12/2008          0.165
     01/01/2009          0.166
     02/01/2009          0.166
     03/01/2009          0.164
     04/01/2009          0.162
     05/01/2009          0.162
     06/01/2009          0.160
     07/01/2009          0.156
     08/01/2009          0.153
     09/01/2009          0.151
     10/01/2009          0.148
     11/01/2009          0.145
     12/01/2009          0.141
     13/01/2009          0.138
     14/01/2009          0.135
     15/01/2009          0.132
     16/01/2009          0.127
     17/01/2009          0.122
     18/01/2009          0.116
     19/01/2009          0.111
     20/01/2009          0.107
     21/01/2009          0.105
     22/01/2009          0.102
     23/01/2009          0.100
     24/01/2009          0.099
     25/01/2009          0.097
     26/01/2009          0.096
     27/01/2009          0.094
     28/01/2009          0.091
     29/01/2009          0.089
     30/01/2009          0.087
     31/01/2009          0.085
     01/02/2009          0.083
     02/02/2009          0.081
     03/02/2009          0.080
     04/02/2009          0.078
     05/02/2009          0.077
     06/02/2009          0.076
     07/02/2009          0.111
     08/02/2009          0.205
     09/02/2009          0.073
     10/02/2009          0.527
     11/02/2009          1.886
     12/02/2009          0.210
     13/02/2009          0.202
     14/02/2009          0.097
     15/02/2009          0.092
     16/02/2009          0.092
     17/02/2009          0.091
     18/02/2009          0.092
     19/02/2009          0.094
     20/02/2009          0.095
     21/02/2009          0.093
     22/02/2009          0.092
     23/02/2009          0.090
     24/02/2009          0.088
     25/02/2009          0.161
     26/02/2009          0.330
     27/02/2009          0.099
     28/02/2009          0.096
     01/03/2009          0.097
     02/03/2009          0.095
     03/03/2009          0.092
     04/03/2009          0.090
     05/03/2009          0.157
     06/03/2009          2.442
     07/03/2009          1.632
     08/03/2009          0.397
     09/03/2009          0.329
     10/03/2009          0.318
     11/03/2009          0.191
     12/03/2009          0.152
     13/03/2009          0.131
     14/03/2009          0.122
     15/03/2009          0.285
     16/03/2009          0.795
     17/03/2009          2.894
     18/03/2009          2.780
     19/03/2009          1.848
     20/03/2009          0.937
     21/03/2009          1.068
     22/03/2009          2.821
     23/03/2009          3.348
     24/03/2009          5.683
     25/03/2009          2.792
     26/03/2009          2.100
     27/03/2009          1.519
     28/03/2009          1.084
     29/03/2009          0.844
     30/03/2009          0.983
     31/03/2009          2.282
     01/04/2009          1.538
     02/04/2009          1.266
     03/04/2009          1.140
     04/04/2009          1.186
     05/04/2009          3.426
     06/04/2009          1.558
     07/04/2009          1.262
     08/04/2009          1.082
     09/04/2009          1.344
     10/04/2009          1.334
     11/04/2009          2.247
     12/04/2009          2.784
     13/04/2009          2.629
     14/04/2009          2.231
     15/04/2009          3.366
     16/04/2009          3.971
     17/04/2009          5.348
     18/04/2009          5.794
     19/04/2009          6.996
     20/04/2009          4.707
     21/04/2009          3.765
     22/04/2009          4.470
     23/04/2009          6.040
     24/04/2009          7.916
     25/04/2009          8.947
     26/04/2009          9.469
     27/04/2009         10.134
     28/04/2009          6.550
     29/04/2009          6.248
     30/04/2009          7.235
     01/05/2009          8.732
     02/05/2009          7.471
     03/05/2009          9.115
     04/05/2009         10.992
     05/05/2009         12.488
     06/05/2009         14.861
     07/05/2009         14.714
     08/05/2009         15.134
     09/05/2009         15.062
     10/05/2009         11.531
     11/05/2009         11.802
     12/05/2009         12.572
     13/05/2009         17.294
     14/05/2009         18.132
     15/05/2009         14.069
     16/05/2009         14.940
     17/05/2009         11.489
     18/05/2009         11.262
     19/05/2009         20.937
     20/05/2009         25.990
     21/05/2009         26.867
     22/05/2009         25.672
     23/05/2009         25.149
     24/05/2009         30.118
     25/05/2009         28.693
     26/05/2009         25.262
     27/05/2009         23.783
     28/05/2009         19.038
     29/05/2009         22.201
     30/05/2009         24.896
     31/05/2009         25.920
     01/06/2009         25.268
     02/06/2009         28.529
     03/06/2009         26.882
     04/06/2009         24.344
     05/06/2009         26.191
     06/06/2009         27.754
     07/06/2009         29.161
     08/06/2009         28.488
     09/06/2009         26.140
     10/06/2009         23.303
     11/06/2009         27.047
     12/06/2009         28.771
     13/06/2009         29.491
     14/06/2009         29.258
     15/06/2009         28.369
     16/06/2009         30.285
     17/06/2009         31.168
     18/06/2009         32.152
     19/06/2009         36.387
     20/06/2009         35.087
     21/06/2009         35.273
     22/06/2009         38.059
     23/06/2009         39.466
     24/06/2009         40.754
     25/06/2009         37.971
     26/06/2009         40.402
     27/06/2009         39.937
     28/06/2009         39.770
     29/06/2009         37.359
     30/06/2009         36.005
     01/07/2009         33.790
     02/07/2009         33.541
     03/07/2009         33.845
     04/07/2009         33.901
     05/07/2009         33.867
     06/07/2009         44.367
     07/07/2009         36.261
     08/07/2009         37.471
     09/07/2009         36.372
     10/07/2009         35.720
     11/07/2009         37.710
     12/07/2009         37.581
     13/07/2009         36.678
     14/07/2009         36.826
     15/07/2009         39.165
     16/07/2009         38.009
     17/07/2009         33.173
     18/07/2009         29.461
     19/07/2009         31.864
     20/07/2009         31.012
     21/07/2009         30.953
     22/07/2009         33.232
     23/07/2009         31.994
     24/07/2009         31.873
     25/07/2009         31.425
     26/07/2009         30.354
     27/07/2009         29.862
     28/07/2009         29.934
     29/07/2009         28.902
     30/07/2009         26.634
     31/07/2009         26.681
     01/08/2009         25.752
     02/08/2009         23.645
     03/08/2009         24.737
     04/08/2009         26.576
     05/08/2009         23.731
     06/08/2009         21.955
     07/08/2009         22.190
     08/08/2009         25.241
     09/08/2009         26.201
     10/08/2009         24.858
     11/08/2009         27.620
     12/08/2009         24.118
     13/08/2009         24.617
     14/08/2009         24.107
     15/08/2009         23.519
     16/08/2009         22.071
     17/08/2009         22.735
     18/08/2009         20.887
     19/08/2009         19.974
     20/08/2009         22.619
     21/08/2009         19.919
     22/08/2009         16.274
     23/08/2009         14.638
     24/08/2009         18.521
     25/08/2009         19.198
     26/08/2009         23.240
     27/08/2009         12.497
     28/08/2009         30.527
     29/08/2009         32.215
     30/08/2009         20.467
     31/08/2009         17.961
     01/09/2009         18.718
     02/09/2009         17.058
     03/09/2009         16.866
     04/09/2009         16.510
     05/09/2009         17.148
     06/09/2009         18.267
     07/09/2009         17.489
     08/09/2009         18.251
     09/09/2009         18.842
     10/09/2009         18.207
     11/09/2009         17.867
     12/09/2009         18.883
     13/09/2009         18.512
     14/09/2009         17.354
     15/09/2009         17.031
     16/09/2009         17.058
     17/09/2009         17.524
     18/09/2009         16.297
     19/09/2009         16.591
     20/09/2009         16.360
     21/09/2009         17.282
     22/09/2009         17.178
     23/09/2009         21.752
     24/09/2009         15.569
     25/09/2009         23.379
     26/09/2009         18.657
     27/09/2009         18.572
     28/09/2009         19.444
     29/09/2009         12.888
     30/09/2009         11.410
     01/10/2009         10.655
     02/10/2009          2.944
     03/10/2009         13.199
     04/10/2009          8.629
     05/10/2009          8.836
     06/10/2009         10.287
     07/10/2009         13.570
     08/10/2009          9.186
     09/10/2009          9.134
     10/10/2009          9.196
     11/10/2009          3.165
     12/10/2009          1.040
     13/10/2009          0.793
     14/10/2009          1.587
     15/10/2009          1.213
     16/10/2009          2.948
     17/10/2009          3.496
     18/10/2009          2.859
     19/10/2009          1.976
     20/10/2009          3.599
     21/10/2009          3.340
     22/10/2009          3.980
     23/10/2009          9.786
     24/10/2009          6.307
     25/10/2009          4.425
     26/10/2009          5.770
     27/10/2009          7.659
     28/10/2009          6.413
     29/10/2009          5.894
     30/10/2009          7.486
     31/10/2009          9.997
     01/11/2009          8.579
     02/11/2009          7.163
     03/11/2009          8.196
     04/11/2009          7.999
     05/11/2009          5.455
     06/11/2009          6.313
     07/11/2009          5.895
     08/11/2009          6.950
     09/11/2009          7.856
     10/11/2009          8.239
     11/11/2009          7.987
     12/11/2009          7.431
     13/11/2009          6.655
     14/11/2009          6.844
     15/11/2009          7.296
     16/11/2009          6.809
     17/11/2009          5.340
     18/11/2009          5.934
     19/11/2009          5.691
     20/11/2009          5.354
     21/11/2009          4.896
     22/11/2009          4.801
     23/11/2009          4.207
     24/11/2009          5.760
     25/11/2009          6.352
     26/11/2009          7.510
     27/11/2009          4.659
     28/11/2009          3.548
     29/11/2009          3.361
     30/11/2009          4.212
     01/12/2009          2.930
     02/12/2009          2.879
     03/12/2009          6.045
     04/12/2009          2.350
     05/12/2009          1.918
     06/12/2009          1.568
     07/12/2009          1.293
     08/12/2009          1.112
     09/12/2009          0.958
     10/12/2009          0.815
     11/12/2009          0.704
     12/12/2009          0.583
     13/12/2009          0.454
     14/12/2009          0.357
     15/12/2009          0.297
     16/12/2009          0.268
     17/12/2009          0.252
     18/12/2009          0.228
     19/12/2009          0.198
     20/12/2009          0.178
     21/12/2009          0.167
     22/12/2009          0.161
     23/12/2009          0.160
     24/12/2009          0.162
     25/12/2009          0.168
     26/12/2009          0.179
     27/12/2009          0.195
     28/12/2009          0.203
     29/12/2009          0.197
     30/12/2009          0.183
     31/12/2009          0.166
     01/01/2010          0.149
     02/01/2010          0.137
     03/01/2010          0.129
     04/01/2010          0.122
     05/01/2010          0.112
     06/01/2010          0.102
     07/01/2010          0.092
     08/01/2010          0.084
     09/01/2010          0.078
     10/01/2010          0.074
     11/01/2010          0.071
     12/01/2010          0.069
     13/01/2010          0.066
     14/01/2010          0.064
     15/01/2010          0.062
     16/01/2010          0.060
     17/01/2010          0.058
     18/01/2010          0.057
     19/01/2010          0.055
     20/01/2010          0.055
     21/01/2010          0.054
     22/01/2010          0.054
     23/01/2010          0.056
     24/01/2010          0.062
     25/01/2010          0.129
     26/01/2010          0.074
     27/01/2010          0.081
     28/01/2010          0.092
     29/01/2010          0.097
     30/01/2010          0.096
     31/01/2010          0.093
     01/02/2010          0.087
     02/02/2010          0.078
     03/02/2010          0.070
     04/02/2010          0.064
     05/02/2010          0.061
     06/02/2010          0.058
     07/02/2010          0.056
     08/02/2010          0.056
     09/02/2010          0.059
     10/02/2010          0.063
     11/02/2010          0.067
     12/02/2010          0.068
     13/02/2010          0.064
     14/02/2010          0.059
     15/02/2010          0.055
     16/02/2010          0.053
     17/02/2010          0.052
     18/02/2010          0.052
     19/02/2010          0.053
     20/02/2010          0.053
     21/02/2010          0.054
     22/02/2010          0.054
     23/02/2010          0.054
     24/02/2010          0.056
     25/02/2010          0.058
     26/02/2010          0.058
     27/02/2010          0.057
     28/02/2010          0.053
     01/03/2010          0.049
     02/03/2010          0.046
     03/03/2010          0.044
     04/03/2010          0.044
     05/03/2010          0.046
     06/03/2010          0.047
     07/03/2010          0.050
     08/03/2010          0.053
     09/03/2010          0.251
     10/03/2010          0.273
     11/03/2010          0.306
     12/03/2010          0.734
     13/03/2010          0.892
     14/03/2010          1.033
     15/03/2010          1.011
     16/03/2010          3.083
     17/03/2010          3.181
     18/03/2010          1.913
     19/03/2010          4.962
     20/03/2010          5.663
     21/03/2010          1.799
     22/03/2010          1.376
     23/03/2010          1.585
     24/03/2010          2.496
     25/03/2010          3.710
     26/03/2010          3.425
     27/03/2010          2.099
     28/03/2010          1.965
     29/03/2010          3.052
     30/03/2010          2.995
     31/03/2010          3.131
     01/04/2010          5.734
     02/04/2010          6.377
     03/04/2010          6.619
     04/04/2010         15.868
     05/04/2010          9.717
     06/04/2010          9.837
     07/04/2010         10.304
     08/04/2010         16.256
     09/04/2010          7.827
     10/04/2010          7.303
     11/04/2010         10.535
     12/04/2010          9.932
     13/04/2010         11.912
     14/04/2010         11.524
     15/04/2010         11.182
     16/04/2010         15.259
     17/04/2010         30.050
     18/04/2010         14.138
     19/04/2010         11.603
     20/04/2010         11.913
     21/04/2010         12.800
     22/04/2010         12.245
     23/04/2010         18.231
     24/04/2010         16.414
     25/04/2010         13.963
     26/04/2010         18.564
     27/04/2010         12.349
     28/04/2010         10.419
     29/04/2010         11.639
     30/04/2010         11.989
     01/05/2010         17.932
     02/05/2010         18.418
     03/05/2010         16.015
     04/05/2010         16.148
     05/05/2010         13.692
     06/05/2010         19.128
     07/05/2010         14.129
     08/05/2010         13.991
     09/05/2010         12.523
     10/05/2010         10.015
     11/05/2010         10.074
     12/05/2010         10.569
     13/05/2010         10.804
     14/05/2010          7.963
     15/05/2010         10.524
     16/05/2010         13.087
     17/05/2010         15.912
     18/05/2010         16.209
     19/05/2010         17.340
     20/05/2010         15.722
     21/05/2010         16.366
     22/05/2010         18.974
     23/05/2010         21.274
     24/05/2010         24.865
     25/05/2010         27.258
     26/05/2010         24.961
     27/05/2010         26.883
     28/05/2010         26.477
     29/05/2010         26.039
     30/05/2010         26.031
     31/05/2010         26.815
     01/06/2010         29.161
     02/06/2010         28.990
     03/06/2010         32.028
     04/06/2010         31.294
     05/06/2010         30.722
     06/06/2010         33.735
     07/06/2010         31.940
     08/06/2010         31.005
     09/06/2010         31.704
     10/06/2010         37.500
     11/06/2010         30.715
     12/06/2010         31.259
     13/06/2010         33.404
     14/06/2010         32.807
     15/06/2010         29.490
     16/06/2010         31.223
     17/06/2010         28.766
     18/06/2010         29.385
     19/06/2010         31.621
     20/06/2010         29.666
     21/06/2010         29.802
     22/06/2010         36.655
     23/06/2010         35.290
     24/06/2010         40.505
     25/06/2010         38.722
     26/06/2010         37.986
     27/06/2010         39.778
     28/06/2010         39.959
     29/06/2010         36.959
     30/06/2010         35.623
     01/07/2010         35.079
     02/07/2010         35.755
     03/07/2010         36.548
     04/07/2010         36.473
     05/07/2010         38.546
     06/07/2010         39.991
     07/07/2010         43.190
     08/07/2010         43.063
     09/07/2010         39.001
     10/07/2010         39.497
     11/07/2010         39.911
     12/07/2010         39.051
     13/07/2010         40.177
     14/07/2010         40.854
     15/07/2010         38.963
     16/07/2010         46.137
     17/07/2010         42.399
     18/07/2010         42.361
     19/07/2010         44.991
     20/07/2010         42.554
     21/07/2010         39.269
     22/07/2010         39.220
     23/07/2010         40.623
     24/07/2010         44.297
     25/07/2010         44.927
     26/07/2010         40.258
     27/07/2010         40.537
     28/07/2010         42.655
     29/07/2010         45.946
     30/07/2010         41.306
     31/07/2010         39.904
     01/08/2010         42.778
     02/08/2010         41.808
     03/08/2010         42.356
     04/08/2010         42.611
     05/08/2010         49.045
     06/08/2010         43.083
     07/08/2010         39.171
     08/08/2010         40.242
     09/08/2010         42.363
     10/08/2010         43.504
     11/08/2010         41.377
     12/08/2010         42.439
     13/08/2010         43.235
     14/08/2010         46.166
     15/08/2010         46.276
     16/08/2010         45.556
     17/08/2010         42.109
     18/08/2010         42.340
     19/08/2010         39.761
     20/08/2010         46.806
     21/08/2010         42.695
     22/08/2010         43.125
     23/08/2010         45.571
     24/08/2010         46.026
     25/08/2010         44.892
     26/08/2010         41.518
     27/08/2010         38.957
     28/08/2010         39.066
     29/08/2010         40.781
     30/08/2010         40.299
     31/08/2010         41.549
     01/09/2010         42.925
     02/09/2010         44.097
     03/09/2010         44.494
     04/09/2010         37.180
     05/09/2010         32.605
     06/09/2010         32.236
     07/09/2010         37.348
     08/09/2010         39.334
     09/09/2010         34.095
     10/09/2010         33.041
     11/09/2010         37.063
     12/09/2010         40.712
     13/09/2010         39.932
     14/09/2010         36.832
     15/09/2010         38.256
     16/09/2010         36.940
     17/09/2010         38.023
     18/09/2010         28.887
     19/09/2010         34.771
     20/09/2010         14.992
     21/09/2010         25.998
     22/09/2010         38.990
     23/09/2010         13.832
     24/09/2010         39.489
     25/09/2010         39.981
     26/09/2010         35.478
     27/09/2010         20.102
     28/09/2010         26.603
     29/09/2010         24.724
     30/09/2010         29.778
     01/10/2010         33.243
     02/10/2010         30.476
     03/10/2010         29.678
     04/10/2010         16.418
     05/10/2010          8.987
     06/10/2010         11.074
     07/10/2010         24.653
     08/10/2010         27.734
     09/10/2010         24.292
     10/10/2010         29.070
     11/10/2010          9.485
     12/10/2010          9.870
     13/10/2010         10.374
     14/10/2010         17.411
     15/10/2010         17.231
     16/10/2010         14.728
     17/10/2010         13.585
     18/10/2010         12.240
     19/10/2010         11.213
     20/10/2010         10.367
     21/10/2010          9.821
     22/10/2010          9.888
     23/10/2010         10.007
     24/10/2010         10.085
     25/10/2010         11.487
     26/10/2010         12.491
     27/10/2010         12.935
     28/10/2010         15.116
     29/10/2010         11.365
     30/10/2010          7.892
     31/10/2010          8.610
     01/11/2010         11.700
     02/11/2010          7.398
     03/11/2010          6.876
     04/11/2010          6.078
     05/11/2010          8.193
     06/11/2010          5.502
     07/11/2010          4.617
     08/11/2010          5.187
     09/11/2010          7.070
     10/11/2010          7.120
     11/11/2010          7.907
     12/11/2010          8.419
     13/11/2010          6.305
     14/11/2010          5.965
     15/11/2010          5.082
     16/11/2010          4.468
     17/11/2010          4.627
     18/11/2010          4.240
     19/11/2010          3.591
     20/11/2010          3.243
     21/11/2010          3.266
     22/11/2010          2.871
     23/11/2010          4.232
     24/11/2010          2.676
     25/11/2010          2.284
     26/11/2010          2.018
     27/11/2010          1.792
     28/11/2010          1.588
     29/11/2010          1.474
     30/11/2010          2.535
     01/12/2010          2.011
     02/12/2010          1.371
     03/12/2010          1.221
     04/12/2010          1.102
     05/12/2010          1.008
     06/12/2010          0.927
     07/12/2010          0.843
     08/12/2010          0.755
     09/12/2010          0.672
     10/12/2010          0.593
     11/12/2010          0.555
     12/12/2010          0.567
     13/12/2010          0.484
     14/12/2010          0.476
     15/12/2010          0.439
     16/12/2010          0.385
     17/12/2010          0.332
     18/12/2010          0.294
     19/12/2010          0.268
     20/12/2010          0.244
     21/12/2010          0.220
     22/12/2010          0.199
     23/12/2010          0.185
     24/12/2010          0.180
     25/12/2010          0.179
     26/12/2010          0.183
     27/12/2010          0.189
     28/12/2010          0.190
     29/12/2010          0.184
     30/12/2010          0.170
     31/12/2010          0.154
     01/01/2011          0.641
     02/01/2011          0.142
     03/01/2011          0.145
     04/01/2011          0.143
     05/01/2011          0.136
     06/01/2011          0.130
     07/01/2011          0.125
     08/01/2011          0.122
     09/01/2011          0.123
     10/01/2011          0.124
     11/01/2011          0.121
     12/01/2011          0.113
     13/01/2011          0.106
     14/01/2011          0.101
     15/01/2011          0.094
     16/01/2011          0.087
     17/01/2011          0.080
     18/01/2011          0.074
     19/01/2011          0.070
     20/01/2011          0.067
     21/01/2011          0.064
     22/01/2011          0.062
     23/01/2011          0.059
     24/01/2011          0.054
     25/01/2011          0.050
     26/01/2011          0.047
     27/01/2011          0.045
     28/01/2011          0.043
     29/01/2011          0.042
     30/01/2011          0.042
     31/01/2011          0.042
     01/02/2011          0.042
     02/02/2011          0.042
     03/02/2011          0.043
     04/02/2011          0.043
     05/02/2011          0.043
     06/02/2011          0.042
     07/02/2011          0.040
     08/02/2011          0.039
     09/02/2011          0.038
     10/02/2011          0.038
     11/02/2011          0.037
     12/02/2011          0.036
     13/02/2011          0.034
     14/02/2011          0.033
     15/02/2011          1.288
     16/02/2011          0.152
     17/02/2011          0.661
     18/02/2011          0.959
     19/02/2011          3.709
     20/02/2011          0.664
     21/02/2011          0.263
     22/02/2011          0.436
     23/02/2011          0.153
     24/02/2011          0.133
     25/02/2011          0.150
     26/02/2011          0.135
     27/02/2011          0.123
     28/02/2011          0.114
     01/03/2011          0.103
     02/03/2011          0.096
     03/03/2011          0.159
     04/03/2011          0.097
     05/03/2011          0.834
     06/03/2011          0.160
     07/03/2011          0.145
     08/03/2011          0.143
     09/03/2011          0.164
     10/03/2011          0.446
     11/03/2011          0.292
     12/03/2011          0.289
     13/03/2011          1.205
     14/03/2011          0.419
     15/03/2011          0.336
     16/03/2011          0.505
     17/03/2011          1.230
     18/03/2011          2.972
     19/03/2011          6.570
     20/03/2011          1.906
     21/03/2011          1.927
     22/03/2011          6.721
     23/03/2011          3.006
     24/03/2011          5.871
     25/03/2011          2.207
     26/03/2011          1.405
     27/03/2011          1.317
     28/03/2011          1.197
     29/03/2011          1.080
     30/03/2011          1.008
     31/03/2011          1.064
     01/04/2011          1.335
     02/04/2011          2.054
     03/04/2011          3.780
     04/04/2011          3.351
     05/04/2011          6.560
     06/04/2011          2.659
     07/04/2011          3.503
     08/04/2011          4.700
     09/04/2011          5.970
     10/04/2011          6.836
     11/04/2011          9.017
     12/04/2011         10.797
     13/04/2011          8.781
     14/04/2011          8.298
     15/04/2011          7.750
     16/04/2011          8.833
     17/04/2011          4.505
     18/04/2011          4.969
     19/04/2011          4.115
     20/04/2011          4.105
     21/04/2011          2.795
     22/04/2011          3.521
     23/04/2011          2.903
     24/04/2011          4.919
     25/04/2011          4.774
     26/04/2011          4.793
     27/04/2011          5.448
     28/04/2011          4.997
     29/04/2011          5.845
     30/04/2011          7.186
     01/05/2011          8.694
     02/05/2011         10.568
     03/05/2011          7.281
     04/05/2011          5.070
     05/05/2011          4.418
     06/05/2011          5.201
     07/05/2011          7.932
     08/05/2011          7.964
     09/05/2011          8.682
     10/05/2011         13.498
     11/05/2011         15.907
     12/05/2011         16.903
     13/05/2011         26.215
     14/05/2011         29.557
     15/05/2011         15.196
     16/05/2011         11.280
     17/05/2011         13.727
     18/05/2011         13.100
     19/05/2011         13.882
     20/05/2011         15.262
     21/05/2011         18.576
     22/05/2011         20.291
     23/05/2011         24.900
     24/05/2011         24.759
     25/05/2011         25.544
     26/05/2011         26.404
     27/05/2011         19.334
     28/05/2011         16.508
     29/05/2011         15.878
     30/05/2011         21.221
     31/05/2011         24.383
     01/06/2011         28.815
     02/06/2011         29.861
     03/06/2011         27.914
     04/06/2011         30.997
     05/06/2011         33.018
     06/06/2011         27.632
     07/06/2011         30.396
     08/06/2011         39.234
     09/06/2011         40.368
     10/06/2011         39.000
     11/06/2011         35.524
     12/06/2011         34.769
     13/06/2011         33.676
     14/06/2011         26.637
     15/06/2011         26.138
     16/06/2011         28.092
     17/06/2011         28.124
     18/06/2011         30.484
     19/06/2011         31.761
     20/06/2011         31.354
     21/06/2011         30.426
     22/06/2011         32.660
     23/06/2011         29.876
     24/06/2011         27.393
     25/06/2011         25.813
     26/06/2011         27.502
     27/06/2011         27.063
     28/06/2011         29.070
     29/06/2011         35.674
     30/06/2011         35.401
     01/07/2011         37.543
     02/07/2011         43.173
     03/07/2011         45.480
     04/07/2011         40.508
     05/07/2011         38.924
     06/07/2011         34.486
     07/07/2011         38.229
     08/07/2011         39.212
     09/07/2011         39.865
     10/07/2011         40.587
     11/07/2011         41.580
     12/07/2011         42.137
     13/07/2011         46.220
     14/07/2011         41.263
     15/07/2011         39.160
     16/07/2011         40.865
     17/07/2011         42.375
     18/07/2011         44.637
     19/07/2011         40.988
     20/07/2011         42.362
     21/07/2011         42.907
     22/07/2011         42.914
     23/07/2011         43.086
     24/07/2011         45.585
     25/07/2011         45.455
     26/07/2011         44.924
     27/07/2011         44.530
     28/07/2011         46.303
     29/07/2011         47.972
     30/07/2011         45.722
     31/07/2011         50.624
     01/08/2011         42.400
     02/08/2011         43.458
     03/08/2011         44.139
     04/08/2011         42.368
     05/08/2011         37.141
     06/08/2011         44.664
     07/08/2011         48.290
     08/08/2011         50.793
     09/08/2011         43.050
     10/08/2011         44.078
     11/08/2011         41.662
     12/08/2011         39.880
     13/08/2011         38.952
     14/08/2011         40.125
     15/08/2011         37.743
     16/08/2011         36.401
     17/08/2011         35.360
     18/08/2011         39.338
     19/08/2011         35.239
     20/08/2011         38.381
     21/08/2011         34.288
     22/08/2011         34.376
     23/08/2011         33.012
     24/08/2011         31.932
     25/08/2011         33.088
     26/08/2011         28.726
     27/08/2011         27.106
     28/08/2011         26.923
     29/08/2011         26.252
     30/08/2011         23.814
     31/08/2011         24.461
     01/09/2011         10.031
     02/09/2011         35.661
     03/09/2011         32.984
     04/09/2011         36.369
     05/09/2011         29.385
     06/09/2011         31.538
     07/09/2011         23.291
     08/09/2011         22.054
     09/09/2011         22.776
     10/09/2011         24.479
     11/09/2011         25.036
     12/09/2011         23.642
     13/09/2011         23.996
     14/09/2011         24.558
     15/09/2011         18.682
     16/09/2011         10.577
     17/09/2011          6.646
     18/09/2011          8.984
     19/09/2011         11.933
     20/09/2011          5.167
     21/09/2011         23.876
     22/09/2011         21.674
     23/09/2011         14.785
     24/09/2011         10.021
     25/09/2011         10.067
     26/09/2011         10.024
     27/09/2011         10.021
     28/09/2011         14.741
     29/09/2011         16.718
     30/09/2011         20.564
     01/10/2011         18.267
     02/10/2011         11.501
     03/10/2011          8.252
     04/10/2011         13.096
     05/10/2011         14.382
     06/10/2011         18.628
     07/10/2011         19.643
     08/10/2011         18.340
     09/10/2011         20.509
     10/10/2011         20.457
     11/10/2011          0.536
     12/10/2011          0.780
     13/10/2011          0.578
     14/10/2011          4.951
     15/10/2011          7.138
     16/10/2011          6.587
     17/10/2011          1.320
     18/10/2011          0.836
     19/10/2011          0.746
     20/10/2011          0.819
     21/10/2011          0.796
     22/10/2011          0.707
     23/10/2011          0.611
     24/10/2011          0.546
     25/10/2011          0.547
     26/10/2011          0.466
     27/10/2011          0.451
     28/10/2011          0.442
     29/10/2011          0.432
     30/10/2011          0.422
     31/10/2011          0.411
     01/11/2011          0.400
     02/11/2011          0.389
     03/11/2011          0.378
     04/11/2011          2.899
     05/11/2011          1.622
     06/11/2011          1.167
     07/11/2011          3.008
     08/11/2011          3.173
     09/11/2011          3.035
     10/11/2011          1.888
     11/11/2011          2.626
     12/11/2011          1.431
     13/11/2011          2.308
     14/11/2011          3.752
     15/11/2011          5.102
     16/11/2011          4.274
     17/11/2011          3.283
     18/11/2011          1.423
     19/11/2011          0.909
     20/11/2011          2.593
     21/11/2011          1.739
     22/11/2011          0.904
     23/11/2011          0.666
     24/11/2011          1.417
     25/11/2011          1.571
     26/11/2011          1.709
     27/11/2011          2.327
     28/11/2011          3.667
     29/11/2011          1.561
     30/11/2011          1.105
     01/12/2011          0.791
     02/12/2011          0.595
     03/12/2011          0.508
     04/12/2011          0.420
     05/12/2011          0.454
     06/12/2011          0.390
     07/12/2011          0.366
     08/12/2011          0.330
     09/12/2011          0.297
     10/12/2011          0.275
     11/12/2011          0.262
     12/12/2011          0.243
     13/12/2011          0.232
     14/12/2011          0.747
     15/12/2011          1.006
     16/12/2011          2.810
     17/12/2011          0.476
     18/12/2011          0.373
     19/12/2011          0.324
     20/12/2011          1.149
     21/12/2011          0.338
     22/12/2011          0.344
     23/12/2011          0.525
     24/12/2011          0.318
     25/12/2011          0.279
     26/12/2011          0.256
     27/12/2011          0.367
     28/12/2011          0.280
     29/12/2011          0.275
     30/12/2011          0.316
     31/12/2011          1.635
     01/01/2012          0.751
     02/01/2012          0.394
     03/01/2012          0.353
     04/01/2012          0.329
     05/01/2012          0.310
     06/01/2012          0.291
     07/01/2012          0.459
     08/01/2012          2.487
     09/01/2012          0.953
     10/01/2012          0.459
     11/01/2012          0.424
     12/01/2012          0.752
     13/01/2012          0.631
     14/01/2012          0.456
     15/01/2012          0.387
     16/01/2012          0.306
     17/01/2012          0.254
     18/01/2012          0.251
     19/01/2012          0.250
     20/01/2012          0.213
     21/01/2012          0.200
     22/01/2012          0.185
     23/01/2012          0.167
     24/01/2012          0.149
     25/01/2012          0.136
     26/01/2012          0.127
     27/01/2012          0.122
     28/01/2012          0.121
     29/01/2012          0.178
     30/01/2012          0.132
     31/01/2012          0.143
     01/02/2012          0.156
     02/02/2012          1.217
     03/02/2012          0.475
     04/02/2012          0.620
     05/02/2012          0.636
     06/02/2012          0.505
     07/02/2012          0.506
     08/02/2012          0.453
     09/02/2012          0.395
     10/02/2012          0.355
     11/02/2012          0.318
     12/02/2012          0.276
     13/02/2012          0.242
     14/02/2012          0.213
     15/02/2012          0.187
     16/02/2012          0.169
     17/02/2012          0.157
     18/02/2012          0.261
     19/02/2012          0.197
     20/02/2012          0.373
     21/02/2012          0.233
     22/02/2012          0.243
     23/02/2012          0.522
     24/02/2012          0.957
     25/02/2012          1.685
     26/02/2012          0.699
     27/02/2012          0.608
     28/02/2012          0.480
     29/02/2012          0.720
     01/03/2012          0.464
     02/03/2012          0.834
     03/03/2012          1.477
     04/03/2012          0.858
     05/03/2012          1.087
     06/03/2012          0.880
     07/03/2012          0.659
     08/03/2012          0.517
     09/03/2012          4.825
     10/03/2012          2.185
     11/03/2012          1.531
     12/03/2012          1.236
     13/03/2012          3.072
     14/03/2012          4.271
     15/03/2012          5.086
     16/03/2012          5.825
     17/03/2012          7.382
     18/03/2012          8.469
     19/03/2012          8.031
     20/03/2012          9.738
     21/03/2012         12.171
     22/03/2012         18.696
     23/03/2012         20.298
     24/03/2012         19.089
     25/03/2012         17.474
     26/03/2012         16.679
     27/03/2012         16.748
     28/03/2012         17.270
     29/03/2012         14.765
     30/03/2012         16.048
     31/03/2012         13.823
     01/04/2012         16.776
     02/04/2012         16.509
     03/04/2012         17.209
     04/04/2012         18.409
     05/04/2012         18.732
     06/04/2012         16.258
     07/04/2012         15.330
     08/04/2012         12.654
     09/04/2012         10.852
     10/04/2012         11.016
     11/04/2012         10.510
     12/04/2012          9.994
     13/04/2012          9.146
     14/04/2012          8.315
     15/04/2012          7.824
     16/04/2012         11.620
     17/04/2012         14.418
     18/04/2012         19.021
     19/04/2012         11.089
     20/04/2012         11.570
     21/04/2012         16.409
     22/04/2012         11.775
     23/04/2012          9.803
     24/04/2012          9.323
     25/04/2012          9.958
     26/04/2012         10.391
     27/04/2012         17.933
     28/04/2012         20.307
     29/04/2012         16.282
     30/04/2012         13.592
     01/05/2012         11.593
     02/05/2012         10.883
     03/05/2012         14.936
     04/05/2012         20.455
     05/05/2012         23.812
     06/05/2012         26.015
     07/05/2012         26.942
     08/05/2012         28.133
     09/05/2012         27.171
     10/05/2012         24.180
     11/05/2012         20.037
     12/05/2012         19.735
     13/05/2012         21.397
     14/05/2012         23.014
     15/05/2012         20.214
     16/05/2012         19.678
     17/05/2012         24.747
     18/05/2012         28.450
     19/05/2012         26.247
     20/05/2012         28.787
     21/05/2012         30.984
     22/05/2012         32.980
     23/05/2012         29.787
     24/05/2012         28.417
     25/05/2012         30.696
     26/05/2012         30.709
     27/05/2012         29.971
     28/05/2012         29.268
     29/05/2012         26.490
     30/05/2012         30.594
     31/05/2012         26.787
     01/06/2012         23.019
     02/06/2012         20.099
     03/06/2012         18.036
     04/06/2012         18.538
     05/06/2012         23.725
     06/06/2012         22.727
     07/06/2012          7.560
     08/06/2012         27.483
     09/06/2012         21.079
     10/06/2012         19.789
     11/06/2012         19.737
     12/06/2012         19.690
     13/06/2012         20.872
     14/06/2012         19.759
     15/06/2012         15.845
     16/06/2012         16.594
     17/06/2012         18.160
     18/06/2012         28.006
     19/06/2012         23.440
     20/06/2012         23.226
     21/06/2012         21.138
     22/06/2012         20.207
     23/06/2012         27.621
     24/06/2012         23.747
     25/06/2012         19.057
     26/06/2012         16.688
     27/06/2012         18.497
     28/06/2012         16.842
     29/06/2012         16.491
     30/06/2012         23.754
     01/07/2012         22.503
     02/07/2012         21.689
     03/07/2012         20.250
     04/07/2012         22.429
     05/07/2012         22.273
     06/07/2012         22.527
     07/07/2012         22.527
     08/07/2012         24.988
     09/07/2012         22.178
     10/07/2012         20.620
     11/07/2012         18.755
     12/07/2012         27.035
     13/07/2012         19.419
     14/07/2012         17.060
     15/07/2012         17.389
     16/07/2012         21.408
     17/07/2012         18.187
     18/07/2012         17.998
     19/07/2012         18.438
     20/07/2012         18.874
     21/07/2012         18.905
     22/07/2012         17.083
     23/07/2012         15.177
     24/07/2012         15.989
     25/07/2012         19.644
     26/07/2012         20.208
     27/07/2012         18.749
     28/07/2012         23.974
     29/07/2012         18.031
     30/07/2012         15.102
     31/07/2012         19.258
     01/08/2012         31.283
     02/08/2012         21.026
     03/08/2012         17.327
     04/08/2012         16.034
     05/08/2012         16.498
     06/08/2012         16.040
     07/08/2012         21.619
     08/08/2012         15.370
     09/08/2012         14.371
     10/08/2012         14.694
     11/08/2012         21.477
     12/08/2012         18.568
     13/08/2012         15.052
     14/08/2012         13.525
     15/08/2012         15.217
     16/08/2012         14.529
     17/08/2012         14.024
     18/08/2012         13.887
     19/08/2012         16.075
     20/08/2012         12.085
     21/08/2012         10.065
     22/08/2012         11.223
     23/08/2012         11.675
     24/08/2012         11.580
     25/08/2012         13.024
     26/08/2012         13.298
     27/08/2012         13.235
     28/08/2012         17.504
     29/08/2012         17.599
     30/08/2012         13.922
     31/08/2012         13.511
     01/09/2012         14.000
     02/09/2012         14.729
     03/09/2012         12.606
     04/09/2012         12.098
     05/09/2012         11.918
     06/09/2012         13.214
     07/09/2012         13.917
     08/09/2012         15.796
     09/09/2012         11.671
     10/09/2012         11.155
     11/09/2012         10.060
     12/09/2012          9.344
     13/09/2012         10.040
     14/09/2012         11.604
     15/09/2012         10.534
     16/09/2012         11.649
     17/09/2012         10.126
     18/09/2012          9.802
     19/09/2012         10.172
     20/09/2012          8.381
     21/09/2012          5.822
     22/09/2012         10.037
     23/09/2012          7.377
     24/09/2012          7.571
     25/09/2012          4.137
     26/09/2012          3.360
     27/09/2012          6.562
     28/09/2012          9.384
     29/09/2012          7.725
     30/09/2012          6.051
     01/10/2012          6.632
     02/10/2012          8.136
     03/10/2012          9.013
     04/10/2012          8.116
     05/10/2012          7.490
     06/10/2012          7.331
     07/10/2012          5.150
     08/10/2012          0.419
     09/10/2012          0.415
     10/10/2012          0.409
     11/10/2012          0.402
     12/10/2012          0.540
     13/10/2012          0.387
     14/10/2012          0.380
     15/10/2012          0.908
     16/10/2012          4.243
     17/10/2012          7.925
     18/10/2012          4.697
     19/10/2012          3.764
     20/10/2012          5.836
     21/10/2012          6.735
     22/10/2012          5.846
     23/10/2012          7.289
     24/10/2012          6.416
     25/10/2012          9.081
     26/10/2012         12.992
     27/10/2012         15.287
     28/10/2012          8.567
     29/10/2012          3.747
     30/10/2012          2.827
     31/10/2012          2.364
     01/11/2012          2.980
     02/11/2012          2.369
     03/11/2012          2.585
     04/11/2012          3.506
     05/11/2012          2.321
     06/11/2012          2.805
     07/11/2012          3.474
     08/11/2012          3.424
     09/11/2012          5.150
     10/11/2012          2.987
     11/11/2012          4.970
     12/11/2012          5.686
     13/11/2012         11.453
     14/11/2012          6.278
     15/11/2012          1.971
     16/11/2012          1.146
     17/11/2012          4.149
     18/11/2012          4.327
     19/11/2012          1.895
     20/11/2012          3.516
     21/11/2012          3.925
     22/11/2012          4.405
     23/11/2012          3.925
     24/11/2012          4.003
     25/11/2012          4.435
     26/11/2012          1.816
     27/11/2012          0.931
     28/11/2012          0.830
     29/11/2012          0.705
     30/11/2012          0.516
     01/12/2012          0.448
     02/12/2012          1.028
     03/12/2012          0.728
     04/12/2012          1.739
     05/12/2012          1.884
     06/12/2012          2.258
     07/12/2012          2.630
     08/12/2012          1.291
     09/12/2012          1.951
     10/12/2012          1.409
     11/12/2012          1.050
     12/12/2012          0.708
     13/12/2012          0.490
     14/12/2012          0.413
     15/12/2012          0.780
     16/12/2012          1.472
     17/12/2012          0.613
     18/12/2012          2.181
     19/12/2012          0.687
     20/12/2012          0.516
     21/12/2012          0.472
     22/12/2012          0.493
     23/12/2012          0.416
     24/12/2012          0.361
     25/12/2012          0.350
     26/12/2012          0.342
     27/12/2012          0.332
     28/12/2012          0.319
     29/12/2012          0.305
     30/12/2012          0.289
     31/12/2012          0.273
     01/01/2013          0.258
     02/01/2013          0.246
     03/01/2013          0.237
     04/01/2013          0.228
     05/01/2013          0.221
     06/01/2013          0.213
     07/01/2013          0.205
     08/01/2013          0.198
     09/01/2013          0.193
     10/01/2013          0.189
     11/01/2013          0.187
     12/01/2013          0.275
     13/01/2013          0.185
     14/01/2013          1.302
     15/01/2013          0.223
     16/01/2013          0.196
     17/01/2013          0.202
     18/01/2013          0.207
     19/01/2013          0.213
     20/01/2013          0.208
     21/01/2013          0.547
     22/01/2013          0.224
     23/01/2013          0.210
     24/01/2013          0.212
     25/01/2013          0.212
     26/01/2013          0.208
     27/01/2013          0.201
     28/01/2013          0.194
     29/01/2013          0.187
     30/01/2013          0.182
     31/01/2013          0.471
     01/02/2013          1.394
     02/02/2013          0.180
     03/02/2013          0.185
     04/02/2013          0.191
     05/02/2013          0.193
     06/02/2013          0.192
     07/02/2013          0.190
     08/02/2013          0.189
     09/02/2013          0.189
     10/02/2013          0.191
     11/02/2013          0.194
     12/02/2013          0.200
     13/02/2013          0.773
     14/02/2013          0.297
     15/02/2013          0.280
     16/02/2013          0.505
     17/02/2013          0.343
     18/02/2013          0.298
     19/02/2013          0.262
     20/02/2013          0.259
     21/02/2013          0.262
     22/02/2013          0.262
     23/02/2013          0.260
     24/02/2013          0.257
     25/02/2013          0.253
     26/02/2013          0.247
     27/02/2013          0.242
     28/02/2013          0.238
     01/03/2013          0.241
     02/03/2013          0.255
     03/03/2013          0.261
     04/03/2013          0.267
     05/03/2013          0.264
     06/03/2013          0.263
     07/03/2013          0.297
     08/03/2013          0.357
     09/03/2013          0.322
     10/03/2013          0.292
     11/03/2013          0.285
     12/03/2013          0.561
     13/03/2013          0.402
     14/03/2013          0.418
     15/03/2013          0.405
     16/03/2013          0.393
     17/03/2013          0.414
     18/03/2013          1.280
     19/03/2013          0.850
     20/03/2013          0.838
     21/03/2013          0.775
     22/03/2013          0.690
     23/03/2013          0.588
     24/03/2013          0.500
     25/03/2013          0.484
     26/03/2013          0.614
     27/03/2013          0.655
     28/03/2013          0.773
     29/03/2013          0.866
     30/03/2013          0.965
     31/03/2013          1.701
     01/04/2013          2.637
     02/04/2013          4.700
     03/04/2013          2.958
     04/04/2013          2.235
     05/04/2013          1.938
     06/04/2013          2.056
     07/04/2013          3.155
     08/04/2013          3.451
     09/04/2013          5.711
     10/04/2013          5.814
     11/04/2013          7.463
     12/04/2013         10.658
     13/04/2013          6.019
     14/04/2013          4.961
     15/04/2013          4.128
     16/04/2013          4.454
     17/04/2013         10.654
     18/04/2013          5.487
     19/04/2013          5.478
     20/04/2013          5.489
     21/04/2013          5.345
     22/04/2013          5.203
     23/04/2013          5.059
     24/04/2013         11.474
     25/04/2013         10.255
     26/04/2013          6.242
     27/04/2013          6.485
     28/04/2013          7.897
     29/04/2013         12.313
     30/04/2013         11.571
     01/05/2013         19.379
     02/05/2013         24.362
     03/05/2013         26.656
     04/05/2013         14.795
     05/05/2013         10.142
     06/05/2013          8.705
     07/05/2013          8.412
     08/05/2013         12.054
     09/05/2013         16.788
     10/05/2013         19.294
     11/05/2013         22.403
     12/05/2013         20.031
     13/05/2013         18.059
     14/05/2013         14.256
     15/05/2013         13.141
     16/05/2013         15.588
     17/05/2013         18.482
     18/05/2013         19.217
     19/05/2013         19.781
     20/05/2013         20.442
     21/05/2013         20.993
     22/05/2013         35.608
     23/05/2013         33.700
     24/05/2013         29.239
     25/05/2013         25.393
     26/05/2013         25.563
     27/05/2013         24.507
     28/05/2013         21.505
     29/05/2013         20.887
     30/05/2013         25.181
     31/05/2013         28.499
     01/06/2013         28.326
     02/06/2013         28.541
     03/06/2013         28.981
     04/06/2013         26.492
     05/06/2013         25.121
     06/06/2013         25.957
     07/06/2013         26.380
     08/06/2013         26.904
     09/06/2013         26.610
     10/06/2013         26.495
     11/06/2013         27.584
     12/06/2013         29.934
     13/06/2013         32.130
     14/06/2013         35.846
     15/06/2013         38.816
     16/06/2013         39.453
     17/06/2013         39.125
     18/06/2013         39.482
     19/06/2013         41.905
     20/06/2013         41.130
     21/06/2013         41.944
     22/06/2013         41.621
     23/06/2013         42.702
     24/06/2013         45.502
     25/06/2013         46.102
     26/06/2013         47.401
     27/06/2013         47.285
     28/06/2013         47.006
     29/06/2013         50.250
     30/06/2013         49.054
     01/07/2013         49.782
     02/07/2013         47.664
     03/07/2013         45.971
     04/07/2013         45.439
     05/07/2013         44.532
     06/07/2013         42.771
     07/07/2013         43.781
     08/07/2013         44.968
     09/07/2013         46.680
     10/07/2013         48.228
     11/07/2013         47.907
     12/07/2013         48.621
     13/07/2013         43.623
     14/07/2013         41.554
     15/07/2013         41.067
     16/07/2013         40.566
     17/07/2013         40.159
     18/07/2013         40.280
     19/07/2013         42.678
     20/07/2013         43.409
     21/07/2013         42.960
     22/07/2013         42.019
     23/07/2013         37.979
     24/07/2013         37.140
     25/07/2013         46.460
     26/07/2013         40.114
     27/07/2013         36.562
     28/07/2013         35.426
     29/07/2013         32.176
     30/07/2013         26.628
     31/07/2013         25.953
     01/08/2013         24.719
     02/08/2013         29.730
     03/08/2013         31.393
     04/08/2013         26.617
     05/08/2013         25.887
     06/08/2013         23.891
     07/08/2013         22.495
     08/08/2013         24.057
     09/08/2013         24.359
     10/08/2013         23.160
     11/08/2013         21.444
     12/08/2013         21.879
     13/08/2013         21.078
     14/08/2013         34.185
     15/08/2013         30.726
     16/08/2013         29.850
     17/08/2013         27.359
     18/08/2013         26.933
     19/08/2013         25.864
     20/08/2013         25.290
     21/08/2013         23.618
     22/08/2013         23.288
     23/08/2013         24.532
     24/08/2013         24.657
     25/08/2013         22.677
     26/08/2013         22.205
     27/08/2013         23.297
     28/08/2013         24.048
     29/08/2013         24.149
     30/08/2013         24.242
     31/08/2013         23.251
     01/09/2013         22.687
     02/09/2013         21.773
     03/09/2013         19.689
     04/09/2013         17.308
     05/09/2013         16.606
     06/09/2013         19.244
     07/09/2013         20.474
     08/09/2013         20.137
     09/09/2013         21.082
     10/09/2013         19.703
     11/09/2013         22.187
     12/09/2013         23.806
     13/09/2013         20.191
     14/09/2013         15.806
     15/09/2013         12.760
     16/09/2013         13.199
     17/09/2013         13.849
     18/09/2013         11.770
     19/09/2013          5.961
     20/09/2013         25.207
     21/09/2013         26.089
     22/09/2013         15.526
     23/09/2013         16.249
     24/09/2013         16.490
     25/09/2013         15.232
     26/09/2013         14.926
     27/09/2013         14.779
     28/09/2013         16.465
     29/09/2013         17.172
     30/09/2013         11.565
     01/10/2013         13.914
     02/10/2013         14.160
     03/10/2013         15.587
     04/10/2013         15.168
     05/10/2013         17.644
     06/10/2013         25.787
     07/10/2013         24.446
     08/10/2013         11.195
     09/10/2013         15.924
     10/10/2013         19.977
     11/10/2013          7.931
     12/10/2013          8.198
     13/10/2013          9.113
     14/10/2013         13.195
     15/10/2013          8.067
     16/10/2013         10.484
     17/10/2013          9.547
     18/10/2013          7.413
     19/10/2013          8.466
     20/10/2013          6.552
     21/10/2013          6.558
     22/10/2013          7.395
     23/10/2013          4.883
     24/10/2013          3.648
     25/10/2013          2.744
     26/10/2013          2.800
     27/10/2013          3.259
     28/10/2013          3.118
     29/10/2013          4.096
     30/10/2013          4.046
     31/10/2013          5.526
     01/11/2013          9.232
     02/11/2013          6.866
     03/11/2013          6.617
     04/11/2013          5.701
     05/11/2013          4.923
     06/11/2013          5.356
     07/11/2013          5.733
     08/11/2013          2.818
     09/11/2013          2.333
     10/11/2013          3.794
     11/11/2013          4.757
