ApsimVersion = 7.6
Title = PFnew drain
           Date     drainageIH       leaching
   (dd/mm/yyyy)           (mm)        (kg/ha)
     05/05/2008              ?              ?
     06/05/2008              ?              ?
     07/05/2008              ?              ?
     08/05/2008              ?              ?
     09/05/2008              ?              ?
     10/05/2008              ?              ?
     11/05/2008              ?              ?
     12/05/2008              ?              ?
     13/05/2008              ?              ?
     14/05/2008              ?              ?
     15/05/2008              ?              ?
     16/05/2008              ?              ?
     17/05/2008              ?              ?
     18/05/2008              ?              ?
     19/05/2008              ?              ?
     20/05/2008              ?              ?
     21/05/2008              ?              ?
     22/05/2008              ?              ?
     23/05/2008              ?              ?
     24/05/2008              ?              ?
     25/05/2008              ?              ?
     26/05/2008              ?              ?
     27/05/2008              ?              ?
     28/05/2008              ?              ?
     29/05/2008              ?              ?
     30/05/2008              ?              ?
     31/05/2008              ?              ?
     01/06/2008              ?              ?
     02/06/2008              ?              ?
     03/06/2008              ?              ?
     04/06/2008              ?              ?
     05/06/2008              ?              ?
     06/06/2008              ?              ?
     07/06/2008              ?              ?
     08/06/2008              ?              ?
     09/06/2008              ?              ?
     10/06/2008              ?              ?
     11/06/2008              ?              ?
     12/06/2008              ?              ?
     13/06/2008              ?              ?
     14/06/2008              ?              ?
     15/06/2008              ?              ?
     16/06/2008              ?              ?
     17/06/2008              ?              ?
     18/06/2008              ?              ?
     19/06/2008              ?              ?
     20/06/2008              ?              ?
     21/06/2008              ?              ?
     22/06/2008              ?              ?
     23/06/2008              ?              ?
     24/06/2008              ?              ?
     25/06/2008              ?              ?
     26/06/2008              ?              ?
     27/06/2008              ?              ?
     28/06/2008              ?              ?
     29/06/2008              ?              ?
     30/06/2008              ?              ?
     01/07/2008              ?              ?
     02/07/2008              ?              ?
     03/07/2008              ?              ?
     04/07/2008              ?              ?
     05/07/2008              ?              ?
     06/07/2008              ?              ?
     07/07/2008              ?              ?
     08/07/2008              ?              ?
     09/07/2008              ?              ?
     10/07/2008              ?              ?
     11/07/2008              ?              ?
     12/07/2008              ?              ?
     13/07/2008              ?              ?
     14/07/2008              ?              ?
     15/07/2008              ?              ?
     16/07/2008              ?              ?
     17/07/2008              ?              ?
     18/07/2008              ?              ?
     19/07/2008              ?              ?
     20/07/2008              ?              ?
     21/07/2008              ?              ?
     22/07/2008              ?              ?
     23/07/2008              ?              ?
     24/07/2008              ?              ?
     25/07/2008              ?              ?
     26/07/2008              ?              ?
     27/07/2008              ?              ?
     28/07/2008              ?              ?
     29/07/2008              ?              ?
     30/07/2008              ?              ?
     31/07/2008              ?              ?
     01/08/2008              ?              ?
     02/08/2008              ?              ?
     03/08/2008              ?              ?
     04/08/2008              ?              ?
     05/08/2008              ?              ?
     06/08/2008              ?              ?
     07/08/2008              ?              ?
     08/08/2008              ?              ?
     09/08/2008              ?              ?
     10/08/2008              ?              ?
     11/08/2008              ?              ?
     12/08/2008              ?              ?
     13/08/2008              ?              ?
     14/08/2008              ?              ?
     15/08/2008              ?              ?
     16/08/2008              ?              ?
     17/08/2008              ?              ?
     18/08/2008              ?              ?
     19/08/2008              ?              ?
     20/08/2008              ?              ?
     21/08/2008              ?              ?
     22/08/2008              ?              ?
     23/08/2008              ?              ?
     24/08/2008              ?              ?
     25/08/2008              ?              ?
     26/08/2008              ?              ?
     27/08/2008              ?              ?
     28/08/2008              ?              ?
     29/08/2008              ?              ?
     30/08/2008              ?              ?
     31/08/2008              ?              ?
     01/09/2008              ?              ?
     02/09/2008              ?              ?
     03/09/2008              ?              ?
     04/09/2008              ?              ?
     05/09/2008              ?              ?
     06/09/2008              ?              ?
     07/09/2008              ?              ?
     08/09/2008              ?              ?
     09/09/2008              ?              ?
     10/09/2008              ?              ?
     11/09/2008              ?              ?
     12/09/2008              ?              ?
     13/09/2008              ?              ?
     14/09/2008              ?              ?
     15/09/2008              ?              ?
     16/09/2008              ?              ?
     17/09/2008              ?              ?
     18/09/2008              ?              ?
     19/09/2008              ?              ?
     20/09/2008              ?              ?
     21/09/2008              ?              ?
     22/09/2008              ?              ?
     23/09/2008              ?              ?
     24/09/2008              ?              ?
     25/09/2008              ?              ?
     26/09/2008              ?              ?
     27/09/2008              ?              ?
     28/09/2008              ?              ?
     29/09/2008              ?              ?
     30/09/2008              ?              ?
     01/10/2008              ?              ?
     02/10/2008              ?              ?
     03/10/2008              ?              ?
     04/10/2008              ?              ?
     05/10/2008              ?              ?
     06/10/2008              ?              ?
     07/10/2008              ?              ?
     08/10/2008              ?              ?
     09/10/2008              ?              ?
     10/10/2008              ?              ?
     11/10/2008              ?              ?
     12/10/2008              ?              ?
     13/10/2008              ?              ?
     14/10/2008              ?              ?
     15/10/2008              ?              ?
     16/10/2008              ?              ?
     17/10/2008              ?              ?
     18/10/2008              ?              ?
     19/10/2008              ?              ?
     20/10/2008              ?              ?
     21/10/2008              ?              ?
     22/10/2008              ?              ?
     23/10/2008              ?              ?
     24/10/2008              ?              ?
     25/10/2008              ?              ?
     26/10/2008              ?              ?
     27/10/2008              ?              ?
     28/10/2008              ?              ?
     29/10/2008              ?              ?
     30/10/2008              ?              ?
     31/10/2008              ?              ?
     01/11/2008              ?              ?
     02/11/2008              ?              ?
     03/11/2008              ?              ?
     04/11/2008              ?              ?
     05/11/2008              ?              ?
     06/11/2008              ?              ?
     07/11/2008              ?              ?
     08/11/2008              ?              ?
     09/11/2008              ?              ?
     10/11/2008              ?              ?
     11/11/2008              ?              ?
     12/11/2008              ?              ?
     13/11/2008              ?              ?
     14/11/2008              ?              ?
     15/11/2008              ?              ?
     16/11/2008              ?              ?
     17/11/2008              ?              ?
     18/11/2008              ?              ?
     19/11/2008              ?              ?
     20/11/2008              ?              ?
     21/11/2008              ?              ?
     22/11/2008              ?              ?
     23/11/2008              ?              ?
     24/11/2008              ?              ?
     25/11/2008              ?              ?
     26/11/2008              ?              ?
     27/11/2008              ?              ?
     28/11/2008              ?              ?
     29/11/2008              ?              ?
     30/11/2008              ?              ?
     01/12/2008              ?              ?
     02/12/2008              ?              ?
     03/12/2008              ?              ?
     04/12/2008              ?              ?
     05/12/2008              ?              ?
     06/12/2008              ?              ?
     07/12/2008              ?              ?
     08/12/2008              ?              ?
     09/12/2008              ?              ?
     10/12/2008              ?              ?
     11/12/2008              ?              ?
     12/12/2008              ?              ?
     13/12/2008              ?              ?
     14/12/2008              ?              ?
     15/12/2008              ?              ?
     16/12/2008              ?              ?
     17/12/2008              ?              ?
     18/12/2008              ?              ?
     19/12/2008              ?              ?
     20/12/2008              ?              ?
     21/12/2008              ?              ?
     22/12/2008              ?              ?
     23/12/2008              ?              ?
     24/12/2008              ?              ?
     25/12/2008              ?              ?
     26/12/2008              ?              ?
     27/12/2008              ?              ?
     28/12/2008              ?              ?
     29/12/2008              ?              ?
     30/12/2008              ?              ?
     31/12/2008              ?              ?
     01/01/2009          0.000            0.0
     02/01/2009          0.000            0.0
     03/01/2009          0.000            0.0
     04/01/2009          0.000            0.0
     05/01/2009          0.000            0.0
     06/01/2009          0.000            0.0
     07/01/2009          0.000            0.0
     08/01/2009          0.000            0.0
     09/01/2009          0.000            0.0
     10/01/2009          0.000            0.0
     11/01/2009          0.000            0.0
     12/01/2009          0.000            0.0
     13/01/2009          0.000            0.0
     14/01/2009          0.000            0.0
     15/01/2009          0.000            0.0
     16/01/2009          0.000            0.0
     17/01/2009          0.000            0.0
     18/01/2009          0.000            0.0
     19/01/2009          0.000            0.0
     20/01/2009          0.000            0.0
     21/01/2009          0.000            0.0
     22/01/2009          0.000            0.0
     23/01/2009          0.000            0.0
     24/01/2009          0.000            0.0
     25/01/2009          0.000            0.0
     26/01/2009          0.000            0.0
     27/01/2009          0.000            0.0
     28/01/2009          0.000            0.0
     29/01/2009          0.000            0.0
     30/01/2009          0.000            0.0
     31/01/2009          0.000            0.0
     01/02/2009          0.000            0.0
     02/02/2009          0.000            0.0
     03/02/2009          0.000            0.0
     04/02/2009          0.000            0.0
     05/02/2009          0.000            0.0
     06/02/2009          0.000            0.0
     07/02/2009          0.000            0.0
     08/02/2009          0.000            0.0
     09/02/2009          0.000            0.0
     10/02/2009          0.000            0.0
     11/02/2009          0.000            0.0
     12/02/2009          0.000            0.0
     13/02/2009          0.000            0.0
     14/02/2009          0.000            0.0
     15/02/2009          0.000            0.0
     16/02/2009          0.000            0.0
     17/02/2009          0.000            0.0
     18/02/2009          0.000            0.0
     19/02/2009          0.000            0.0
     20/02/2009          0.000            0.0
     21/02/2009          0.000            0.0
     22/02/2009          0.000            0.0
     23/02/2009          0.000            0.0
     24/02/2009          0.000            0.0
     25/02/2009          0.000            0.0
     26/02/2009          0.000            0.0
     27/02/2009          0.000            0.0
     28/02/2009          0.000            0.0
     01/03/2009          0.000            0.0
     02/03/2009          0.000            0.0
     03/03/2009          0.000            0.0
     04/03/2009          0.000            0.0
     05/03/2009          0.000            0.0
     06/03/2009          0.000            0.0
     07/03/2009          0.000            0.0
     08/03/2009          0.000            0.0
     09/03/2009          0.000            0.0
     10/03/2009          0.000            0.0
     11/03/2009          0.000            0.0
     12/03/2009          0.000            0.0
     13/03/2009          0.000            0.0
     14/03/2009          0.000            0.0
     15/03/2009          0.000            0.0
     16/03/2009          0.000            0.0
     17/03/2009          0.000            0.0
     18/03/2009          0.000            0.0
     19/03/2009          0.000            0.0
     20/03/2009          0.000            0.0
     21/03/2009          0.000            0.0
     22/03/2009          0.000            0.0
     23/03/2009          0.000            0.0
     24/03/2009          0.000            0.0
     25/03/2009          3.702            0.1
     26/03/2009          8.576            0.2
     27/03/2009         12.577            0.3
     28/03/2009         15.818            0.4
     29/03/2009         18.333            0.4
     30/03/2009         20.205            0.4
     31/03/2009         21.756            0.5
     01/04/2009         22.876            0.5
     02/04/2009         23.782            0.5
     03/04/2009         24.394            0.5
     04/04/2009         24.917            0.6
     05/04/2009         25.407            0.6
     06/04/2009         25.838            0.6
     07/04/2009         26.179            0.6
     08/04/2009         26.311            0.6
     09/04/2009         26.459            0.6
     10/04/2009         26.479            0.6
     11/04/2009         26.479            0.6
     12/04/2009         26.479            0.6
     13/04/2009         26.479            0.6
     14/04/2009         26.479            0.6
     15/04/2009         26.479            0.6
     16/04/2009         26.479            0.6
     17/04/2009         26.479            0.6
     18/04/2009         26.479            0.6
     19/04/2009         26.479            0.6
     20/04/2009         26.479            0.6
     21/04/2009         26.479            0.6
     22/04/2009         26.479            0.6
     23/04/2009         26.479            0.6
     24/04/2009         26.479            0.6
     25/04/2009         26.479            0.6
     26/04/2009         26.479            0.6
     27/04/2009         26.479            0.6
     28/04/2009         26.479            0.6
     29/04/2009         26.479            0.6
     30/04/2009         26.479            0.6
     01/05/2009         26.479            0.6
     02/05/2009         26.479            0.6
     03/05/2009         26.479            0.6
     04/05/2009         26.479            0.6
     05/05/2009         26.479            0.6
     06/05/2009         26.479            0.6
     07/05/2009         26.479            0.6
     08/05/2009         26.479            0.6
     09/05/2009         26.479            0.6
     10/05/2009         26.479            0.6
     11/05/2009         26.479            0.6
     12/05/2009         26.479            0.6
     13/05/2009         26.479            0.6
     14/05/2009         26.479            0.6
     15/05/2009         26.479            0.6
     16/05/2009         26.479            0.6
     17/05/2009         26.479            0.6
     18/05/2009         26.479            0.6
     19/05/2009         26.479            0.6
     20/05/2009         26.479            0.6
     21/05/2009         26.479            0.6
     22/05/2009         26.479            0.6
     23/05/2009         26.479            0.6
     24/05/2009         26.479            0.6
     25/05/2009         26.479            0.6
     26/05/2009         26.479            0.6
     27/05/2009         26.479            0.6
     28/05/2009         26.479            0.6
     29/05/2009         26.479            0.6
     30/05/2009         26.479            0.6
     31/05/2009         26.479            0.6
     01/06/2009         26.479            0.6
     02/06/2009         26.479            0.6
     03/06/2009         26.479            0.6
     04/06/2009         26.479            0.6
     05/06/2009         26.479            0.6
     06/06/2009         26.479            0.6
     07/06/2009         26.479            0.6
     08/06/2009         26.479            0.6
     09/06/2009         26.479            0.6
     10/06/2009         26.479            0.6
     11/06/2009         26.479            0.6
     12/06/2009         26.479            0.6
     13/06/2009         26.479            0.6
     14/06/2009         26.479            0.6
     15/06/2009         26.479            0.6
     16/06/2009         26.479            0.6
     17/06/2009         26.479            0.6
     18/06/2009         26.479            0.6
     19/06/2009         26.479            0.6
     20/06/2009         26.479            0.6
     21/06/2009         26.479            0.6
     22/06/2009         26.479            0.6
     23/06/2009         26.479            0.6
     24/06/2009         26.479            0.6
     25/06/2009         26.479            0.6
     26/06/2009         26.479            0.6
     27/06/2009         26.479            0.6
     28/06/2009         26.479            0.6
     29/06/2009         26.479            0.6
     30/06/2009         26.479            0.6
     01/07/2009         26.479            0.6
     02/07/2009         26.479            0.6
     03/07/2009         26.479            0.6
     04/07/2009         26.479            0.6
     05/07/2009         26.479            0.6
     06/07/2009         26.479            0.6
     07/07/2009         26.479            0.6
     08/07/2009         26.479            0.6
     09/07/2009         26.479            0.6
     10/07/2009         26.479            0.6
     11/07/2009         26.479            0.6
     12/07/2009         26.479            0.6
     13/07/2009         26.479            0.6
     14/07/2009         26.479            0.6
     15/07/2009         26.479            0.6
     16/07/2009         26.479            0.6
     17/07/2009         26.479            0.6
     18/07/2009         26.479            0.6
     19/07/2009         26.479            0.6
     20/07/2009         26.479            0.6
     21/07/2009         26.479            0.6
     22/07/2009         26.479            0.6
     23/07/2009         26.479            0.6
     24/07/2009         26.479            0.6
     25/07/2009         26.479            0.6
     26/07/2009         26.479            0.6
     27/07/2009         26.479            0.6
     28/07/2009         26.479            0.6
     29/07/2009         26.479            0.6
     30/07/2009         26.479            0.6
     31/07/2009         26.479            0.6
     01/08/2009         26.479            0.6
     02/08/2009         26.479            0.6
     03/08/2009         26.479            0.6
     04/08/2009         26.479            0.6
     05/08/2009         26.479            0.6
     06/08/2009         26.479            0.6
     07/08/2009         26.479            0.6
     08/08/2009         26.479            0.6
     09/08/2009         26.479            0.6
     10/08/2009         26.479            0.6
     11/08/2009         26.479            0.6
     12/08/2009         26.479            0.6
     13/08/2009         26.479            0.6
     14/08/2009         26.479            0.6
     15/08/2009         26.479            0.6
     16/08/2009         26.479            0.6
     17/08/2009         26.479            0.6
     18/08/2009         26.479            0.6
     19/08/2009         26.479            0.6
     20/08/2009         26.479            0.6
     21/08/2009         26.479            0.6
     22/08/2009         26.479            0.6
     23/08/2009         26.479            0.6
     24/08/2009         26.479            0.6
     25/08/2009         26.479            0.6
     26/08/2009         26.479            0.6
     27/08/2009         26.479            0.6
     28/08/2009         26.479            0.6
     29/08/2009         26.479            0.6
     30/08/2009         26.479            0.6
     31/08/2009         26.479            0.6
     01/09/2009         26.479            0.6
     02/09/2009         26.479            0.6
     03/09/2009         26.479            0.6
     04/09/2009         26.479            0.6
     05/09/2009         26.479            0.6
     06/09/2009         26.479            0.6
     07/09/2009         26.479            0.6
     08/09/2009         26.479            0.6
     09/09/2009         26.479            0.6
     10/09/2009         26.479            0.6
     11/09/2009         26.479            0.6
     12/09/2009         26.479            0.6
     13/09/2009         26.479            0.6
     14/09/2009         26.479            0.6
     15/09/2009         26.479            0.6
     16/09/2009         26.479            0.6
     17/09/2009         26.479            0.6
     18/09/2009         26.479            0.6
     19/09/2009         26.479            0.6
     20/09/2009         26.479            0.6
     21/09/2009         26.479            0.6
     22/09/2009         26.479            0.6
     23/09/2009         26.479            0.6
     24/09/2009         26.479            0.6
     25/09/2009         26.479            0.6
     26/09/2009         26.479            0.6
     27/09/2009         26.479            0.6
     28/09/2009         26.479            0.6
     29/09/2009         26.479            0.6
     30/09/2009         26.479            0.6
     01/10/2009         26.479            0.6
     02/10/2009         26.479            0.6
     03/10/2009         26.479            0.6
     04/10/2009         26.479            0.6
     05/10/2009         26.479            0.6
     06/10/2009         26.479            0.6
     07/10/2009         26.479            0.6
     08/10/2009         26.479            0.6
     09/10/2009         26.479            0.6
     10/10/2009         26.479            0.6
     11/10/2009         26.479            0.6
     12/10/2009         26.479            0.6
     13/10/2009         26.479            0.6
     14/10/2009         26.479            0.6
     15/10/2009         26.479            0.6
     16/10/2009         26.479            0.6
     17/10/2009         26.479            0.6
     18/10/2009         26.479            0.6
     19/10/2009         26.479            0.6
     20/10/2009         26.479            0.6
     21/10/2009         26.479            0.6
     22/10/2009         26.479            0.6
     23/10/2009         26.479            0.6
     24/10/2009         26.479            0.6
     25/10/2009         26.479            0.6
     26/10/2009         26.479            0.6
     27/10/2009         26.479            0.6
     28/10/2009         26.479            0.6
     29/10/2009         26.479            0.6
     30/10/2009         26.479            0.6
     31/10/2009         26.479            0.6
     01/11/2009         26.479            0.6
     02/11/2009         26.479            0.6
     03/11/2009         26.479            0.6
     04/11/2009         26.479            0.6
     05/11/2009         26.479            0.6
     06/11/2009         26.479            0.6
     07/11/2009         26.479            0.6
     08/11/2009         26.479            0.6
     09/11/2009         26.479            0.6
     10/11/2009         26.479            0.6
     11/11/2009         26.479            0.6
     12/11/2009         26.479            0.6
     13/11/2009         26.479            0.6
     14/11/2009         26.479            0.6
     15/11/2009         26.479            0.6
     16/11/2009         26.479            0.6
     17/11/2009         26.479            0.6
     18/11/2009         26.479            0.6
     19/11/2009         26.479            0.6
     20/11/2009         26.479            0.6
     21/11/2009         26.479            0.6
     22/11/2009         26.479            0.6
     23/11/2009         26.479            0.6
     24/11/2009         26.479            0.6
     25/11/2009         26.479            0.6
     26/11/2009         26.479            0.6
     27/11/2009         26.479            0.6
     28/11/2009         26.479            0.6
     29/11/2009         26.479            0.6
     30/11/2009         26.479            0.6
     01/12/2009         26.479            0.6
     02/12/2009         26.479            0.6
     03/12/2009         26.479            0.6
     04/12/2009         26.479            0.6
     05/12/2009         26.479            0.6
     06/12/2009         26.479            0.6
     07/12/2009         26.479            0.6
     08/12/2009         26.479            0.6
     09/12/2009         26.479            0.6
     10/12/2009         26.479            0.6
     11/12/2009         26.479            0.6
     12/12/2009         26.479            0.6
     13/12/2009         26.479            0.6
     14/12/2009         26.479            0.6
     15/12/2009         26.479            0.6
     16/12/2009         26.479            0.6
     17/12/2009         26.479            0.6
     18/12/2009         26.479            0.6
     19/12/2009         26.479            0.6
     20/12/2009         26.479            0.6
     21/12/2009         26.479            0.6
     22/12/2009         26.479            0.6
     23/12/2009         26.479            0.6
     24/12/2009         26.479            0.6
     25/12/2009         26.479            0.6
     26/12/2009         26.479            0.6
     27/12/2009         26.479            0.6
     28/12/2009         26.479            0.6
     29/12/2009         26.479            0.6
     30/12/2009         26.479            0.6
     31/12/2009         26.479            0.6
     01/01/2010          0.000            0.0
     02/01/2010          0.000            0.0
     03/01/2010          0.000            0.0
     04/01/2010          0.000            0.0
     05/01/2010          0.000            0.0
     06/01/2010          0.000            0.0
     07/01/2010          0.000            0.0
     08/01/2010          0.000            0.0
     09/01/2010          0.000            0.0
     10/01/2010          0.000            0.0
     11/01/2010          0.000            0.0
     12/01/2010          0.000            0.0
     13/01/2010          0.000            0.0
     14/01/2010          0.000            0.0
     15/01/2010          0.000            0.0
     16/01/2010          0.000            0.0
     17/01/2010          0.000            0.0
     18/01/2010          0.000            0.0
     19/01/2010          0.000            0.0
     20/01/2010          0.000            0.0
     21/01/2010          0.000            0.0
     22/01/2010          0.000            0.0
     23/01/2010          0.000            0.0
     24/01/2010          0.000            0.0
     25/01/2010          0.000            0.0
     26/01/2010          0.000            0.0
     27/01/2010          0.000            0.0
     28/01/2010          0.000            0.0
     29/01/2010          0.000            0.0
     30/01/2010          0.000            0.0
     31/01/2010          0.000            0.0
     01/02/2010          0.000            0.0
     02/02/2010          0.000            0.0
     03/02/2010          0.000            0.0
     04/02/2010          0.000            0.0
     05/02/2010          0.000            0.0
     06/02/2010          0.000            0.0
     07/02/2010          0.000            0.0
     08/02/2010          0.000            0.0
     09/02/2010          0.000            0.0
     10/02/2010          0.000            0.0
     11/02/2010          0.000            0.0
     12/02/2010          0.000            0.0
     13/02/2010          0.000            0.0
     14/02/2010          0.000            0.0
     15/02/2010          0.000            0.0
     16/02/2010          0.000            0.0
     17/02/2010          0.000            0.0
     18/02/2010          0.000            0.0
     19/02/2010          0.000            0.0
     20/02/2010          0.000            0.0
     21/02/2010          0.000            0.0
     22/02/2010          0.000            0.0
     23/02/2010          0.000            0.0
     24/02/2010          0.000            0.0
     25/02/2010          0.000            0.0
     26/02/2010          0.000            0.0
     27/02/2010          0.000            0.0
     28/02/2010          0.000            0.0
     01/03/2010          0.000            0.0
     02/03/2010          0.000            0.0
     03/03/2010          0.000            0.0
     04/03/2010          0.000            0.0
     05/03/2010          0.000            0.0
     06/03/2010          0.000            0.0
     07/03/2010          0.000            0.0
     08/03/2010          0.000            0.0
     09/03/2010          0.000            0.0
     10/03/2010          0.000            0.0
     11/03/2010          0.000            0.0
     12/03/2010          0.000            0.0
     13/03/2010          0.000            0.0
     14/03/2010          0.000            0.0
     15/03/2010          0.000            0.0
     16/03/2010          0.000            0.0
     17/03/2010          0.000            0.0
     18/03/2010          0.000            0.0
     19/03/2010          0.000            0.0
     20/03/2010          0.000            0.0
     21/03/2010          0.000            0.0
     22/03/2010          0.000            0.0
     23/03/2010          0.000            0.0
     24/03/2010          0.000            0.0
     25/03/2010          0.000            0.0
     26/03/2010          0.000            0.0
     27/03/2010          0.000            0.0
     28/03/2010          0.000            0.0
     29/03/2010          0.000            0.0
     30/03/2010          0.000            0.0
     31/03/2010          0.000            0.0
     01/04/2010          0.000            0.0
     02/04/2010          0.000            0.0
     03/04/2010          0.000            0.0
     04/04/2010          0.000            0.0
     05/04/2010          0.000            0.0
     06/04/2010          0.000            0.0
     07/04/2010          0.000            0.0
     08/04/2010          0.000            0.0
     09/04/2010          0.000            0.0
     10/04/2010          0.000            0.0
     11/04/2010          0.000            0.0
     12/04/2010          0.000            0.0
     13/04/2010          0.000            0.0
     14/04/2010          0.000            0.0
     15/04/2010          0.000            0.0
     16/04/2010          0.000            0.0
     17/04/2010          0.000            0.0
     18/04/2010          0.000            0.0
     19/04/2010          0.000            0.0
     20/04/2010          0.000            0.0
     21/04/2010          0.000            0.0
     22/04/2010          0.000            0.0
     23/04/2010          0.000            0.0
     24/04/2010          0.000            0.0
     25/04/2010          0.000            0.0
     26/04/2010          0.000            0.0
     27/04/2010          0.000            0.0
     28/04/2010          0.000            0.0
     29/04/2010          0.000            0.0
     30/04/2010          0.000            0.0
     01/05/2010          0.000            0.0
     02/05/2010          0.000            0.0
     03/05/2010          0.000            0.0
     04/05/2010          0.000            0.0
     05/05/2010          0.000            0.0
     06/05/2010          0.000            0.0
     07/05/2010          0.000            0.0
     08/05/2010          0.000            0.0
     09/05/2010          0.000            0.0
     10/05/2010          0.000            0.0
     11/05/2010          0.000            0.0
     12/05/2010          0.000            0.0
     13/05/2010          0.000            0.0
     14/05/2010          6.728            0.3
     15/05/2010         12.796            0.5
     16/05/2010         17.805            0.8
     17/05/2010         23.177            1.1
     18/05/2010         27.373            1.3
     19/05/2010         30.274            1.5
     20/05/2010         32.104            1.6
     21/05/2010         33.574            1.6
     22/05/2010         34.314            1.7
     23/05/2010         34.393            1.7
     24/05/2010         34.393            1.7
     25/05/2010         34.436            1.7
     26/05/2010         34.436            1.7
     27/05/2010         34.436            1.7
     28/05/2010         34.436            1.7
     29/05/2010         34.436            1.7
     30/05/2010         34.436            1.7
     31/05/2010         34.436            1.7
     01/06/2010         34.436            1.7
     02/06/2010         34.436            1.7
     03/06/2010         34.436            1.7
     04/06/2010         34.436            1.7
     05/06/2010         34.436            1.7
     06/06/2010         34.436            1.7
     07/06/2010         34.436            1.7
     08/06/2010         34.436            1.7
     09/06/2010         34.436            1.7
     10/06/2010         34.436            1.7
     11/06/2010         34.436            1.7
     12/06/2010         34.436            1.7
     13/06/2010         34.436            1.7
     14/06/2010         34.436            1.7
     15/06/2010         34.436            1.7
     16/06/2010         34.436            1.7
     17/06/2010         34.436            1.7
     18/06/2010         34.436            1.7
     19/06/2010         34.436            1.7
     20/06/2010         34.436            1.7
     21/06/2010         34.436            1.7
     22/06/2010         34.436            1.7
     23/06/2010         34.436            1.7
     24/06/2010         34.436            1.7
     25/06/2010         34.436            1.7
     26/06/2010         34.436            1.7
     27/06/2010         34.436            1.7
     28/06/2010         48.503            1.7
     29/06/2010         65.413            1.7
     30/06/2010         73.306            1.7
     01/07/2010         78.796            1.7
     02/07/2010         82.854            1.7
     03/07/2010         85.439            1.7
     04/07/2010         86.744            1.7
     05/07/2010         88.102            1.7
     06/07/2010         88.776            1.7
     07/07/2010         88.776            1.7
     08/07/2010         88.776            1.7
     09/07/2010         88.776            1.7
     10/07/2010         88.776            1.7
     11/07/2010         88.776            1.7
     12/07/2010         88.776            1.7
     13/07/2010         88.776            1.7
     14/07/2010         88.776            1.7
     15/07/2010         88.776            1.7
     16/07/2010         88.776            1.7
     17/07/2010         88.776            1.7
     18/07/2010         88.776            1.7
     19/07/2010         88.776            1.7
     20/07/2010         88.776            1.7
     21/07/2010         88.776            1.7
     22/07/2010         88.776            1.7
     23/07/2010         88.776            1.7
     24/07/2010         88.776            1.7
     25/07/2010         88.776            1.7
     26/07/2010         88.776            1.7
     27/07/2010         88.776            1.7
     28/07/2010         88.776            1.7
     29/07/2010         88.776            1.7
     30/07/2010         88.776            1.7
     31/07/2010         88.776            1.7
     01/08/2010         88.776            1.7
     02/08/2010         88.776            1.7
     03/08/2010         88.776            1.7
     04/08/2010         88.776            1.7
     05/08/2010         88.776            1.7
     06/08/2010         88.776            1.7
     07/08/2010         88.776            1.7
     08/08/2010         88.776            1.7
     09/08/2010        101.706            1.7
     10/08/2010        145.503            1.7
     11/08/2010        191.503            1.7
     12/08/2010        224.326            1.7
     13/08/2010        231.178            1.7
     14/08/2010        236.115            1.7
     15/08/2010        239.632            1.7
     16/08/2010        241.742            1.7
     17/08/2010        242.661            1.7
     18/08/2010        243.617            1.7
     19/08/2010        243.617            1.7
     20/08/2010        243.617            1.7
     21/08/2010        243.617            1.7
     22/08/2010        243.617            1.7
     23/08/2010        243.617            1.7
     24/08/2010        243.617            1.7
     25/08/2010        243.617            1.7
     26/08/2010        243.617            1.7
     27/08/2010        243.617            1.7
     28/08/2010        243.617            1.7
     29/08/2010        243.617            1.7
     30/08/2010        243.617            1.7
     31/08/2010        243.617            1.7
     01/09/2010        243.617            1.7
     02/09/2010        243.617            1.7
     03/09/2010        243.617            1.7
     04/09/2010        244.938            1.7
     05/09/2010        250.780            1.7
     06/09/2010        255.449            1.7
     07/09/2010        258.942            1.7
     08/09/2010        261.132            1.7
     09/09/2010        262.266            1.7
     10/09/2010        263.133            1.7
     11/09/2010        263.668            1.7
     12/09/2010        263.668            1.7
     13/09/2010        263.668            1.7
     14/09/2010        263.668            1.7
     15/09/2010        263.668            1.7
     16/09/2010        263.668            1.7
     17/09/2010        263.668            1.7
     18/09/2010        263.668            1.7
     19/09/2010        263.668            1.7
     20/09/2010        263.668            1.7
     21/09/2010        263.668            1.7
     22/09/2010        263.668            1.7
     23/09/2010        263.668            1.7
     24/09/2010        263.668            1.7
     25/09/2010        272.526            1.7
     26/09/2010        281.640            1.7
     27/09/2010        289.740            1.7
     28/09/2010        296.066            1.7
     29/09/2010        301.281            1.7
     30/09/2010        305.263            1.7
     01/10/2010        308.121            1.7
     02/10/2010        309.869            1.7
     03/10/2010        311.023            1.7
     04/10/2010        311.565            1.7
     05/10/2010        311.619            1.7
     06/10/2010        311.619            1.7
     07/10/2010        311.619            1.7
     08/10/2010        311.619            1.7
     09/10/2010        311.619            1.7
     10/10/2010        311.619            1.7
     11/10/2010        311.619            1.7
     12/10/2010        311.619            1.7
     13/10/2010        311.619            1.7
     14/10/2010        311.619            1.7
     15/10/2010        311.619            1.7
     16/10/2010        311.619            1.7
     17/10/2010        311.619            1.7
     18/10/2010        311.619            1.7
     19/10/2010        311.619            1.7
     20/10/2010        311.619            1.7
     21/10/2010        311.619            1.7
     22/10/2010        311.619            1.7
     23/10/2010        311.619            1.7
     24/10/2010        311.619            1.7
     25/10/2010        311.619            1.7
     26/10/2010        311.619            1.7
     27/10/2010        311.619            1.7
     28/10/2010        311.619            1.7
     29/10/2010        311.619            1.7
     30/10/2010        311.619            1.7
     31/10/2010        311.619            1.7
     01/11/2010        311.619            1.7
     02/11/2010        311.619            1.7
     03/11/2010        311.619            1.7
     04/11/2010        311.619            1.7
     05/11/2010        311.619            1.7
     06/11/2010        311.619            1.7
     07/11/2010        311.619            1.7
     08/11/2010        311.619            1.7
     09/11/2010        311.619            1.7
     10/11/2010        311.619            1.7
     11/11/2010        311.619            1.7
     12/11/2010        311.619            1.7
     13/11/2010        311.619            1.7
     14/11/2010        311.619            1.7
     15/11/2010        311.619            1.7
     16/11/2010        311.619            1.7
     17/11/2010        311.619            1.7
     18/11/2010        311.619            1.7
     19/11/2010        311.619            1.7
     20/11/2010        311.619            1.7
     21/11/2010        311.619            1.7
     22/11/2010        311.619            1.7
     23/11/2010        311.619            1.7
     24/11/2010        311.619            1.7
     25/11/2010        311.619            1.7
     26/11/2010        311.619            1.7
     27/11/2010        311.619            1.7
     28/11/2010        311.619            1.7
     29/11/2010        311.619            1.7
     30/11/2010        311.619            1.7
     01/12/2010        311.619            1.7
     02/12/2010        311.619            1.7
     03/12/2010        311.619            1.7
     04/12/2010        311.619            1.7
     05/12/2010        311.619            1.7
     06/12/2010        311.619            1.7
     07/12/2010        311.619            1.7
     08/12/2010        311.619            1.7
     09/12/2010        311.619            1.7
     10/12/2010        311.619            1.7
     11/12/2010        311.619            1.7
     12/12/2010        311.619            1.7
     13/12/2010        311.619            1.7
     14/12/2010        311.619            1.7
     15/12/2010        311.619            1.7
     16/12/2010        311.619            1.7
     17/12/2010        311.619            1.7
     18/12/2010        311.619            1.7
     19/12/2010        311.619            1.7
     20/12/2010        311.619            1.7
     21/12/2010        311.619            1.7
     22/12/2010        311.619            1.7
     23/12/2010        311.619            1.7
     24/12/2010        311.619            1.7
     25/12/2010        311.619            1.7
     26/12/2010        311.619            1.7
     27/12/2010        311.619            1.7
     28/12/2010        311.619            1.7
     29/12/2010        311.619            1.7
     30/12/2010        311.619            1.7
     31/12/2010        311.619            1.7
     01/01/2011          0.000            0.0
     02/01/2011          0.000            0.0
     03/01/2011          0.000            0.0
     04/01/2011          0.000            0.0
     05/01/2011          0.000            0.0
     06/01/2011          0.000            0.0
     07/01/2011          0.000            0.0
     08/01/2011          0.000            0.0
     09/01/2011          0.000            0.0
     10/01/2011          0.000            0.0
     11/01/2011          0.000            0.0
     12/01/2011          0.000            0.0
     13/01/2011          0.000            0.0
     14/01/2011          0.000            0.0
     15/01/2011          0.000            0.0
     16/01/2011          0.000            0.0
     17/01/2011          0.000            0.0
     18/01/2011          0.000            0.0
     19/01/2011          0.000            0.0
     20/01/2011          0.000            0.0
     21/01/2011          0.000            0.0
     22/01/2011          0.000            0.0
     23/01/2011          0.000            0.0
     24/01/2011          0.000            0.0
     25/01/2011          0.000            0.0
     26/01/2011          0.000            0.0
     27/01/2011          0.000            0.0
     28/01/2011          0.000            0.0
     29/01/2011          0.000            0.0
     30/01/2011          0.000            0.0
     31/01/2011          0.000            0.0
     01/02/2011          0.000            0.0
     02/02/2011          0.000            0.0
     03/02/2011          0.000            0.0
     04/02/2011          0.000            0.0
     05/02/2011          0.000            0.0
     06/02/2011          0.000            0.0
     07/02/2011          0.000            0.0
     08/02/2011          0.000            0.0
     09/02/2011          0.000            0.0
     10/02/2011          0.000            0.0
     11/02/2011          0.000            0.0
     12/02/2011          0.000            0.0
     13/02/2011          0.000            0.0
     14/02/2011          0.000            0.0
     15/02/2011          0.000            0.0
     16/02/2011          0.000            0.0
     17/02/2011          0.000            0.0
     18/02/2011          0.000            0.0
     19/02/2011          0.000            0.0
     20/02/2011          0.000            0.0
     21/02/2011          0.000            0.0
     22/02/2011          0.000            0.0
     23/02/2011          0.000            0.0
     24/02/2011          0.000            0.0
     25/02/2011          0.000            0.0
     26/02/2011          0.000            0.0
     27/02/2011          0.000            0.0
     28/02/2011          0.000            0.0
     01/03/2011          0.000            0.0
     02/03/2011          0.000            0.0
     03/03/2011          0.000            0.0
     04/03/2011          0.000            0.0
     05/03/2011          0.000            0.0
     06/03/2011          0.000            0.0
     07/03/2011          0.000            0.0
     08/03/2011          0.000            0.0
     09/03/2011          0.000            0.0
     10/03/2011          0.000            0.0
     11/03/2011          0.000            0.0
     12/03/2011          0.000            0.0
     13/03/2011          0.000            0.0
     14/03/2011          0.000            0.0
     15/03/2011          0.000            0.0
     16/03/2011          0.000            0.0
     17/03/2011          0.000            0.0
     18/03/2011          0.000            0.0
     19/03/2011          0.000            0.0
     20/03/2011          0.000            0.0
     21/03/2011          0.000            0.0
     22/03/2011          0.000            0.0
     23/03/2011          0.000            0.0
     24/03/2011          0.000            0.0
     25/03/2011          0.000            0.0
     26/03/2011          0.000            0.0
     27/03/2011          0.000            0.0
     28/03/2011          0.000            0.0
     29/03/2011          0.000            0.0
     30/03/2011          0.000            0.0
     31/03/2011          0.000            0.0
     01/04/2011          0.000            0.0
     02/04/2011          0.000            0.0
     03/04/2011          0.000            0.0
     04/04/2011          0.000            0.0
     05/04/2011          0.000            0.0
     06/04/2011          0.000            0.0
     07/04/2011          0.000            0.0
     08/04/2011          0.000            0.0
     09/04/2011          0.000            0.0
     10/04/2011          0.000            0.0
     11/04/2011          0.000            0.0
     12/04/2011          0.000            0.0
     13/04/2011          0.000            0.0
     14/04/2011          0.000            0.0
     15/04/2011          0.000            0.0
     16/04/2011          0.000            0.0
     17/04/2011          0.000            0.0
     18/04/2011          0.000            0.0
     19/04/2011          0.000            0.0
     20/04/2011          0.000            0.0
     21/04/2011          0.000            0.0
     22/04/2011          0.000            0.0
     23/04/2011          0.000            0.0
     24/04/2011          0.000            0.0
     25/04/2011          0.000            0.0
     26/04/2011          0.000            0.0
     27/04/2011          4.655            0.1
     28/04/2011         12.845            0.3
     29/04/2011         19.632            0.5
     30/04/2011         25.303            0.7
     01/05/2011         29.973            0.9
     02/05/2011         33.593            1.0
     03/05/2011         36.275            1.2
     04/05/2011         38.127            1.2
     05/05/2011         39.324            1.3
     06/05/2011         40.198            1.3
     07/05/2011         40.530            1.3
     08/05/2011         40.530            1.3
     09/05/2011         40.530            1.3
     10/05/2011         40.530            1.3
     11/05/2011         40.530            1.3
     12/05/2011         40.530            1.3
     13/05/2011         40.530            1.3
     14/05/2011         40.530            1.3
     15/05/2011         40.530            1.3
     16/05/2011         40.530            1.3
     17/05/2011         40.530            1.3
     18/05/2011         40.530            1.3
     19/05/2011         40.530            1.3
     20/05/2011         40.530            1.3
     21/05/2011         40.530            1.3
     22/05/2011         40.530            1.3
     23/05/2011         40.530            1.3
     24/05/2011         40.530            1.3
     25/05/2011         40.530            1.3
     26/05/2011         40.530            1.3
     27/05/2011         50.817            1.6
     28/05/2011         58.664            1.9
     29/05/2011         65.033            2.0
     30/05/2011         70.634            2.2
     31/05/2011         74.467            2.3
     01/06/2011         77.261            2.4
     02/06/2011         78.601            2.4
     03/06/2011         79.306            2.4
     04/06/2011         79.306            2.4
     05/06/2011         79.306            2.4
     06/06/2011         79.306            2.4
     07/06/2011         79.306            2.4
     08/06/2011         79.306            2.4
     09/06/2011         79.306            2.4
     10/06/2011         79.306            2.4
     11/06/2011         79.306            2.4
     12/06/2011         79.306            2.4
     13/06/2011         79.306            2.4
     14/06/2011         79.306            2.4
     15/06/2011         79.306            2.4
     16/06/2011         79.306            2.4
     17/06/2011         79.306            2.4
     18/06/2011         79.306            2.4
     19/06/2011         79.306            2.4
     20/06/2011         79.306            2.4
     21/06/2011         79.306            2.4
     22/06/2011         79.360            2.4
     23/06/2011         85.369            2.4
     24/06/2011         90.470            2.4
     25/06/2011         94.174            2.4
     26/06/2011         97.466            2.4
     27/06/2011         99.740            2.4
     28/06/2011        101.301            2.4
     29/06/2011        102.224            2.4
     30/06/2011        102.588            2.4
     01/07/2011        102.588            2.4
     02/07/2011        102.588            2.4
     03/07/2011        102.588            2.4
     04/07/2011        102.588            2.4
     05/07/2011        102.588            2.4
     06/07/2011        102.588            2.4
     07/07/2011        102.588            2.4
     08/07/2011        102.588            2.4
     09/07/2011        102.588            2.4
     10/07/2011        102.588            2.4
     11/07/2011        102.588            2.4
     12/07/2011        102.588            2.4
     13/07/2011        102.588            2.4
     14/07/2011        102.588            2.4
     15/07/2011        102.588            2.4
     16/07/2011        102.588            2.4
     17/07/2011        102.588            2.4
     18/07/2011        102.588            2.4
     19/07/2011        102.588            2.4
     20/07/2011        102.588            2.4
     21/07/2011        102.588            2.4
     22/07/2011        102.588            2.4
     23/07/2011        102.588            2.4
     24/07/2011        102.588            2.4
     25/07/2011        102.588            2.4
     26/07/2011        102.588            2.4
     27/07/2011        102.588            2.4
     28/07/2011        102.588            2.4
     29/07/2011        102.588            2.4
     30/07/2011        102.588            2.4
     31/07/2011        102.588            2.4
     01/08/2011        102.588            2.4
     02/08/2011        102.588            2.4
     03/08/2011        102.588            2.4
     04/08/2011        102.588            2.4
     05/08/2011        102.588            2.4
     06/08/2011        102.588            2.4
     07/08/2011        102.588            2.4
     08/08/2011        102.588            2.4
     09/08/2011        102.588            2.4
     10/08/2011        102.588            2.4
     11/08/2011        102.588            2.4
     12/08/2011        102.588            2.4
     13/08/2011        102.588            2.4
     14/08/2011        102.588            2.4
     15/08/2011        102.588            2.4
     16/08/2011        102.588            2.4
     17/08/2011        102.588            2.4
     18/08/2011        102.588            2.4
     19/08/2011        102.588            2.4
     20/08/2011        102.588            2.4
     21/08/2011        102.588            2.4
     22/08/2011        102.588            2.4
     23/08/2011        102.588            2.4
     24/08/2011        102.588            2.4
     25/08/2011        102.588            2.4
     26/08/2011        102.588            2.4
     27/08/2011        102.588            2.4
     28/08/2011        102.588            2.4
     29/08/2011        102.588            2.4
     30/08/2011        102.588            2.4
     31/08/2011        102.588            2.4
     01/09/2011        102.588            2.4
     02/09/2011        102.588            2.4
     03/09/2011        102.588            2.4
     04/09/2011        102.588            2.4
     05/09/2011        102.588            2.4
     06/09/2011        102.588            2.4
     07/09/2011        102.588            2.4
     08/09/2011        102.588            2.4
     09/09/2011        102.588            2.4
     10/09/2011        102.588            2.4
     11/09/2011        102.588            2.4
     12/09/2011        102.588            2.4
     13/09/2011        102.588            2.4
     14/09/2011        102.588            2.4
     15/09/2011        102.588            2.4
     16/09/2011        102.588            2.4
     17/09/2011        102.588            2.4
     18/09/2011        102.588            2.4
     19/09/2011        102.588            2.4
     20/09/2011        102.588            2.4
     21/09/2011        102.588            2.4
     22/09/2011        102.588            2.4
     23/09/2011        102.588            2.4
     24/09/2011        102.588            2.4
     25/09/2011        102.588            2.4
     26/09/2011        102.588            2.4
     27/09/2011        102.588            2.4
     28/09/2011        102.588            2.4
     29/09/2011        102.588            2.4
     30/09/2011        102.588            2.4
     01/10/2011        102.588            2.4
     02/10/2011        102.588            2.4
     03/10/2011        102.588            2.4
     04/10/2011        102.588            2.4
     05/10/2011        102.588            2.4
     06/10/2011        102.588            2.4
     07/10/2011        102.588            2.4
     08/10/2011        102.588            2.4
     09/10/2011        102.588            2.4
     10/10/2011        102.588            2.4
     11/10/2011        102.588            2.4
     12/10/2011        102.588            2.4
     13/10/2011        102.588            2.4
     14/10/2011        102.588            2.4
     15/10/2011        102.588            2.4
     16/10/2011        102.588            2.4
     17/10/2011        102.588            2.4
     18/10/2011        102.588            2.4
     19/10/2011        102.588            2.4
     20/10/2011        102.588            2.4
     21/10/2011        102.588            2.4
     22/10/2011        102.588            2.4
     23/10/2011        102.588            2.4
     24/10/2011        102.588            2.4
     25/10/2011        102.588            2.4
     26/10/2011        102.588            2.4
     27/10/2011        102.588            2.4
     28/10/2011        102.588            2.4
     29/10/2011        102.588            2.4
     30/10/2011        102.588            2.4
     31/10/2011        102.588            2.4
     01/11/2011        102.588            2.4
     02/11/2011        102.588            2.4
     03/11/2011        102.588            2.4
     04/11/2011        102.588            2.4
     05/11/2011        102.588            2.4
     06/11/2011        102.588            2.4
     07/11/2011        102.588            2.4
     08/11/2011        102.588            2.4
     09/11/2011        102.588            2.4
     10/11/2011        102.588            2.4
     11/11/2011        102.588            2.4
     12/11/2011        102.588            2.4
     13/11/2011        102.588            2.4
     14/11/2011        102.588            2.4
     15/11/2011        102.588            2.4
     16/11/2011        102.588            2.4
     17/11/2011        102.588            2.4
     18/11/2011        102.588            2.4
     19/11/2011        102.588            2.4
     20/11/2011        102.588            2.4
     21/11/2011        102.588            2.4
     22/11/2011        102.588            2.4
     23/11/2011        102.588            2.4
     24/11/2011        102.588            2.4
     25/11/2011        102.588            2.4
     26/11/2011        102.588            2.4
     27/11/2011        102.588            2.4
     28/11/2011        102.588            2.4
     29/11/2011        102.588            2.4
     30/11/2011        102.588            2.4
     01/12/2011        102.588            2.4
     02/12/2011        102.588            2.4
     03/12/2011        102.588            2.4
     04/12/2011        102.588            2.4
     05/12/2011        102.588            2.4
     06/12/2011        102.588            2.4
     07/12/2011        102.588            2.4
     08/12/2011        102.588            2.4
     09/12/2011        102.588            2.4
     10/12/2011        102.588            2.4
     11/12/2011        102.588            2.4
     12/12/2011        102.588            2.4
     13/12/2011        102.588            2.4
     14/12/2011        102.588            2.4
     15/12/2011        102.588            2.4
     16/12/2011        102.588            2.4
     17/12/2011        102.588            2.4
     18/12/2011        102.588            2.4
     19/12/2011        102.588            2.4
     20/12/2011        102.588            2.4
     21/12/2011        102.588            2.4
     22/12/2011        102.588            2.4
     23/12/2011        102.588            2.4
     24/12/2011        102.588            2.4
     25/12/2011        102.588            2.4
     26/12/2011        102.588            2.4
     27/12/2011        102.588            2.4
     28/12/2011        102.588            2.4
     29/12/2011        102.588            2.4
     30/12/2011        102.588            2.4
     31/12/2011        102.588            2.4
     01/01/2012          0.000            0.0
     02/01/2012          0.000            0.0
     03/01/2012          0.000            0.0
     04/01/2012          0.000            0.0
     05/01/2012          0.000            0.0
     06/01/2012          0.000            0.0
     07/01/2012          0.000            0.0
     08/01/2012          0.000            0.0
     09/01/2012          0.000            0.0
     10/01/2012          0.000            0.0
     11/01/2012          0.000            0.0
     12/01/2012          0.000            0.0
     13/01/2012          0.000            0.0
     14/01/2012          0.000            0.0
     15/01/2012          0.000            0.0
     16/01/2012          0.000            0.0
     17/01/2012          0.000            0.0
     18/01/2012          0.000            0.0
     19/01/2012          0.000            0.0
     20/01/2012          0.000            0.0
     21/01/2012          0.000            0.0
     22/01/2012          0.000            0.0
     23/01/2012          0.000            0.0
     24/01/2012          0.000            0.0
     25/01/2012          0.000            0.0
     26/01/2012          0.000            0.0
     27/01/2012          0.000            0.0
     28/01/2012          0.000            0.0
     29/01/2012          0.000            0.0
     30/01/2012          0.000            0.0
     31/01/2012          0.000            0.0
     01/02/2012          0.000            0.0
     02/02/2012          0.000            0.0
     03/02/2012          0.000            0.0
     04/02/2012          0.000            0.0
     05/02/2012          0.000            0.0
     06/02/2012          0.000            0.0
     07/02/2012          0.000            0.0
     08/02/2012          0.000            0.0
     09/02/2012          0.000            0.0
     10/02/2012          0.000            0.0
     11/02/2012          0.000            0.0
     12/02/2012          0.000            0.0
     13/02/2012          0.000            0.0
     14/02/2012          0.000            0.0
     15/02/2012          0.000            0.0
     16/02/2012          0.000            0.0
     17/02/2012          0.000            0.0
     18/02/2012          0.000            0.0
     19/02/2012          0.000            0.0
     20/02/2012          0.000            0.0
     21/02/2012          0.000            0.0
     22/02/2012          0.000            0.0
     23/02/2012          0.000            0.0
     24/02/2012          0.000            0.0
     25/02/2012          0.000            0.0
     26/02/2012          0.000            0.0
     27/02/2012          0.000            0.0
     28/02/2012          0.000            0.0
     29/02/2012          0.000            0.0
     01/03/2012          0.000            0.0
     02/03/2012          0.000            0.0
     03/03/2012          0.000            0.0
     04/03/2012          0.000            0.0
     05/03/2012          0.000            0.0
     06/03/2012          0.000            0.0
     07/03/2012          0.000            0.0
     08/03/2012          0.000            0.0
     09/03/2012          0.000            0.0
     10/03/2012          0.000            0.0
     11/03/2012          0.000            0.0
     12/03/2012          0.000            0.0
     13/03/2012          0.000            0.0
     14/03/2012          0.000            0.0
     15/03/2012          0.000            0.0
     16/03/2012          0.000            0.0
     17/03/2012          0.000            0.0
     18/03/2012          0.000            0.0
     19/03/2012          0.000            0.0
     20/03/2012          0.000            0.0
     21/03/2012          0.000            0.0
     22/03/2012          0.000            0.0
     23/03/2012          0.000            0.0
     24/03/2012          0.000            0.0
     25/03/2012          0.000            0.0
     26/03/2012          0.000            0.0
     27/03/2012          0.000            0.0
     28/03/2012          0.000            0.0
     29/03/2012          0.000            0.0
     30/03/2012          0.000            0.0
     31/03/2012          0.000            0.0
     01/04/2012          0.000            0.0
     02/04/2012          0.000            0.0
     03/04/2012          0.000            0.0
     04/04/2012          0.000            0.0
     05/04/2012          0.000            0.0
     06/04/2012          0.000            0.0
     07/04/2012          0.000            0.0
     08/04/2012          0.000            0.0
     09/04/2012          0.000            0.0
     10/04/2012          0.000            0.0
     11/04/2012          0.000            0.0
     12/04/2012          0.000            0.0
     13/04/2012          0.000            0.0
     14/04/2012          0.000            0.0
     15/04/2012          0.000            0.0
     16/04/2012          0.000            0.0
     17/04/2012          0.000            0.0
     18/04/2012          0.000            0.0
     19/04/2012          0.000            0.0
     20/04/2012          0.000            0.0
     21/04/2012          0.000            0.0
     22/04/2012          0.000            0.0
     23/04/2012          0.000            0.0
     24/04/2012          0.000            0.0
     25/04/2012          0.000            0.0
     26/04/2012          0.000            0.0
     27/04/2012          0.000            0.0
     28/04/2012          0.000            0.0
     29/04/2012          0.000            0.0
     30/04/2012          0.000            0.0
     01/05/2012          0.000            0.0
     02/05/2012          0.000            0.0
     03/05/2012          0.000            0.0
     04/05/2012          0.000            0.0
     05/05/2012          0.000            0.0
     06/05/2012          0.000            0.0
     07/05/2012          0.000            0.0
     08/05/2012          0.000            0.0
     09/05/2012          0.000            0.0
     10/05/2012          0.000            0.0
     11/05/2012          0.000            0.0
     12/05/2012          0.000            0.0
     13/05/2012          0.000            0.0
     14/05/2012          0.000            0.0
     15/05/2012          0.000            0.0
     16/05/2012          0.000            0.0
     17/05/2012          0.000            0.0
     18/05/2012          0.000            0.0
     19/05/2012          0.000            0.0
     20/05/2012          0.000            0.0
     21/05/2012          0.000            0.0
     22/05/2012          0.000            0.0
     23/05/2012          0.000            0.0
     24/05/2012          0.000            0.0
     25/05/2012          0.000            0.0
     26/05/2012          0.000            0.0
     27/05/2012          0.000            0.0
     28/05/2012          0.000            0.0
     29/05/2012          0.000            0.0
     30/05/2012          0.000            0.0
     31/05/2012          0.000            0.0
     01/06/2012          0.000            0.0
     02/06/2012          0.000            0.0
     03/06/2012          0.000            0.0
     04/06/2012          0.000            0.0
     05/06/2012          0.000            0.0
     06/06/2012          0.000            0.0
     07/06/2012          0.000            0.0
     08/06/2012          0.000            0.0
     09/06/2012          0.000            0.0
     10/06/2012          0.000            0.0
     11/06/2012          0.000            0.0
     12/06/2012          0.000            0.0
     13/06/2012          0.000            0.0
     14/06/2012          0.000            0.0
     15/06/2012          0.000            0.0
     16/06/2012          0.000            0.0
     17/06/2012          0.000            0.0
     18/06/2012          0.000            0.0
     19/06/2012          0.000            0.0
     20/06/2012          0.000            0.0
     21/06/2012          0.000            0.0
     22/06/2012          0.000            0.0
     23/06/2012          0.000            0.0
     24/06/2012          0.000            0.0
     25/06/2012          0.000            0.0
     26/06/2012          0.000            0.0
     27/06/2012          0.000            0.0
     28/06/2012          0.000            0.0
     29/06/2012          0.000            0.0
     30/06/2012          0.000            0.0
     01/07/2012          0.000            0.0
     02/07/2012          0.000            0.0
     03/07/2012          0.000            0.0
     04/07/2012          0.000            0.0
     05/07/2012          0.000            0.0
     06/07/2012          0.000            0.0
     07/07/2012          0.000            0.0
     08/07/2012          0.000            0.0
     09/07/2012          0.000            0.0
     10/07/2012          0.000            0.0
     11/07/2012          0.000            0.0
     12/07/2012          0.000            0.0
     13/07/2012          0.000            0.0
     14/07/2012          0.000            0.0
     15/07/2012          0.000            0.0
     16/07/2012          0.000            0.0
     17/07/2012          0.000            0.0
     18/07/2012          0.000            0.0
     19/07/2012          0.000            0.0
     20/07/2012          0.000            0.0
     21/07/2012          0.000            0.0
     22/07/2012          0.000            0.0
     23/07/2012          0.000            0.0
     24/07/2012          0.000            0.0
     25/07/2012          0.000            0.0
     26/07/2012          0.000            0.0
     27/07/2012          0.000            0.0
     28/07/2012          0.000            0.0
     29/07/2012          0.000            0.0
     30/07/2012          0.000            0.0
     31/07/2012          0.000            0.0
     01/08/2012          0.000            0.0
     02/08/2012          0.000            0.0
     03/08/2012          0.000            0.0
     04/08/2012          0.000            0.0
     05/08/2012          0.000            0.0
     06/08/2012          0.000            0.0
     07/08/2012          0.000            0.0
     08/08/2012          0.000            0.0
     09/08/2012          0.000            0.0
     10/08/2012          0.000            0.0
     11/08/2012          0.000            0.0
     12/08/2012          0.000            0.0
     13/08/2012          0.000            0.0
     14/08/2012          0.000            0.0
     15/08/2012          0.000            0.0
     16/08/2012          0.000            0.0
     17/08/2012          0.000            0.0
     18/08/2012          0.000            0.0
     19/08/2012          0.000            0.0
     20/08/2012          0.000            0.0
     21/08/2012          0.000            0.0
     22/08/2012          0.000            0.0
     23/08/2012          0.000            0.0
     24/08/2012          0.000            0.0
     25/08/2012          0.000            0.0
     26/08/2012          0.000            0.0
     27/08/2012          0.000            0.0
     28/08/2012          0.000            0.0
     29/08/2012          0.000            0.0
     30/08/2012          0.000            0.0
     31/08/2012          0.000            0.0
     01/09/2012          0.000            0.0
     02/09/2012          0.000            0.0
     03/09/2012          0.000            0.0
     04/09/2012          0.000            0.0
     05/09/2012          0.000            0.0
     06/09/2012          0.000            0.0
     07/09/2012          0.000            0.0
     08/09/2012          0.000            0.0
     09/09/2012          0.000            0.0
     10/09/2012          0.000            0.0
     11/09/2012          0.000            0.0
     12/09/2012          0.000            0.0
     13/09/2012          0.000            0.0
     14/09/2012          0.000            0.0
     15/09/2012          0.000            0.0
     16/09/2012          0.000            0.0
     17/09/2012          0.000            0.0
     18/09/2012          0.000            0.0
     19/09/2012          0.000            0.0
     20/09/2012          0.000            0.0
     21/09/2012          0.000            0.0
     22/09/2012          0.000            0.0
     23/09/2012          0.000            0.0
     24/09/2012          0.000            0.0
     25/09/2012          0.000            0.0
     26/09/2012          0.000            0.0
     27/09/2012          0.000            0.0
     28/09/2012          0.000            0.0
     29/09/2012          0.000            0.0
     30/09/2012          0.000            0.0
     01/10/2012          0.000            0.0
     02/10/2012          0.000            0.0
     03/10/2012          0.000            0.0
     04/10/2012          0.000            0.0
     05/10/2012          0.000            0.0
     06/10/2012          0.000            0.0
     07/10/2012          0.000            0.0
     08/10/2012          0.000            0.0
     09/10/2012          0.000            0.0
     10/10/2012          0.000            0.0
     11/10/2012          0.000            0.0
     12/10/2012          0.000            0.0
     13/10/2012          0.000            0.0
     14/10/2012          0.000            0.0
     15/10/2012          0.000            0.0
     16/10/2012          0.000            0.0
     17/10/2012          0.000            0.0
     18/10/2012          0.000            0.0
     19/10/2012          0.000            0.0
     20/10/2012          0.000            0.0
     21/10/2012          0.000            0.0
     22/10/2012          0.000            0.0
     23/10/2012          0.000            0.0
     24/10/2012          0.000            0.0
     25/10/2012          0.000            0.0
     26/10/2012          0.000            0.0
     27/10/2012          0.000            0.0
     28/10/2012          0.000            0.0
     29/10/2012          0.000            0.0
     30/10/2012          0.000            0.0
     31/10/2012          0.000            0.0
     01/11/2012          0.000            0.0
     02/11/2012          0.000            0.0
     03/11/2012          0.000            0.0
     04/11/2012          0.000            0.0
     05/11/2012          0.000            0.0
     06/11/2012          0.000            0.0
     07/11/2012          0.000            0.0
     08/11/2012          0.000            0.0
     09/11/2012          0.000            0.0
     10/11/2012          0.000            0.0
     11/11/2012          0.000            0.0
     12/11/2012          0.000            0.0
     13/11/2012          0.000            0.0
     14/11/2012          0.000            0.0
     15/11/2012          0.000            0.0
     16/11/2012          0.000            0.0
     17/11/2012          0.000            0.0
     18/11/2012          0.000            0.0
     19/11/2012          0.000            0.0
     20/11/2012          0.000            0.0
     21/11/2012          0.000            0.0
     22/11/2012          0.000            0.0
     23/11/2012          0.000            0.0
     24/11/2012          0.000            0.0
     25/11/2012          0.000            0.0
     26/11/2012          0.000            0.0
     27/11/2012          0.000            0.0
     28/11/2012          0.000            0.0
     29/11/2012          0.000            0.0
     30/11/2012          0.000            0.0
     01/12/2012          0.000            0.0
     02/12/2012          0.000            0.0
     03/12/2012          0.000            0.0
     04/12/2012          0.000            0.0
     05/12/2012          0.000            0.0
     06/12/2012          0.000            0.0
     07/12/2012          0.000            0.0
     08/12/2012          0.000            0.0
     09/12/2012          0.000            0.0
     10/12/2012          0.000            0.0
     11/12/2012          0.000            0.0
     12/12/2012          0.000            0.0
     13/12/2012          0.000            0.0
     14/12/2012          0.000            0.0
     15/12/2012          0.000            0.0
     16/12/2012          0.000            0.0
     17/12/2012          0.000            0.0
     18/12/2012          0.000            0.0
     19/12/2012          0.000            0.0
     20/12/2012          0.000            0.0
     21/12/2012          0.000            0.0
     22/12/2012          0.000            0.0
     23/12/2012          0.000            0.0
     24/12/2012          0.000            0.0
     25/12/2012          0.000            0.0
     26/12/2012          0.000            0.0
     27/12/2012          0.000            0.0
     28/12/2012          0.000            0.0
     29/12/2012          0.000            0.0
     30/12/2012          0.000            0.0
     31/12/2012          0.000            0.0
     01/01/2013          0.000            0.0
     02/01/2013          0.000            0.0
     03/01/2013          0.000            0.0
     04/01/2013          0.000            0.0
     05/01/2013          0.000            0.0
     06/01/2013          0.000            0.0
     07/01/2013          0.000            0.0
     08/01/2013          0.000            0.0
     09/01/2013          0.000            0.0
     10/01/2013          0.000            0.0
     11/01/2013          0.000            0.0
     12/01/2013          0.000            0.0
     13/01/2013          0.000            0.0
     14/01/2013          0.000            0.0
     15/01/2013          0.000            0.0
     16/01/2013          0.000            0.0
     17/01/2013          0.000            0.0
     18/01/2013          0.000            0.0
     19/01/2013          0.000            0.0
     20/01/2013          0.000            0.0
     21/01/2013          0.000            0.0
     22/01/2013          0.000            0.0
     23/01/2013          0.000            0.0
     24/01/2013          0.000            0.0
     25/01/2013          0.000            0.0
     26/01/2013          0.000            0.0
     27/01/2013          0.000            0.0
     28/01/2013          0.000            0.0
     29/01/2013          0.000            0.0
     30/01/2013          0.000            0.0
     31/01/2013          0.000            0.0
     01/02/2013          0.000            0.0
     02/02/2013          0.000            0.0
     03/02/2013          0.000            0.0
     04/02/2013          0.000            0.0
     05/02/2013          0.000            0.0
     06/02/2013          0.000            0.0
     07/02/2013          0.000            0.0
     08/02/2013          0.000            0.0
     09/02/2013          0.000            0.0
     10/02/2013          0.000            0.0
     11/02/2013          0.000            0.0
     12/02/2013          0.000            0.0
     13/02/2013          0.000            0.0
     14/02/2013          0.000            0.0
     15/02/2013          0.000            0.0
     16/02/2013          0.000            0.0
     17/02/2013          0.000            0.0
     18/02/2013          0.000            0.0
     19/02/2013          0.000            0.0
     20/02/2013          0.000            0.0
     21/02/2013          0.000            0.0
     22/02/2013          0.000            0.0
     23/02/2013          0.000            0.0
     24/02/2013          0.000            0.0
     25/02/2013          0.000            0.0
     26/02/2013          0.000            0.0
     27/02/2013          0.000            0.0
     28/02/2013          0.000            0.0
     01/03/2013          0.000            0.0
     02/03/2013          0.000            0.0
     03/03/2013          0.000            0.0
     04/03/2013          0.000            0.0
     05/03/2013          0.000            0.0
     06/03/2013          0.000            0.0
     07/03/2013          0.000            0.0
     08/03/2013          0.000            0.0
     09/03/2013          0.000            0.0
     10/03/2013          0.000            0.0
     11/03/2013          0.000            0.0
     12/03/2013          0.000            0.0
     13/03/2013          0.000            0.0
     14/03/2013          0.000            0.0
     15/03/2013          0.000            0.0
     16/03/2013          0.000            0.0
     17/03/2013          0.000            0.0
     18/03/2013          0.000            0.0
     19/03/2013          0.000            0.0
     20/03/2013          0.000            0.0
     21/03/2013          0.000            0.0
     22/03/2013          0.000            0.0
     23/03/2013          0.000            0.0
     24/03/2013          0.000            0.0
     25/03/2013          0.000            0.0
     26/03/2013          0.000            0.0
     27/03/2013          0.000            0.0
     28/03/2013          0.000            0.0
     29/03/2013          0.000            0.0
     30/03/2013          0.000            0.0
     31/03/2013          0.000            0.0
     01/04/2013          0.000            0.0
     02/04/2013          0.000            0.0
     03/04/2013          0.000            0.0
     04/04/2013          0.000            0.0
     05/04/2013          0.000            0.0
     06/04/2013          0.000            0.0
     07/04/2013          0.000            0.0
     08/04/2013          0.000            0.0
     09/04/2013          0.000            0.0
     10/04/2013          0.000            0.0
     11/04/2013          0.000            0.0
     12/04/2013          0.000            0.0
     13/04/2013          0.000            0.0
     14/04/2013          0.000            0.0
     15/04/2013          0.000            0.0
     16/04/2013          0.000            0.0
     17/04/2013          0.000            0.0
     18/04/2013          0.000            0.0
     19/04/2013          0.000            0.0
     20/04/2013          0.000            0.0
     21/04/2013          0.000            0.0
     22/04/2013          0.000            0.0
     23/04/2013          0.000            0.0
     24/04/2013          0.000            0.0
     25/04/2013          0.000            0.0
     26/04/2013          0.000            0.0
     27/04/2013          0.000            0.0
     28/04/2013          0.000            0.0
     29/04/2013          0.000            0.0
     30/04/2013          0.000            0.0
     01/05/2013          0.000            0.0
     02/05/2013          0.000            0.0
     03/05/2013          0.000            0.0
     04/05/2013          0.000            0.0
     05/05/2013          0.000            0.0
     06/05/2013          0.000            0.0
     07/05/2013          0.000            0.0
     08/05/2013          0.000            0.0
     09/05/2013          0.000            0.0
     10/05/2013          0.000            0.0
     11/05/2013          0.000            0.0
     12/05/2013          0.000            0.0
     13/05/2013          0.000            0.0
     14/05/2013          0.000            0.0
     15/05/2013          0.000            0.0
     16/05/2013          0.000            0.0
     17/05/2013          0.000            0.0
     18/05/2013          0.000            0.0
     19/05/2013          0.000            0.0
     20/05/2013          0.000            0.0
     21/05/2013          0.000            0.0
     22/05/2013          0.000            0.0
     23/05/2013          0.000            0.0
     24/05/2013          0.000            0.0
     25/05/2013          0.000            0.0
     26/05/2013          0.000            0.0
     27/05/2013          0.000            0.0
     28/05/2013          0.000            0.0
     29/05/2013          0.000            0.0
     30/05/2013          0.000            0.0
     31/05/2013          0.000            0.0
     01/06/2013          0.000            0.0
     02/06/2013          0.000            0.0
     03/06/2013          4.909            0.6
     04/06/2013         10.134            1.2
     05/06/2013         14.067            1.6
     06/06/2013         17.378            1.9
     07/06/2013         19.733            2.1
     08/06/2013         21.249            2.3
     09/06/2013         22.326            2.3
     10/06/2013         23.303            2.4
     11/06/2013         24.075            2.5
     12/06/2013         24.579            2.5
     13/06/2013         24.710            2.5
     14/06/2013         24.864            2.5
     15/06/2013         24.864            2.5
     16/06/2013         24.864            2.5
     17/06/2013         24.864            2.5
     18/06/2013         24.864            2.5
     19/06/2013         24.864            2.5
     20/06/2013         24.864            2.5
     21/06/2013         24.864            2.5
     22/06/2013         24.864            2.5
     23/06/2013         24.864            2.5
     24/06/2013         24.864            2.5
     25/06/2013         24.864            2.5
     26/06/2013         24.864            2.5
     27/06/2013         24.864            2.5
     28/06/2013         24.864            2.5
     29/06/2013         24.864            2.5
     30/06/2013         24.864            2.5
     01/07/2013         24.864            2.5
     02/07/2013         24.864            2.5
     03/07/2013         24.864            2.5
     04/07/2013         24.864            2.5
     05/07/2013         24.864            2.5
     06/07/2013         24.864            2.5
     07/07/2013         24.864            2.5
     08/07/2013         24.864            2.5
     09/07/2013         24.864            2.5
     10/07/2013         24.864            2.5
     11/07/2013         24.864            2.5
     12/07/2013         24.864            2.5
     13/07/2013         24.864            2.5
     14/07/2013         24.864            2.5
     15/07/2013         24.864            2.5
     16/07/2013         24.864            2.5
     17/07/2013         24.864            2.5
     18/07/2013         24.864            2.5
     19/07/2013         24.864            2.5
     20/07/2013         24.864            2.5
     21/07/2013         24.864            2.5
     22/07/2013         24.864            2.5
     23/07/2013         24.864            2.5
     24/07/2013         24.864            2.5
     25/07/2013         24.864            2.5
     26/07/2013         24.864            2.5
     27/07/2013         24.864            2.5
     28/07/2013         24.864            2.5
     29/07/2013         24.864            2.5
     30/07/2013         24.864            2.5
     31/07/2013         24.864            2.5
     01/08/2013         24.864            2.5
     02/08/2013         24.864            2.5
     03/08/2013         24.864            2.5
     04/08/2013         24.864            2.5
     05/08/2013         24.864            2.5
     06/08/2013         24.864            2.5
     07/08/2013         24.864            2.5
     08/08/2013         24.864            2.5
     09/08/2013         24.864            2.5
     10/08/2013         24.864            2.5
     11/08/2013         24.864            2.5
     12/08/2013         24.864            2.5
     13/08/2013         24.864            2.5
     14/08/2013         24.864            2.5
     15/08/2013         24.864            2.5
     16/08/2013         24.864            2.5
     17/08/2013         24.864            2.5
     18/08/2013         24.864            2.5
     19/08/2013         24.864            2.5
     20/08/2013         24.864            2.5
     21/08/2013         24.864            2.5
     22/08/2013         24.864            2.5
     23/08/2013         24.864            2.5
     24/08/2013         24.864            2.5
     25/08/2013         24.864            2.5
     26/08/2013         24.864            2.5
     27/08/2013         24.864            2.5
     28/08/2013         24.864            2.5
     29/08/2013         24.864            2.5
     30/08/2013         24.864            2.5
     31/08/2013         24.864            2.5
     01/09/2013         24.864            2.5
     02/09/2013         24.864            2.5
     03/09/2013         24.864            2.5
     04/09/2013         24.864            2.5
     05/09/2013         24.864            2.5
     06/09/2013         24.864            2.5
     07/09/2013         24.864            2.5
     08/09/2013         24.864            2.5
     09/09/2013         24.864            2.5
     10/09/2013         24.864            2.5
     11/09/2013         24.864            2.5
     12/09/2013         24.864            2.5
     13/09/2013         24.864            2.5
     14/09/2013         24.864            2.5
     15/09/2013         24.864            2.5
     16/09/2013         24.864            2.5
     17/09/2013         24.864            2.5
     18/09/2013         24.864            2.5
     19/09/2013         24.864            2.5
     20/09/2013         24.864            2.5
     21/09/2013         24.864            2.5
     22/09/2013         24.864            2.5
     23/09/2013         24.864            2.5
     24/09/2013         24.864            2.5
     25/09/2013         24.864            2.5
     26/09/2013         24.864            2.5
     27/09/2013         24.864            2.5
     28/09/2013         24.864            2.5
     29/09/2013         24.864            2.5
     30/09/2013         24.864            2.5
     01/10/2013         24.864            2.5
     02/10/2013         24.864            2.5
     03/10/2013         24.864            2.5
     04/10/2013         24.864            2.5
     05/10/2013         24.864            2.5
     06/10/2013         24.864            2.5
     07/10/2013         24.864            2.5
     08/10/2013         24.864            2.5
     09/10/2013         24.864            2.5
     10/10/2013         24.864            2.5
     11/10/2013         24.864            2.5
     12/10/2013         24.864            2.5
     13/10/2013         24.864            2.5
     14/10/2013         24.864            2.5
     15/10/2013         24.864            2.5
     16/10/2013         24.864            2.5
     17/10/2013         24.864            2.5
     18/10/2013         24.864            2.5
     19/10/2013         24.864            2.5
     20/10/2013         24.864            2.5
     21/10/2013         24.864            2.5
     22/10/2013         24.864            2.5
     23/10/2013         24.864            2.5
     24/10/2013         24.864            2.5
     25/10/2013         24.864            2.5
     26/10/2013         24.864            2.5
     27/10/2013         24.864            2.5
     28/10/2013         24.864            2.5
     29/10/2013         24.864            2.5
     30/10/2013         24.864            2.5
     31/10/2013         24.864            2.5
     01/11/2013         24.864            2.5
     02/11/2013         24.864            2.5
     03/11/2013         24.864            2.5
     04/11/2013         24.864            2.5
     05/11/2013         24.864            2.5
     06/11/2013         24.864            2.5
     07/11/2013         24.864            2.5
     08/11/2013         24.864            2.5
     09/11/2013         24.864            2.5
     10/11/2013         24.864            2.5
     11/11/2013         24.864            2.5
