APSIM = 7.7
Title = PF
 Title     date         year       day      NO3Nconc subsurface_drain sum_subsurface_drain  leach_    sum_leach_     NO3Nconc_stderr   subsurface_drain_stderr     sum_subsurface_drain_stderr    leach__stderr    sum_leach__stderr        
  ()   (dd/mm/yyyy)     ()         ()         ()         (mm)            (mm)              (kg/ha)     (kg/ha)           ()                  (mm)                        (mm)                      (kg/ha)           (kg/ha)
PF      15/06/2009      2009      166      ?      0      0      ?      0      ?      0      0      ?      0
PF      18/06/2009      2009      169      ?      0.02      0.02      ?      0      ?      0.02      0.02      ?      0
PF      25/06/2009      2009      176      ?      2.87      2.89      ?      0.02      0.21      1.15      1.16      0.01      0.01
PF      29/06/2009      2009      180      ?      0.49      3.38      ?      0.02      0.37      0.2      1.34      0      0.01
PF      02/07/2009      2009      183      ?      0      3.38      ?      0.02      ?      0      1.34      ?      0.01
PF      06/07/2009      2009      187      ?      0      3.38      ?      0.02      ?      0      1.34      ?      0.01
PF      09/07/2009      2009      190      ?      0      3.38      ?      0.02      ?      0      1.34      ?      0.01
PF      13/07/2009      2009      194      ?      0      3.38      ?      0.02      ?      0      1.34      ?      0.01
PF      16/07/2009      2009      197      ?      0      3.38      ?      0.02      ?      0      1.34      ?      0.01
PF      20/07/2009      2009      201      ?      0.01      3.39      ?      0.02      ?      0.01      1.34      ?      0.01
PF      23/07/2009      2009      204      ?      0      3.39      ?      0.02      ?      0      1.34      ?      0.01
PF      27/07/2009      2009      208      ?      0      3.39      ?      0.02      ?      0      1.34      ?      0.01
PF      30/07/2009      2009      211      ?      0      3.39      ?      0.02      ?      0      1.34      ?      0.01
PF      03/08/2009      2009      215      ?      0      3.39      ?      0.02      ?      0      1.34      ?      0.01
PF      06/08/2009      2009      218      ?      0      3.39      ?      0.02      ?      0      1.34      ?      0.01
PF      10/08/2009      2009      222      ?      0      3.39      ?      0.02      ?      0      1.34      ?      0.01
PF      17/08/2009      2009      229      ?      0      3.39      ?      0.02      ?      0      1.34      ?      0.01
PF      20/08/2009      2009      232      ?      0      3.39      ?      0.02      ?      0      1.34      ?      0.01
PF      24/08/2009      2009      236      ?      ?      3.39      ?      0.02      ?      ?      1.34      ?      0.01
PF      15/09/2009      2009      258      ?      0      3.39      ?      0.02      ?      0      1.34      ?      0.01
PF      19/10/2009      2009      292      ?      0      3.39      ?      0.02      ?      0      1.34      ?      0.01
PF      26/10/2009      2009      299      1.19      31.85      35.25      0.38      0.4      0.21      5.67      6.69      0.09      0.1
PF      30/10/2009      2009      303      1.22      31.92      67.17      0.37      0.77      0.28      2.99      9.65      0.06      0.14
PF      04/11/2009      2009      308      1.37      18.96      86.13      0.28      1.05      0.4      2.42      9.82      0.11      0.2
PF      06/11/2009      2009      310      1.18      1.74      87.87      0.03      1.08      0.41      0.53      9.63      0.02      0.21
PF      11/11/2009      2009      315      ?      0.8      88.67      ?      1.09      0.74      0.6      9.29      0.03      0.22
PF      18/11/2009      2009      322      ?      0.12      88.79      ?      1.09      ?      0.08      9.25      ?      0.22
PF      15/03/2010      2010      74      0.69      ?      0      ?      0      0.22      ?      0      ?      0
PF      18/03/2010      2010      77      0.73      11.32      11.32      0.08      0.08      0.26      0.44      0.44      0.03      0.03
PF      22/03/2010      2010      81      0.72      7.81      19.13      0.06      0.15      0.3      0.89      1.31      0.03      0.07
PF      25/03/2010      2010      84      ?      1.63      20.76      ?      0.16      0.43      0.46      1.71      0.01      0.08
PF      29/03/2010      2010      88      ?      0.41      21.18      ?      0.17      ?      0.38      2.04      ?      0.08
PF      01/04/2010      2010      91      ?      0.08      21.26      ?      0.17      ?      0.08      2.12      ?      0.08
PF      05/04/2010      2010      95      ?      0.01      21.27      ?      0.17      ?      0.01      2.12      ?      0.08
PF      07/04/2010      2010      97      2.09      9.88      31.15      0.2      0.36      0.39      0.93      1.8      0.02      0.1
PF      12/04/2010      2010      102      1.01      9.03      40.18      0.1      0.46      0.24      1.36      3.16      0.04      0.13
PF      15/04/2010      2010      105      ?      0.36      40.54      ?      0.46      ?      0.32      3.38      ?      0.14
PF      19/04/2010      2010      109      ?      0.03      40.57      ?      0.46      ?      0.03      3.4      ?      0.14
PF      22/04/2010      2010      112      ?      0      40.57      ?      0.46      ?      0      3.4      ?      0.14
PF      26/04/2010      2010      116      ?      0.57      41.14      ?      0.47      0.14      0.09      3.33      0      0.13
PF      29/04/2010      2010      119      0.51      4.74      45.88      0.02      0.49      0.16      0.55      3.61      0.01      0.14
PF      03/05/2010      2010      123      0.23      0.71      46.59      0      0.49      0.09      0.29      3.82      0      0.14
PF      06/05/2010      2010      126      ?      0      46.6      ?      0.49      ?      0      3.82      ?      0.14
PF      10/05/2010      2010      130      ?      0      46.6      ?      0.49      ?      0      3.82      ?      0.14
PF      14/05/2010      2010      134      0.34      12.33      58.92      0.04      0.53      0.11      2      3.83      0.01      0.14
PF      17/05/2010      2010      137      0.38      5.29      64.21      0.02      0.55      0.17      0.84      4.63      0.01      0.15
PF      20/05/2010      2010      140      ?      0.26      64.48      ?      0.55      ?      0.17      4.66      ?      0.15
PF      24/05/2010      2010      144      ?      0      64.48      ?      0.55      ?      0      4.66      ?      0.15
PF      27/05/2010      2010      147      ?      0      64.48      ?      0.55      ?      0      4.66      ?      0.15
PF      01/06/2010      2010      152      ?      0      64.48      ?      0.55      ?      0      4.66      ?      0.15
PF      03/06/2010      2010      154      ?      0      64.48      ?      0.55      ?      0      4.66      ?      0.15
PF      07/06/2010      2010      158      ?      0      64.48      ?      0.55      ?      0      4.66      ?      0.15
PF      10/06/2010      2010      161      ?      0      64.48      ?      0.55      ?      0      4.67      ?      0.15
PF      14/06/2010      2010      165      0.26      15.26      79.74      0.04      0.59      0.04      2.86      4.33      0.01      0.15
PF      17/06/2010      2010      168      0.3      9.32      89.06      0.02      0.61      0.11      1.91      6.13      0.01      0.16
PF      21/06/2010      2010      172      ?      1.54      90.6      ?      0.61      0.02      0.23      6.34      0      0.16
PF      24/06/2010      2010      175      ?      0.01      90.61      ?      0.61      ?      0.01      6.34      ?      0.16
PF      28/06/2010      2010      179      ?      19.68      110.29      ?      0.67      0.13      11.94      11.93      0.09      0.15
PF      01/07/2010      2010      182      0.34      7.49      117.79      0.03      0.69      0.19      1.39      12.05      0.02      0.17
PF      06/07/2010      2010      187      0.26      0.88      118.67      0      0.69      0.16      0.19      12      0      0.17
PF      08/07/2010      2010      189      ?      0.02      118.69      ?      0.69      ?      0.01      12      ?      0.17
PF      12/07/2010      2010      193      ?      0      118.7      ?      0.69      ?      0      12      ?      0.17
PF      15/07/2010      2010      196      ?      0      118.7      ?      0.69      ?      0      12      ?      0.17
PF      19/07/2010      2010      200      0.44      12.45      131.15      0.04      0.74      0.2      2.89      12.58      0.02      0.16
PF      22/07/2010      2010      203      ?      6.21      137.36      ?      0.75      0.13      2.19      12.61      0.01      0.17
PF      26/07/2010      2010      207      ?      0.11      137.47      ?      0.75      ?      0.07      12.63      ?      0.17
PF      29/07/2010      2010      210      ?      0      137.47      ?      0.75      ?      0      12.63      ?      0.17
PF      02/08/2010      2010      214      0.23      9.72      147.19      0.02      0.77      0.11      1.88      12.88      0      0.17
PF      05/08/2010      2010      217      0.28      16.34      163.53      0.04      0.81      0.16      3.79      14.17      0.02      0.19
PF      09/08/2010      2010      221      ?      28.11      191.64      ?      0.81      ?      4.17      13.09      ?      0.19
PF      16/08/2010      2010      228      0.23      7.08      198.73      0.02      0.83      0.15      1.55      12.51      0.01      0.2
PF      19/08/2010      2010      231      ?      0.13      198.86      ?      0.83      ?      0.09      12.49      ?      0.2
PF      23/08/2010      2010      235      ?      0.01      198.87      ?      0.83      ?      0.01      12.49      ?      0.2
PF      26/08/2010      2010      238      ?      0      198.87      ?      0.83      ?      0      12.49      ?      0.2
PF      02/09/2010      2010      245      ?      3.78      202.65      ?      0.83      ?      1.51      11.26      ?      0.2
PF      07/09/2010      2010      250      ?      0.17      202.82      ?      0.83      ?      0.09      11.26      ?      0.2
PF      09/09/2010      2010      252      ?      0.03      202.85      ?      0.83      ?      0.03      11.27      ?      0.2
PF      13/09/2010      2010      256      ?      0      202.85      ?      0.83      ?      0      11.27      ?      0.2
PF      16/09/2010      2010      259      ?      0      202.85      ?      0.83      ?      0      11.27      ?      0.2
PF      20/09/2010      2010      263      ?      0      202.85      ?      0.83      ?      0      11.27      ?      0.2
PF      23/09/2010      2010      266      0.28      41.1      243.95      0.09      0.92      0.16      7.23      15.2      0.04      0.25
PF      27/09/2010      2010      270      ?      45.13      289.08      ?      0.94      0.03      5.45      18.64      0.01      0.24
PF      30/09/2010      2010      273      ?      3.05      292.13      ?      0.95      0.14      0.56      18.36      0.01      0.24
PF      04/10/2010      2010      277      ?      0.02      292.16      ?      0.95      ?      0.02      18.34      ?      0.24
PF      07/10/2010      2010      280      ?      0      292.16      ?      0.95      ?      0      18.34      ?      0.24
PF      11/10/2010      2010      284      ?      0      292.16      ?      0.95      ?      0      18.34      ?      0.24
PF      25/10/2010      2010      298      ?      0      292.16      ?      0.95      ?      0      18.34      ?      0.24
PF      01/11/2010      2010      305      ?      0      292.16      ?      0.95      ?      0      18.34      ?      0.24
PF      08/11/2010      2010      312      ?      0      292.16      ?      0.95      ?      0      18.34      ?      0.24
PF      17/11/2010      2010      321      ?      8.62      300.78      ?      0.97      0.22      2.95      21.14      0      0.24
PF      23/11/2010      2010      327      ?      0      300.78      ?      0.97      ?      0      21.14      ?      0.24
PF      01/04/2011      2011      91      ?      ?      0      ?      0      ?      ?      0      ?      0
PF      04/04/2011      2011      94      ?      0      0      ?      0      ?      0      0      ?      0
PF      08/04/2011      2011      98      ?      0      0      ?      0      ?      0      0      ?      0
PF      11/04/2011      2011      101      ?      0      0      ?      0      ?      0      0      ?      0
PF      15/04/2011      2011      105      ?      0      0      ?      0      ?      0      0      ?      0
PF      18/04/2011      2011      108      ?      3.17      3.17      ?      0.02      0.02      1.77      1.77      0.04      0.02
PF      22/04/2011      2011      112      1.05      ?      14.6      ?      0.15      0.26      2.47      5.76      0.01      0.05
PF      25/04/2011      2011      115      0.88      1.98      16.58      0.02      0.17      0.22      0.52      5.68      0.01      0.06
PF      29/04/2011      2011      119      0.93      29.26      45.84      0.25      0.42      0.27      3.54      8.4      0.05      0.1
PF      02/05/2011      2011      122      0.83      1.9      47.74      0.02      0.44      0.17      0.6      8.26      0.01      0.1
PF      09/05/2011      2011      129      ?      0.12      47.86      ?      0.44      ?      0.12      8.24      ?      0.1
PF      12/05/2011      2011      132      ?      0      47.86      ?      0.44      ?      0      8.24      ?      0.1
PF      17/05/2011      2011      137      ?      0.14      48      ?      0.44      ?      0.11      8.34      ?      0.1
PF      19/05/2011      2011      139      ?      0.01      48.01      ?      0.44      ?      0.01      8.33      ?      0.1
PF      23/05/2011      2011      143      1.18      14.53      62.54      0.16      0.61      0.14      2.92      10.82      0.03      0.11
PF      26/05/2011      2011      146      1.19      21.63      84.17      0.23      0.84      0.29      4.21      14.67      0.03      0.14
PF      31/05/2011      2011      151      1.27      8.61      92.78      0.12      0.95      0.24      1.11      15.29      0.03      0.17
PF      02/06/2011      2011      153      ?      0.02      92.8      ?      0.95      ?      0.02      15.28      ?      0.17
PF      06/06/2011      2011      157      ?      0      92.8      ?      0.95      ?      0      15.28      ?      0.17
PF      09/06/2011      2011      160      ?      0      92.8      ?      0.95      ?      0      15.28      ?      0.17
PF      14/06/2011      2011      165      0.8      22.02      114.83      0.14      1.09      0.21      8.21      23.22      0.03      0.18
PF      16/06/2011      2011      167      0.71      4.45      119.27      0.03      1.12      0.12      0.99      24.18      0      0.18
PF      20/06/2011      2011      171      ?      0.51      119.78      ?      1.12      0.03      0.12      24.23      0      0.18
PF      22/06/2011      2011      173      0.75      9.32      129.1      0.06      1.18      0.13      2.6      26.79      0.01      0.18
PF      27/06/2011      2011      178      0.6      4.15      133.25      0.02      1.2      0.17      0.61      27.38      0      0.19
PF      30/06/2011      2011      181      ?      3.15      136.41      ?      1.21      0.08      0.51      27.88      0      0.19
PF      05/07/2011      2011      186      ?      0.01      136.41      ?      1.21      ?      0.01      27.88      ?      0.19
PF      07/07/2011      2011      188      ?      0      136.41      ?      1.21      ?      0      27.88      ?      0.19
PF      11/07/2011      2011      192      ?      0      136.41      ?      1.21      ?      0      27.88      ?      0.19
PF      14/07/2011      2011      195      ?      0      136.41      ?      1.21      ?      0      27.88      ?      0.19
PF      25/07/2011      2011      206      ?      0      136.41      ?      1.21      ?      0      27.88      ?      0.19
PF      01/08/2011      2011      213      ?      0      136.41      ?      1.21      ?      0      27.88      ?      0.19
PF      09/08/2011      2011      221      ?      0      136.41      ?      1.21      ?      0      27.88      ?      0.19
PF      23/08/2011      2011      235      ?      0      136.41      ?      1.21      ?      0      27.88      ?      0.19
PF      31/08/2011      2011      243      ?      0      136.41      ?      1.21      ?      0      27.88      ?      0.19
PF      07/09/2011      2011      250      ?      ?      136.41      ?      1.21      ?      0      27.88      ?      0.19
PF      22/03/2012      2012      82      ?      ?      0      ?      0      ?      ?      0      ?      0
PF      29/03/2012      2012      89      0.41      5.78      5.78      0.02      0.02      0.14      0.69      0.69      0.01      0.01
PF      05/04/2012      2012      96      1.17      2.34      8.12      0.03      0.05      0.79      0.39      0.9      0.02      0.02
PF      17/04/2012      2012      108      2.25      19.14      27.26      0.46      0.51      0.46      4.07      4.27      0.14      0.14
PF      20/04/2012      2012      111      0.77      3.65      30.91      0.03      0.54      0.02      1.27      5.54      0.01      0.15
PF      24/04/2012      2012      115      0.83      3.5      34.41      0.03      0.57      0.21      0.75      6.2      0.01      0.15
PF      03/05/2012      2012      124      0.8      1.33      45.1      0.01      0.66      0.2      0.47      6.26      0      0.15
PF      07/05/2012      2012      128      1      3.75      38.16      0.04      0.6      0.37      0.48      6.45      0.01      0.15
PF      10/05/2012      2012      131      0.87      4.94      43.1      0.04      0.64      0.28      0.62      6.62      0.01      0.15
PF      14/05/2012      2012      135      0.72      0.66      43.76      0      0.65      0.19      0.25      6.52      0      0.15
PF      17/05/2012      2012      138      ?      0      43.77      ?      0.65      ?      0      6.52      ?      0.15
PF      21/05/2012      2012      142      ?      0      43.77      ?      0.65      ?      0      6.52      ?      0.15
PF      29/05/2012      2012      150      ?      0      43.77      ?      0.65      ?      0      6.52      ?      0.15
PF      04/06/2012      2012      156      ?      0      43.77      ?      0.65      ?      0      6.52      ?      0.15
PF      12/06/2012      2012      164      ?      0      43.77      ?      0.65      ?      0      6.52      ?      0.15
PF      18/06/2012      2012      170      ?      0      43.77      ?      0.65      ?      0      6.52      ?      0.15
PF      25/06/2012      2012      177      ?      0      43.77      ?      0.65      ?      0      6.52      ?      0.15
PF      16/07/2012      2012      198      ?      0      43.77      ?      0.65      ?      0      6.52      ?      0.15
PF      11/04/2013      2013      101      ?      0.07      0.07      ?      0      ?      0.01      0.01      ?      0
PF      19/04/2013      2013      109      ?      0.88      0.95      ?      0.01      0.75      0.57      0.58      0.01      0
PF      23/04/2013      2013      113      ?      0.17      1.12      ?      0.01      0.18      0.11      0.63      0      0.01
PF      30/04/2013      2013      120      ?      0.09      1.21      ?      0.01      1.97      0.09      0.66      0      0.01
PF      03/05/2013      2013      123      ?      0.25      1.45      ?      0.01      0.24      0.21      0.85      0      0.01
PF      06/05/2013      2013      126      0.31      ?      8.37      ?      0.03      0.09      2.82      3.79      0.01      0.02
PF      09/05/2013      2013      129      ?      16.52      24.88      ?      0.03      ?      6.77      7.54      ?      0.02
PF      10/05/2013      2013      130      ?      7.7      32.58      ?      0.03      ?      3.87      10.01      ?      0.02
PF      13/05/2013      2013      133      0.95      13.75      46.33      0.13      0.15      0.14      1.28      10.74      0.01      0.02
PF      16/05/2013      2013      136      0.45      3.97      50.3      0.02      0.17      0.08      0.5      10.79      0      0.03
PF      20/05/2013      2013      140      0.27      0.96      51.26      0      0.17      0.11      0.53      10.61      0      0.03
PF      24/05/2013      2013      144      ?      0.32      51.58      ?      0.17      0.08      0.11      10.59      0      0.03
PF      28/05/2013      2013      148      0.24      9.92      61.51      0.03      0.2      0.08      2.72      10.26      0.02      0.03
PF      31/05/2013      2013      151      0.19      7.03      68.54      0.01      0.22      0.09      3.22      11.01      0      0.03
PF      03/06/2013      2013      154      ?      3.6      68.28      ?      0.2      0.11      0.79      9.93      0      0.03
PF      06/06/2013      2013      157      0.23      1.7      82.17      0      0.25      0.11      0.47      12.32      0      0.01
PF      11/06/2013      2013      162      0.16      1.36      75.68      0      0.23      0.09      0.35      11.98      0      0.03
PF      13/06/2013      2013      164      ?      0.05      75.73      ?      0.23      ?      0.05      12.02      ?      0.03
PF      17/06/2013      2013      168      ?      0.01      75.73      ?      0.23      ?      0      12.02      ?      0.03
PF      20/06/2013      2013      171      ?      0      75.73      ?      0.23      ?      0      12.02      ?      0.03
PF      24/06/2013      2013      175      ?      0      75.73      ?      0.23      ?      0      12.02      ?      0.03
PF      27/06/2013      2013      178      ?      0      75.73      ?      0.23      ?      0      12.02      ?      0.03
PF      01/07/2013      2013      182      ?      0      75.73      ?      0.23      ?      0      12.02      ?      0.03
PF      03/07/2013      2013      184      ?      0      75.73      ?      0.23      ?      0      12.02      ?      0.03
PF      08/07/2013      2013      189      ?      0      75.73      ?      0.23      ?      0      12.02      ?      0.03
PF      12/07/2013      2013      193      ?      0      75.73      ?      0.23      ?      0      12.02      ?      0.03
PF      08/04/2014      2014      98      ?      ?      0      ?      0      ?      ?      0      ?      0
PF      14/04/2014      2014      104      ?      0      0      ?      0      ?      0      0      ?      0
PF      24/04/2014      2014      114      ?      0      0      ?      0      ?      0      0      ?      0
PF      01/05/2014      2014      121      1.23      2.89      2.89      0.03      0.03      0.26      1      1      0.01      0.01
PF      05/05/2014      2014      125      1.03      6.51      9.39      0.05      0.08      0.42      1.77      2.69      0.01      0.01
PF      09/05/2014      2014      129      0.63      2.09      11.48      0.01      0.08      0.32      0.74      3.44      0      0.01
PF      12/05/2014      2014      132      0.58      0.74      12.22      0      0.09      0.23      0.29      3.66      0      0.01
PF      15/05/2014      2014      135      0.53      4.65      16.87      0.02      0.11      0.2      0.55      4.1      0.01      0.01
PF      21/05/2014      2014      141      ?      21.16      38.02      ?      0.18      0.14      4.75      8.47      0.02      0.04
PF      23/05/2014      2014      143      0.25      9.6      47.63      0.02      0.2      0.07      0.49      8.87      0.01      0.04
PF      27/05/2014      2014      147      0.27      5.27      52.89      0.01      0.21      0.2      0.58      9.34      0.01      0.05
PF      30/05/2014      2014      150      ?      1.23      54.12      ?      0.21      0.17      0.72      10.02      0      0.05
PF      02/06/2014      2014      153      ?      0.09      54.2      ?      0.21      ?      0.08      10.1      ?      0.05
PF      05/06/2014      2014      156      ?      0.17      54.37      ?      0.22      0.08      0.09      10.05      0      0.05
PF      09/06/2014      2014      160      ?      0.16      54.54      ?      0.22      0.01      0.05      10.01      0      0.05
PF      12/06/2014      2014      163      ?      0.01      54.54      ?      0.22      ?      0.01      10.02      ?      0.05
PF      16/06/2014      2014      167      ?      0      54.54      ?      0.22      ?      0      10.02      ?      0.05
PF      20/06/2014      2014      171      0.21      3.67      58.22      0.01      0.22      0.09      0.95      9.59      0      0.05
PF      24/06/2014      2014      175      0.05      4.87      63.09      0      0.23      0.04      0.87      9.8      0      0.05
PF      27/06/2014      2014      178      0.08      12.19      75.28      0.01      0.24      0.03      2.06      9.22      0      0.04
PF      30/06/2014      2014      181      0.03      28.73      104.02      0.01      0.24      0.02      1.05      10.17      0.01      0.04
PF      02/07/2014      2014      183      0.02      25.94      129.96      0.01      0.25      0.01      2.02      11.77      0      0.04
PF      08/07/2014      2014      189      ?      41.48      171.44      ?      0.28      0.04      5.01      16.35      0.02      0.03
PF      10/07/2014      2014      191      0.18      2.45      173.89      0      0.28      0.18      0.77      16.78      0      0.03
PF      14/07/2014      2014      195      ?      0.5      174.4      ?      0.28      0.02      0.46      17.05      0      0.03
PF      21/07/2014      2014      202      ?      0.01      174.4      ?      0.28      ?      0.01      17.06      ?      0.03
PF      04/08/2014      2014      216      ?      0      174.4      ?      0.28      ?      0      17.06      ?      0.03
PF      29/08/2014      2014      241      ?      0.02      174.42      ?      0.28      2.13      0.01      17.05      0      0.03
PF      03/09/2014      2014      246      ?      14.87      189.29      ?      0.28      0.03      1.92      18.9      0      0.03
PF      10/09/2014      2014      253      0.02      10.97      200.26      0      0.28      0.01      2.15      19.71      0      0.03
PF      12/09/2014      2014      255      0.02      9.1      209.36      0      0.29      0.01      0.98      20.56      0      0.03
PF      16/09/2014      2014      259      0.02      5.43      214.79      0      0.29      0      0.94      21.36      0      0.03
PF      19/09/2014      2014      262      ?      0.44      215.23      ?      0.29      0.04      0.31      21.55      0      0.03
PF      24/09/2014      2014      267      ?      0.05      215.28      ?      0.29      ?      0.05      21.57      ?      0.03
PF      29/09/2014      2014      272      ?      0.04      215.32      ?      0.29      ?      0.03      21.58      ?      0.03
PF      02/10/2014      2014      275      0.02      2.86      218.18      0      0.29      0.01      0.55      21.76      0      0.03
PF      06/10/2014      2014      279      0.11      4.31      222.49      0      0.29      0.06      0.78      22.43      0      0.03
PF      10/10/2014      2014      283      0.07      0.25      222.75      0      0.29      0.04      0.17      22.53      0      0.03
PF      16/10/2014      2014      289      ?      17.47      240.22      ?      0.29      0      0.63      22.81      0      0.03
PF      21/10/2014      2014      294      0.08      5.27      245.48      0      0.3      0.06      1.11      23.63      0      0.03
PF      24/10/2014      2014      297      0.03      0.68      246.16      0      0.3      0.02      0.24      23.82      0      0.03
PF      29/10/2014      2014      302      0.04      1.05      247.22      0      0.3      0.02      0.39      24.14      0      0.03
PF      05/11/2014      2014      309      ?      0.07      247.29      ?      0.3      ?      0.07      24.18      ?      0.03
PF      11/11/2014      2014      315      ?      0      247.29      ?      0.3      ?      0      24.18      ?      0.03
