APSIM = 7.7
Title = P
 Title     date         year       day      NO3Nconc subsurface_drain sum_subsurface_drain  leach_    sum_leach_     NO3Nconcerror   subsurface_drainerror     sum_subsurface_drainerror    leach_error    sum_leach_error        
  ()   (dd/mm/yyyy)     ()         ()         ()         (mm)            (mm)              (kg/ha)     (kg/ha)           ()                  (mm)                        (mm)                      (kg/ha)           (kg/ha)
P      15/06/2009      2009      166      ?      0      0      ?      0      ?      0      0      ?      0
P      18/06/2009      2009      169      ?      0      0      ?      0      ?      0      0      ?      0
P      25/06/2009      2009      176      0.63      4.83      4.83      0.02      0.02      0.26      2.06      2.06      0.01      0.01
P      29/06/2009      2009      180      0.68      1.02      5.84      0      0.02      0.28      0.42      2.44      0      0.01
P      02/07/2009      2009      183      ?      0.01      5.85      ?      0.02      ?      0.01      2.43      ?      0.01
P      06/07/2009      2009      187      ?      0      5.85      ?      0.02      ?      0      2.43      ?      0.01
P      09/07/2009      2009      190      ?      0      5.85      ?      0.02      ?      0      2.43      ?      0.01
P      13/07/2009      2009      194      ?      0      5.85      ?      0.02      ?      0      2.43      ?      0.01
P      16/07/2009      2009      197      ?      0      5.85      ?      0.02      ?      0      2.43      ?      0.01
P      20/07/2009      2009      201      ?      0.01      5.86      ?      0.02      ?      0.01      2.44      ?      0.01
P      23/07/2009      2009      204      ?      0      5.86      ?      0.02      ?      0      2.44      ?      0.01
P      27/07/2009      2009      208      ?      0      5.86      ?      0.02      ?      0      2.44      ?      0.01
P      30/07/2009      2009      211      ?      0      5.86      ?      0.02      ?      0      2.44      ?      0.01
P      03/08/2009      2009      215      ?      0      5.86      ?      0.02      ?      0      2.44      ?      0.01
P      06/08/2009      2009      218      ?      0      5.86      ?      0.02      ?      0      2.44      ?      0.01
P      10/08/2009      2009      222      ?      0      5.86      ?      0.02      ?      0      2.44      ?      0.01
P      17/08/2009      2009      229      ?      3.39      9.25      ?      0.02      ?      3.39      3.71      ?      0.01
P      20/08/2009      2009      232      ?      0      9.25      ?      0.02      ?      0      3.71      ?      0.01
P      24/08/2009      2009      236      ?      ?      9.25      ?      0.02      ?      ?      3.71      ?      0.01
P      15/09/2009      2009      258      ?      0      9.25      ?      0.02      ?      0      3.71      ?      0.01
P      19/10/2009      2009      292      ?      0      9.25      ?      0.02      ?      0      3.71      ?      0.01
P      26/10/2009      2009      299      1.03      27.64      36.89      0.1      0.12      0.39      11.01      13.17      0.04      0.05
P      30/10/2009      2009      303      0.72      17.95      54.84      0.05      0.17      0.12      9.26      20.74      0.03      0.07
P      04/11/2009      2009      308      ?      17.12      71.96      ?      0.22      0.18      1.82      22.15      0.02      0.08
P      06/11/2009      2009      310      0.75      2.59      74.55      0.01      0.23      0.16      0.68      21.55      0      0.08
P      11/11/2009      2009      315      ?      0.81      75.36      ?      0.24      0.27      0.37      21.5      0      0.08
P      18/11/2009      2009      322      ?      0.17      75.53      ?      0.24      ?      0.15      21.39      ?      0.08
P      15/03/2010      2010      74      0.38      ?      0      ?      0      0.07      ?      0      ?      0
P      18/03/2010      2010      77      0.44      9.93      9.93      0.02      0.02      0.08      0.97      0.97      0.01      0.01
P      22/03/2010      2010      81      0.49      7.64      17.57      0.02      0.04      0.09      1.02      1.75      0      0.01
P      25/03/2010      2010      84      0.56      2.16      19.73      0.01      0.05      0.14      0.66      2.2      0      0.01
P      29/03/2010      2010      88      ?      0.91      20.64      ?      0.05      ?      0.5      2.53      ?      0.01
P      01/04/2010      2010      91      ?      0.18      20.82      ?      0.05      ?      0.15      2.63      ?      0.01
P      05/04/2010      2010      95      ?      0.04      20.86      ?      0.05      ?      0.04      2.66      ?      0.01
P      07/04/2010      2010      97      0.3      8.18      29.04      0.01      0.06      0.08      1.85      2.77      0      0.02
P      12/04/2010      2010      102      0.32      8.74      37.78      0.02      0.08      0.1      1.28      3.59      0.01      0.02
P      15/04/2010      2010      105      ?      0.62      38.39      ?      0.08      ?      0.31      3.72      ?      0.02
P      19/04/2010      2010      109      ?      0.04      38.43      ?      0.08      ?      0.03      3.72      ?      0.02
P      22/04/2010      2010      112      ?      0      38.43      ?      0.08      ?      0      3.72      ?      0.02
P      26/04/2010      2010      116      ?      3.65      42.08      ?      0.08      0.05      1.03      4.25      0      0.02
P      29/04/2010      2010      119      ?      7.78      49.85      ?      0.09      0.08      1.41      5.48      0      0.02
P      03/05/2010      2010      123      ?      2.21      52.07      ?      0.09      0.32      0.72      6.02      0.01      0.03
P      06/05/2010      2010      126      ?      0.08      52.15      ?      0.09      ?      0.05      6.04      ?      0.03
P      10/05/2010      2010      130      ?      0      52.15      ?      0.09      ?      0      6.05      ?      0.03
P      14/05/2010      2010      134      0.11      19.26      71.41      0.01      0.1      0.04      4.14      9.33      0      0.03
P      17/05/2010      2010      137      0.15      6.62      78.03      0.01      0.11      0.07      1.15      10.07      0      0.04
P      20/05/2010      2010      140      ?      0.85      78.88      ?      0.11      ?      0.4      10.2      ?      0.04
P      24/05/2010      2010      144      ?      0.01      78.89      ?      0.11      ?      0.01      10.2      ?      0.04
P      27/05/2010      2010      147      ?      0      78.89      ?      0.11      ?      0      10.2      ?      0.04
P      01/06/2010      2010      152      ?      0      78.89      ?      0.11      ?      0      10.2      ?      0.04
P      03/06/2010      2010      154      ?      0      78.89      ?      0.11      ?      0      10.2      ?      0.04
P      07/06/2010      2010      158      ?      0      78.89      ?      0.11      ?      0      10.2      ?      0.04
P      10/06/2010      2010      161      ?      0      78.89      ?      0.11      ?      0      10.2      ?      0.04
P      14/06/2010      2010      165      0.14      25.91      104.8      0.01      0.12      0.07      7.58      15.72      0.01      0.04
P      17/06/2010      2010      168      0.1      9.92      114.72      0.01      0.13      0.05      2.09      17.78      0      0.04
P      21/06/2010      2010      172      ?      3.51      118.23      ?      0.13      0.05      0.83      18.46      0      0.05
P      24/06/2010      2010      175      ?      0.29      118.52      ?      0.13      ?      0.14      18.53      ?      0.05
P      28/06/2010      2010      179      ?      36.6      155.12      ?      0.13      0.03      24.19      39.6      0      0.04
P      01/07/2010      2010      182      0.17      8.14      163.26      0.01      0.14      0.08      1.53      41.09      0      0.05
P      06/07/2010      2010      187      0.06      2.32      165.59      0      0.14      0.03      0.46      41.49      0      0.05
P      08/07/2010      2010      189      ?      0.34      165.92      ?      0.14      ?      0.15      41.62      ?      0.05
P      12/07/2010      2010      193      ?      0      165.92      ?      0.14      ?      0      41.62      ?      0.05
P      15/07/2010      2010      196      ?      0      165.92      ?      0.14      ?      0      41.62      ?      0.05
P      19/07/2010      2010      200      0.11      11.8      177.72      0      0.14      0.09      5.79      43.84      0      0.05
P      22/07/2010      2010      203      ?      8.76      186.48      ?      0.14      0.01      3.11      46.13      0      0.05
P      26/07/2010      2010      207      ?      0.25      186.74      ?      0.14      ?      0.15      46.27      ?      0.05
P      29/07/2010      2010      210      ?      0      186.74      ?      0.14      ?      0      46.27      ?      0.05
P      02/08/2010      2010      214      ?      8.05      194.79      ?      0.14      0.3      3.43      48.16      0      0.05
P      05/08/2010      2010      217      ?      17.88      212.66      ?      0.14      0.04      6.44      52.87      0      0.05
P      09/08/2010      2010      221      ?      20.73      233.39      ?      0.15      ?      6.42      58.72      ?      0.05
P      16/08/2010      2010      228      ?      13.54      246.93      ?      0.15      0.03      2.8      58.51      0      0.05
P      19/08/2010      2010      231      ?      0.06      246.99      ?      0.15      ?      0.03      58.5      ?      0.05
P      23/08/2010      2010      235      ?      0      246.99      ?      0.15      ?      0      58.5      ?      0.05
P      26/08/2010      2010      238      ?      0      246.99      ?      0.15      ?      0      58.5      ?      0.05
P      02/09/2010      2010      245      ?      3.52      250.5      ?      0.15      ?      1.35      59.76      ?      0.05
P      07/09/2010      2010      250      ?      0.07      250.58      ?      0.15      ?      0.03      59.77      ?      0.05
P      09/09/2010      2010      252      ?      0      250.58      ?      0.15      ?      0      59.77      ?      0.05
P      13/09/2010      2010      256      ?      0      250.58      ?      0.15      ?      0      59.77      ?      0.05
P      16/09/2010      2010      259      ?      0      250.58      ?      0.15      ?      0      59.77      ?      0.05
P      20/09/2010      2010      263      ?      0      250.58      ?      0.15      ?      0      59.77      ?      0.05
P      23/09/2010      2010      266      ?      24.93      275.52      ?      0.16      0.09      10.56      69.09      0      0.05
P      27/09/2010      2010      270      ?      32.45      307.97      ?      0.16      ?      11.03      79.04      ?      0.05
P      30/09/2010      2010      273      ?      2.57      310.54      ?      0.16      0.06      0.47      79.39      0      0.05
P      04/10/2010      2010      277      ?      0.02      310.56      ?      0.16      ?      0.02      79.38      ?      0.05
P      07/10/2010      2010      280      ?      0      310.56      ?      0.16      ?      0      79.38      ?      0.05
P      11/10/2010      2010      284      ?      0      310.56      ?      0.16      ?      0      79.38      ?      0.05
P      25/10/2010      2010      298      ?      0      310.56      ?      0.16      ?      0      79.38      ?      0.05
P      01/11/2010      2010      305      ?      0      310.56      ?      0.16      ?      0      79.38      ?      0.05
P      08/11/2010      2010      312      ?      0      310.56      ?      0.16      ?      0      79.38      ?      0.05
P      17/11/2010      2010      321      ?      8.85      319.4      ?      0.17      0.03      4.35      82.74      0      0.06
P      23/11/2010      2010      327      ?      0.01      319.41      ?      0.17      ?      0.01      82.75      ?      0.06
P      01/04/2011      2011      91      ?      ?      0      ?      0      ?      ?      0      ?      0
P      04/04/2011      2011      94      ?      0.21      0.21      ?      0      ?      0.21      0.21      ?      0
P      08/04/2011      2011      98      ?      0.31      0.52      ?      0      ?      0.31      0.52      ?      0
P      11/04/2011      2011      101      ?      0      0.52      ?      0      ?      0      0.52      ?      0
P      15/04/2011      2011      105      ?      0      0.52      ?      0      ?      0      0.52      ?      0
P      18/04/2011      2011      108      ?      4.94      5.46      ?      0.01      0.05      2.83      2.72      0      0
P      22/04/2011      2011      112      0.38      12.86      18.32      0.01      0.02      0.22      4.79      7.39      0      0.01
P      25/04/2011      2011      115      ?      2.07      20.38      ?      0.02      0.14      0.59      7.78      0      0.01
P      29/04/2011      2011      119      0.34      22.12      42.5      0.03      0.05      0.12      6.38      13.81      0      0.01
P      02/05/2011      2011      122      0.29      3      45.5      0      0.05      0.05      0.86      13.39      0      0.01
P      09/05/2011      2011      129      ?      0.69      46.18      ?      0.05      ?      0.47      13.01      ?      0.01
P      12/05/2011      2011      132      ?      0      46.18      ?      0.05      ?      0      13.01      ?      0.01
P      17/05/2011      2011      137      ?      2.82      49.01      ?      0.06      0.11      1.02      14.02      0      0.01
P      19/05/2011      2011      139      ?      0.66      49.67      ?      0.06      0.11      0.24      14.04      0      0.01
P      23/05/2011      2011      143      0.26      13.14      62.81      0.01      0.07      0.09      5.15      18.38      0      0
P      26/05/2011      2011      146      0.1      15.74      78.55      0.01      0.07      0.08      6.44      24.34      0.01      0.01
P      31/05/2011      2011      151      0.11      8.53      87.08      0.01      0.08      0.05      2.87      25.41      0      0.01
P      02/06/2011      2011      153      ?      0.2      87.28      ?      0.08      ?      0.19      25.34      ?      0.01
P      06/06/2011      2011      157      ?      0.02      87.3      ?      0.08      ?      0.01      25.33      ?      0.01
P      09/06/2011      2011      160      ?      0      87.3      ?      0.08      ?      0      25.33      ?      0.01
P      14/06/2011      2011      165      0.36      11.99      99.29      0      0.08      0.22      9.46      34.22      0      0.01
P      16/06/2011      2011      167      0.1      2.23      101.52      0      0.08      0.03      1.14      35.24      0      0.01
P      20/06/2011      2011      171      ?      0.63      102.15      ?      0.08      0.03      0.36      35.26      0      0.01
P      22/06/2011      2011      173      0.07      6.66      108.81      0      0.09      0.02      3.8      38.23      0      0.01
P      27/06/2011      2011      178      0.05      4.15      112.96      0      0.09      0.02      1.79      39.5      0      0.01
P      30/06/2011      2011      181      0.05      2.85      115.81      0      0.09      0.02      0.64      39.98      0      0.01
P      05/07/2011      2011      186      ?      0.03      115.84      ?      0.09      ?      0.03      39.97      ?      0.01
P      07/07/2011      2011      188      ?      0      115.84      ?      0.09      ?      0      39.97      ?      0.01
P      11/07/2011      2011      192      ?      0      115.84      ?      0.09      ?      0      39.97      ?      0.01
P      14/07/2011      2011      195      ?      0      115.84      ?      0.09      ?      0      39.97      ?      0.01
P      25/07/2011      2011      206      ?      0      115.84      ?      0.09      ?      0      39.97      ?      0.01
P      01/08/2011      2011      213      ?      0      115.84      ?      0.09      ?      0      39.97      ?      0.01
P      09/08/2011      2011      221      ?      0      115.84      ?      0.09      ?      0      39.97      ?      0.01
P      23/08/2011      2011      235      ?      0      115.84      ?      0.09      ?      0      39.97      ?      0.01
P      31/08/2011      2011      243      ?      0      115.84      ?      0.09      ?      0      39.97      ?      0.01
P      07/09/2011      2011      250      ?      0      115.84      ?      0.09      ?      0      39.97      ?      0.01
P      22/03/2012      2012      82      ?      ?      0      ?      0      ?      ?      0      ?      0
P      29/03/2012      2012      89      ?      5.62      5.62      ?      0      0.04      2.1      2.1      0      0
P      05/04/2012      2012      96      ?      2.43      8.05      ?      0      0.07      1.03      3.09      0      0
P      17/04/2012      2012      108      0.31      19.91      27.97      0.02      0.02      0.18      5.51      8.51      0.01      0.01
P      20/04/2012      2012      111      0.13      4.48      32.45      0      0.03      0.02      1.55      8.71      0      0.01
P      24/04/2012      2012      115      0.12      7.56      40.01      0      0.03      0.03      1.78      10.13      0      0.01
P      03/05/2012      2012      124      0.1      4.13      61.03      0      0.04      0.03      0.87      11.96      0      0.01
P      07/05/2012      2012      128      0.1      7.95      47.96      0      0.04      0.03      0.99      11.1      0      0.01
P      10/05/2012      2012      131      0.12      7.25      55.21      0      0.04      0.03      0.71      11.66      0      0.01
P      14/05/2012      2012      135      ?      1.64      56.86      ?      0.04      0.05      0.48      11.59      0      0.01
P      17/05/2012      2012      138      ?      0.03      56.89      ?      0.04      ?      0.03      11.56      ?      0.01
P      21/05/2012      2012      142      ?      0      56.89      ?      0.04      ?      0      11.56      ?      0.01
P      29/05/2012      2012      150      ?      0      56.89      ?      0.04      ?      0      11.56      ?      0.01
P      04/06/2012      2012      156      ?      0      56.89      ?      0.04      ?      0      11.56      ?      0.01
P      12/06/2012      2012      164      ?      0      56.9      ?      0.04      ?      0      11.56      ?      0.01
P      18/06/2012      2012      170      ?      0      56.9      ?      0.04      ?      0      11.56      ?      0.01
P      25/06/2012      2012      177      ?      0      56.9      ?      0.04      ?      0      11.56      ?      0.01
P      16/07/2012      2012      198      ?      ?      56.9      ?      0.04      ?      0      11.56      ?      0.01
P      11/04/2013      2013      101      ?      0.05      0.05      ?      0      ?      0.02      0.02      ?      0
P      19/04/2013      2013      109      ?      7.56      7.62      ?      0.01      0.08      4.11      4.09      0      0
P      23/04/2013      2013      113      ?      5.16      12.77      ?      0.01      0.16      3.02      7.11      0      0
P      30/04/2013      2013      120      ?      4.66      17.43      ?      0.01      0.7      2.96      10.07      0      0
P      03/05/2013      2013      123      ?      3.92      21.36      ?      0.01      0.24      1.6      11.59      0      0
P      06/05/2013      2013      126      0.25      18.64      39.99      0.01      0.02      0.14      6.4      17.74      0      0.01
P      09/05/2013      2013      129      ?      13.64      53.63      ?      0.02      ?      5.09      21.55      ?      0.01
P      10/05/2013      2013      130      ?      8.64      62.27      ?      0.02      ?      4.34      24.19      ?      0.01
P      13/05/2013      2013      133      ?      15.45      77.72      ?      0.04      0.11      0.69      24.06      0.01      0.01
P      16/05/2013      2013      136      0.15      6.46      84.18      0.01      0.04      0.08      0.78      23.8      0      0.02
P      20/05/2013      2013      140      0.04      3.8      87.98      0      0.04      0.02      0.74      23.66      0      0.02
P      24/05/2013      2013      144      0.02      3.31      91.28      0      0.04      0.01      0.61      23.68      0      0.02
P      28/05/2013      2013      148      0.06      13.17      104.45      0      0.05      0.02      1.37      24.63      0      0.02
P      31/05/2013      2013      151      0.03      16.06      120.51      0      0.05      0.01      0.72      25.06      0      0.02
P      03/06/2013      2013      154      0.03      5.81      140.86      0      0.04      0.01      0.77      23.93      0      0.02
P      06/06/2013      2013      157      0.04      3.96      108.79      0      0.06      0.02      0.55      17.44      0      0.02
P      11/06/2013      2013      162      0.02      5.02      135.77      0      0.05      0.01      0.82      25.52      0      0.02
P      13/06/2013      2013      164      0.06      0.61      136.39      0      0.05      0.02      0.23      25.58      0      0.02
P      17/06/2013      2013      168      0.15      1.24      137.63      0      0.05      0.11      0.46      25.78      0      0.02
P      20/06/2013      2013      171      ?      0.37      138      ?      0.05      0.02      0.21      25.87      0      0.02
P      24/06/2013      2013      175      ?      0      138      ?      0.05      ?      0      25.87      ?      0.02
P      27/06/2013      2013      178      ?      0      138      ?      0.05      ?      0      25.87      ?      0.02
P      01/07/2013      2013      182      ?      0      138      ?      0.05      ?      0      25.87      ?      0.02
P      03/07/2013      2013      184      ?      0      138      ?      0.05      ?      0      25.87      ?      0.02
P      08/07/2013      2013      189      ?      0      138      ?      0.05      ?      0      25.87      ?      0.02
P      12/07/2013      2013      193      ?      0      138      ?      0.05      ?      0      25.87      ?      0.02
P      08/04/2014      2014      98      ?      ?      0      ?      0      ?      ?      0      ?      0
P      14/04/2014      2014      104      ?      0      0      ?      0      ?      0      0      ?      0
P      24/04/2014      2014      114      ?      0      0      ?      0      ?      0      0      ?      0
P      01/05/2014      2014      121      ?      12.34      12.34      ?      0      0.02      6.91      6.91      0      0
P      05/05/2014      2014      125      0.03      9.4      21.75      0      0      0.01      2.58      9.05      0      0
P      09/05/2014      2014      129      0.02      3.12      24.87      0      0      0      0.75      9.62      0      0
P      12/05/2014      2014      132      0.02      1.5      26.37      0      0      0      0.32      9.88      0      0
P      15/05/2014      2014      135      0.01      6.2      32.57      0      0      0      1.08      10.61      0      0
P      21/05/2014      2014      141      0.2      20.49      53.06      0.02      0.02      0.14      5      12.58      0.01      0.01
P      23/05/2014      2014      143      0.02      9.75      62.81      0      0.02      0.01      0.61      13.12      0      0.01
P      27/05/2014      2014      147      0.02      6.72      69.53      0      0.02      0      0.67      12.78      0      0.01
P      30/05/2014      2014      150      ?      1.02      70.55      ?      0.02      0.09      0.31      12.57      0      0.01
P      02/06/2014      2014      153      ?      0.11      70.66      ?      0.02      ?      0.1      12.48      ?      0.01
P      05/06/2014      2014      156      0.19      1.86      72.52      0      0.03      0.13      0.29      12.57      0      0.01
P      09/06/2014      2014      160      0.27      3.29      75.82      0      0.03      0.26      0.52      12.56      0      0.01
P      12/06/2014      2014      163      ?      0.52      76.34      ?      0.03      0.35      0.2      12.52      0      0.01
P      16/06/2014      2014      167      ?      0      76.34      ?      0.03      ?      0      12.52      ?      0.01
P      20/06/2014      2014      171      0.05      9.05      85.39      0      0.03      0.04      1.71      14.21      0      0.01
P      24/06/2014      2014      175      0.01      11.19      96.59      0      0.03      0      0.56      14.34      0      0.01
P      27/06/2014      2014      178      0.01      16.77      113.36      0      0.03      0      2.4      16.73      0      0.01
P      30/06/2014      2014      181      0.01      32.89      146.25      0      0.04      0      0.73      16.96      0      0.01
P      02/07/2014      2014      183      1.93      31.57      177.83      0.3      0.34      1.92      1.19      17.47      0.3      0.29
P      08/07/2014      2014      189      ?      50.49      228.32      ?      0.34      0.01      0.79      17.18      0      0.29
P      10/07/2014      2014      191      0.25      3.22      231.54      0.01      0.35      0.15      0.94      16.36      0      0.3
P      14/07/2014      2014      195      0.02      1.27      232.81      0      0.35      0.01      0.46      16.04      0      0.3
P      21/07/2014      2014      202      ?      0.06      232.87      ?      0.35      ?      0.04      16.01      ?      0.3
P      04/08/2014      2014      216      ?      0      232.87      ?      0.35      ?      0      16.01      ?      0.3
P      29/08/2014      2014      241      ?      0      232.87      ?      0.35      ?      0      16.01      ?      0.3
P      03/09/2014      2014      246      ?      27.14      260.01      ?      0.35      0      2.05      17.3      0      0.3
P      10/09/2014      2014      253      0.01      13.99      274      0      0.35      0      1.36      18.4      0      0.3
P      12/09/2014      2014      255      0.01      11.25      285.25      0      0.35      0      0.96      18.66      0      0.3
P      16/09/2014      2014      259      0.01      7.99      293.23      0      0.35      0      1.1      18.84      0      0.3
P      19/09/2014      2014      262      ?      1.23      294.47      ?      0.35      0.05      0.41      18.83      0      0.3
P      24/09/2014      2014      267      ?      0.19      294.66      ?      0.35      ?      0.11      18.77      ?      0.3
P      29/09/2014      2014      272      0.02      2.36      297.02      0      0.35      0      1.19      19.65      0      0.3
P      02/10/2014      2014      275      0.01      5.42      302.44      0      0.35      0      0.92      20.55      0      0.3
P      06/10/2014      2014      279      0.02      7.17      309.61      0      0.35      0      1.3      21.52      0      0.3
P      10/10/2014      2014      283      0.01      1.05      310.66      0      0.35      0      0.42      21.81      0      0.3
P      16/10/2014      2014      289      0.09      21.04      331.7      0.01      0.36      0.08      2.22      23.99      0.01      0.3
P      21/10/2014      2014      294      0.02      6.97      338.67      0      0.36      0.01      1.28      24.64      0      0.3
P      24/10/2014      2014      297      0.01      1.29      339.96      0      0.36      0      0.39      24.93      0      0.3
P      29/10/2014      2014      302      0.02      2.14      342.1      0      0.36      0      0.74      25.56      0      0.3
P      05/11/2014      2014      309      ?      0.11      342.21      ?      0.36      0      0.06      25.6      0      0.3
P      11/11/2014      2014      315      ?      0      342.21      ?      0.36      ?      0      25.6      ?      0.3
