APSIM = 7.7
 Title     date      year    day      subsurface_drain     sum_subsurface_drain    leach_    sum_leach_        
  ()        (dd/mm/yyyy)        ()      ()         (mm)                   (mm)             (kg/ha)     (kg/ha)
P      15/06/2009      2009      166      0      0      ?      0
P      18/06/2009      2009      169      0      0      ?      0
P      25/06/2009      2009      176      4.826      4.82557666666667      0.018      0.01758306727224
P      29/06/2009      2009      180      1.015      5.84081466666667      0.003      0.020807990132976
P      02/07/2009      2009      183      0.011      5.851906      ?      0.020807990132976
P      06/07/2009      2009      187      0      5.851906      ?      0.020807990132976
P      09/07/2009      2009      190      0      5.851906      ?      0.020807990132976
P      13/07/2009      2009      194      0      5.851906      ?      0.020807990132976
P      16/07/2009      2009      197      0      5.851906      ?      0.020807990132976
P      20/07/2009      2009      201      0.012      5.86367466666667      ?      0.020807990132976
P      23/07/2009      2009      204      0      5.86367466666667      ?      0.020807990132976
P      27/07/2009      2009      208      0      5.86367466666667      ?      0.020807990132976
P      30/07/2009      2009      211      0      5.86367466666667      ?      0.020807990132976
P      03/08/2009      2009      215      0      5.86367466666667      ?      0.020807990132976
P      06/08/2009      2009      218      0      5.86367466666667      ?      0.020807990132976
P      10/08/2009      2009      222      0      5.86367466666667      ?      0.020807990132976
P      17/08/2009      2009      229      3.388      9.25203466666667      ?      0.020807990132976
P      20/08/2009      2009      232      0      9.25203466666667      ?      0.020807990132976
P      24/08/2009      2009      236      ?      9.25203466666667      ?      0.020807990132976
P      15/09/2009      2009      258      0      9.25203466666667      ?      0.020807990132976
P      19/10/2009      2009      292      0      9.25203466666667      ?      0.020807990132976
P      26/10/2009      2009      299      27.641      36.892738      0.101      0.122079964396752
P      30/10/2009      2009      303      17.947      54.8402086666667      0.053      0.174913706162736
P      04/11/2009      2009      308      17.121      71.9609093333333      0.065      0.223930143413568
P      06/11/2009      2009      310      2.593      74.553572      0.01      0.233653560304176
P      11/11/2009      2009      315      0.806      75.3591753333333      0.005      0.237161113938576
P      18/11/2009      2009      322      0.168      75.527154      0.001      0.237491413695216
P      15/03/2010      2010      74      ?      0      ?      0
P      18/03/2010      2010      77      9.931      9.9314      0.023      0.02282972904
P      22/03/2010      2010      81      7.637      17.5683333333333      0.02      0.042838068168
P      25/03/2010      2010      84      2.159      19.7273333333333      0.006      0.0491545051776
P      29/03/2010      2010      88      0.914      20.6417333333333      0.004      0.0501961513104
P      01/04/2010      2010      91      0.178      20.8195333333333      0.001      0.0504250845264
P      05/04/2010      2010      95      0.042      20.8618666666667      ?      0.0504250845264
P      07/04/2010      2010      97      8.176      29.037534      0.013      0.063178839523152
P      12/04/2010      2010      102      8.741      37.778182      0.016      0.078797341839312
P      15/04/2010      2010      105      0.615      38.3935393333333      0.001      0.079080320252304
P      19/04/2010      2010      109      0.037      38.430454      0      0.079090647684048
P      22/04/2010      2010      112      0      38.4306233333333      ?      0.079090647684048
P      26/04/2010      2010      116      3.645      42.0757773333333      0.003      0.081062207821728
P      29/04/2010      2010      119      7.779      49.8549506666667      0.008      0.087242115844512
P      03/05/2010      2010      123      2.215      52.0699153333333      0.008      0.093469803077376
P      06/05/2010      2010      126      0.077      52.146454      ?      0.093469803077376
P      10/05/2010      2010      130      0.002      52.1488246666667      ?      0.093469803077376
P      14/05/2010      2010      134      19.259      71.40829      0.011      0.104223449116512
P      17/05/2010      2010      137      6.625      78.0330333333333      0.006      0.110213711406864
P      20/05/2010      2010      140      0.849      78.8820706666667      0      0.11030740020576
P      24/05/2010      2010      144      0.009      78.8907913333333      ?      0.11030740020576
P      27/05/2010      2010      147      0      78.8909606666667      ?      0.11030740020576
P      01/06/2010      2010      152      0      78.8909606666667      ?      0.11030740020576
P      03/06/2010      2010      154      0      78.8909606666667      ?      0.11030740020576
P      07/06/2010      2010      158      0      78.8909606666667      ?      0.11030740020576
P      10/06/2010      2010      161      0      78.8910453333333      ?      0.11030740020576
P      14/06/2010      2010      165      25.908      104.799468666667      0.012      0.122155249508784
P      17/06/2010      2010      168      9.916      114.715374666667      0.006      0.128265714456048
P      21/06/2010      2010      172      3.513      118.228702666667      0.002      0.1298272848804
P      24/06/2010      2010      175      0.289      118.517331333333      0      0.129840181451568
P      28/06/2010      2010      179      36.604      155.121186666667      0.003      0.132277786024464
P      01/07/2010      2010      182      8.143      163.264342      0.007      0.13916926511712
P      06/07/2010      2010      187      2.321      165.585055333333      0.001      0.139886071974432
P      08/07/2010      2010      189      0.339      165.923891333333      ?      0.139886071974432
P      12/07/2010      2010      193      0      165.923891333333      ?      0.139886071974432
P      15/07/2010      2010      196      0      165.923976      ?      0.139886071974432
P      19/07/2010      2010      200      11.798      177.721937333333      0.002      0.141511637711664
P      22/07/2010      2010      203      8.76      186.482397333333      0.001      0.142444099658448
P      26/07/2010      2010      207      0.253      186.735127333333      ?      0.142444099658448
P      29/07/2010      2010      210      0      186.735296666667      ?      0.142444099658448
P      02/08/2010      2010      214      8.053      194.787943333333      0.001      0.142702408397664
P      05/08/2010      2010      217      17.877      212.664886666667      0.002      0.14446203149088
P      09/08/2010      2010      221      20.727      233.392133333333      0.004      0.145462350938688
P      16/08/2010      2010      228      13.539      246.931349333333      0.006      0.14960198494296
P      19/08/2010      2010      231      0.058      246.9896      ?      0.14960198494296
P      23/08/2010      2010      235      0      246.989684666667      ?      0.14960198494296
P      26/08/2010      2010      238      0      246.989684666667      ?      0.14960198494296
P      02/09/2010      2010      245      3.515      250.504875333333      0.003      0.1503024993864
P      07/09/2010      2010      250      0.074      250.579212666667      ?      0.1503024993864
P      09/09/2010      2010      252      0.003      250.581837333333      ?      0.1503024993864
P      13/09/2010      2010      256      0      250.581837333333      ?      0.1503024993864
P      16/09/2010      2010      259      0      250.581837333333      ?      0.1503024993864
P      20/09/2010      2010      263      0      250.581837333333      ?      0.1503024993864
P      23/09/2010      2010      266      24.935      275.516424666667      0.013      0.160247349810432
P      27/09/2010      2010      270      32.453      307.969073333333      0.001      0.160461478678464
P      30/09/2010      2010      273      2.57      310.539045333333      0.001      0.1615742806464
P      04/10/2010      2010      277      0.019      310.558095333333      ?      0.1615742806464
P      07/10/2010      2010      280      0      310.558095333333      ?      0.1615742806464
P      11/10/2010      2010      284      0      310.558095333333      ?      0.1615742806464
P      25/10/2010      2010      298      0      310.558095333333      ?      0.1615742806464
P      01/11/2010      2010      305      0      310.558095333333      ?      0.1615742806464
P      08/11/2010      2010      312      0      310.558095333333      ?      0.1615742806464
P      17/11/2010      2010      321      8.847      319.405      0.005      0.165632367791232
P      23/11/2010      2010      327      0.007      319.412366      ?      0.165632367791232
P      01/04/2011      2011      91      ?      0      ?      0
P      04/04/2011      2011      94      0.214      0.214037333333333      0      1.0717466112e-05
P      08/04/2011      2011      98      0.307      0.520954      ?      1.0717466112e-05
P      11/04/2011      2011      101      0      0.520954      ?      1.0717466112e-05
P      15/04/2011      2011      105      0      0.520954      ?      1.0717466112e-05
P      18/04/2011      2011      108      4.939      5.459476      0.007      0.005112019360224
P      22/04/2011      2011      112      12.856      18.3158553333333      0.012      0.016982715350304
P      25/04/2011      2011      115      2.067      20.3831613333333      0.004      0.01985147748
P      29/04/2011      2011      119      22.12      42.502836      0.027      0.047272474885392
P      02/05/2011      2011      122      2.995      45.4981733333333      0.005      0.052137309964896
P      09/05/2011      2011      129      0.685      46.1832113333333      0.004      0.053243133709248
P      12/05/2011      2011      132      0      46.1832113333333      ?      0.053243133709248
P      17/05/2011      2011      137      2.822      49.005236      0.003      0.055723646302128
P      19/05/2011      2011      139      0.661      49.6664826666667      0.001      0.056149801244208
P      23/05/2011      2011      143      13.142      62.8089506666667      0.011      0.067065777891504
P      26/05/2011      2011      146      15.743      78.5517013333333      0.006      0.0731699174988
P      31/05/2011      2011      151      8.53      87.0815293333333      0.006      0.07962693646104
P      02/06/2011      2011      153      0.199      87.2804113333333      0.001      0.07977313575648
P      06/06/2011      2011      157      0.017      87.2973446666667      0      0.079773254462592
P      09/06/2011      2011      160      0      87.2976833333333      ?      0.079773254462592
P      14/06/2011      2011      165      11.991      99.288346      0.004      0.083380661134704
P      16/06/2011      2011      167      2.229      101.517619333333      0.001      0.084035918872944
P      20/06/2011      2011      171      0.629      102.146354      0      0.084208424290704
P      22/06/2011      2011      173      6.663      108.809451333333      0.002      0.085734336246912
P      27/06/2011      2011      178      4.151      112.960234666667      0.001      0.086483503238256
P      30/06/2011      2011      181      2.849      115.80876      0.001      0.087115430985984
P      05/07/2011      2011      186      0.029      115.838224      ?      0.087115430985984
P      07/07/2011      2011      188      0      115.838224      ?      0.087115430985984
P      11/07/2011      2011      192      0      115.838224      ?      0.087115430985984
P      14/07/2011      2011      195      0      115.838224      ?      0.087115430985984
P      25/07/2011      2011      206      0      115.838224      ?      0.087115430985984
P      01/08/2011      2011      213      0      115.838224      ?      0.087115430985984
P      09/08/2011      2011      221      0      115.838224      ?      0.087115430985984
P      23/08/2011      2011      235      0      115.838224      ?      0.087115430985984
P      31/08/2011      2011      243      0      115.838224      ?      0.087115430985984
P      07/09/2011      2011      250      0      115.838224      ?      0.087115430985984
P      22/03/2012      2012      82      ?      0      ?      0
P      29/03/2012      2012      89      5.619      5.61864933333333      0.004      0.00295561260864
P      05/04/2012      2012      96      2.432      8.05019133333333      0.002      0.004614098094432
P      17/04/2012      2012      108      19.915      27.9650613333333      0.019      0.023747293369728
P      20/04/2012      2012      111      4.482      32.447484      0.003      0.027064043887104
P      24/04/2012      2012      115      7.562      40.009318      0.004      0.03148736854104
P      03/05/2012      2012      124      4.131      61.0292573333333      0.002      0.04379331320928
P      07/05/2012      2012      128      7.95      47.9591793333333      0.004      0.035734753778976
P      10/05/2012      2012      131      7.254      55.2136733333333      0.005      0.0404455040856
P      14/05/2012      2012      135      1.644      56.857392      0.001      0.04134338863776
P      17/05/2012      2012      138      0.033      56.8899886666667      ?      0.04134338863776
P      21/05/2012      2012      142      0      56.8900733333333      ?      0.04134338863776
P      29/05/2012      2012      150      0.004      56.894476      ?      0.04134338863776
P      04/06/2012      2012      156      0      56.894476      ?      0.04134338863776
P      12/06/2012      2012      164      0.003      56.8976933333333      ?      0.04134338863776
P      18/06/2012      2012      170      0      56.8976933333333      ?      0.04134338863776
P      25/06/2012      2012      177      0      56.8978626666667      ?      0.04134338863776
P      16/07/2012      2012      198      0      56.8978626666667      ?      0.04134338863776
P      11/04/2013      2013      101      0.051      0.051308      ?      0
P      19/04/2013      2013      109      7.564      7.61576666666667      0.011      0.005273061159168
P      23/04/2013      2013      113      5.156      12.7720513333333      0.003      0.007216572738384
P      30/04/2013      2013      120      4.661      17.4331206666667      0      0.007350668249904
P      03/05/2013      2013      123      3.925      21.3580133333333      0.006      0.01150211351232
P      06/05/2013      2013      126      18.636      39.9945013333333      0.011      0.022205097478656
P      09/05/2013      2013      129      13.637      53.6316766666667      ?      0.022205097478656
P      10/05/2013      2013      130      8.639      62.2704706666667      ?      0.022205097478656
P      13/05/2013      2013      133      15.452      77.7226453333333      0.018      0.035416506932208
P      16/05/2013      2013      136      6.457      84.1797486666667      0.005      0.040524371578512
P      20/05/2013      2013      140      3.795      87.9751013333333      0.001      0.041313762983808
P      24/05/2013      2013      144      3.306      91.2815886666667      0.001      0.041835349160928
P      28/05/2013      2013      148      13.171      104.452843333333      0.004      0.045666398148048
P      31/05/2013      2013      151      16.062      120.514872      0.002      0.04791693036744
P      03/06/2013      2013      154      5.814      140.8625072      0.001      0.043216978077504
P      06/06/2013      2013      157      3.961      108.793392888889      0.001      0.059419712308224
P      11/06/2013      2013      162      5.02      135.772567333333      0.001      0.050336665430976
P      13/06/2013      2013      164      0.614      136.386654666667      0      0.050477904506736
P      17/06/2013      2013      168      1.243      137.6299      0.002      0.052192834748784
P      20/06/2013      2013      171      0.366      137.995744666667      0      0.052262756888256
P      24/06/2013      2013      175      0      137.995744666667      ?      0.052262756888256
P      27/06/2013      2013      178      0      137.995744666667      ?      0.052262756888256
P      01/07/2013      2013      182      0      137.995744666667      ?      0.052262756888256
P      03/07/2013      2013      184      0      137.995744666667      ?      0.052262756888256
P      08/07/2013      2013      189      0      137.995744666667      ?      0.052262756888256
P      12/07/2013      2013      193      0      137.995744666667      ?      0.052262756888256
P      08/04/2014      2014      98      ?      0      ?      0
P      14/04/2014      2014      104      0      0      ?      0
P      24/04/2014      2014      114      0      0      ?      0
P      01/05/2014      2014      121      12.343      12.3432993333333      0.002      0.001460314110816
P      05/05/2014      2014      125      9.404      21.7471413333333      0.001      0.00270749563704
P      09/05/2014      2014      129      3.121      24.868378      0      0.002922654704544
P      12/05/2014      2014      132      1.503      26.3709573333333      0      0.00302630633784
P      15/05/2014      2014      135      6.202      32.573214      0      0.00342808413192
P      21/05/2014      2014      141      20.49      53.0632246666667      0.02      0.022933719833616
P      23/05/2014      2014      143      9.751      62.8137766666667      0.001      0.024132134345328
P      27/05/2014      2014      147      6.719      69.533008      0      0.024625065714912
P      30/05/2014      2014      150      1.016      70.549262      0      0.02491872343848
P      02/06/2014      2014      153      0.113      70.6624613333333      0      0.02492370485568
P      05/06/2014      2014      156      1.861      72.5234346666667      0.001      0.026362045617264
P      09/06/2014      2014      160      3.294      75.817476      0.004      0.029864448254304
P      12/06/2014      2014      163      0.52      76.33716      0.001      0.030245393125728
P      16/06/2014      2014      167      0.003      76.3400386666667      ?      0.030245393125728
P      20/06/2014      2014      171      9.055      85.3948      0.003      0.033184034999856
P      24/06/2014      2014      175      11.193      96.5881566666667      0.001      0.033883341184656
P      27/06/2014      2014      178      16.773      113.361300666667      0.001      0.034723220843088
P      30/06/2014      2014      181      32.89      146.251676      0.002      0.036370136722464
P      02/07/2014      2014      183      31.574      177.825908      0.305      0.341110351936368
P      08/07/2014      2014      189      50.491      228.317298      0.005      0.344821609498464
P      10/07/2014      2014      191      3.224      231.540896666667      0.005      0.350247186814032
P      14/07/2014      2014      195      1.267      232.807933333333      0      0.350335304904672
P      21/07/2014      2014      202      0.062      232.869824666667      0      0.350337543362784
P      04/08/2014      2014      216      0      232.869824666667      ?      0.350337543362784
P      29/08/2014      2014      241      0      232.869824666667      ?      0.350337543362784
P      03/09/2014      2014      246      27.139      260.009301333333      0.001      0.35135675827992
P      10/09/2014      2014      253      13.992      274.001399333333      0.001      0.352057382950464
P      12/09/2014      2014      255      11.246      285.247588      0.001      0.35262051202728
P      16/09/2014      2014      259      7.987      293.234618      0      0.35302044563712
P      19/09/2014      2014      262      1.231      294.465417333333      0      0.353103896033856
P      24/09/2014      2014      267      0.194      294.659642666667      0      0.353109916129536
P      29/09/2014      2014      272      2.356      297.016085333333      0      0.353242578688704
P      02/10/2014      2014      275      5.421      302.437122666667      0      0.353514025650816
P      06/10/2014      2014      279      7.174      309.611606666667      0.001      0.354073122959328
P      10/10/2014      2014      283      1.047      310.658594666667      0      0.354125548665792
P      16/10/2014      2014      289      21.043      331.701732666667      0.008      0.362160120982464
P      21/10/2014      2014      294      6.97      338.671323333333      0.001      0.362962544623056
P      24/10/2014      2014      297      1.293      339.964437333333      0      0.363027294567648
P      29/10/2014      2014      302      2.137      342.101678      0      0.363202559902512
P      05/11/2014      2014      309      0.108      342.210051333333      0      0.363207185201376
P      11/11/2014      2014      315      0      342.210051333333      ?      0.363207185201376
