ApsimVersion = 7.4
Title	year	day	Date	AbovegroundNPct	BelowgroundN	AboveGroundWt	BelowGroundWt
()	(year)	()	(dd/mm/yyyy)	(%)	(%)	(kg/ha)	(kg/ha)
PF	2010	0	31/12/2009	0	?	?	?
PF	2010	88	29/03/2010	2.48	?	100.7	?
PF	2010	101	11/4/2010	?	?	?	0
PF	2010	102	12/4/2010	5.08	?	570.4	?
PF	2010	117	27/04/2010	3.85	?	1893	?
PF	2010	124	4/5/2010	2.96	?	4223.2	?
PF	2010	137	17/05/2010	2.43	?	4104.1	?
PF	2010	145	25/05/2010	1.53	?	?	?
PF	2010	152	1/6/2010	?	1.15	7508.6	1823.936856
PF	2010	165	14/06/2010	1.86	?	8085.7	?
PF	2010	179	28/06/2010	1.3	?	11433.6	?
PF	2010	193	12/7/2010	1.13	?	?	?
PF	2010	196	15/07/2010	?	?	19641.3	?
PF	2010	204	23/07/2010	0.63	?	17903.6	?
PF	2010	208	27/07/2010	?	1.09	?	1381.282216
PF	2010	235	23/08/2010	1.01	?	13015.2	?
PF	2010	250	7/9/2010	1.14	?	19178.6	?
PF	2010	264	21/09/2010	?	1.09	?	1333.601804
PF	2010	266	23/09/2010	0.84	?	17713.2	?
PF	2010	278	5/10/2010	0.72	?	15130.4	?
PF	2010	309	5/11/2010	?	?	?	855.186856
PF	2010	309	5/11/2010	?	1.18	?	?
PF	2010	0	31/12/2009	0	?	?	?
PF	2010	88	29/03/2010	2.83	?	106.8	?
PF	2010	101	11/4/2010	?	?	?	0
PF	2010	102	12/4/2010	4.84	?	426.1	?
PF	2010	117	27/04/2010	3.29	?	1466.8	?
PF	2010	124	4/5/2010	3.11	?	3135.7	?
PF	2010	137	17/05/2010	2.34	?	4130.9	?
PF	2010	145	25/05/2010	1.97	?	?	?
PF	2010	152	1/6/2010	?	1.29	6579.5	410.921392
PF	2010	165	14/06/2010	1.66	?	6877.5	?
PF	2010	179	28/06/2010	1.64	?	10471.4	?
PF	2010	193	12/7/2010	1.51	?	?	?
PF	2010	196	15/07/2010	?	?	17172	?
PF	2010	204	23/07/2010	0.5	?	15816.1	?
PF	2010	208	27/07/2010	?	1.15	?	1113.079897
PF	2010	235	23/08/2010	1.05	?	12313.4	?
PF	2010	250	7/9/2010	0.73	?	13600	?
PF	2010	264	21/09/2010	?	1.37	?	1034.793814
PF	2010	266	23/09/2010	1.16	?	14121.4	?
PF	2010	278	5/10/2010	0.87	?	14050	?
PF	2010	309	5/11/2010	?	?	?	1320.070876
PF	2010	309	5/11/2010	?	1.46	?	?
PF	2010	0	31/12/2009	0	?	?	?
PF	2010	88	29/03/2010	2.38	?	110.4	?
PF	2010	101	11/4/2010	?	?	?	0
PF	2010	102	12/4/2010	4.76	?	597.9	?
PF	2010	117	27/04/2010	3.56	?	1275.9	?
PF	2010	124	4/5/2010	2.88	?	2420.7	?
PF	2010	137	17/05/2010	2.13	?	8517.5	?
PF	2010	145	25/05/2010	1.62	?	?	?
PF	2010	152	1/6/2010	?	1.27	7591.1	665.592784
PF	2010	165	14/06/2010	2.12	?	10497.3	?
PF	2010	179	28/06/2010	1.43	?	17403.2	?
PF	2010	193	12/7/2010	1.03	?	?	?
PF	2010	196	15/07/2010	?	?	14687	?
PF	2010	204	23/07/2010	0.56	?	16275	?
PF	2010	208	27/07/2010	?	1.22	?	1290.592784
PF	2010	235	23/08/2010	0.95	?	14139.5	?
PF	2010	250	7/9/2010	1.43	?	11864.3	?
PF	2010	264	21/09/2010	?	1.2	?	1597.777062
PF	2010	266	23/09/2010	0.86	?	17203.6	?
PF	2010	278	5/10/2010	0.64	?	10942.9	?
PF	2010	309	5/11/2010	?	?	?	914.948454
PF	2010	309	5/11/2010	?	1.33	?	?
PF	2010	0	31/12/2009	0	?	?	?
PF	2010	88	29/03/2010	2.88	?	213.8	?
PF	2010	101	11/4/2010	?	?	?	0
PF	2010	102	12/4/2010	4.81	?	347.1	?
PF	2010	117	27/04/2010	3.66	?	1499.5	?
PF	2010	124	4/5/2010	3.09	?	3696.4	?
PF	2010	137	17/05/2010	2.12	?	6722.7	?
PF	2010	145	25/05/2010	1.58	?	?	?
PF	2010	152	1/6/2010	?	1.24	8343.2	723.582474
PF	2010	165	14/06/2010	1.55	?	9273.8	?
PF	2010	179	28/06/2010	2.09	?	11121.1	?
PF	2010	193	12/7/2010	1.56	?	?	?
PF	2010	196	15/07/2010	?	?	13801.8	?
PF	2010	204	23/07/2010	0.62	?	9732.1	?
PF	2010	208	27/07/2010	?	1.27	?	614.207474
PF	2010	235	23/08/2010	0.85	?	13679.6	?
PF	2010	250	7/9/2010	0.74	?	19150	?
PF	2010	264	21/09/2010	?	1.58	?	863.885309
PF	2010	266	23/09/2010	0.79	?	13012.5	?
PF	2010	278	5/10/2010	0.99	?	13135.7	?
PF	2010	309	5/11/2010	?	?	?	963.112113
PF	2010	309	5/11/2010	?	1.23	?	?
PF	2011	0	31/12/2010	0	?	?	?
PF	2011	94	4/4/2011	2.89	?	?	?
PF	2011	95	5/4/2011	?	?	145.892857	?
PF	2011	98	8/4/2011	?	?	?	0
PF	2011	107	17/04/2011	5.01	?	96.785714	?
PF	2011	118	28/04/2011	4.26	?	79.642857	?
PF	2011	129	9/5/2011	4.16	?	551.25	?
PF	2011	136	16/05/2011	3.41	?	1555.714286	?
PF	2011	151	31/05/2011	2.69	?	4323.214286	?
PF	2011	154	3/6/2011	?	1.51	?	970.360825
PF	2011	161	10/6/2011	1.75	?	3792.5	?
PF	2011	175	24/06/2011	2.04	?	8281.964286	?
PF	2011	188	7/7/2011	2.01	?	11412.32143	?
PF	2011	210	29/07/2011	?	1.18	?	849.548969
PF	2011	214	2/8/2011	1.42	?	11967.85714	?
PF	2011	223	11/8/2011	1.08	?	11173.21429	?
PF	2011	238	26/08/2011	1.19	?	11448.21429	?
PF	2011	251	8/9/2011	0.91	?	?	?
PF	2011	252	9/9/2011	?	?	9260.714286	?
PF	2011	265	22/09/2011	1.31	?	?	?
PF	2011	266	23/09/2011	?	1.04	8485.714286	1163.015464
PF	2011	292	19/10/2011	0.58	?	?	?
PF	2011	293	20/10/2011	?	?	9868.944503	?
PF	2011	305	1/11/2011	?	1.11	?	1351.804124
PF	2011	0	31/12/2010	0	?	?	?
PF	2011	94	4/4/2011	3.35	?	?	?
PF	2011	95	5/4/2011	?	?	80	?
PF	2011	98	8/4/2011	?	?	?	0
PF	2011	107	17/04/2011	4.52	?	149.285714	?
PF	2011	118	28/04/2011	5.42	?	292.678571	?
PF	2011	129	9/5/2011	4.17	?	562.678571	?
PF	2011	136	16/05/2011	3.37	?	1181.785714	?
PF	2011	151	31/05/2011	2.48	?	4931.964286	?
PF	2011	154	3/6/2011	?	1.49	?	1377.57732
PF	2011	161	10/6/2011	1.92	?	5277.142857	?
PF	2011	175	24/06/2011	2	?	8335	?
PF	2011	188	7/7/2011	1.41	?	15330.71429	?
PF	2011	210	29/07/2011	?	1.4	?	1105.347938
PF	2011	214	2/8/2011	1.11	?	14412.5	?
PF	2011	223	11/8/2011	1.25	?	13623.21429	?
PF	2011	238	26/08/2011	1.01	?	9416.071429	?
PF	2011	251	8/9/2011	0.82	?	?	?
PF	2011	252	9/9/2011	?	?	16510.71429	?
PF	2011	265	22/09/2011	0.89	?	?	?
PF	2011	266	23/09/2011	?	0.91	9771.428571	1746.939433
PF	2011	292	19/10/2011	0.44	?	?	?
PF	2011	293	20/10/2011	?	?	9277.253732	?
PF	2011	305	1/11/2011	?	0.88	?	2195.715206
PF	2011	0	31/12/2010	0	?	?	?
PF	2011	94	4/4/2011	3.18	?	?	?
PF	2011	95	5/4/2011	?	?	90	?
PF	2011	98	8/4/2011	?	?	?	0
PF	2011	107	17/04/2011	4.04	?	197.678571	?
PF	2011	118	28/04/2011	4.31	?	339.642857	?
PF	2011	129	9/5/2011	3.23	?	1205.357143	?
PF	2011	136	16/05/2011	2.9	?	1398.214286	?
PF	2011	151	31/05/2011	2.2	?	3955.357143	?
PF	2011	154	3/6/2011	?	1.55	?	782.53866
PF	2011	161	10/6/2011	2.16	?	5284.464286	?
PF	2011	175	24/06/2011	1.71	?	8233.571429	?
PF	2011	188	7/7/2011	1.57	?	11288.03571	?
PF	2011	210	29/07/2011	?	1.19	?	705.70232
PF	2011	214	2/8/2011	1.38	?	13660.71429	?
PF	2011	223	11/8/2011	1.48	?	9957.142857	?
PF	2011	238	26/08/2011	0.89	?	12046.42857	?
PF	2011	251	8/9/2011	0.89	?	?	?
PF	2011	252	9/9/2011	?	?	14633.92857	?
PF	2011	265	22/09/2011	1.09	?	?	?
PF	2011	266	23/09/2011	?	0.96	16669.64286	2610.180412
PF	2011	292	19/10/2011	0.57	?	?	?
PF	2011	293	20/10/2011	?	?	9829.956031	?
PF	2011	305	1/11/2011	?	0.96	?	2019.974227
PF	2011	0	31/12/2010	0	?	?	?
PF	2011	94	4/4/2011	3.12	?	?	?
PF	2011	95	5/4/2011	?	?	113.571429	?
PF	2011	98	8/4/2011	?	?	?	0
PF	2011	107	17/04/2011	4.14	?	86.785714	?
PF	2011	118	28/04/2011	5.47	?	210	?
PF	2011	129	9/5/2011	3.67	?	285.714286	?
PF	2011	136	16/05/2011	3.23	?	988.035714	?
PF	2011	151	31/05/2011	2.42	?	3845.714286	?
PF	2011	154	3/6/2011	?	1.48	?	1363.724227
PF	2011	161	10/6/2011	1.79	?	6257.142857	?
PF	2011	175	24/06/2011	1.9	?	10227.85714	?
PF	2011	188	7/7/2011	1.04	?	11100.89286	?
PF	2011	210	29/07/2011	?	1.15	?	562.177835
PF	2011	214	2/8/2011	1.25	?	15280.35714	?
PF	2011	223	11/8/2011	1.17	?	14555.35714	?
PF	2011	238	26/08/2011	1.07	?	11753.57143	?
PF	2011	251	8/9/2011	1.04	?	?	?
PF	2011	252	9/9/2011	?	?	12350	?
PF	2011	265	22/09/2011	1.13	?	?	?
PF	2011	266	23/09/2011	?	1	10500	1063.14433
PF	2011	292	19/10/2011	0.58	?	?	?
PF	2011	293	20/10/2011	?	?	9900.572748	?
PF	2011	305	1/11/2011	?	1.02	?	1694.909794