ApsimVersion = 7.4
Title	year_	day	Date	plant_n_conc	rootgreennconc	biomass	root
()	(yer)	()	(dd/mm/yyyy)	(%)	(%)	(kg/ha)	(kg/ha)
P	2010	0	31/12/2009	0	?	?	?
P	2010	88	29/03/2010	2.41	?	15.4	?
P	2010	101	11/4/2010	?	?	?	0
P	2010	102	12/4/2010	2.86	?	33.6	?
P	2010	117	27/04/2010	2.2	?	450	?
P	2010	124	4/5/2010	2.11	?	1099.8	?
P	2010	137	17/05/2010	1.78	?	1288.4	?
P	2010	145	25/05/2010	1.19	?	?	?
P	2010	152	1/6/2010	?	1.11	2816.4	834.729381
P	2010	165	14/06/2010	1.3	?	5168.6	?
P	2010	179	28/06/2010	0.74	?	4533.9	?
P	2010	193	12/7/2010	0.75	?	?	?
P	2010	196	15/07/2010	?	?	6315	?
P	2010	204	23/07/2010	0.49	?	8983.9	?
P	2010	208	27/07/2010	?	0.86	?	2120.006443
P	2010	235	23/08/2010	0.85	?	8079.3	?
P	2010	250	7/9/2010	0.75	?	5867.9	?
P	2010	264	21/09/2010	?	0.75	?	3430.734536
P	2010	266	23/09/2010	0.65	?	7617.9	?
P	2010	278	5/10/2010	0.37	?	7860.7	?
P	2010	309	5/11/2010	?	?	?	3179.284794
P	2010	309	5/11/2010	?	0.86	?	?
P	2010	0	31/12/2009	0	?	?	?
P	2010	88	29/03/2010	2.15	?	43.6	?
P	2010	101	11/4/2010	?	?	?	0
P	2010	102	12/4/2010	2.74	?	53.8	?
P	2010	117	27/04/2010	2.14	?	568.8	?
P	2010	124	4/5/2010	2.12	?	870.4	?
P	2010	137	17/05/2010	1.74	?	1306.6	?
P	2010	145	25/05/2010	1.13	?	?	?
P	2010	152	1/6/2010	?	1.04	2991.1	1070.070876
P	2010	165	14/06/2010	1.04	?	3463.8	?
P	2010	179	28/06/2010	0.9	?	3519.8	?
P	2010	193	12/7/2010	0.84	?	?	?
P	2010	196	15/07/2010	?	?	7699.1	?
P	2010	204	23/07/2010	0.73	?	8439.3	?
P	2010	208	27/07/2010	?	0.81	?	3038.659794
P	2010	235	23/08/2010	0.74	?	10923.8	?
P	2010	250	7/9/2010	0.58	?	12957.1	?
P	2010	264	21/09/2010	?	0.62	?	3965.367268
P	2010	266	23/09/2010	0.4	?	6526.8	?
P	2010	278	5/10/2010	0.39	?	8064.3	?
P	2010	309	5/11/2010	?	?	?	3479.864691
P	2010	309	5/11/2010	?	0.77	?	?
P	2010	0	31/12/2009	0	?	?	?
P	2010	88	29/03/2010	2.66	?	50.9	?
P	2010	101	11/4/2010	?	?	?	0
P	2010	102	12/4/2010	2.67	?	248.9	?
P	2010	117	27/04/2010	2.29	?	867.7	?
P	2010	124	4/5/2010	2.05	?	1070.2	?
P	2010	137	17/05/2010	1.75	?	1345.4	?
P	2010	145	25/05/2010	1.31	?	?	?
P	2010	152	1/6/2010	?	1.13	3401.6	1062.661082
P	2010	165	14/06/2010	1.14	?	4765	?
P	2010	179	28/06/2010	0.82	?	6095.4	?
P	2010	193	12/7/2010	0.75	?	?	?
P	2010	196	15/07/2010	?	?	6604.3	?
P	2010	204	23/07/2010	0.54	?	8685.7	?
P	2010	208	27/07/2010	?	0.73	?	2159.954897
P	2010	235	23/08/2010	0.66	?	9882.9	?
P	2010	250	7/9/2010	0.74	?	8771.4	?
P	2010	264	21/09/2010	?	0.83	?	2728.576031
P	2010	266	23/09/2010	0.48	?	10553.6	?
P	2010	278	5/10/2010	0.57	?	6866.1	?
P	2010	309	5/11/2010	?	?	?	3995.489691
P	2010	309	5/11/2010	?	0.77	?	?
P	2010	0	31/12/2009	0	?	?	?
P	2010	88	29/03/2010	2.47	?	36.1	?
P	2010	101	11/4/2010	?	?	?	0
P	2010	102	12/4/2010	2.84	?	161.8	?
P	2010	117	27/04/2010	2.11	?	750.7	?
P	2010	124	4/5/2010	1.78	?	1006.6	?
P	2010	137	17/05/2010	1.37	?	1488.8	?
P	2010	145	25/05/2010	1.16	?	?	?
P	2010	152	1/6/2010	?	1.16	3652.9	608.73067
P	2010	165	14/06/2010	1.02	?	3998.9	?
P	2010	179	28/06/2010	0.98	?	4955.2	?
P	2010	193	12/7/2010	0.88	?	?	?
P	2010	196	15/07/2010	?	?	6984.1	?
P	2010	204	23/07/2010	0.46	?	8082.1	?
P	2010	208	27/07/2010	?	0.71	?	2563.78866
P	2010	235	23/08/2010	0.85	?	9747.1	?
P	2010	250	7/9/2010	0.4	?	12950	?
P	2010	264	21/09/2010	?	0.81	?	4285.599227
P	2010	266	23/09/2010	0.56	?	9048.2	?
P	2010	278	5/10/2010	0.3	?	8462.5	?
P	2010	309	5/11/2010	?	?	?	3121.134021
P	2010	309	5/11/2010	?	0.86	?	?
P	2011	0	31/12/2010	0	?	?	?
P	2011	94	4/4/2011	2.6	?	?	?
P	2011	95	5/4/2011	?	?	10.535714	?
P	2011	98	8/4/2011	?	?	?	0
P	2011	107	17/04/2011	3.12	?	46.785714	?
P	2011	118	28/04/2011	2.44	?	55.892857	?
P	2011	129	9/5/2011	2.62	?	190.178571	?
P	2011	136	16/05/2011	2.27	?	556.607143	?
P	2011	151	31/05/2011	1.78	?	1442.857143	?
P	2011	154	3/6/2011	?	0.99	?	2718.75
P	2011	161	10/6/2011	1.14	?	2541.785714	?
P	2011	175	24/06/2011	1	?	3536.785714	?
P	2011	188	7/7/2011	0.96	?	5568.035714	?
P	2011	210	29/07/2011	?	0.79	?	2378.704897
P	2011	214	2/8/2011	0.74	?	9853.571429	?
P	2011	223	11/8/2011	0.72	?	5646.428571	?
P	2011	238	26/08/2011	0.7	?	8346.428571	?
P	2011	251	8/9/2011	0.58	?	?	?
P	2011	252	9/9/2011	?	?	8248.214286	?
P	2011	265	22/09/2011	1.7	?	?	?
P	2011	266	23/09/2011	?	0.64	8937.5	3485.01933
P	2011	292	19/10/2011	0.27	?	?	?
P	2011	293	20/10/2011	?	?	7116.645692	?
P	2011	305	1/11/2011	?	0.68	?	3932.989691
P	2011	0	31/12/2010	0	?	?	?
P	2011	94	4/4/2011	2.39	?	?	?
P	2011	95	5/4/2011	?	?	14.642857	?
P	2011	98	8/4/2011	?	?	?	0
P	2011	107	17/04/2011	3.03	?	45.178571	?
P	2011	118	28/04/2011	3.67	?	85.357143	?
P	2011	129	9/5/2011	2.92	?	352.5	?
P	2011	136	16/05/2011	2.29	?	551.964286	?
P	2011	151	31/05/2011	1.97	?	1249.464286	?
P	2011	154	3/6/2011	?	1.03	?	2059.117268
P	2011	161	10/6/2011	1.08	?	2840	?
P	2011	175	24/06/2011	1	?	4080.357143	?
P	2011	188	7/7/2011	0.97	?	6091.785714	?
P	2011	210	29/07/2011	?	0.74	?	2158.988402
P	2011	214	2/8/2011	0.69	?	9273.214286	?
P	2011	223	11/8/2011	0.53	?	9144.642857	?
P	2011	238	26/08/2011	0.65	?	9857.142857	?
P	2011	251	8/9/2011	0.47	?	?	?
P	2011	252	9/9/2011	?	?	8021.428571	?
P	2011	265	22/09/2011	0.44	?	?	?
P	2011	266	23/09/2011	?	0.78	8401.785714	3591.333763
P	2011	292	19/10/2011	0.29	?	?	?
P	2011	293	20/10/2011	?	?	7211.645988	?
P	2011	305	1/11/2011	?	0.74	?	2855.831186
P	2011	0	31/12/2010	0	?	?	?
P	2011	94	4/4/2011	2.32	?	?	?
P	2011	95	5/4/2011	?	?	30.714286	?
P	2011	98	8/4/2011	?	?	?	0
P	2011	107	17/04/2011	3.15	?	85.178571	?
P	2011	118	28/04/2011	2.71	?	48.214286	?
P	2011	129	9/5/2011	2.24	?	242.142857	?
P	2011	136	16/05/2011	2.03	?	908.392857	?
P	2011	151	31/05/2011	1.51	?	1675	?
P	2011	154	3/6/2011	?	1.12	?	1340.045103
P	2011	161	10/6/2011	1.22	?	3183.035714	?
P	2011	175	24/06/2011	1.05	?	4021.071429	?
P	2011	188	7/7/2011	0.67	?	5965.892857	?
P	2011	210	29/07/2011	?	0.83	?	2555.895619
P	2011	214	2/8/2011	0.78	?	9025	?
P	2011	223	11/8/2011	0.88	?	9801.785714	?
P	2011	238	26/08/2011	0.44	?	9041.071429	?
P	2011	251	8/9/2011	0.71	?	?	?
P	2011	252	9/9/2011	?	?	7260.714286	?
P	2011	265	22/09/2011	0.45	?	?	?
P	2011	266	23/09/2011	?	0.62	7853.571429	3047.680412
P	2011	292	19/10/2011	0.27	?	?	?
P	2011	293	20/10/2011	?	?	6803.753679	?
P	2011	305	1/11/2011	?	0.7	?	3635.309278
P	2011	0	31/12/2010	0	?	?	?
P	2011	95	5/4/2011	?	?	11.964286	?
P	2011	98	8/4/2011	?	?	?	0
P	2011	107	17/04/2011	3.26	?	37.678571	?
P	2011	118	28/04/2011	2.45	?	47.142857	?
P	2011	129	9/5/2011	2.91	?	242.678571	?
P	2011	136	16/05/2011	2.3	?	754.285714	?
P	2011	151	31/05/2011	1.63	?	1838.392857	?
P	2011	154	3/6/2011	?	0.98	?	1795.58634
P	2011	161	10/6/2011	1.36	?	4177.142857	?
P	2011	175	24/06/2011	0.73	?	4261.071429	?
P	2011	188	7/7/2011	1.05	?	6229.821429	?
P	2011	210	29/07/2011	?	0.86	?	2806.056701
P	2011	214	2/8/2011	1.07	?	10580.35714	?
P	2011	223	11/8/2011	0.64	?	9504.285714	?
P	2011	238	26/08/2011	0.52	?	11083.92857	?
P	2011	251	8/9/2011	0.45	?	?	?
P	2011	252	9/9/2011	?	?	9705.357143	?
P	2011	265	22/09/2011	0.61	?	?	?
P	2011	266	23/09/2011	?	0.69	8803.571429	4568.298969
P	2011	292	19/10/2011	0.3	?	?	?
P	2011	293	20/10/2011	?	?	7847.114627	?
P	2011	305	1/11/2011	?	0.7	?	5987.274485
