Title	Date	sw_5	sw_10	sw_15	sw_35	sw_75	st_5	st_10	st_15	st_35	st_75
()	(dd/mm/yyyy)	(mm)	(mm)	(mm)	(mm)	(mm)	(°C)	(°C)	(°C)	(°C)	(°C)
P	1/8/2008	0.290268966	0.341789655	0.345716092	0.372843678	0.34802069	28.60229885	27.06206897	25.91954023	24.1183908	22.95862069
P	2/8/2008	0.249776563	0.292258854	0.303916146	0.336400521	0.28803125	25.01822917	24.725	24.6453125	23.85520833	22.85972222
P	3/8/2008	0.238554688	0.281409896	0.295738542	0.332894271	0.285444444	26.94010417	25.90364583	25.10885417	23.67864583	22.66180556
P	4/8/2008	0.227619271	0.2724625	0.288319271	0.332959896	0.284875694	27.79479167	27.03489583	26.29895833	24.43020833	22.98958333
P	5/8/2008	0.213571875	0.259096354	0.277692188	0.330711458	0.284474306	25.31302083	25.3390625	25.40260417	24.49635417	23.25625
P	6/8/2008	0.200565104	0.246024479	0.2654875	0.324066146	0.281649306	22.14791667	22.4953125	23.09739583	23.4046875	22.82291667
P	7/8/2008	0.199278125	0.241913021	0.259706771	0.318032813	0.277731944	23.36041667	22.96979167	22.85833333	22.578125	22.11388889
P	8/8/2008	0.192430208	0.235076563	0.252752083	0.313672396	0.281133333	23.671875	23.21875	23.00208333	22.5015625	22.0046875
P	9/8/2008	0.194284375	0.237059896	0.253160938	0.312984896	0.280611458	25.95729167	24.99270833	24.18385417	22.86197917	22.03802083
P	10/8/2008	0.192443229	0.2375625	0.254377083	0.315071875	0.281694271	26.67083333	25.9390625	25.26302083	23.68541667	22.49947917
P	11/8/2008	0.183983854	0.231531771	0.249567708	0.314145313	0.282445313	25.17708333	24.871875	24.69791667	23.81302083	22.79270833
P	12/8/2008	0.178244792	0.224885938	0.244444792	0.311891146	0.281878646	22.96770833	23.21614583	23.6265625	23.47760417	22.72239583
P	13/08/2008	0.185621875	0.225945313	0.242779167	0.308365104	0.279853646	23.66510417	23.1765625	22.98541667	22.671875	22.2296875
P	14/08/2008	0.19609375	0.231477604	0.248066667	0.309976563	0.279613542	24.19270833	23.79322917	23.55677083	22.83802083	22.13802083
P	15/08/2008	0.239667188	0.263603125	0.272970313	0.316477604	0.280135938	23.2109375	23.09791667	23.18177083	22.81041667	22.1578125
P	16/08/2008	0.220686458	0.257201563	0.264370833	0.311823438	0.278927604	23.39427083	22.9984375	22.87708333	22.4703125	21.95625
P	17/08/2008	0.210877083	0.251199479	0.259572396	0.310485938	0.278425	24.07864583	23.5515625	23.2453125	22.50208333	21.86510417
P	18/08/2008	0.201663021	0.244146354	0.254541667	0.309503646	0.278264063	24.42083333	23.83802083	23.45104167	22.60104167	21.88333333
P	19/08/2008	0.1952875	0.239072396	0.250190104	0.308636979	0.278085417	25.23645833	24.56770833	24.01302083	22.8734375	22.003125
P	20/08/2008	0.187167188	0.232569271	0.244863021	0.307263021	0.277939063	24.9578125	24.521875	24.14322917	23.15208333	22.21510417
P	21/08/2008	0.177209896	0.224739063	0.238818229	0.305481771	0.277711979	22.78072917	23.096875	23.41510417	23.12708333	22.32864583
P	22/08/2008	0.181190104	0.225921354	0.237003125	0.301851042	0.275917188	24.7375	23.9609375	23.30364583	22.54739583	21.9859375
P	23/08/2008	0.179067188	0.22545	0.237420833	0.300940104	0.274953125	25.57864583	25.06979167	24.46770833	23.20677083	22.20885417
P	24/08/2008	0.169523438	0.216516146	0.230176563	0.296417188	0.273542188	23.77604167	23.60416667	23.478125	23.0125	22.28333333
P	25/08/2008	0.163065625	0.210579167	0.223883333	0.290927083	0.270648438	23.15208333	22.96927083	22.85208333	22.57864583	22.025
P	26/08/2008	0.157583854	0.205993229	0.219298958	0.286013542	0.267756771	22.72864583	22.61354167	22.54270833	22.31614583	21.79427083
P	27/08/2008	0.152194792	0.200047396	0.214479688	0.282004167	0.265763542	21.12291667	21.3875	21.728125	21.9671875	21.57395833
P	28/08/2008	0.228159375	0.243456771	0.236019792	0.284610938	0.264028646	23.4	22.86770833	22.42135417	21.79635417	21.30208333
P	29/08/2008	0.213584896	0.239745833	0.235011979	0.282657292	0.263013021	22.071875	21.98385417	22.08385417	21.90833333	21.39583333
P	30/08/2008	0.198009896	0.231180729	0.230053125	0.279920833	0.261250521	22.47291667	22.1296875	22.00364583	21.69166667	21.22916667
P	31/08/2008	0.186591146	0.223561458	0.226145313	0.278272917	0.259775	22.7984375	22.43333333	22.24270833	21.74583333	21.19270833
P	1/9/2008	0.180273958	0.218775521	0.223132813	0.276576042	0.258230208	23.90104167	23.2453125	22.75208333	21.91927083	21.25
P	2/9/2008	0.17464375	0.215608854	0.222028646	0.276092188	0.257650521	24.39114583	24.0109375	23.625	22.52708333	21.57135417
P	3/9/2008	0.161154167	0.204242188	0.213267188	0.271747917	0.256310938	20.94270833	21.2671875	21.803125	22.07708333	21.59583333
P	4/9/2008	0.154708854	0.198596354	0.207357292	0.266088021	0.25296875	19.36927083	19.79427083	20.43645833	21.09895833	20.98333333
P	5/9/2008	0.162215625	0.194194271	0.202720313	0.261163542	0.249598438	17.73125	18.1828125	18.96041667	20.05625	20.25989583
P	6/9/2008	0.191126042	0.199847396	0.203903646	0.258269271	0.246740625	17.83802083	18.0203125	18.52864583	19.36822917	19.59166667
P	7/9/2008	0.185889063	0.202001563	0.2040375	0.256621875	0.244869792	18.18333333	18.18958333	18.490625	19.046875	19.1890625
P	8/9/2008	0.186968056	0.173406944	0.178004861	0.221808333	0.210724306	16.33680556	16.9375	17.71736111	18.57291667	18.90763889
P	9/9/2008	0.19516875	0.175284722	0.176227083	0.218947917	0.208564583	15.90486111	16.04375	16.55	17.55277778	18.24097222
P	10/9/2008	0.184227083	0.176911806	0.177646528	0.218675	0.207145139	17.02986111	16.92916667	17.11666667	17.53888889	17.91527778
P	11/9/2008	0.2070125	0.205329167	0.2086375	0.23925	0.222332639	19.12638889	18.77083333	18.53541667	18.17083333	18.10208333
P	12/9/2008	0.274114583	0.285041667	0.293854167	0.295102083	0.255935417	19.59236111	19.53055556	19.48958333	18.97916667	18.65069444
P	13/09/2008	0.26709375	0.282380556	0.288793056	0.297107639	0.258438889	20.22708333	19.99722222	19.69236111	19.15694444	18.89236111
P	14/09/2008	0.243381944	0.263470833	0.268959722	0.289530556	0.250175694	17.60972222	18.23402778	18.76597222	19.09930556	19.02916667
P	15/09/2008	0.227994444	0.252123611	0.258294444	0.282754167	0.244521528	16.48263889	16.825	17.28333333	18.05972222	18.47777778
P	16/09/2008	0.214672222	0.2420625	0.251422222	0.278163889	0.2403	17.1	16.97847222	17.11111111	17.61111111	17.99444444
P	17/09/2008	0.203223611	0.234454167	0.247821528	0.276072917	0.238019444	18.64930556	18.26805556	18.04722222	17.88680556	17.95
P	18/09/2008	0.193718056	0.225885417	0.243636806	0.275221528	0.237048611	19.38263889	19.04652778	18.825	18.44652778	18.24861111
P	19/09/2008	0.184888194	0.216063889	0.236875	0.273538194	0.236028472	19.46111111	19.20555556	19.0375	18.72013889	18.50833333
P	20/09/2008	0.177469444	0.206758333	0.229890278	0.271118056	0.234576389	19.18402778	18.97708333	18.90694444	18.75138889	18.61111111
P	21/09/2008	0.1726625	0.199761806	0.223711806	0.268752778	0.23320625	19.06597222	18.89375	18.83888889	18.73819444	18.62569444
P	22/09/2008	0.170213194	0.195636806	0.219219444	0.267395139	0.232201389	18.70416667	18.67361111	18.74722222	18.74097222	18.64027778
P	23/09/2008	0.184679861	0.205552778	0.226484028	0.2715875	0.23490625	20	19.48402778	19.15625	18.78888889	18.62569444
P	24/09/2008	0.252104167	0.263950694	0.275372222	0.290065278	0.245795139	19.6375	19.41180556	19.32013889	19.09861111	18.86111111
P	25/09/2008	0.236034028	0.252190278	0.262583333	0.284236111	0.242182639	18.91875	18.75277778	18.81527778	18.90625	18.8375
P	26/09/2008	0.224327083	0.245179167	0.256495139	0.280838889	0.239690278	19.72847222	19.41388889	19.25763889	18.99930556	18.82013889
P	27/09/2008	0.209629167	0.23566875	0.250120139	0.278261111	0.238215278	19.42986111	19.24027778	19.21875	19.10902778	18.92291667
P	28/09/2008	0.197715278	0.226335417	0.243905556	0.275759722	0.236893056	17.9	18.11666667	18.50763889	18.90555556	18.8875
P	29/09/2008	0.238150694	0.248522917	0.250803472	0.273911111	0.235122917	17.47083333	17.59444444	17.91666667	18.38194444	18.54652778
P	30/09/2008	0.223013194	0.2382125	0.245099306	0.271217361	0.233665278	14.95451389	15.46631944	16.31006944	17.57708333	18.09201389
P	1/10/2008	0.223163542	0.255939583	0.259769271	0.299772396	0.270419792	14.5703125	15.06145833	15.78177083	17.01927083	17.41927083
P	2/10/2008	0.210834896	0.247058854	0.254113542	0.296032292	0.267620833	13.47864583	13.934375	14.709375	16.20885417	16.7953125
P	3/10/2008	0.203994271	0.242863542	0.251638021	0.293585938	0.26523125	14.00208333	14.23802083	14.71041667	15.78958333	16.27916667
P	4/10/2008	0.197770313	0.236771875	0.24868125	0.291841146	0.263429688	14.00208333	14.18385417	14.60364583	15.59479167	16.01197917
P	5/10/2008	0.200527083	0.235483333	0.248904688	0.2914125	0.261969271	16.39635417	16.021875	15.70729167	15.8171875	15.94166667
P	6/10/2008	0.202976042	0.235665104	0.249920833	0.293197917	0.262459896	18.0328125	17.59010417	17.13020833	16.659375	16.35052083
P	7/10/2008	0.296688021	0.298480729	0.308047396	0.328639063	0.290935938	16.03802083	16.49375	16.93229167	17.18020833	16.853125
P	8/10/2008	0.265931771	0.282118229	0.287083333	0.313084896	0.284848438	13.7	14.09739583	14.79479167	16.121875	16.51458333
P	9/10/2008	0.249938021	0.272855208	0.275835417	0.306271875	0.2769875	13.50885417	13.89635417	14.4828125	15.56614583	15.98020833
P	10/10/2008	0.237895313	0.265301042	0.268930729	0.301927604	0.272669271	13.82291667	13.95	14.31145833	15.23645833	15.64114583
P	11/10/2008	0.201002703	0.260651351	0.248835135	0.267567568	0.242827027	15.52432432	14.75675676	14.88648649	15.20540541	15.62432432
P	13/11/2008	0.3263	0.31382	0.30669	0.32383	0.31264	8.08	7.57	7.52	8.41	9.06
P	14/11/2008	0.290979167	0.290479167	0.2822625	0.289245833	0.2626	7.20625	7.420833333	7.639583333	8.35625	8.7875
P	15/11/2008	0.27363125	0.281435417	0.2736375	0.287091667	0.263208333	4.345833333	5.279166667	6.36875	8.147916667	8.860416667
P	16/11/2008	0.2568625	0.269779167	0.26086875	0.281002083	0.259183333	3.291666667	4.022916667	5.058333333	7.216666667	8.31875
P	17/11/2008	0.24910625	0.26499375	0.255589583	0.277345833	0.255497917	2.658333333	3.483333333	4.572916667	6.679166667	7.820833333
P	18/11/2008	0.234047917	0.259	0.25023125	0.2740125	0.25268125	1.277083333	2.235416667	3.5375	6.014583333	7.333333333
P	19/11/2008	0.230372917	0.256814583	0.247629167	0.271091667	0.250329167	2.04375	2.552083333	3.341666667	5.416666667	6.752083333
P	20/11/2008	0.228191667	0.254172917	0.245691667	0.270120833	0.249122917	1.55625	2.333333333	3.335416667	5.364583333	6.5375
P	21/11/2008	0.156664583	0.248547917	0.242483333	0.268247917	0.247466667	0.295833333	1.233333333	2.44375	4.870833333	6.185416667
P	22/11/2008	0.1179625	0.240179167	0.239610417	0.26635625	0.245625	0.189583333	0.9375	1.99375	4.341666667	5.71875
P	23/11/2008	0.151510417	0.2379	0.2374125	0.264852083	0.244008333	0.366666667	1.008333333	1.9125	4.066666667	5.383333333
P	24/11/2008	0.213641667	0.240035417	0.236820833	0.263910417	0.242885417	1.06875	1.489583333	2.1625	3.979166667	5.172916667
P	25/11/2008	0.20560625	0.241797917	0.236920833	0.263908333	0.242464583	0.975	1.55	2.316666667	4.08125	5.1375
P	26/11/2008	0.198358333	0.2405375	0.236389583	0.263360417	0.241991667	0.827083333	1.397916667	2.170833333	3.9875	5.058333333
P	27/11/2008	0.198858333	0.241454167	0.235829167	0.26296875	0.241529167	0.895833333	1.420833333	2.15625	3.895833333	4.941666667
P	28/11/2008	0.1988125	0.241866667	0.235454167	0.262510417	0.2410875	0.979166667	1.479166667	2.16875	3.847916667	4.860416667
P	29/11/2008	0.194904167	0.24090625	0.234720833	0.26235	0.2407125	0.716666667	1.289583333	2.060416667	3.785416667	4.777083333
P	30/11/2008	0.21563125	0.241235417	0.23455	0.2618375	0.240189583	0.972916667	1.425	2.070833333	3.70625	4.689583333
P	1/4/2009	0.2130125	0.233054167	0.232502083	0.270789583	0.252354167	5.595833333	5.2375	5.297916667	5.672916667	5.775
P	2/4/2009	0.20856875	0.231416667	0.232170833	0.270704167	0.251514583	5.716666667	5.654166667	5.852083333	5.922916667	5.783333333
P	3/4/2009	0.20665625	0.230233333	0.230866667	0.269927083	0.251110417	6.685416667	6.170833333	5.995833333	5.9125	5.827083333
P	4/4/2009	0.203983333	0.23008125	0.232077083	0.270972917	0.251295833	7.466666667	7.166666667	7.054166667	6.570833333	6.147916667
P	5/4/2009	0.263279167	0.261575	0.258652083	0.282697917	0.256472917	4.110416667	4.847916667	5.88125	6.560416667	6.38125
P	6/4/2009	0.2706625	0.269477083	0.272495833	0.290777083	0.268210417	3.339583333	3.54375	4.23125	5.341666667	5.789583333
P	7/4/2009	0.252370833	0.260089583	0.260808333	0.28261875	0.264114583	4.8875	4.579166667	4.660416667	5.089583333	5.372916667
P	8/4/2009	0.242345833	0.254739583	0.254116667	0.27969375	0.260529167	6.4375	5.995833333	5.83125	5.602083333	5.525
P	9/4/2009	0.231045833	0.248454167	0.2487875	0.279254167	0.259358333	6.445833333	6.29375	6.40625	6.220833333	5.93125
P	10/4/2009	0.226897917	0.246445833	0.246470833	0.278210417	0.257770833	8.052083333	7.44375	7.064583333	6.527083333	6.195833333
P	11/4/2009	0.22111875	0.2438	0.244925	0.278160417	0.257447917	8.870833333	8.264583333	7.81875	7.079166667	6.589583333
P	12/4/2009	0.213145833	0.239989583	0.243147917	0.278814583	0.25748125	8.59375	8.379166667	8.31875	7.7125	7.072916667
P	13/04/2009	0.21576875	0.23650625	0.239822917	0.2777125	0.257297917	7.414583333	7.525	7.8375	7.741666667	7.302083333
P	14/04/2009	0.2279	0.241429167	0.240414583	0.275847917	0.256095833	8.727083333	8.070833333	7.7125	7.36875	7.152083333
P	15/04/2009	0.222979167	0.243208333	0.243447917	0.27741875	0.256277083	10.43125	9.71875	9.133333333	8.104166667	7.458333333
P	16/04/2009	0.211925	0.23962	0.243925	0.2794	0.257405	8.785	9.3	9.775	8.925	7.93
P	12/5/2009	0.1690625	0.187466667	0.227291667	0.299595833	?	18.375	16.55833333	15.875	14.42916667	?
P	13/05/2009	0.240277083	0.219099479	0.228642188	0.289216667	0.267288889	16.29583333	15.675	15.30260417	14.37447917	13.23680556
P	14/05/2009	0.22531875	0.222417188	0.228477604	0.288295833	0.267492361	15.19861111	14.715625	14.63958333	14.21875	13.31041667
P	15/05/2009	0.239665972	0.240776563	0.245578646	0.292252083	0.268695833	14.74305556	14.59166667	14.709375	14.271875	13.30833333
P	16/05/2009	0.260072917	0.269260938	0.277795833	0.298910417	0.273472222	13.63472222	13.4265625	13.70677083	13.77239583	13.13402778
P	17/05/2009	0.237867361	0.251363021	0.261948958	0.294459896	0.270999306	10.72638889	11.20677083	12.11458333	12.9921875	12.70416667
P	18/05/2009	0.244072917	0.254051563	0.259281771	0.290717188	0.267747222	13.57083333	12.75885417	12.38645833	12.34375	12.09861111
P	19/05/2009	0.228468056	0.249147396	0.258165104	0.291739063	0.267158333	17.71944444	16.21458333	14.975	13.38541667	12.36458333
P	20/05/2009	0.199970313	0.233590625	0.251757292	0.293847396	0.270211458	19.38385417	18.20260417	16.94739583	14.84114583	13.55677083
P	21/05/2009	0.178608333	0.213435938	0.238977083	0.293077604	0.271141667	19.80572917	18.8328125	17.7640625	15.78177083	14.38645833
P	22/05/2009	0.164232292	0.19831875	0.225420313	0.290584375	0.271477083	19.49739583	18.66354167	17.82604167	16.21197917	14.921875
P	23/05/2009	0.157311979	0.187830729	0.21630625	0.288234375	0.271370833	20.509375	19.50989583	18.4796875	16.653125	15.3203125
P	24/05/2009	0.149278646	0.178711458	0.208319792	0.285266667	0.271007292	20.70729167	19.88958333	19.01458333	17.22760417	15.809375
P	25/05/2009	0.138939583	0.167875	0.197559375	0.279289063	0.269845313	19.18020833	18.78020833	18.42864583	17.29322917	16.08645833
P	26/05/2009	0.184023438	0.197403125	0.219580729	0.292692708	0.281164583	16.946875	16.96197917	17.24166667	16.92083333	16.05833333
P	27/05/2009	0.282256771	0.288319792	0.305696875	0.325252083	0.303784375	16.09114583	15.99166667	16.27708333	16.3140625	15.80520833
P	28/05/2009	0.257622917	0.271822396	0.283644271	0.313539583	0.293541667	15.87760417	15.59010417	15.70052083	15.75208333	15.39270833
P	29/05/2009	0.241041146	0.262481771	0.273629688	0.309609896	0.287933333	17.79322917	17.03125	16.5484375	15.81197917	15.2390625
P	30/05/2009	0.216953125	0.248107813	0.264348958	0.307553125	0.285161979	18.48645833	17.75729167	17.27083333	16.29375	15.4734375
P	31/05/2009	0.191919792	0.227703646	0.251051042	0.304111458	0.282971875	17.47864583	16.93958333	16.81302083	16.34947917	15.646875
P	1/6/2009	0.281147396	0.282610417	0.288786979	0.310172917	0.283240104	18.59583333	18.003125	17.603125	16.6234375	15.75833333
P	2/6/2009	0.286440625	0.289311458	0.296053646	0.313477604	0.285173438	17.63541667	17.3515625	17.32916667	16.76822917	15.9703125
P	3/6/2009	0.2610875	0.2761375	0.285384375	0.311986979	0.284875521	17.68333333	17.17760417	17.0078125	16.5390625	15.9265625
P	4/6/2009	0.233686979	0.259926042	0.272495833	0.308077604	0.282954167	17.82239583	17.31354167	17.08541667	16.5375	15.89635417
P	5/6/2009	0.212796354	0.245455208	0.263075521	0.305080729	0.281322396	18.509375	17.83020833	17.43177083	16.67916667	15.965625
P	6/6/2009	0.253305208	0.266358854	0.278448958	0.310753646	0.284269271	17.23072917	17.06822917	17.21614583	16.85677083	16.13958333
P	7/6/2009	0.280885938	0.2860125	0.294596875	0.314408333	0.286373958	19.28958333	18.43072917	17.82395833	16.82760417	16.10520833
P	8/6/2009	0.296811979	0.30029375	0.315076563	0.330053125	0.298779167	18.23854167	18.02135417	18.059375	17.4	16.49166667
P	9/6/2009	0.266834896	0.278442188	0.290209375	0.320123958	0.294948438	16.7375	16.59479167	16.8453125	16.88125	16.4
P	10/6/2009	0.255345833	0.271367188	0.280903646	0.314897917	0.290057292	17.30520833	16.83697917	16.7765625	16.56510417	16.13958333
P	11/6/2009	0.243808854	0.26448125	0.275470833	0.31240625	0.287343229	18.15260417	17.596875	17.35520833	16.76145833	16.1546875
P	12/6/2009	0.240442188	0.256639063	0.269028125	0.310211979	0.285566667	17.77604167	17.45052083	17.41197917	16.9359375	16.30052083
P	13/06/2009	0.278714583	0.276440625	0.272989063	0.30831875	0.283870833	17.78645833	17.29583333	17.184375	16.82552083	16.2953125
P	14/06/2009	0.259028125	0.269619792	0.270463021	0.307102604	0.282776042	18.1484375	17.61927083	17.44166667	16.90833333	16.32447917
P	15/06/2009	0.243329688	0.260426563	0.266821354	0.306476042	0.282238021	18.35885417	17.89479167	17.74375	17.15208333	16.4734375
P	16/06/2009	0.235226563	0.254160938	0.2647625	0.306570833	0.282133854	19.15416667	18.5484375	18.2171875	17.41145833	16.6546875
P	17/06/2009	0.229478125	0.249831771	0.262615104	0.306520313	0.2821125	20.79739583	19.73020833	18.95989583	17.75260417	16.88645833
P	18/06/2009	0.286681771	0.289600521	0.297835417	0.319029167	0.284364583	21.9140625	20.98489583	20.22395833	18.64739583	17.4484375
P	19/06/2009	0.300603125	0.303934375	0.312826042	0.330372917	0.293949479	22.390625	21.70729167	21.11197917	19.46354167	18.10208333
P	20/06/2009	0.284122396	0.295382292	0.302821354	0.327638021	0.296216146	22.1515625	21.36458333	20.828125	19.59375	18.47708333
P	21/06/2009	0.306398438	0.311276563	0.316311979	0.334345313	0.299814583	22.83333333	22.01197917	21.409375	19.99895833	18.77395833
P	22/06/2009	0.284309375	0.298913021	0.304686979	0.331160417	0.300777604	24.2390625	23.16510417	22.25572917	20.49583333	19.16666667
P	23/06/2009	0.283539583	0.299058854	0.307995833	0.337861458	0.307098611	24.7375	23.98072917	23.29635417	21.3875	19.58055556
P	24/06/2009	0.297657813	0.307168229	0.316509375	0.340624479	0.312159722	23.5046875	22.85729167	22.534375	21.4375	19.94722222
P	25/06/2009	0.275805208	0.294011458	0.301403125	0.333954167	0.304599306	24.64479167	23.725	23.0203125	21.50572917	20
P	26/06/2009	0.251317188	0.277286979	0.290353646	0.330795833	0.302424479	23.62083333	23.18229167	22.95208333	21.77604167	20.51614583
P	27/06/2009	0.235946354	0.263924479	0.281396354	0.327026563	0.299929688	23.16666667	22.696875	22.50625	21.57760417	20.5234375
P	28/06/2009	0.212645313	0.243207813	0.266045833	0.321273438	0.295057639	21.553125	21.36510417	21.559375	21.17760417	20.11597222
P	29/06/2009	0.191464583	0.222285417	0.247231771	0.313145313	0.290054167	21.04375	20.68177083	20.78072917	20.57239583	19.74652778
P	30/06/2009	0.176813542	0.205909375	0.232053125	0.305920833	0.285368056	20.73385417	20.42864583	20.5328125	20.278125	19.45972222
P	1/7/2009	0.169051563	0.195951563	0.222579688	0.29961875	0.283511979	20.5734375	20.23697917	20.22083333	19.95260417	19.48385417
P	2/7/2009	0.163460417	0.188363021	0.215226563	0.293511458	0.280285938	20.84479167	20.34479167	20.25052083	19.8375	19.32291667
P	3/7/2009	0.157656771	0.182089583	0.209619792	0.288771875	0.277929688	20.32239583	20.04375	20.16354167	19.82708333	19.28229167
P	4/7/2009	0.256244792	0.223198438	0.2188125	0.287642188	0.276923438	19.225	19.17239583	19.5421875	19.56354167	19.14947917
P	5/7/2009	0.256819792	0.231527083	0.2209625	0.285701042	0.275148438	20.00208333	19.428125	19.3265625	19.11822917	18.83020833
P	6/7/2009	0.236302083	0.225332813	0.219759896	0.284213542	0.273555208	20.721875	20.1265625	19.93333333	19.35833333	18.83333333
P	7/7/2009	0.217341146	0.216536979	0.217433333	0.282711458	0.272920313	20.90625	20.42239583	20.284375	19.63802083	18.9953125
P	8/7/2009	0.248830729	0.225521875	0.219472396	0.282026563	0.272615104	20.9546875	20.4796875	20.35208333	19.76145833	19.11822917
P	9/7/2009	0.252566146	0.226371875	0.218380729	0.281419271	0.272275	19.65989583	19.53229167	19.8296875	19.68802083	19.15364583
P	10/7/2009	0.281084896	0.265333333	0.242415625	0.283805729	0.271477604	21.36458333	20.58854167	20.196875	19.53958333	19.00989583
P	11/7/2009	0.266729688	0.273723958	0.258453125	0.2880375	0.272392188	22.12760417	21.52916667	21.17552083	20.15885417	19.30572917
P	12/7/2009	0.246403646	0.257822917	0.250138542	0.287903646	0.273055729	20.6671875	20.46979167	20.57083333	20.18802083	19.50364583
P	13/07/2009	0.239558854	0.249960938	0.244608854	0.286354167	0.272386979	20.88072917	20.42916667	20.31770833	19.9265625	19.38177083
P	14/07/2009	0.225503646	0.241057292	0.239421354	0.284989063	0.271684375	21.72083333	21.1203125	20.84427083	20.11927083	19.42447917
P	15/07/2009	0.222639583	0.233594792	0.234788542	0.284330729	0.271807292	21.86927083	21.39895833	21.20625	20.42916667	19.63020833
P	16/07/2009	0.209429167	0.221445833	0.226942708	0.281470833	0.271059375	20.27708333	20.22135417	20.50572917	20.3078125	19.690625
P	17/07/2009	0.192131771	0.207577604	0.217586979	0.276826042	0.268908854	18.08854167	18.34479167	19.0609375	19.60729167	19.35885417
P	18/07/2009	0.184454688	0.200664583	0.211986458	0.272610938	0.26619375	18.278125	18.1515625	18.48645833	18.8875	18.80989583
P	19/07/2009	0.175197917	0.193740104	0.207096354	0.26933125	0.264055729	18.37760417	18.12135417	18.346875	18.60208333	18.48125
P	20/07/2009	0.167130208	0.18728125	0.202930729	0.266116146	0.262121875	18.72291667	18.4140625	18.55520833	18.58333333	18.35052083
P	21/07/2009	0.178397396	0.188967188	0.201730729	0.264951563	0.261394792	19.19010417	18.8234375	18.85677083	18.70885417	18.35520833
P	22/07/2009	0.18439375	0.189145313	0.200790625	0.263563542	0.260640625	19.35520833	18.8953125	18.87135417	18.70833333	18.35208333
P	23/07/2009	0.177703646	0.187681771	0.200467708	0.262284375	0.259832813	20.1859375	19.68125	19.50833333	19.00677083	18.475
P	24/07/2009	0.170484375	0.1839875	0.198122396	0.259801042	0.258949479	20.73072917	20.075	19.80416667	19.24114583	18.65520833
P	25/07/2009	0.162099479	0.178831771	0.194854688	0.256092188	0.257525	20.77604167	20.37604167	20.2703125	19.628125	18.9140625
P	26/07/2009	0.155011979	0.172036458	0.189221354	0.250958854	0.255566667	20.31666667	19.9140625	19.90885417	19.5796875	19.00625
P	27/07/2009	0.151673438	0.168470313	0.1857	0.246175521	0.253446875	20.6453125	20.12291667	20.00052083	19.57864583	19.0078125
P	28/07/2009	0.148841667	0.166135417	0.183253646	0.2420875	0.251290104	20.93489583	20.51354167	20.39791667	19.80729167	19.12604167
P	29/07/2009	0.141131771	0.158764583	0.176775	0.23659375	0.248934896	19.1546875	19.02916667	19.38697917	19.5140625	19.09739583
P	30/07/2009	0.141323438	0.158154688	0.175019792	0.232966146	0.246528125	19.68541667	19.38489583	19.47135417	19.3140625	18.88802083
P	31/07/2009	0.1386125	0.154828125	0.171583333	0.229236458	0.244470313	18.9609375	18.69322917	18.92447917	19.046875	18.75833333
P	1/8/2009	0.139621354	0.15519375	0.170977083	0.22606875	0.241677083	19.94895833	19.52760417	19.471875	19.14583333	18.69322917
P	2/8/2009	0.135529688	0.150876563	0.166970313	0.222135938	0.239002604	19.121875	18.7609375	18.90729167	18.97083333	18.65364583
P	3/8/2009	0.171781771	0.170758333	0.17675	0.223178125	0.2372125	21.3078125	20.546875	20.10364583	19.32708333	18.70572917
P	4/8/2009	0.170540625	0.169317188	0.176915104	0.2239	0.236871875	21.42447917	20.91354167	20.67083333	19.88645833	19.08177083
P	5/8/2009	0.155702604	0.161534375	0.172260417	0.222052083	0.236229688	19.31302083	19.296875	19.70572917	19.753125	19.21614583
P	6/8/2009	0.148365625	0.157752604	0.169014583	0.218857292	0.233941667	19.20104167	18.92135417	19.13854167	19.23958333	18.925
P	7/8/2009	0.18154375	0.171491667	0.171147917	0.218176563	0.232542188	20.60052083	20.01458333	19.80208333	19.365625	18.85364583
P	8/8/2009	0.206297917	0.18321875	0.177303646	0.219970313	0.232726042	23.2453125	22.19375	21.35729167	20.0421875	19.16302083
P	9/8/2009	0.217240625	0.199540104	0.189723958	0.224765625	0.234239583	22.840625	22.4140625	22.14947917	20.99739583	19.84791667
P	10/8/2009	0.261148958	0.245786979	0.21968125	0.237456771	0.234955208	22.05520833	21.58333333	21.46875	20.8921875	20.0609375
P	11/8/2009	0.236648958	0.23378125	0.213443229	0.236774479	0.234776563	21.86979167	21.44427083	21.37135417	20.84427083	20.08541667
P	12/8/2009	0.230672917	0.227910417	0.208383333	0.235301563	0.2347	22.14322917	21.59166667	21.41822917	20.84010417	20.10104167
P	13/08/2009	0.222238021	0.222802604	0.206446875	0.235351563	0.2351	23.1921875	22.5734375	22.2	21.21614583	20.27760417
P	14/08/2009	0.203888021	0.212917188	0.202310938	0.235118229	0.235768229	23.3484375	22.73645833	22.409375	21.5125	20.54479167
P	15/08/2009	0.200130208	0.206409896	0.19871875	0.234815104	0.236380208	22.65729167	22.3375	22.3203125	21.69270833	20.7578125
P	16/08/2009	0.221633333	0.209140625	0.197342708	0.233958854	0.236369792	22.68541667	22.27604167	22.16875	21.575	20.7515625
P	17/08/2009	0.2119125	0.204217708	0.194126563	0.232471354	0.236116146	21.32083333	21.18333333	21.4453125	21.328125	20.678125
P	18/08/2009	0.196763542	0.19681875	0.19004375	0.229796354	0.234950521	20.3421875	20.22864583	20.5890625	20.78020833	20.37604167
P	19/08/2009	0.217677604	0.214420833	0.194379167	0.228119271	0.233888542	20.24375	20.084375	20.378125	20.46979167	20.08645833
P	20/08/2009	0.260526042	0.250754688	0.240472396	0.246840104	0.233113542	19.80625	19.67760417	20.01875	20.19322917	19.86041667
P	21/08/2009	0.256493229	0.248690625	0.236063021	0.245383333	0.232411458	18.87552083	18.896875	19.43072917	19.84583333	19.61041667
P	22/08/2009	0.240246354	0.239470833	0.229695313	0.242333854	0.231269271	18.51822917	18.3921875	18.80833333	19.3015625	19.22760417
P	23/08/2009	0.224463542	0.230023438	0.222597396	0.239897396	0.230440625	18.09791667	18.00364583	18.46145833	18.97864583	18.92239583
P	24/08/2009	0.212757292	0.223891667	0.218434896	0.238741146	0.229971354	19.00052083	18.66510417	18.80833333	18.92447917	18.72447917
P	25/08/2009	0.203249479	0.219101042	0.216088542	0.239003125	0.230606771	20.26145833	19.7375	19.62291667	19.29010417	18.8484375
P	26/08/2009	0.272130729	0.274346875	0.265472396	0.282054167	0.269014583	20.50052083	20.1703125	20.20625	19.83177083	19.21666667
P	27/08/2009	0.290760938	0.295171875	0.296982813	0.309498958	0.289417188	19.040625	19.028125	19.49739583	19.740625	19.35
P	28/08/2009	0.269933854	0.278366667	0.282260417	0.307913021	0.290688021	19.3875	19.03645833	19.178125	19.33229167	19.09635417
P	29/08/2009	0.252257292	0.266897396	0.271079167	0.303145313	0.286753125	18.5296875	18.546875	19.00416667	19.28229167	19.003125
P	30/08/2009	0.234123958	0.253811979	0.260325	0.297508854	0.282922396	16.2015625	16.54270833	17.51197917	18.6	18.66041667
P	31/08/2009	0.224751563	0.247067188	0.254433333	0.292708333	0.278963021	16.23541667	16.2828125	16.93177083	17.865625	18.06770833
P	1/9/2009	0.212221875	0.238561458	0.248633333	0.289179688	0.275966667	15.54166667	15.6484375	16.38229167	17.4109375	17.6484375
P	2/9/2009	0.203030729	0.232263021	0.244343229	0.286273438	0.273323438	15.859375	15.79375	16.30989583	17.109375	17.296875
P	3/9/2009	0.194991146	0.226396354	0.240716667	0.284495313	0.271498438	16.23333333	16.11458333	16.51302083	17.09427083	17.14895833
P	4/9/2009	0.188436458	0.220422396	0.237104688	0.283092708	0.270198958	16.65208333	16.40416667	16.68072917	17.11354167	17.08177083
P	5/9/2009	0.183102083	0.215717708	0.234100521	0.282307292	0.269338021	17.365625	17.034375	17.16458333	17.31510417	17.14635417
P	6/9/2009	0.176303125	0.2087875	0.229751563	0.281220833	0.268798958	17.19479167	16.97083333	17.215625	17.46614583	17.26302083
P	7/9/2009	0.173133333	0.20435625	0.226648958	0.280273958	0.26806875	17.84479167	17.49479167	17.584375	17.6234375	17.32291667
P	8/9/2009	0.170861458	0.20205	0.223911979	0.279836458	0.2677875	18.4265625	18.00104167	17.990625	17.88125	17.49322917
P	9/9/2009	0.165993229	0.197136979	0.220036458	0.278821875	0.267403125	18.29479167	18.00260417	18.11770833	18.09166667	17.68020833
P	10/9/2009	0.161582292	0.192048438	0.215835417	0.277313021	0.266743229	18.13645833	17.87083333	18.04479167	18.12135417	17.753125
P	11/9/2009	0.158998958	0.188570833	0.212722396	0.275875	0.265981771	18.20520833	17.9296875	18.0875	18.1578125	17.78802083
P	12/9/2009	0.158794792	0.187101563	0.211544271	0.274933333	0.265451563	19.05104167	18.57864583	18.51041667	18.31041667	17.85833333
P	13/09/2009	0.153875	0.182042188	0.208238542	0.273603646	0.264951042	18.30625	18.13020833	18.37552083	18.44739583	18.00677083
P	14/09/2009	0.149163542	0.176657813	0.20344375	0.270890104	0.263690625	17.49427083	17.43125	17.84270833	18.20885417	17.9390625
P	15/09/2009	0.146764063	0.173035417	0.199934896	0.268201042	0.262017188	17.32760417	17.16458333	17.509375	17.9171875	17.73854167
P	16/09/2009	0.145292708	0.171289063	0.197221354	0.265978646	0.260580208	17.60572917	17.35729167	17.5828125	17.83854167	17.61875
P	17/09/2009	0.142454688	0.168521875	0.194221875	0.264001042	0.259421354	17.25364583	17.128125	17.47291667	17.8171875	17.58541667
P	18/09/2009	0.139640104	0.165141667	0.190633854	0.261335938	0.257724479	16.77604167	16.671875	17.08854167	17.58802083	17.4546875
P	19/09/2009	0.13848125	0.163135417	0.188152604	0.259069271	0.256410417	16.94635417	16.75260417	17.07447917	17.4671875	17.3203125
P	20/09/2009	0.137761458	0.162041146	0.186620313	0.25733125	0.255427604	17.06927083	16.88645833	17.1875	17.48489583	17.28229167
P	21/09/2009	0.153709375	0.166636458	0.187501042	0.25629375	0.254383854	17.01614583	16.84739583	17.16145833	17.47864583	17.25416667
P	22/09/2009	0.205676563	0.180865625	0.193311979	0.256689583	0.253878125	17.25052083	17.0078125	17.221875	17.44635417	17.23489583
P	23/09/2009	0.195150521	0.178389583	0.191299479	0.255759375	0.253451563	16.6125	16.48177083	16.87604167	17.34791667	17.1828125
P	24/09/2009	0.201661458	0.185575	0.194632813	0.255945833	0.25313125	17.7328125	17.37395833	17.44583333	17.46458333	17.16666667
P	25/09/2009	0.257978646	0.246770833	0.23861875	0.272232813	0.262123438	17.28489583	17.1515625	17.44947917	17.62135417	17.30833333
P	26/09/2009	0.256974479	0.251641146	0.243792188	0.274260417	0.264224479	16.59114583	16.534375	16.98802083	17.434375	17.253125
P	27/09/2009	0.245477083	0.247589063	0.239848438	0.273453125	0.2637375	15.98020833	15.94427083	16.45729167	17.08697917	17.04114583
P	28/09/2009	0.229892708	0.237194792	0.232385938	0.271633854	0.26265625	14.37864583	14.71458333	15.65833333	16.71145833	16.79635417
P	29/09/2009	0.219551563	0.229811979	0.225966667	0.268395833	0.260577604	13.36875	13.6453125	14.57604167	15.91145833	16.2578125
P	30/09/2009	0.212189063	0.224319792	0.221642188	0.265933333	0.258404688	12.77604167	12.96510417	13.8703125	15.27552083	15.71510417
P	1/10/2009	0.258990104	0.258348438	0.247498438	0.280153646	0.266295833	13.759375	13.75260417	14.31979167	15.15260417	15.39166667
P	2/10/2009	0.272843229	0.272547396	0.276439583	0.298282292	0.282158854	12.16510417	12.50364583	13.50729167	14.8421875	15.17291667
P	3/10/2009	0.257389063	0.260504167	0.266644271	0.293098958	0.281295833	11.8515625	12.04114583	12.88854167	14.24375	14.71197917
P	4/10/2009	0.24341875	0.249747917	0.255958333	0.287016667	0.275783854	10.63854167	11	12.0609375	13.70364583	14.27447917
P	5/10/2009	0.238866667	0.245720313	0.251069271	0.282905208	0.271316146	11.1328125	11.17291667	11.9140625	13.2875	13.82447917
P	6/10/2009	0.263311458	0.259591146	0.256663021	0.281598438	0.268892708	12.00677083	12.0203125	12.58125	13.44635417	13.72239583
P	7/10/2009	0.249122917	0.250527083	0.254038542	0.280244271	0.268019271	10.68697917	10.86302083	11.740625	13.15989583	13.59166667
P	8/10/2009	0.253689063	0.249273438	0.252792708	0.278958333	0.266227604	10.94739583	11.1375	11.90677083	13.04739583	13.36770833
P	9/10/2009	0.248391146	0.247303125	0.251277083	0.277214583	0.264801042	9.969791667	10.30260417	11.26666667	12.70208333	13.1515625
P	10/10/2009	0.234545313	0.23786875	0.244246875	0.274067188	0.262800521	7.382291667	8.1625	9.7265625	11.94427083	12.69427083
P	11/10/2009	0.226948438	0.231508333	0.23831875	0.2698375	0.259548958	5.890625	6.5953125	8.19375	10.78697917	11.87239583
P	12/10/2009	0.22608125	0.230622396	0.236680729	0.267069792	0.256692188	6.740104167	7.060416667	8.159895833	10.18177083	11.1671875
P	13/10/2009	0.223110417	0.22853125	0.234753646	0.265622396	0.254974479	6.380729167	6.761458333	7.901041667	9.883333333	10.79114583
P	14/10/2009	0.233865104	0.229749479	0.234195833	0.264480729	0.253586458	6.8453125	7.050520833	7.998958333	9.7	10.4953125
P	15/10/2009	0.264359896	0.256610938	0.251674479	0.267096875	0.253897917	7.696354167	7.7328125	8.446354167	9.788020833	10.40833333
P	16/10/2009	0.254436458	0.251140625	0.253380729	0.269388542	0.25583125	7.872395833	7.959375	8.692708333	9.935416667	10.434375
P	17/10/2009	0.246922396	0.245710417	0.249254688	0.269215625	0.256168229	7.4078125	7.643229167	8.5140625	9.899479167	10.40572917
P	18/10/2009	0.241834896	0.241211458	0.245229167	0.267694271	0.255302604	7.088541667	7.195833333	8.055729167	9.602604167	10.21041667
P	19/10/2009	0.266272414	0.250268966	0.250327586	0.278637931	0.258441379	8.281034483	8.35	8.817241379	9.818965517	9.731034483
P	27/10/2009	0.2498375	0.244633333	0.2515625	0.27500625	0.26474375	8.70625	8.308333333	8.51875	9.4625	10.025
P	28/10/2009	0.245735417	0.242813889	0.249814583	0.275429167	0.263995833	8.58125	8.358333333	8.797916667	9.664583333	9.997916667
P	29/10/2009	0.3056625	0.287666667	0.29480625	0.328152083	0.299514583	10.11458333	9.827777778	10.01875	10.33125	10.22708333
P	30/10/2009	0.295964583	0.281508333	0.291304167	0.301910417	0.291877083	10.56458333	10.49166667	10.8	10.96041667	10.6375
P	31/10/2009	0.264845833	0.2578	0.269447917	0.288358333	0.279225	7.333333333	7.813888889	8.879166667	10.40833333	10.65416667
P	1/11/2009	0.257725	0.251358333	0.260979167	0.282820833	0.27289375	8.014583333	7.891666667	8.508333333	9.73125	10.16041667
P	2/11/2009	0.253470833	0.249163889	0.25884375	0.289819444	0.27006875	8.927083333	8.947222222	9.483333333	10.18333333	10.1875
P	3/11/2009	0.241639583	0.239697222	0.251808333	0.286791667	0.267404167	6.06875	6.6	7.9	9.708333333	10.0875
P	4/11/2009	0.238335417	0.238013889	0.2490625	0.283597222	0.264325	6.452083333	6.625	7.53125	9.080555556	9.575
P	5/11/2009	0.231995833	0.234111111	0.246279167	0.281016667	0.26218125	5.779166667	6.002777778	7.0125	8.702777778	9.252083333
P	6/11/2009	0.233820833	0.237191667	0.247466667	0.272370833	0.260839583	8.135416667	7.7	7.983333333	8.7125	9.070833333
P	7/11/2009	0.233395833	0.239505556	0.249602083	0.274804167	0.261058333	9.75625	9.327777778	9.472916667	9.583333333	9.46875
P	8/11/2009	0.2296	0.238069444	0.248802083	0.275360417	0.261660417	9.891666667	9.433333333	9.6875	9.997916667	9.8875
P	9/11/2009	0.227216667	0.239344444	0.249910417	0.276925	0.262472917	10.67916667	10.49722222	10.72916667	10.69791667	10.31041667
P	10/11/2009	0.2188625	0.233616667	0.245647917	0.276041667	0.262591667	8.775	8.988888889	9.733333333	10.57916667	10.5125
P	11/11/2009	0.211577083	0.228127778	0.241464583	0.27385	0.261502083	7.152083333	7.566666667	8.5625	9.972916667	10.24583333
P	12/11/2009	0.208010417	0.225880556	0.239045833	0.2714625	0.2598625	7.0375	7.261111111	8.095833333	9.45	9.84375
P	13/11/2009	0.206675	0.226325	0.23931875	0.2709875	0.258914583	8.26875	8.136111111	8.572916667	9.414583333	9.641666667
P	14/11/2009	0.205560417	0.226961111	0.240154167	0.2719625	0.259129167	9.102083333	9.036111111	9.375	9.833333333	9.80625
P	15/11/2009	0.19665625	0.219538889	0.235452083	0.271370833	0.258935417	6.283333333	6.897222222	8.010416667	9.554166667	9.829166667
P	16/11/2009	0.193183333	0.216738889	0.232191667	0.268616667	0.257225	5.952083333	6.291666667	7.202083333	8.80625	9.3375
P	17/11/2009	0.1906875	0.215058333	0.230808333	0.267445833	0.255635417	5.94375	6.152777778	6.958333333	8.435416667	8.970833333
P	18/11/2009	0.189002083	0.214208333	0.229920833	0.266183333	0.25500625	6.197916667	6.347222222	7.095833333	8.347916667	8.76875
P	19/11/2009	0.190027083	0.213833333	0.229654167	0.266108333	0.254022917	6.589583333	6.591666667	7.208333333	8.310416667	8.683333333
P	20/11/2009	0.189439583	0.211805556	0.2280125	0.265541667	0.253877083	5.629166667	5.997222222	6.875	8.23125	8.625
P	21/11/2009	0.188489583	0.209613889	0.22621875	0.2640625	0.252760417	5.110416667	5.408333333	6.34375	7.895833333	8.39375
P	22/11/2009	0.1939625	0.213880556	0.228641667	0.264579167	0.252279167	7.597916667	7.258333333	7.495833333	8.102083333	8.31875
P	23/11/2009	0.196358333	0.216002778	0.23054375	0.26668125	0.25331875	8.475	8.177777778	8.379166667	8.733333333	8.683333333
P	24/11/2009	0.249208333	0.250583333	0.25920625	0.284416667	0.264347917	8.291666667	8.244444444	8.65625	9.147916667	9.029166667
P	25/11/2009	0.27171875	0.263855556	0.274239583	0.290325	0.276041667	6.483333333	6.975	7.935416667	9.054166667	9.135416667
P	26/11/2009	0.260704167	0.253625	0.26358125	0.28121875	0.267152083	3.854166667	4.619444444	6.020833333	8.083333333	8.675
P	27/11/2009	0.246947917	0.243244444	0.252902083	0.2750125	0.262302083	3.047916667	3.516666667	4.770833333	6.9625	7.870833333
P	28/11/2009	0.245789583	0.242191667	0.249989583	0.27193125	0.258670833	3.739583333	3.958333333	4.920833333	6.6	7.347916667
P	29/11/2009	0.243485417	0.240677778	0.247822917	0.270591667	0.25650625	4.1125	4.358333333	5.2125	6.639583333	7.177083333
P	30/11/2009	0.23750625	0.236527778	0.244483333	0.268789583	0.254791667	3.304166667	3.655555556	4.679166667	6.379166667	7.01875
P	1/4/2010	0.215183333	0.235852778	0.256680556	0.286116667	0.259030556	14.23055556	12.93611111	12.00555556	10.05555556	8.372222222
P	2/4/2010	0.210186111	0.234827778	0.257852778	0.290094444	0.262052778	14.00277778	13.38888889	13.03055556	11.27777778	9.413888889
P	3/4/2010	0.205027778	0.226466667	0.251063889	0.288516667	0.263058333	11.17222222	10.89444444	11.2	10.92777778	9.752777778
P	4/4/2010	0.202447222	0.224169444	0.248302778	0.286758333	0.262013889	10.575	10.325	10.63611111	10.50833333	9.591666667
P	5/4/2010	0.197586111	0.220925	0.245486111	0.285063889	0.261172222	9.822222222	9.591666667	9.980555556	10.11388889	9.394444444
P	6/4/2010	0.272494444	0.268102778	0.283938889	0.304266667	0.281402778	12.01111111	11.20277778	10.91666667	10.27222222	9.427777778
P	7/4/2010	0.275777778	0.267397222	0.285852778	0.304911111	0.280352778	9.613888889	9.863888889	10.59722222	10.675	9.758333333
P	8/4/2010	0.273408333	0.264319444	0.282575	0.301241667	0.279405556	8.538888889	8.283333333	8.830555556	9.572222222	9.330555556
P	9/4/2010	0.253916667	0.251502778	0.271094444	0.295433333	0.272713889	9.566666667	9.044444444	9.197222222	9.344444444	8.958333333
P	10/4/2010	0.242469444	0.246827778	0.268055556	0.294588889	0.270436111	10.59166667	10.21666667	10.31388889	9.925	9.152777778
P	11/4/2010	0.237811111	0.245088889	0.265158333	0.293147222	0.268813889	11.58333333	10.81388889	10.60833333	10.10833333	9.361111111
P	12/4/2010	0.230897222	0.244047222	0.264591667	0.293558333	0.268586111	12.1	11.58333333	11.51111111	10.77222222	9.775
P	13/04/2010	0.227891667	0.245277778	0.265108333	0.294088889	0.268766667	14.23333333	13.11944444	12.47222222	11.25277778	10.15833333
P	14/04/2010	0.221894444	0.246608333	0.267438889	0.296988889	0.2702	16.21944444	15.08055556	14.29166667	12.41666667	10.88888889
P	15/04/2010	0.220883333	0.244922222	0.266991667	0.299502778	0.272044444	16.61388889	15.74722222	15.21388889	13.41388889	11.725
P	16/04/2010	0.256208333	0.253013889	0.265627778	0.300147222	0.273105556	14.71666667	14.45277778	14.61944444	13.69444444	12.26111111
P	17/04/2010	0.237116667	0.242511111	0.259877778	0.296027778	0.271772222	12.54444444	12.34444444	12.78888889	12.86388889	12.07777778
P	18/04/2010	0.229491667	0.240386111	0.258616667	0.2937	0.269872222	13.01666667	12.56111111	12.70833333	12.46111111	11.76111111
P	19/04/2010	0.221994444	0.239391667	0.258825	0.293972222	0.269397222	13.93333333	13.36944444	13.33055556	12.68055556	11.79722222
P	20/04/2010	0.213197222	0.236977778	0.257941667	0.294355556	0.269519444	14.45833333	13.825	13.71388889	12.95555556	11.98611111
P	21/04/2010	0.2072	0.232025	0.255875	0.294722222	0.269694444	14.10277778	13.71944444	13.84722222	13.21388889	12.20833333
P	22/04/2010	0.223222222	0.230602778	0.253722222	0.293755556	0.269333333	14.275	13.62222222	13.55833333	13.075	12.23055556
P	23/04/2010	0.260458333	0.254611111	0.268902778	0.299269444	0.272083333	13.54166667	13.47222222	13.85277778	13.43888889	12.43055556
P	24/04/2010	0.319105556	0.292072222	0.308813889	0.320683333	0.295288889	15.3	14.475	14.17777778	13.38611111	12.49444444
P	25/04/2010	0.31245	0.290513889	0.309119444	0.323280556	0.298377778	13.24444444	13.38333333	13.99166667	13.80555556	12.82777778
P	26/04/2010	0.312619444	0.290947222	0.310983333	0.325786111	0.302613889	11.32777778	11.42777778	12.20277778	12.88055556	12.51111111
P	27/04/2010	0.290508333	0.276136111	0.293105556	0.312294444	0.291680556	12.96944444	12.25277778	12.24444444	12.28888889	12.01111111
P	28/04/2010	0.264447222	0.260386111	0.280202778	0.307661111	0.2845	13.09722222	12.725	12.91111111	12.65555556	12.04444444
P	29/04/2010	0.252916667	0.25805	0.276958333	0.305855556	0.281238889	15.21944444	14.325	13.96111111	13.09444444	12.27777778
P	30/04/2010	0.300772222	0.286966667	0.300166667	0.314361111	0.285338889	16.475	15.89166667	15.59722222	14.21944444	12.91388889
P	1/5/2010	0.282236111	0.274797222	0.292397222	0.313602778	0.287436111	15.57222222	15.1	15.11666667	14.41666667	13.35555556
P	2/5/2010	0.259711111	0.262986111	0.281925	0.309963889	0.284158333	15.68333333	15.16388889	15.14444444	14.47777778	13.46666667
P	3/5/2010	0.243377778	0.255197222	0.275877778	0.307816667	0.282125	15.25555556	14.80833333	14.95277778	14.48055556	13.56111111
P	4/5/2010	0.228080556	0.2506	0.272344444	0.305877778	0.280147222	16.49444444	15.67777778	15.40555556	14.54444444	13.60833333
P	5/5/2010	0.2063	0.240905556	0.268041667	0.305588889	0.279613889	15.96944444	15.61944444	15.75833333	15.00277778	13.91388889
P	6/5/2010	0.190438889	0.227866667	0.259019444	0.302283333	0.278061111	14.12777778	14.00277778	14.51388889	14.575	13.87222222
P	7/5/2010	0.212011111	0.221480556	0.254025	0.2998	0.276144444	13.25833333	13.39444444	14.05833333	14.21944444	13.63611111
P	8/5/2010	0.215194444	0.215475	0.245905556	0.295180556	0.273597222	10.06111111	10.525	11.78333333	13.14722222	13.13333333
P	9/5/2010	0.209747222	0.215625	0.243158333	0.29105	0.269716667	10.91388889	10.68055556	11.27777778	12.15833333	12.31666667
P	10/5/2010	0.224883333	0.220094444	0.244219444	0.290897222	0.268147222	10.96388889	11.14722222	11.875	12.35833333	12.13333333
P	11/5/2010	0.303791667	0.282638889	0.299286111	0.313305556	0.294130556	10.68611111	10.53888889	11.11111111	11.85277778	11.89166667
P	12/5/2010	0.312941667	0.286861111	0.304519444	0.323083333	0.303058333	10.11944444	10.24166667	11.02777778	11.75833333	11.72777778
P	13/05/2010	0.316333333	0.291019444	0.305852778	0.319938889	0.304263889	11.16111111	10.80833333	11.10555556	11.48055556	11.47222222
P	14/05/2010	0.283597222	0.271961111	0.286419444	0.305077778	0.286516667	12.91666667	12.12777778	12.01944444	11.79166667	11.53888889
P	15/05/2010	0.262580556	0.263183333	0.280236111	0.304447222	0.282266667	14.11111111	13.51388889	13.4	12.69166667	11.98611111
P	16/05/2010	0.26165	0.269714286	0.278114286	0.3027	0.278971429	13.79285714	13.8	13.95714286	13.2	11.96428571
P	18/05/2010	0.20471	0.22663	0.27253	0.307905	0.282375	22.33	19.39	17.655	14.81	14.375
P	19/05/2010	0.219535938	0.237219792	0.239732292	0.240071875	0.218633333	17.17291667	16.48854167	16.05520833	14.81666667	13.81458333
P	20/05/2010	0.205839583	0.22558125	0.233203646	0.239913542	0.218893229	15.82421875	15.79635417	15.91484375	15.1578125	14.20208333
P	21/05/2010	0.204028125	0.222111458	0.2287	0.238164063	0.218195313	16.02838542	15.64036458	15.51640625	14.9078125	14.21848958
P	22/05/2010	0.203934896	0.220750521	0.226533854	0.237642708	0.217606771	16.890625	16.24817708	15.88020833	15.02473958	14.27473958
P	23/05/2010	0.207576042	0.223497917	0.228714583	0.239290625	0.217988542	20.65885417	19.38020833	18.2	16.0453125	14.75885417
P	24/05/2010	0.205808854	0.220769271	0.227440625	0.24146875	0.219926563	22.84479167	21.41666667	20.03776042	17.40390625	15.72838542
P	25/05/2010	0.197663542	0.211823958	0.219969271	0.241841667	0.221304167	22.89270833	21.92057292	20.9578125	18.55130208	16.70442708
P	26/05/2010	0.191330729	0.203726042	0.211203125	0.239774479	0.221619792	22.12057292	21.35963542	20.7296875	18.92369792	17.271875
P	27/05/2010	0.1854	0.195330208	0.199780729	0.234405208	0.219621875	21.39765625	20.71692708	20.24244792	18.81328125	17.42135417
P	28/05/2010	0.190500694	0.187017708	0.189339583	0.227442708	0.217029688	21.83923611	20.64921875	20.10833333	18.753125	17.47578125
P	29/05/2010	0.186620833	0.1826875	0.182388021	0.222017188	0.215348438	22.51388889	21.21510417	20.54114583	18.98098958	17.65442708
P	30/05/2010	0.18309375	0.179441146	0.175999479	0.21589375	0.213468229	23.35625	21.99713542	21.20130208	19.38776042	17.93697917
P	31/05/2010	0.177750694	0.174797396	0.16879375	0.211046875	0.211941146	22.49340278	21.41666667	20.97916667	19.57734375	18.21328125
P	1/6/2010	0.175659028	0.172779688	0.1622875	0.205857292	0.209779167	21.30555556	20.59453125	20.37682292	19.35859375	18.21692708
P	2/6/2010	0.228084028	0.196517708	0.166356771	0.203307813	0.207690625	21.34791667	20.56536458	20.27734375	19.23880208	18.15729167
P	3/6/2010	0.219479861	0.192067188	0.165344792	0.201838021	0.206980729	21.10868056	20.2953125	20.03072917	19.10651042	18.11145833
P	4/6/2010	0.265725	0.251816146	0.212439583	0.210113021	0.206240625	22.64513889	21.52734375	20.89270833	19.3953125	18.209375
P	5/6/2010	0.2750375	0.258513021	0.226139063	0.212714583	0.20725625	22.37708333	21.70703125	21.34348958	19.92916667	18.58151042
P	6/6/2010	0.263506944	0.25064375	0.220681771	0.210827083	0.207334375	21.23819444	20.56614583	20.51588542	19.73151042	18.66979167
P	7/6/2010	0.246016667	0.237535417	0.213273438	0.208789063	0.206409896	19.7625	19.60078125	19.83333333	19.41015625	18.51744792
P	8/6/2010	0.287465278	0.27481875	0.258658333	0.225515104	0.207379167	19.90972222	19.41145833	19.35572917	18.92708333	18.22317708
P	9/6/2010	0.290999306	0.280473438	0.27138125	0.235596354	0.20806875	21.26215278	20.34010417	19.9796875	19.05494792	18.16927083
P	10/6/2010	0.292465972	0.282520833	0.280291667	0.253240104	0.227039583	19.57604167	19.45911458	19.70364583	19.29296875	18.3828125
P	11/6/2010	0.312038194	0.299221354	0.295038542	0.268910938	0.244965625	21.91423611	20.7390625	20.09270833	19.05833333	18.24453125
P	12/6/2010	0.328029167	0.312469792	0.313077083	0.297436458	0.27521875	22.64097222	21.8203125	21.41536458	20.25572917	19.16171875
P	13/06/2010	0.33228125	0.314742708	0.312146875	0.305582813	0.283088542	20.97291667	20.73072917	20.80729167	20.36927083	19.49869792
P	14/06/2010	0.317670139	0.305874479	0.298932292	0.279504688	0.266459896	21.39270833	20.77265625	20.58984375	20.128125	19.27369792
P	15/06/2010	0.302873611	0.293366146	0.289239583	0.274178125	0.258396875	21.62986111	21.07473958	20.89817708	20.24296875	19.22578125
P	16/06/2010	0.288922222	0.280996875	0.279380729	0.268561979	0.252384896	21.50034722	20.78020833	20.57135417	20.08645833	19.17994792
P	17/06/2010	0.279610417	0.274215104	0.275105729	0.265839063	0.248749479	23.27430556	22.30546875	21.69192708	20.51119792	19.30572917
P	18/06/2010	0.329908333	0.311498958	0.301798958	0.277801563	0.257413542	22.290625	21.88984375	21.81041667	20.99166667	19.70703125
P	19/06/2010	0.320579167	0.304583333	0.300402083	0.27848125	0.259227604	22.30138889	21.64635417	21.41979167	20.790625	19.73619792
P	20/06/2010	0.306097222	0.292545313	0.288811979	0.272746875	0.253582292	22.25416667	21.77994792	21.60494792	20.92265625	19.79140625
P	21/06/2010	0.32304375	0.305735417	0.287476042	0.2690625	0.250922917	22.60034722	21.96901042	21.67578125	20.94166667	19.84348958
P	22/06/2010	0.3248125	0.308283854	0.293643229	0.267919792	0.249060938	23.95625	22.93515625	22.30859375	21.17734375	19.96848958
P	23/06/2010	0.334515278	0.317941667	0.308826563	0.272413021	0.251021354	24.41875	23.71432292	23.23203125	21.90755208	20.42083333
P	24/06/2010	0.314561111	0.301332813	0.298173958	0.273158333	0.252280729	23.11145833	22.57760417	22.44453125	21.80130208	20.60338542
P	25/06/2010	0.298320139	0.28858125	0.287943229	0.269308333	0.249473438	23.61944444	22.86614583	22.51067708	21.70598958	20.55572917
P	26/06/2010	0.3663	0.334759896	0.342436458	0.335705729	0.305663542	23.975	23.125	22.69583333	22.12213542	21.26067708
P	27/06/2010	0.367355556	0.331708854	0.338216667	0.330340104	0.303541667	23.90138889	23.38958333	23.17838542	22.61067708	21.60520833
P	28/06/2010	0.325847917	0.3055875	0.306510938	0.288113021	0.275217708	23.46006944	22.92890625	22.82604167	22.36015625	21.34453125
P	29/06/2010	0.301401389	0.289164583	0.292619271	0.280371875	0.264795313	22.378125	21.95182292	22.04869792	21.94348958	21.09270833
P	30/06/2010	0.283034722	0.275429688	0.282147917	0.274317708	0.258216667	21.95555556	21.52526042	21.58489583	21.52447917	20.75911458
P	1/7/2010	0.268009028	0.264352083	0.2731	0.270141146	0.253673438	22.65034722	22.06614583	21.85807292	21.45989583	20.584375
P	2/7/2010	0.253913194	0.250975	0.2621375	0.266666667	0.250451042	23.059375	22.42057292	22.14921875	21.60260417	20.62317708
P	3/7/2010	0.242985417	0.241032292	0.250132292	0.263264063	0.247790104	24.06284722	23.24010417	22.73697917	21.87057292	20.76692708
P	4/7/2010	0.276521528	0.269219792	0.269895833	0.277977604	0.261855729	23.31666667	23.06901042	22.98645833	22.35052083	21.128125
P	5/7/2010	0.340904861	0.322929688	0.3107625	0.287532813	0.270074479	22.60243056	22.30677083	22.26380208	22.03125	21.10442708
P	6/7/2010	0.328920833	0.310541667	0.302876042	0.281014583	0.262461458	23.55694444	22.90052083	22.54244792	21.94869792	20.978125
P	7/7/2010	0.312672917	0.300215625	0.295465625	0.27798125	0.258545833	23.6625	23.16015625	22.890625	22.21848958	21.10677083
P	8/7/2010	0.301127778	0.293532813	0.289414583	0.275302604	0.255900521	23.69965278	23.13776042	22.90989583	22.31796875	21.22630208
P	9/7/2010	0.277957292	0.284821354	0.281230729	0.271795313	0.2530625	23.85052083	22.87369792	22.68828125	22.24375	21.23255208
P	10/7/2010	0.266270833	0.269393229	0.271107292	0.268283333	0.250307292	23.75572917	22.78489583	22.61692708	22.19375	21.1984375
P	11/7/2010	0.256580208	0.255554688	0.260588021	0.265270313	0.248122917	23.47708333	22.71041667	22.60130208	22.22213542	21.2109375
P	12/7/2010	0.275911458	0.278630729	0.274289583	0.268573958	0.250950521	22.55260417	22.08098958	22.20130208	22.08072917	21.17630208
P	13/07/2010	0.301079167	0.306785417	0.294725521	0.272247917	0.2737375	23.44895833	22.4390625	22.1453125	21.81484375	21.11666667
P	14/07/2010	0.282407639	0.302077083	0.2920375	0.271611979	0.251099479	25.51493056	24.41901042	23.61536458	22.40989583	21.18645833
P	15/07/2010	0.287852778	0.303596875	0.286983333	0.27180625	0.273122222	25.26458333	24.67604167	24.26510417	23.17890625	21.82291667
P	16/07/2010	0.271902083	0.289140625	0.2772875	0.268982813	0.249882813	24.18194444	23.66067708	23.50442708	23.04817708	21.90234375
P	17/07/2010	0.259246528	0.280400521	0.269409375	0.266417708	0.247927083	25.06354167	24.31197917	23.86510417	23.07630208	21.89713542
P	18/07/2010	0.301163194	0.327670833	0.315279688	0.306067188	0.28728125	24.41319444	23.66484375	23.428125	23.06614583	22.10416667
P	19/07/2010	0.315133333	0.338986979	0.328981771	0.312257292	0.297149479	22.88576389	22.77265625	23.00572917	23.12734375	22.25260417
P	20/07/2010	0.307933333	0.326104688	0.313185938	0.291290104	0.277408854	23.26840278	22.85911458	22.78697917	22.68151042	21.90859375
P	21/07/2010	0.295099306	0.308463021	0.302740104	0.2844125	0.268084896	23.77361111	23.25911458	23.04635417	22.68567708	21.790625
P	22/07/2010	0.285608333	0.293388021	0.297476042	0.281393229	0.263644271	25.24479167	24.421875	23.896875	23.03307292	21.91848958
P	23/07/2010	0.301506944	0.304269792	0.295935417	0.280823958	0.262233333	25.74027778	25.07916667	24.61927083	23.60078125	22.28932292
P	24/07/2010	0.311055556	0.306809896	0.298950521	0.279838021	0.261772396	24.92222222	24.55833333	24.40703125	23.78151042	22.54557292
P	25/07/2010	0.294589583	0.288949479	0.293336458	0.276601042	0.25965625	23.77013889	23.51197917	23.56197917	23.41640625	22.44973958
P	26/07/2010	0.279340278	0.276098438	0.285370833	0.273322396	0.256738021	23.72881944	23.315625	23.25677083	23.1046875	22.22395833
P	27/07/2010	0.268179861	0.263080208	0.280214583	0.271715625	0.254636458	25.41423611	24.59869792	24.090625	23.2859375	22.21067708
P	28/07/2010	0.255047222	0.242033854	0.272955208	0.271619271	0.254259896	25.69513889	25.13802083	24.76197917	23.83125	22.54479167
P	29/07/2010	0.239575694	0.235908854	0.257415104	0.268079167	0.252858854	23.76840278	23.60052083	23.73619792	23.6328125	22.63255208
P	30/07/2010	0.281948611	0.283126563	0.296625521	0.301633333	0.283890625	23.04513889	22.84739583	22.96484375	23.1171875	22.43203125
P	31/07/2010	0.296295833	0.288188542	0.304958333	0.28775	0.27461875	23.78472222	23.26953125	23.10234375	22.9421875	22.21380208
P	1/8/2010	0.281934028	0.276536979	0.295482813	0.282442708	0.290446528	23.84201389	23.42005208	23.30859375	23.0609375	22.3375
P	2/8/2010	0.294308333	0.294485938	0.292022396	0.27941875	0.263372917	23.62847222	23.39401042	23.41067708	23.17265625	22.2390625
P	3/8/2010	0.318920833	0.322370833	0.331276042	0.307989583	0.292813542	24.78055556	24.1375	23.77734375	23.31770833	22.42916667
P	4/8/2010	0.32801875	0.345651563	0.346550521	0.331658333	0.311484375	24.97916667	24.60885417	24.44036458	24.02083333	23.06875
P	5/8/2010	0.304865278	0.324545313	0.317326042	0.29638125	0.283763542	24.07638889	23.90598958	23.94869792	23.77109375	22.86744792
P	6/8/2010	0.287646528	0.31036875	0.302544792	0.288002604	0.298795833	23.146875	23.028125	23.22161458	23.36041667	22.80972222
P	7/8/2010	0.313439583	0.340376042	0.33166875	0.313981771	0.323675	23.63819444	23.11875	22.99401042	22.96927083	22.48576389
P	8/8/2010	0.303991667	0.324111458	0.318556944	0.352826389	0.309035417	25.36736111	24.61328125	24.15052083	23.48723958	22.70972222
P	9/8/2010	0.334578472	0.370746875	0.370370139	0.446898611	0.351841146	24.75833333	24.40104167	24.38359375	24.36432292	23.68229167
P	10/8/2010	0.333684028	0.3534625	0.348675	0.377440972	0.360327083	25.75347222	25.20546875	24.87994792	24.33854167	23.56840278
P	11/8/2010	0.338875694	0.373873438	0.377090972	0.469852083	0.402339583	25.40416667	24.92734375	24.83932292	24.64739583	24.16145833
P	12/8/2010	0.313226389	0.3194625	0.335604688	0.315260938	0.316185417	26.44409722	25.92864583	25.57369792	24.86588542	23.7515625
P	13/08/2010	0.298210417	0.318540625	0.321291146	0.304166667	0.294230208	26.34930556	26.01484375	25.81015625	25.08463542	23.84244792
P	14/08/2010	0.287911806	0.312511458	0.311663542	0.298432292	0.285444792	25.83263889	25.53489583	25.39322917	24.94244792	23.87057292
P	15/08/2010	0.271984722	0.296165104	0.299302083	0.292910938	0.306763889	24.32361111	24.40755208	24.66041667	24.67265625	23.903125
P	16/08/2010	0.25526875	0.263688889	0.281835938	0.285353646	0.300200694	22.85069444	22.9453125	23.36614583	23.91901042	23.53263889
P	17/08/2010	0.272053472	0.278926389	0.277210417	0.280411458	0.295536806	22.25	22.46171875	22.93125	23.45885417	23.1125
P	18/08/2010	0.293539583	0.290361806	0.280723438	0.27703125	0.2913875	21.73055556	21.68046875	22.01901042	22.71223958	22.60277778
P	19/08/2010	0.283769444	0.283097917	0.279505729	0.275305208	0.287529861	23.11979167	22.73567708	22.64322917	22.65208333	22.29930556
P	20/08/2010	0.27691875	0.277361806	0.276267708	0.275444792	0.286372917	23.13020833	22.97395833	23.04192708	22.9796875	22.39861111
P	21/08/2010	0.275872222	0.273171528	0.273511979	0.274307292	0.285402778	24.20381944	23.65520833	23.34765625	22.99713542	22.41145833
P	22/08/2010	0.265130556	0.263844444	0.268005208	0.274036979	0.284956944	24.44652778	24.04270833	23.84921875	23.40286458	22.61840278
P	23/08/2010	0.252351389	0.251304167	0.258769792	0.272471354	0.284284028	24.19444444	23.70694444	23.85989583	23.56875	22.79201389
P	24/08/2010	0.2392	0.258041146	0.248133333	0.269373438	0.282663889	23.24409722	23.25807292	23.45234375	23.48828125	22.82395833
P	25/08/2010	0.224107639	0.237253646	0.231409375	0.262143229	0.279289583	20.90381944	21.15572917	21.784375	22.68541667	22.52881944
P	26/08/2010	0.214103472	0.223741146	0.217208333	0.254242708	0.273679167	20.14965278	20.25130208	20.81901042	21.84583333	21.93333333
P	27/08/2010	0.20986875	0.212461458	0.2095625	0.248533333	0.268504861	21.37743056	21.12916667	21.22942708	21.60364583	21.53020833
P	28/08/2010	0.203868056	0.199703125	0.200307292	0.243138542	0.2653125	21.42569444	20.88359375	21.37526042	21.67083333	21.45972222
P	29/08/2010	0.199586111	0.196002604	0.192211458	0.237391667	0.261782639	22.06458333	21.72447917	21.65208333	21.72604167	21.41805556
P	30/08/2010	0.197642361	0.188721875	0.187457292	0.232513021	0.258786111	23.34166667	22.86119792	22.55286458	22.16354167	21.57847222
P	31/08/2010	0.219892361	0.211467188	0.208165625	0.252742708	0.27359375	23.36736111	22.99453125	22.82369792	22.54947917	21.89895833
P	1/9/2010	0.314998611	0.318177604	0.326427604	0.335253125	0.348260417	22.48576389	22.23255208	22.30598958	22.5765625	22.20763889
P	2/9/2010	0.299606944	0.28088125	0.299720313	0.291288021	0.312827778	21.91527778	21.98776042	22.27161458	22.53828125	22.08784722
P	3/9/2010	0.287395833	0.279976042	0.288341146	0.283304688	0.301279861	19.62048611	20.01041667	20.74479167	21.81015625	21.765625
P	4/9/2010	0.270945139	0.2693375	0.274202083	0.274946875	0.290868056	18.23229167	18.61380208	19.40598958	20.81119792	21.13333333
P	5/9/2010	0.2604875	0.257023958	0.265100521	0.269191146	0.283271528	18.671875	18.740625	19.20546875	20.25494792	20.57361111
P	6/9/2010	0.256239583	0.245246875	0.258911458	0.265627604	0.278788194	19.74479167	19.58072917	19.71614583	20.24817708	20.32916667
P	7/9/2010	0.260666667	0.253173438	0.256723958	0.264010417	0.276677778	18.69756944	18.92213542	19.44661458	20.26041667	20.26875
P	8/9/2010	0.248778472	0.252175	0.245598958	0.259266146	0.272668056	17.47916667	17.70729167	18.35572917	19.63307292	19.94618056
P	9/9/2010	0.240466667	0.246263542	0.238445833	0.256049479	0.268663889	18.31944444	18.3734375	18.69791667	19.46171875	19.640625
P	10/9/2010	0.240156944	0.255827604	0.236791667	0.2564875	0.266830556	18.41180556	18.4359375	18.740625	19.44140625	19.53576389
P	11/9/2010	0.251748611	0.269116667	0.245025	0.256121354	0.266814583	18.65104167	18.621875	18.8515625	19.42682292	19.45625
P	12/9/2010	0.243102083	0.258414583	0.238036979	0.253110417	0.264885417	17.80347222	17.88828125	18.30338542	19.20182292	19.35243056
P	13/09/2010	0.236578472	0.251205729	0.232332292	0.250490625	0.262655556	18.44097222	18.40755208	18.63072917	19.20286458	19.23229167
P	14/09/2010	0.231092361	0.247227083	0.226960938	0.249091146	0.261923611	18.36527778	18.33333333	18.57734375	19.19947917	19.19895833
P	15/09/2010	0.226808333	0.239227604	0.224302604	0.248131771	0.260930556	18.89166667	18.74713542	18.84583333	19.26380208	19.18472222
P	16/09/2010	0.219853472	0.235206771	0.219348438	0.246813542	0.260406944	18.09131944	18.37526042	18.81666667	19.40729167	19.27048611
P	17/09/2010	0.213768056	0.2275375	0.210773958	0.242975521	0.258417361	17.25173611	17.26145833	17.68151042	18.76223958	19.00729167
P	18/09/2010	0.228369444	0.23190625	0.215173958	0.245192188	0.256345139	16.81701389	17.23203125	17.8640625	18.78515625	18.84548611
P	19/09/2010	0.266530556	0.284844271	0.238413542	0.253970313	0.260209028	14.90208333	15.33854167	16.20546875	17.88984375	18.42916667
P	20/09/2010	0.277397917	0.279713542	0.246001042	0.252549479	0.261634028	17.1625	16.80182292	16.7609375	17.50755208	17.91631944
P	21/09/2010	0.298645139	0.295038542	0.298885417	0.311739583	0.311415278	18.65138889	18.54895833	18.5484375	18.67916667	18.54166667
P	22/09/2010	0.302385417	0.303697917	0.300699479	0.284223438	0.301761111	18.92708333	18.76510417	18.75416667	18.96536458	18.75659722
P	23/09/2010	0.302820139	0.303285417	0.307795833	0.307600521	0.311395833	19.70902778	19.50859375	19.42109375	19.41770833	19.08194444
P	24/09/2010	0.303222222	0.3119625	0.310190104	0.298441667	0.316085417	17.99583333	18.34270833	18.85	19.52578125	19.33159722
P	25/09/2010	0.303422222	0.314147396	0.310255729	0.311866667	0.317752083	15.16979167	15.71223958	16.58255208	18.07473958	18.296875
P	26/09/2010	0.294847917	0.313772917	0.292279688	0.279845313	0.297492361	14.20833333	14.56484375	15.38958333	17.13619792	17.72430556
P	27/09/2010	0.280789583	0.294626563	0.278415625	0.268782292	0.281421528	13.67881944	14.02005208	14.80755208	16.53541667	17.2
P	28/09/2010	0.275248611	0.286373958	0.273714063	0.264357813	0.274299306	15.31597222	15.25598958	15.50052083	16.47552083	16.93194444
P	29/09/2010	0.26688125	0.275914063	0.267679167	0.261689063	0.270381944	15.23715278	15.26640625	15.60859375	16.60859375	16.92708333
P	30/09/2010	0.258274306	0.248811458	0.262827604	0.259347396	0.266958333	15.71770833	15.79635417	16.07890625	16.80078125	16.94444444
P	1/10/2010	0.248522917	0.243048958	0.254075521	0.256335938	0.264531944	14.70555556	14.89375	15.42682292	16.60885417	16.92673611
P	2/10/2010	0.239834722	0.238336458	0.247667188	0.2538375	0.261586806	14.27881944	14.69244792	15.31536458	16.45494792	16.76631944
P	3/10/2010	0.229506944	0.247645313	0.236509375	0.249611979	0.258156944	11.70972222	12.41588542	13.55546875	15.63177083	16.39652778
P	4/10/2010	0.223463194	0.242066146	0.228851042	0.244985938	0.253222222	11.1	11.59869792	12.60182292	14.71692708	15.703125
P	5/10/2010	0.219457639	0.238009375	0.224469271	0.2421875	0.249427778	11.43680556	11.696875	12.43203125	14.24036458	15.16875
P	6/10/2010	0.217747222	0.227696875	0.222820833	0.240957292	0.246970139	12.88368056	12.82135417	13.11276042	14.28125	14.92708333
P	7/10/2010	0.213011806	0.208620833	0.218964063	0.240478646	0.2465875	12.38090278	12.66354167	13.25416667	14.51484375	14.98888889
P	8/10/2010	0.210554861	0.20573125	0.215117708	0.239153646	0.245420833	13.15138889	13.04661458	13.32369792	14.41510417	14.90763889
P	9/10/2010	0.209799306	0.206152083	0.215948438	0.239794271	0.245273611	14.94583333	14.69713542	14.62109375	14.9859375	15.07118056
P	10/10/2010	0.207431944	0.202497917	0.213804688	0.240384896	0.246386806	14.84652778	14.79296875	14.94114583	15.44791667	15.41770833
P	11/10/2010	0.2059375	0.200123611	0.211572396	0.240366667	0.247004167	14.88784722	14.82942708	15.00494792	15.61015625	15.61145833
P	12/10/2010	0.215254167	0.20835625	0.214199479	0.240064583	0.247176389	14.82326389	14.81588542	15.04609375	15.70286458	15.703125
P	13/10/2010	0.234754167	0.22005	0.219967188	0.239856771	0.246845139	13.62638889	13.96614583	14.53541667	15.596875	15.71423611
P	14/10/2010	0.230980556	0.213729167	0.214510417	0.2373125	0.24484375	11.95104167	12.40442708	13.23203125	14.89713542	15.41180556
P	15/10/2010	0.229926389	0.212654861	0.212717708	0.235532292	0.2424875	11.89340278	12.24609375	12.93932292	14.42265625	14.98263889
P	16/10/2010	0.229572222	0.212510417	0.211763542	0.234496354	0.240533333	12.44722222	12.52005208	12.9203125	14.16041667	14.70277778
P	17/10/2010	0.226922222	0.210372222	0.210650521	0.234232292	0.239664583	11.70451389	12.09114583	12.75755208	14.1234375	14.58819444
P	18/10/2010	0.224914583	0.208575694	0.209006771	0.233303125	0.238436111	11.47569444	11.81796875	12.44322917	13.84114583	14.37708333
P	19/10/2010	0.185284211	0.203657895	0.220335088	0.289745614	0.327189474	9.294736842	10.21052632	11.70350877	14	14.68157895
P	7/11/2010	0.202511111	0.214091667	0.204683333	0.264475	0.285977778	9.777777778	9.225	8.75	9.2	9.911111111
P	8/11/2010	0.199441667	0.204944444	0.205770833	0.266391667	0.286966667	9.252777778	8.989583333	9.008333333	9.785416667	10.20277778
P	9/11/2010	0.197519444	0.205547222	0.207814583	0.268425	0.288380556	9.913888889	9.614583333	9.670833333	10.41041667	10.64166667
P	10/11/2010	0.197594444	0.208116667	0.211729167	0.270339583	0.289886111	11.42222222	11.04583333	10.875	11.14375	11.07222222
P	11/11/2010	0.191361111	0.203544444	0.209077083	0.27135625	0.291419444	9.45	9.745833333	10.30208333	11.40416667	11.47777778
P	12/11/2010	0.243086111	0.2517	0.243035417	0.290597917	0.304063889	7.394444444	8.010416667	8.972916667	10.8	11.26944444
P	13/11/2010	0.283788889	0.29655	0.282016667	0.320745833	0.332436111	5.469444444	6.002083333	6.885416667	9.027083333	10.16111111
P	14/11/2010	0.263933333	0.267266667	0.257952083	0.2901625	0.313211111	4.369444444	5.0125	6.09375	8.585416667	9.811111111
P	15/11/2010	0.256802778	0.259169444	0.250435417	0.284272917	0.305291667	4.319444444	4.73125	5.625	7.964583333	9.244444444
P	16/11/2010	0.255141667	0.257094444	0.247947917	0.2819375	0.301241667	5.044444444	5.320833333	6	7.895833333	8.938888889
P	17/11/2010	0.252411111	0.254583333	0.246075	0.280858333	0.299275	5.041666667	5.445833333	6.15	7.9625	8.855555556
P	18/11/2010	0.247580556	0.250213889	0.242189583	0.2793375	0.297530556	4.1	4.645833333	5.54375	7.658333333	8.675
P	19/11/2010	0.244416667	0.247533333	0.23911875	0.277516667	0.295975	3.75	4.225	5.058333333	7.2375	8.361111111
P	20/11/2010	0.240144444	0.244136111	0.235704167	0.276004167	0.294475	2.586111111	3.322916667	4.460416667	6.885416667	8.069444444
P	21/11/2010	0.241319444	0.245613889	0.2358875	0.274716667	0.292694444	4.547222222	4.58125	4.985416667	6.666666667	7.725
P	22/11/2010	0.240186111	0.244758333	0.235585417	0.275160417	0.292577778	4.280555556	4.710416667	5.391666667	7.064583333	7.836111111
P	23/11/2010	0.236166667	0.240086111	0.23095625	0.27380625	0.291888889	2.05	2.854166667	4.052083333	6.56875	7.691666667
P	24/11/2010	0.233322222	0.2360875	0.226541667	0.271475	0.258791667	1.052777778	1.81875	3.020833333	5.729166667	6.7375
P	25/11/2010	0.231002778	0.234902083	0.224997917	0.270075	0.257052083	0.891666667	1.554166667	2.629166667	5.210416667	6.227083333
P	26/11/2010	0.187463889	0.231941667	0.221985417	0.269295833	0.286308333	0.316666667	0.958333333	2.070833333	4.735416667	6.213888889
P	27/11/2010	0.210477778	0.2291125	0.221625	0.268104167	0.284758333	0.538888889	1.03125	1.95625	4.4125	5.838888889
P	28/11/2010	0.222469444	0.229445833	0.22175	0.2673	0.284122222	1.202777778	1.508333333	2.19375	4.314583333	5.627777778
P	29/11/2010	0.224652778	0.235655556	0.224420833	0.268189583	0.28415	3.361111111	3.258333333	3.4625	4.74375	5.691666667
P	30/11/2010	0.221805556	0.228041667	0.22340625	0.268964583	0.284508333	1.655555556	2.36875	3.358333333	5.214583333	6.016666667
P	1/4/2011	0.230930556	0.231822222	0.216652083	0.27201875	0.287722222	7.338888889	6.83125	6.36875	6.1875	5.555555556
P	2/4/2011	0.225852778	0.229166667	0.2157125	0.272491667	0.288416667	7.475	6.979166667	6.6375	6.639583333	5.994444444
P	3/4/2011	0.225672222	0.231777778	0.21903125	0.27358125	0.289072222	10.35	9.295833333	8.29375	7.404166667	6.444444444
P	4/4/2011	0.217883333	0.227202778	0.21818125	0.275091667	0.290422222	8.675	8.71875	8.6625	8.397916667	7.25
P	5/4/2011	0.212672222	0.221577778	0.212270833	0.27335	0.290572222	7.611111111	7.285416667	7.216666667	7.779166667	7.291666667
P	6/4/2011	0.213652778	0.224491667	0.216025	0.273691667	0.289975	10.50555556	9.635416667	8.854166667	8.245833333	7.4
P	7/4/2011	0.216477778	0.225861111	0.21635625	0.274466667	0.290880556	8.791666667	8.770833333	8.827083333	8.854166667	7.930555556
P	8/4/2011	0.266277778	0.2659	0.2510375	0.28675625	0.298852778	9.033333333	8.75	8.55625	8.675	8.002777778
P	9/4/2011	0.255827778	0.256061111	0.241472917	0.28410625	0.301552778	11.6	10.55416667	9.635416667	9.002083333	8.161111111
P	10/4/2011	0.254775	0.259480556	0.247733333	0.286241667	0.301916667	15.86388889	14.57708333	12.975	10.75416667	9.027777778
P	11/4/2011	0.238688889	0.248561111	0.240827083	0.287016667	0.303438889	13.13611111	12.89375	12.49791667	11.68333333	10.09444444
P	12/4/2011	0.231163889	0.242213889	0.234822917	0.284885417	0.302738889	12.84722222	12.29166667	11.8	11.36875	10.25555556
P	13/04/2011	0.227055556	0.240833333	0.23509375	0.284733333	0.302358333	13.96944444	13.35625	12.69375	11.78541667	10.50277778
P	14/04/2011	0.225088889	0.234847222	0.230379167	0.284658333	0.302477778	11.775	12.02916667	12.14166667	12.01875	10.86666667
P	15/04/2011	0.261836111	0.259911111	0.243585417	0.292433333	0.306483333	8.175	8.96875	9.758333333	10.97083333	10.56666667
P	16/04/2011	0.273572222	0.275233333	0.25950625	0.300772917	0.320761111	7.205555556	7.466666667	7.920833333	9.435416667	9.675
P	17/04/2011	0.251136111	0.254097222	0.24081875	0.288585417	0.310747222	7.977777778	8.010416667	8.1	8.952083333	9.047222222
P	18/04/2011	0.267872222	0.264711111	0.24470625	0.287114583	0.306388889	7.677777778	7.960416667	8.2125	8.997916667	8.875
P	19/04/2011	0.274338889	0.274377778	0.258116667	0.2968625	0.3153	5.797222222	6.48125	7.175	8.575	8.661111111
P	20/04/2011	0.260272222	0.259808333	0.245570833	0.289477083	0.312013889	6.172222222	6.214583333	6.4	7.689583333	8.075
P	21/04/2011	0.247008333	0.24955	0.235997917	0.284822917	0.305266667	5.719444444	6.110416667	6.5125	7.666666667	7.841666667
P	22/04/2011	0.259358333	0.253616667	0.233170833	0.28233125	0.301616667	7.105555556	7.022916667	6.983333333	7.66875	7.705555556
P	23/04/2011	0.261138889	0.258175	0.238964583	0.28248125	0.300786111	8.111111111	7.920833333	7.722916667	8.04375	7.852777778
P	24/04/2011	0.2512	0.252413889	0.236264583	0.282025	0.300491667	8.625	8.279166667	8.0125	8.297916667	8.038888889
P	25/04/2011	0.256166667	0.259986111	0.242945833	0.286535417	0.302419444	9.080555556	9.016666667	8.870833333	8.90625	8.355555556
P	26/04/2011	0.292991667	0.295986111	0.275914583	0.306170833	0.322808333	9.463888889	9.31875	9.164583333	9.270833333	8.722222222
P	27/04/2011	0.265947222	0.268230556	0.25334375	0.292535417	0.314361111	8.977777778	8.916666667	8.866666667	9.241666667	8.833333333
P	28/04/2011	0.252972222	0.257886111	0.244489583	0.288077083	0.308891667	9.597222222	9.233333333	8.952083333	9.170833333	8.816666667
P	29/04/2011	0.24315	0.252955556	0.241229167	0.286560417	0.306261111	10.27777778	9.91875	9.6	9.554166667	8.988888889
P	30/04/2011	0.242397222	0.255022222	0.243620833	0.287070833	0.305383333	13.69722222	12.65208333	11.5625	10.43125	9.430555556
P	1/5/2011	0.231891667	0.248630556	0.2401125	0.28775	0.306025	12.10833333	11.86041667	11.59791667	11.225	10.17222222
P	2/5/2011	0.223252778	0.242263889	0.235554167	0.286377083	0.305313889	11.86388889	11.44375	11.16875	11.08958333	10.33055556
P	3/5/2011	0.21625	0.236922222	0.232820833	0.28545	0.304611111	11.92777778	11.48333333	11.20416667	11.15208333	10.42222222
P	4/5/2011	0.209577778	0.232536111	0.2305625	0.284979167	0.303966667	11.80555556	11.49166667	11.32291667	11.3	10.54722222
P	5/5/2011	0.206830556	0.232005556	0.23134375	0.285110417	0.303755556	13.60277778	12.92708333	12.29583333	11.70208333	10.76666667
P	6/5/2011	0.203527778	0.228616667	0.2293875	0.2854875	0.303922222	13.57777778	12.975	12.45416667	12.0375	11.1
P	7/5/2011	0.202222222	0.229038889	0.231947917	0.286327083	0.304411111	16.18888889	14.96875	13.86041667	12.67708333	11.46666667
P	8/5/2011	0.196916667	0.227322222	0.234427083	0.28843125	0.305725	17.40555556	16.3875	15.375	13.8375	12.22777778
P	9/5/2011	0.194552778	0.227247222	0.2368375	0.290666667	0.307736111	20.04166667	18.58333333	17.10625	14.99583333	13.05277778
P	10/5/2011	0.188273333	0.224453333	0.238385	0.293265	0.3097	19.74	19.27	18.435	16.21	13.83333333
P	16/05/2011	0.260680769	0.240420192	0.263815385	0.300709615	0.323176923	17.31666667	15.81634615	14.525	14.02211538	13.48076923
P	17/05/2011	0.243097917	0.226277083	0.257257813	0.299144271	0.320513194	15.40833333	15.00104167	14.60104167	14.4546875	13.61527778
P	18/05/2011	0.231867361	0.215765104	0.251990104	0.297582813	0.318018056	16.24513889	15.6875	15.184375	14.83854167	13.82708333
P	19/05/2011	0.22009375	0.207884375	0.248479167	0.297278125	0.317081944	17.10138889	16.54010417	15.96354167	15.39166667	14.17083333
P	20/05/2011	0.272634722	0.263021354	0.286752083	0.318349479	0.336434028	17.10277778	16.78489583	16.38541667	15.99791667	14.71388889
P	21/05/2011	0.294941667	0.286280729	0.297420833	0.318160417	0.340275694	19.39583333	18.52395833	17.46041667	16.36302083	14.97222222
P	22/05/2011	0.273329861	0.26281875	0.280353646	0.311630208	0.334328472	18.92361111	18.59791667	18.03020833	17.1515625	15.56597222
P	23/05/2011	0.253079167	0.245297917	0.270480729	0.307584896	0.328978472	20.18194444	19.3421875	18.44270833	17.37083333	15.8625
P	24/05/2011	0.259244444	0.25475	0.277629167	0.309523438	0.328902083	19.75694444	19.35833333	18.83229167	18.01302083	16.30138889
P	25/05/2011	0.306538889	0.309144792	0.316598438	0.342436458	0.355754861	16.89861111	17.1921875	17.49479167	18.03229167	16.92638889
P	26/05/2011	0.27414375	0.265706771	0.280363542	0.314485417	0.339654167	16.56736111	16.27760417	16.1859375	16.86458333	16.17569444
P	27/05/2011	0.252188889	0.244498438	0.267668229	0.308478125	0.331408333	15.32986111	15.60416667	15.871875	16.6171875	15.81736111
P	28/05/2011	0.245281944	0.237264063	0.26058125	0.304360417	0.326688194	15.87291667	15.70677083	15.54583333	16.09895833	15.43958333
P	29/05/2011	0.240277083	0.230753125	0.256238542	0.30235625	0.323858333	16.04652778	15.89166667	15.72552083	16.11822917	15.32777778
P	30/05/2011	0.239320139	0.231001042	0.256970313	0.301583854	0.322084028	19.7625	18.709375	17.51510417	16.60052083	15.41597222
P	31/05/2011	0.220826389	0.214923958	0.252344271	0.302482292	0.322127083	20.79791667	20.05677083	19.08072917	17.85	16.15972222
P	1/6/2011	0.202827083	0.193566667	0.240823438	0.30085	0.321572222	20.01041667	19.44947917	18.83958333	18.225	16.69027778
P	2/6/2011	0.19325	0.182485938	0.232070313	0.298747396	0.320516667	21.09097222	20.37395833	19.546875	18.63541667	17.00208333
P	3/6/2011	0.187641667	0.173514063	0.222889583	0.296754167	0.319884028	23.04583333	21.87552083	20.6359375	19.24479167	17.43402778
P	4/6/2011	0.176572917	0.158027604	0.208620833	0.293488021	0.319365278	22.78263889	22.09114583	21.27291667	20.04583333	18.06597222
P	5/6/2011	0.170742361	0.147023438	0.193649479	0.286811458	0.317493056	22.91180556	21.93489583	21.05572917	20.10052083	18.34097222
P	6/6/2011	0.167709722	0.141133333	0.18324375	0.279801042	0.314716667	24.58680556	23.3546875	22.175	20.67083333	18.70138889
P	7/6/2011	0.163013194	0.134107813	0.171586458	0.271141667	0.311131944	25.41041667	24.17604167	22.97760417	21.34895833	19.21944444
P	8/6/2011	0.158463194	0.128853125	0.162464063	0.261549479	0.306830556	25.61666667	24.5546875	23.50208333	21.93020833	19.74097222
P	9/6/2011	0.207030556	0.180747396	0.179852083	0.26406875	0.308967361	20.58402778	20.96822917	21.3375	21.59322917	19.92777778
P	10/6/2011	0.293251389	0.30756875	0.297938021	0.334616146	0.356491667	18.42152778	18.3125	18.48333333	19.5953125	18.95486111
P	11/6/2011	0.270185417	0.269707813	0.27059375	0.310694271	0.341474306	20.01180556	19.44270833	19.0796875	19.3828125	18.55902778
P	12/6/2011	0.250931944	0.247517188	0.25984375	0.306879688	0.334395833	19.03472222	19.05260417	19.11041667	19.50677083	18.47361111
P	13/06/2011	0.264445833	0.260413021	0.262269271	0.304282813	0.330791667	17.85625	17.90625	18.05625	18.90885417	18.17847222
P	14/06/2011	0.290741667	0.293238542	0.291169271	0.320440625	0.345434722	18.57291667	18.25833333	18.06979167	18.5734375	17.84930556
P	15/06/2011	0.287820139	0.290113021	0.287454688	0.315068229	0.343216667	20.15416667	19.53229167	18.97447917	18.84791667	17.83819444
P	16/06/2011	0.257504167	0.256184375	0.268813021	0.309825	0.336355556	20.53611111	19.903125	19.3546875	19.1796875	18.05
P	17/06/2011	0.24063125	0.240896354	0.261214063	0.307085938	0.332788194	22.01388889	21.19739583	20.4078125	19.74895833	18.35694444
P	18/06/2011	0.227535417	0.228434896	0.255240104	0.306225	0.331854861	21.95625	21.50625	20.98020833	20.38020833	18.82152778
P	19/06/2011	0.219101389	0.218058854	0.248294792	0.3039125	0.330563889	22.50277778	21.66875	20.96822917	20.44427083	19.01388889
P	20/06/2011	0.26733125	0.257855208	0.248358854	0.303004167	0.329704861	22.95625	22.28541667	21.6375	20.93229167	19.33611111
P	21/06/2011	0.297560417	0.308794271	0.301981771	0.330666667	0.357104167	21.45972222	21.25052083	21.15364583	21.26666667	19.99305556
P	22/06/2011	0.284594444	0.287747917	0.28371875	0.316652083	0.344931944	20.06180556	20.13697917	20.253125	20.7296875	19.64861111
P	23/06/2011	0.280113889	0.281102604	0.280232813	0.313161458	0.340427778	19.11597222	19.115625	19.2265625	20	19.2125
P	24/06/2011	0.263910417	0.262191146	0.269891146	0.308854688	0.336075694	19.79722222	19.36510417	19.10520833	19.54635417	18.81180556
P	25/06/2011	0.270689583	0.260807292	0.262903125	0.306645313	0.333215278	19.25833333	19.18072917	19.175	19.63489583	18.73611111
P	26/06/2011	0.280286111	0.275433333	0.269054688	0.308656771	0.333652083	20.22430556	19.696875	19.31354167	19.47083333	18.61597222
P	27/06/2011	0.292241667	0.301827083	0.297106771	0.322520833	0.349981944	21.07152778	20.4875	20.01822917	19.8859375	18.81805556
P	28/06/2011	0.263443056	0.267030729	0.275776563	0.312782813	0.340077083	21.02847222	20.51302083	20.13125	20.059375	18.96180556
P	29/06/2011	0.244240278	0.248433854	0.266385417	0.309085938	0.335376389	21.99652778	21.22239583	20.615625	20.27395833	19.1
P	30/06/2011	0.228309722	0.234268229	0.260021354	0.307029167	0.332808333	24.39791667	23.19114583	22.10208333	20.99322917	19.46458333
P	1/7/2011	0.21025	0.214370833	0.249841667	0.305715104	0.332056944	25.71736111	24.571875	23.47291667	22.05572917	20.16180556
P	2/7/2011	0.195522917	0.192198438	0.234795833	0.302815104	0.331250694	24.91111111	24.22760417	23.56510417	22.63541667	20.76180556
P	3/7/2011	0.18649375	0.178104167	0.221922396	0.299195313	0.329996528	22.72708333	22.55208333	22.4640625	22.44375	20.91736111
P	4/7/2011	0.183974306	0.172332813	0.213515625	0.294571354	0.327244444	23.03055556	22.38072917	21.9453125	21.89791667	20.65
P	5/7/2011	0.178120139	0.163300521	0.204204688	0.289878646	0.3244875	22.85138889	22.346875	22.00677083	21.92239583	20.60277778
P	6/7/2011	0.17665	0.159554688	0.197751042	0.285579688	0.321892361	23.65902778	22.86145833	22.26796875	21.92760417	20.58055556
P	7/7/2011	0.173120139	0.154061979	0.190759375	0.281052604	0.319386806	23.94861111	23.20260417	22.64322917	22.20520833	20.74652778
P	8/7/2011	0.169222222	0.147538542	0.181806771	0.275269271	0.316202083	23.87083333	23.13177083	22.62916667	22.2875	20.87638889
P	9/7/2011	0.167248611	0.144090104	0.174690625	0.269017708	0.312544444	24.47708333	23.6125	22.9546875	22.44479167	20.99027778
P	10/7/2011	0.16555625	0.141581771	0.170011979	0.263610938	0.309823611	24.97569444	24.0984375	23.38020833	22.73697917	21.19166667
P	11/7/2011	0.183886111	0.14194375	0.168122917	0.259628125	0.307610417	25.48958333	24.63645833	23.88020833	23.09635417	21.45
P	12/7/2011	0.177206944	0.139355729	0.165486979	0.257285938	0.306985417	23.97986111	23.63385417	23.39739583	23.20052083	21.66527778
P	13/07/2011	0.171863194	0.137448958	0.162014063	0.253264063	0.305052778	23.775	23.17135417	22.8109375	22.78645833	21.51875
P	14/07/2011	0.166961111	0.136048958	0.159586458	0.249040104	0.302466667	23.71041667	23.13385417	22.74895833	22.67395833	21.42916667
P	15/07/2011	0.166392361	0.137932813	0.159207292	0.245485417	0.299820833	25.07986111	24.175	23.43802083	22.85833333	21.45069444
P	16/07/2011	0.165853472	0.138648438	0.159086979	0.243664583	0.298402778	25.76597222	24.88177083	24.09947917	23.35364583	21.75069444
P	17/07/2011	0.166715972	0.139851563	0.158827604	0.241210417	0.2966875	26.85277778	25.78697917	24.846875	23.83072917	22.07916667
P	18/07/2011	0.165659722	0.138595313	0.156628646	0.237225521	0.294138194	27.59166667	26.48541667	25.5125	24.378125	22.48541667
P	19/07/2011	0.163744444	0.136377083	0.153689583	0.232798438	0.291283333	28.04722222	26.9734375	26.02395833	24.859375	22.90208333
P	20/07/2011	0.161007639	0.132640104	0.149617708	0.227773438	0.287840278	27.99166667	27.003125	26.17083333	25.16302083	23.22847222
P	21/07/2011	0.176086111	0.127248438	0.144867188	0.223755208	0.285156944	26.05625	25.75416667	25.49583333	25.16197917	23.40902778
P	22/07/2011	0.258756944	0.222067188	0.171491146	0.229561979	0.286648611	25.82708333	25.21979167	24.74635417	24.56510417	23.15069444
P	23/07/2011	0.273635417	0.25218125	0.184307292	0.229354688	0.285251389	25.74305556	25.29791667	24.90677083	24.63072917	23.10416667
P	24/07/2011	0.272365972	0.259396354	0.201933333	0.228013021	0.284197917	25.99583333	25.390625	24.87395833	24.53333333	23.06944444
P	25/07/2011	0.253000694	0.237421875	0.198979688	0.227003125	0.283533333	26.16666667	25.57291667	25.059375	24.64479167	23.14097222
P	26/07/2011	0.233566667	0.215781771	0.192908333	0.226005208	0.282902778	26.46111111	25.76197917	25.19427083	24.72083333	23.21805556
P	27/07/2011	0.217327778	0.199121354	0.188361979	0.225703125	0.282907639	27.03402778	26.31822917	25.68697917	25.021875	23.40138889
P	28/07/2011	0.231697917	0.189423958	0.18338125	0.225600521	0.283216667	26.12847222	25.7515625	25.4515625	25.16145833	23.57222222
P	29/07/2011	0.234835417	0.188225521	0.1791125	0.224198958	0.282871528	25.35486111	24.99322917	24.73541667	24.74635417	23.44791667
P	30/07/2011	0.221768056	0.181829688	0.175440104	0.222696875	0.281883333	25.42083333	24.87447917	24.51145833	24.4734375	23.25972222
P	31/07/2011	0.206308333	0.173055729	0.172260417	0.221901042	0.280973611	26.03958333	25.35052083	24.83645833	24.5453125	23.22222222
P	1/8/2011	0.192885417	0.1642125	0.168810938	0.221123438	0.280291667	26.65486111	25.8984375	25.28333333	24.77864583	23.34166667
P	2/8/2011	0.182449306	0.155623438	0.164867708	0.221316667	0.279733333	27.02708333	26.30208333	25.69947917	25.1078125	23.53888889
P	3/8/2011	0.173977778	0.145845833	0.158858854	0.218329688	0.278535417	26.43472222	25.88020833	25.46197917	25.14791667	23.69236111
P	4/8/2011	0.220102778	0.203708333	0.191132813	0.222765625	0.276713889	23.92291667	23.9328125	24.12864583	24.6828125	23.57847222
P	5/8/2011	0.283399306	0.283323958	0.247166146	0.243547396	0.276523611	24.02916667	23.76510417	23.63020833	24.03125	23.11736111
P	6/8/2011	0.282242361	0.285821875	0.266391667	0.269408333	0.282588889	24.49236111	24.040625	23.734375	23.921875	22.94375
P	7/8/2011	0.26435625	0.263461458	0.257088542	0.2681625	0.283920139	24.96180556	24.43385417	24.0484375	24.03177083	22.94166667
P	8/8/2011	0.268638194	0.262745833	0.250761979	0.266666667	0.2841625	24.40902778	24.0859375	23.89947917	24.06197917	23
P	9/8/2011	0.251869444	0.245275	0.24393125	0.264544792	0.283728472	23.89583333	23.61510417	23.5140625	23.82708333	22.89444444
P	10/8/2011	0.232565278	0.224605729	0.232100521	0.261408333	0.28264375	22.33541667	22.31354167	22.5171875	23.33072917	22.65
P	11/8/2011	0.217558333	0.207319792	0.220999479	0.25753125	0.280647917	21.81736111	21.62916667	21.75572917	22.6671875	22.19583333
P	12/8/2011	0.205565278	0.1948125	0.213171354	0.254766667	0.279227778	22.28541667	21.9625	21.8734375	22.45833333	21.87291667
P	13/08/2011	0.195507639	0.182563542	0.20546875	0.252497917	0.278484722	22.11111111	21.84739583	21.81614583	22.37916667	21.75208333
P	14/08/2011	0.187126389	0.171122396	0.196999479	0.249553125	0.27750625	22.10416667	21.70677083	21.6140625	22.17760417	21.59583333
P	15/08/2011	0.179530556	0.161136458	0.188727083	0.246407292	0.276642361	22.31944444	21.85416667	21.69739583	22.14010417	21.5
P	16/08/2011	0.200536806	0.157466667	0.182990104	0.244102083	0.275932639	22	21.734375	21.69270833	22.18697917	21.47986111
P	17/08/2011	0.210890278	0.161784375	0.183018229	0.242935938	0.275489583	23.21805556	22.60520833	22.18072917	22.240625	21.45486111
P	18/08/2011	0.200619444	0.15775625	0.178966667	0.242126563	0.275627083	22.53888889	22.19791667	22.08020833	22.41302083	21.57430556
P	19/08/2011	0.217261806	0.158029688	0.176305208	0.240590104	0.27518125	22.60208333	22.16458333	21.971875	22.32291667	21.53541667
P	20/08/2011	0.203565972	0.156844271	0.17443125	0.238969792	0.275011111	22.7625	22.3703125	22.171875	22.40364583	21.55277778
P	21/08/2011	0.191892361	0.153807292	0.170839583	0.237317188	0.274609028	22.69027778	22.27708333	22.0875	22.3796875	21.5625
P	22/08/2011	0.183259028	0.15065	0.167585938	0.235430208	0.274115972	22.91388889	22.39114583	22.11614583	22.35625	21.54722222
P	23/08/2011	0.179342361	0.150017188	0.166994271	0.234650521	0.274089583	24.20208333	23.45625	22.89270833	22.67291667	21.66388889
P	24/08/2011	0.172949306	0.144382292	0.163282813	0.232821875	0.274240972	23.56388889	23.18229167	22.94427083	22.98177083	21.90138889
P	25/08/2011	0.164877083	0.134694792	0.154539063	0.228402083	0.273034722	21.92152778	21.753125	21.8703125	22.571875	21.80555556
P	26/08/2011	0.160977083	0.129647917	0.149267188	0.224613021	0.271034028	21.23333333	21.13541667	21.29010417	22.10885417	21.49791667
P	27/08/2011	0.160681944	0.128894792	0.147096875	0.221947917	0.269356944	21.82986111	21.45416667	21.3171875	21.840625	21.21875
P	28/08/2011	0.155752778	0.123247917	0.142289063	0.2191625	0.268124306	20.2875	20.30833333	20.58958333	21.59270833	21.06666667
P	29/08/2011	0.155888889	0.122330208	0.139832813	0.216111979	0.266075	20.77708333	20.465625	20.40885417	21.18541667	20.71458333
P	30/08/2011	0.202861806	0.164792708	0.150858854	0.214344271	0.264922917	20.01875	20.06041667	20.26354167	21.16302083	20.61736111
P	31/08/2011	0.243275	0.197153125	0.172000521	0.213313542	0.264039583	21.20069444	20.62916667	20.31666667	20.8625	20.35277778
P	1/9/2011	0.230449306	0.188378125	0.173440104	0.214259375	0.263304167	23.08472222	22.3296875	21.74270833	21.5390625	20.57361111
P	2/9/2011	0.214077778	0.176503646	0.171720313	0.21636875	0.265175694	23.76805556	23.14375	22.59166667	22.25885417	21.05347222
P	3/9/2011	0.2854125	0.267231771	0.2255	0.225708333	0.266531944	22.49930556	22.39479167	22.3421875	22.54635417	21.39027778
P	4/9/2011	0.26561875	0.261286458	0.23525625	0.23766875	0.265830556	20.34861111	20.53020833	20.88333333	21.92864583	21.21736111
P	5/9/2011	0.245215972	0.236620313	0.220740625	0.233471354	0.264220139	18.69444444	18.940625	19.44791667	20.96302083	20.67291667
P	6/9/2011	0.231709028	0.219513542	0.210686458	0.229570833	0.262228472	17.53194444	17.7859375	18.334375	20.05833333	20.02361111
P	7/9/2011	0.221110417	0.206668229	0.203426563	0.226627083	0.260122917	17.17708333	17.296875	17.72239583	19.3609375	19.39583333
P	8/9/2011	0.21135	0.197442708	0.198048438	0.224688542	0.258710417	17.60069444	17.48489583	17.66197917	19.01197917	18.96805556
P	9/9/2011	0.202481944	0.19064375	0.194622396	0.223972396	0.258311111	18.83055556	18.49947917	18.37916667	19.1734375	18.85972222
P	10/9/2011	0.192073611	0.180247917	0.188370313	0.223395833	0.258555556	18.81180556	18.5734375	18.553125	19.371875	18.94166667
P	11/9/2011	0.183806944	0.170854167	0.181849479	0.222453125	0.258743056	19.04027778	18.74479167	18.6734375	19.4375	18.95625
P	12/9/2011	0.177463889	0.161659375	0.17620625	0.221685938	0.258695833	19.57291667	19.22552083	19.05208333	19.62239583	19.02569444
P	13/09/2011	0.170836111	0.151273438	0.169407292	0.220652083	0.258820833	19.02847222	18.96354167	19.03854167	19.7890625	19.13611111
P	14/09/2011	0.163790278	0.140195313	0.159789063	0.218066667	0.258291667	17.02916667	17.33958333	17.84479167	19.29791667	18.97013889
P	15/09/2011	0.157376389	0.129838021	0.150026042	0.21399375	0.256217361	14.80069444	15.28229167	16.1	18.2703125	18.40625
P	16/09/2011	0.15539375	0.126031771	0.145523958	0.210827083	0.253920833	14.38472222	14.75833333	15.41354167	17.45	17.70347222
P	17/09/2011	0.155646528	0.103410417	0.11953125	0.197936806	0.231755208	14.50972222	14.73611111	15.04583333	16.52083333	17.278125
P	18/09/2011	0.192879861	0.110179861	0.119419444	0.196884722	0.230910417	15.24305556	15.28402778	15.36736111	16.45486111	16.99791667
P	19/09/2011	0.221544444	0.144510417	0.122966667	0.196997917	0.230754167	16.65694444	16.45763889	16.19583333	16.72569444	17.00416667
P	20/09/2011	0.212621528	0.141888889	0.123319444	0.197042361	0.2312625	16.30555556	16.33958333	16.33125	17.05	17.21875
P	21/09/2011	0.20578125	0.135714583	0.121851389	0.19616875	0.231211458	15.69236111	15.87986111	16.04652778	17.00625	17.234375
P	22/09/2011	0.197554861	0.126974306	0.11886875	0.194715278	0.230780208	14.3	14.74166667	15.15555556	16.54166667	16.97916667
P	23/09/2011	0.190969444	0.120979167	0.115136806	0.192835417	0.229565625	13.24930556	13.63472222	14.08541667	15.76319444	16.47604167
P	24/09/2011	0.185767361	0.117713194	0.113029861	0.191425694	0.22846875	12.84027778	13.19791667	13.63472222	15.25555556	16.0125
P	25/09/2011	0.181584722	0.115677778	0.111550694	0.190213194	0.227735417	12.74027778	12.99513889	13.33402778	14.87569444	15.63645833
P	26/09/2011	0.179599306	0.115954861	0.112252083	0.189904861	0.227301042	13.61736111	13.65972222	13.73472222	14.87013889	15.453125
P	27/09/2011	0.17825625	0.117364583	0.114180556	0.190452778	0.227565625	14.87430556	14.71527778	14.52361111	15.19583333	15.51875
P	28/09/2011	0.176488889	0.116859722	0.116605556	0.191345833	0.228325	16.28541667	15.98333333	15.59166667	15.80069444	15.84583333
P	29/09/2011	0.170325694	0.113338194	0.115317361	0.1917625	0.22923125	15.55694444	15.63541667	15.65069444	16.25138889	16.23333333
P	30/09/2011	0.164897917	0.108720833	0.111848611	0.190370139	0.229178125	14.85763889	15.01388889	15.13125	16.04027778	16.221875
P	1/10/2011	0.158730556	0.102443056	0.106769444	0.188600694	0.228513542	12.95416667	13.40902778	13.90555556	15.45347222	15.95729167
P	2/10/2011	0.156204861	0.099324306	0.103390972	0.186552778	0.227128125	12.55347222	12.80833333	13.15277778	14.73055556	15.409375
P	3/10/2011	0.155202778	0.098491667	0.102575	0.185602083	0.226253125	13.03194444	13.12916667	13.28888889	14.53125	15.090625
P	4/10/2011	0.154661806	0.098347222	0.102411111	0.185178472	0.2259	13.81111111	13.71736111	13.67083333	14.61458333	15.00833333
P	5/10/2011	0.1548375	0.099120139	0.103979861	0.185653472	0.22614375	15.02013889	14.85555556	14.62152778	15.09236111	15.1875
P	6/10/2011	0.153171528	0.0979375	0.103139583	0.185584028	0.226628125	15.00763889	14.90416667	14.77222222	15.40555556	15.43958333
P	7/10/2011	0.154415972	0.099668056	0.104602778	0.185870833	0.227046875	16.47430556	16.12013889	15.67986111	15.825	15.678125
P	8/10/2011	0.155025	0.100811111	0.106148611	0.186813194	0.228001042	17.48958333	17.14861111	16.64166667	16.51805556	16.13125
P	9/10/2011	0.152743056	0.098677083	0.105130556	0.187035417	0.228985417	16.97361111	16.89097222	16.6625	16.89652778	16.53020833
P	10/10/2011	0.150741667	0.096019444	0.103479167	0.186525	0.229230208	16.39791667	16.45625	16.38472222	16.89027778	16.65
P	11/10/2011	0.149529167	0.094013194	0.101471528	0.185707639	0.228933333	15.78958333	15.83611111	15.82222222	16.58888889	16.54895833
P	12/10/2011	0.168561806	0.103271528	0.102044444	0.185004167	0.228723958	15.80694444	15.87152778	15.83333333	16.53263889	16.465625
P	13/10/2011	0.202919298	0.115631579	0.104884211	0.184721053	0.228578947	14.92631579	15.33157895	15.55789474	16.47368421	16.45