ApsimVersion = 7.6
Title = PFnew soilco2
           Date  soil_root_co2
   (dd/mm/yyyy)             ()
     05/05/2008          0.000
     06/05/2008         18.224
     07/05/2008         18.531
     08/05/2008         16.157
     09/05/2008         14.695
     10/05/2008         12.492
     11/05/2008         14.806
     12/05/2008         12.512
     13/05/2008         11.143
     14/05/2008         10.867
     15/05/2008         10.807
     16/05/2008         11.868
     17/05/2008         12.817
     18/05/2008         14.956
     19/05/2008         14.885
     20/05/2008         14.657
     21/05/2008         13.937
     22/05/2008         13.710
     23/05/2008         13.760
     24/05/2008         15.119
     25/05/2008         14.254
     26/05/2008         18.977
     27/05/2008         20.152
     28/05/2008         13.962
     29/05/2008         13.578
     30/05/2008         11.500
     31/05/2008         14.219
     01/06/2008         16.509
     02/06/2008         17.339
     03/06/2008         16.306
     04/06/2008         13.554
     05/06/2008         15.426
     06/06/2008         14.783
     07/06/2008         16.239
     08/06/2008         18.359
     09/06/2008         15.505
     10/06/2008         15.963
     11/06/2008         16.758
     12/06/2008         14.338
     13/06/2008         16.296
     14/06/2008         17.111
     15/06/2008         18.130
     16/06/2008         16.591
     17/06/2008         14.215
     18/06/2008         14.547
     19/06/2008         15.725
     20/06/2008         16.995
     21/06/2008         17.959
     22/06/2008         21.164
     23/06/2008         18.354
     24/06/2008         13.304
     25/06/2008         14.739
     26/06/2008         16.255
     27/06/2008         15.016
     28/06/2008         17.093
     29/06/2008         15.473
     30/06/2008         12.772
     01/07/2008         12.210
     02/07/2008         13.442
     03/07/2008         15.163
     04/07/2008         15.977
     05/07/2008         15.929
     06/07/2008         16.156
     07/07/2008         17.030
     08/07/2008         22.943
     09/07/2008         21.014
     10/07/2008         20.487
     11/07/2008         20.529
     12/07/2008         19.822
     13/07/2008         18.585
     14/07/2008         15.931
     15/07/2008         13.904
     16/07/2008         15.390
     17/07/2008         16.664
     18/07/2008         17.382
     19/07/2008         18.538
     20/07/2008         15.245
     21/07/2008         18.226
     22/07/2008         15.366
     23/07/2008         17.461
     24/07/2008         17.413
     25/07/2008         14.203
     26/07/2008         16.228
     27/07/2008         17.266
     28/07/2008         14.672
     29/07/2008         17.496
     30/07/2008         16.581
     31/07/2008         18.517
     01/08/2008         19.396
     02/08/2008         19.333
     03/08/2008         15.876
     04/08/2008         16.392
     05/08/2008         17.547
     06/08/2008         16.947
     07/08/2008         16.475
     08/08/2008         17.094
     09/08/2008         17.413
     10/08/2008         18.283
     11/08/2008         18.465
     12/08/2008         17.966
     13/08/2008         20.638
     14/08/2008         21.111
     15/08/2008         21.426
     16/08/2008         21.476
     17/08/2008         21.519
     18/08/2008         21.682
     19/08/2008         21.096
     20/08/2008         20.320
     21/08/2008         20.771
     22/08/2008         20.727
     23/08/2008         22.886
     24/08/2008         21.980
     25/08/2008         20.772
     26/08/2008         20.772
     27/08/2008         20.935
     28/08/2008         23.968
     29/08/2008         27.069
     30/08/2008         27.025
     31/08/2008         28.030
     01/09/2008         28.757
     02/09/2008         29.763
     03/09/2008         27.049
     04/09/2008         21.229
     05/09/2008         19.977
     06/09/2008         19.937
     07/09/2008         18.590
     08/09/2008         19.406
     09/09/2008         16.702
     10/09/2008         17.608
     11/09/2008         22.386
     12/09/2008         27.207
     13/09/2008         25.733
     14/09/2008         26.055
     15/09/2008         20.957
     16/09/2008         21.120
     17/09/2008         24.351
     18/09/2008         26.745
     19/09/2008         27.317
     20/09/2008         26.524
     21/09/2008         26.153
     22/09/2008         25.026
     23/09/2008         25.961
     24/09/2008         31.126
     25/09/2008         30.089
     26/09/2008         29.276
     27/09/2008         30.247
     28/09/2008         29.497
     29/09/2008         25.924
     30/09/2008         25.165
     01/10/2008         20.234
     02/10/2008          9.075
     03/10/2008          8.597
     04/10/2008          7.855
     05/10/2008          8.796
     06/10/2008          9.581
     07/10/2008         15.407
     08/10/2008         10.695
     09/10/2008         11.085
     10/10/2008         11.303
     11/10/2008         11.936
     12/10/2008         13.220
     13/10/2008         13.752
     14/10/2008         12.108
     15/10/2008          9.025
     16/10/2008          8.009
     17/10/2008          7.406
     18/10/2008          6.946
     19/10/2008          7.437
     20/10/2008         11.512
     21/10/2008          8.832
     22/10/2008          6.312
     23/10/2008          6.324
     24/10/2008          5.834
     25/10/2008          4.964
     26/10/2008          5.579
     27/10/2008          5.219
     28/10/2008          3.813
     29/10/2008          3.534
     30/10/2008          4.519
     31/10/2008          7.496
     01/11/2008          9.608
     02/11/2008          8.050
     03/11/2008         10.603
     04/11/2008         11.367
     05/11/2008         11.575
     06/11/2008         12.379
     07/11/2008          7.465
     08/11/2008          4.889
     09/11/2008          3.902
     10/11/2008          3.020
     11/11/2008          3.031
     12/11/2008          2.868
     13/11/2008          3.098
     14/11/2008          4.155
     15/11/2008          3.098
     16/11/2008          2.455
     17/11/2008          2.233
     18/11/2008          1.998
     19/11/2008          1.729
     20/11/2008          1.724
     21/11/2008          1.462
     22/11/2008          1.235
     23/11/2008          1.094
     24/11/2008          1.061
     25/11/2008          1.127
     26/11/2008          1.042
     27/11/2008          1.009
     28/11/2008          1.011
     29/11/2008          1.051
     30/11/2008          0.978
     01/12/2008          0.915
     02/12/2008          0.828
     03/12/2008          0.755
     04/12/2008          0.717
     05/12/2008          0.663
     06/12/2008          0.602
     07/12/2008          0.561
     08/12/2008          0.528
     09/12/2008          0.492
     10/12/2008          0.466
     11/12/2008          0.445
     12/12/2008          0.422
     13/12/2008          0.408
     14/12/2008          0.503
     15/12/2008          0.406
     16/12/2008          0.393
     17/12/2008          0.354
     18/12/2008          0.310
     19/12/2008          0.272
     20/12/2008          0.243
     21/12/2008          0.223
     22/12/2008          0.209
     23/12/2008          0.193
     24/12/2008          0.172
     25/12/2008          0.155
     26/12/2008          0.144
     27/12/2008          0.329
     28/12/2008          0.134
     29/12/2008          0.136
     30/12/2008          0.144
     31/12/2008          0.156
     01/01/2009          0.166
     02/01/2009          0.167
     03/01/2009          0.166
     04/01/2009          0.170
     05/01/2009          0.172
     06/01/2009          0.168
     07/01/2009          0.161
     08/01/2009          0.157
     09/01/2009          0.154
     10/01/2009          0.148
     11/01/2009          0.143
     12/01/2009          0.136
     13/01/2009          0.129
     14/01/2009          0.124
     15/01/2009          0.116
     16/01/2009          0.101
     17/01/2009          0.085
     18/01/2009          0.072
     19/01/2009          0.064
     20/01/2009          0.060
     21/01/2009          0.059
     22/01/2009          0.060
     23/01/2009          0.061
     24/01/2009          0.062
     25/01/2009          0.064
     26/01/2009          0.062
     27/01/2009          0.058
     28/01/2009          0.054
     29/01/2009          0.051
     30/01/2009          0.048
     31/01/2009          0.046
     01/02/2009          0.044
     02/02/2009          0.044
     03/02/2009          0.045
     04/02/2009          0.046
     05/02/2009          0.046
     06/02/2009          0.044
     07/02/2009          0.078
     08/02/2009          0.173
     09/02/2009          0.045
     10/02/2009          0.544
     11/02/2009          1.986
     12/02/2009          0.326
     13/02/2009          0.319
     14/02/2009          0.171
     15/02/2009          0.143
     16/02/2009          0.132
     17/02/2009          0.124
     18/02/2009          0.131
     19/02/2009          0.135
     20/02/2009          0.125
     21/02/2009          0.115
     22/02/2009          0.110
     23/02/2009          0.103
     24/02/2009          0.095
     25/02/2009          0.163
     26/02/2009          0.371
     27/02/2009          0.144
     28/02/2009          0.126
     01/03/2009          0.116
     02/03/2009          0.108
     03/03/2009          0.099
     04/03/2009          0.094
     05/03/2009          0.181
     06/03/2009          2.532
     07/03/2009          1.739
     08/03/2009          0.474
     09/03/2009          0.402
     10/03/2009          0.379
     11/03/2009          0.227
     12/03/2009          0.191
     13/03/2009          0.166
     14/03/2009          0.152
     15/03/2009          0.347
     16/03/2009          0.890
     17/03/2009          3.009
     18/03/2009          2.896
     19/03/2009          2.007
     20/03/2009          1.112
     21/03/2009          1.249
     22/03/2009          3.001
     23/03/2009          3.546
     24/03/2009          5.726
     25/03/2009          2.997
     26/03/2009          2.307
     27/03/2009          1.703
     28/03/2009          1.230
     29/03/2009          0.959
     30/03/2009          1.089
     31/03/2009          2.393
     01/04/2009          1.634
     02/04/2009          1.345
     03/04/2009          1.205
     04/04/2009          1.251
     05/04/2009          3.490
     06/04/2009          1.620
     07/04/2009          1.305
     08/04/2009          1.113
     09/04/2009          1.373
     10/04/2009          1.361
     11/04/2009          2.248
     12/04/2009          2.793
     13/04/2009          2.616
     14/04/2009          2.214
     15/04/2009          3.339
     16/04/2009          3.931
     17/04/2009          5.266
     18/04/2009          5.713
     19/04/2009          6.843
     20/04/2009          4.620
     21/04/2009          3.669
     22/04/2009          4.357
     23/04/2009          5.905
     24/04/2009          7.773
     25/04/2009          8.830
     26/04/2009          9.276
     27/04/2009          9.637
     28/04/2009          6.247
     29/04/2009          6.002
     30/04/2009          6.896
     01/05/2009          8.422
     02/05/2009          8.139
     03/05/2009          8.920
     04/05/2009         10.806
     05/05/2009         12.295
     06/05/2009         14.597
     07/05/2009         14.379
     08/05/2009         14.781
     09/05/2009         14.617
     10/05/2009         12.070
     11/05/2009         11.540
     12/05/2009         12.328
     13/05/2009         17.016
     14/05/2009         17.810
     15/05/2009         13.698
     16/05/2009         14.610
     17/05/2009         11.054
     18/05/2009         10.884
     19/05/2009         20.718
     20/05/2009         25.628
     21/05/2009         26.199
     22/05/2009         25.020
     23/05/2009         24.495
     24/05/2009         29.260
     25/05/2009         27.870
     26/05/2009         24.436
     27/05/2009         22.741
     28/05/2009         18.319
     29/05/2009         21.293
     30/05/2009         23.993
     31/05/2009         25.008
     01/06/2009         24.374
     02/06/2009         27.534
     03/06/2009         25.635
     04/06/2009         23.310
     05/06/2009         25.205
     06/06/2009         26.761
     07/06/2009         27.929
     08/06/2009         27.461
     09/06/2009         24.886
     10/06/2009         22.214
     11/06/2009         25.964
     12/06/2009         27.672
     13/06/2009         28.296
     14/06/2009         27.915
     15/06/2009         27.131
     16/06/2009         29.052
     17/06/2009         29.907
     18/06/2009         30.873
     19/06/2009         34.732
     20/06/2009         33.420
     21/06/2009         33.639
     22/06/2009         36.211
     23/06/2009         37.814
     24/06/2009         38.763
     25/06/2009         36.041
     26/06/2009         38.617
     27/06/2009         38.186
     28/06/2009         38.222
     29/06/2009         35.668
     30/06/2009         34.408
     01/07/2009         32.220
     02/07/2009         31.966
     03/07/2009         32.141
     04/07/2009         32.172
     05/07/2009         32.183
     06/07/2009         42.326
     07/07/2009         34.449
     08/07/2009         35.606
     09/07/2009         34.501
     10/07/2009         33.890
     11/07/2009         35.767
     12/07/2009         35.701
     13/07/2009         34.827
     14/07/2009         35.190
     15/07/2009         37.558
     16/07/2009         36.409
     17/07/2009         31.922
     18/07/2009         28.281
     19/07/2009         30.785
     20/07/2009         29.981
     21/07/2009         29.923
     22/07/2009         32.000
     23/07/2009         31.152
     24/07/2009         31.059
     25/07/2009         30.659
     26/07/2009         29.450
     27/07/2009         29.151
     28/07/2009         29.510
     29/07/2009         28.855
     30/07/2009         26.959
     31/07/2009         27.299
     01/08/2009         26.634
     02/08/2009         24.928
     03/08/2009         26.467
     04/08/2009         29.212
     05/08/2009         26.711
     06/08/2009         24.828
     07/08/2009         25.032
     08/08/2009         28.884
     09/08/2009         28.948
     10/08/2009         28.746
     11/08/2009         28.028
     12/08/2009         27.772
     13/08/2009         28.122
     14/08/2009         27.063
     15/08/2009         25.417
     16/08/2009         23.712
     17/08/2009         23.414
     18/08/2009         21.958
     19/08/2009         20.823
     20/08/2009         23.623
     21/08/2009         20.875
     22/08/2009         17.206
     23/08/2009         15.331
     24/08/2009         19.081
     25/08/2009         19.708
     26/08/2009         24.509
     27/08/2009          8.147
     28/08/2009         30.214
     29/08/2009         31.829
     30/08/2009         20.571
     31/08/2009         18.232
     01/09/2009         19.018
     02/09/2009         17.477
     03/09/2009         17.310
     04/09/2009         16.939
     05/09/2009         17.587
     06/09/2009         18.721
     07/09/2009         17.924
     08/09/2009         18.652
     09/09/2009         19.253
     10/09/2009         18.617
     11/09/2009         18.267
     12/09/2009         19.274
     13/09/2009         18.921
     14/09/2009         17.731
     15/09/2009         17.377
     16/09/2009         17.395
     17/09/2009         17.890
     18/09/2009         16.633
     19/09/2009         16.923
     20/09/2009         16.709
     21/09/2009         17.755
     22/09/2009         17.613
     23/09/2009         21.912
     24/09/2009         15.862
     25/09/2009         23.409
     26/09/2009         19.024
     27/09/2009         18.535
     28/09/2009         19.646
     29/09/2009         13.053
     30/09/2009         11.635
     01/10/2009         10.886
     02/10/2009          2.984
     03/10/2009         13.374
     04/10/2009          8.844
     05/10/2009          8.968
     06/10/2009         10.453
     07/10/2009         13.782
     08/10/2009          9.317
     09/10/2009          9.371
     10/10/2009          9.330
     11/10/2009          3.199
     12/10/2009          1.101
     13/10/2009          0.854
     14/10/2009          1.590
     15/10/2009          1.247
     16/10/2009          2.874
     17/10/2009          3.398
     18/10/2009          2.804
     19/10/2009          1.967
     20/10/2009          3.867
     21/10/2009          3.357
     22/10/2009          3.967
     23/10/2009          9.454
     24/10/2009          5.949
     25/10/2009          4.288
     26/10/2009          5.567
     27/10/2009          7.325
     28/10/2009          6.178
     29/10/2009          5.697
     30/10/2009          7.420
     31/10/2009          9.715
     01/11/2009          8.269
     02/11/2009          6.972
     03/11/2009          8.110
     04/11/2009          7.921
     05/11/2009          5.410
     06/11/2009          6.201
     07/11/2009          5.781
     08/11/2009          7.022
     09/11/2009          7.873
     10/11/2009          8.193
     11/11/2009          7.936
     12/11/2009          7.428
     13/11/2009          6.593
     14/11/2009          6.933
     15/11/2009          7.358
     16/11/2009          6.774
     17/11/2009          5.363
     18/11/2009          5.917
     19/11/2009          5.690
     20/11/2009          5.362
     21/11/2009          4.921
     22/11/2009          4.817
     23/11/2009          4.247
     24/11/2009          5.724
     25/11/2009          6.310
     26/11/2009          7.346
     27/11/2009          4.669
     28/11/2009          3.612
     29/11/2009          3.423
     30/11/2009          4.224
     01/12/2009          3.010
     02/12/2009          2.953
     03/12/2009          5.949
     04/12/2009          2.453
     05/12/2009          2.014
     06/12/2009          1.660
     07/12/2009          1.382
     08/12/2009          1.199
     09/12/2009          1.039
     10/12/2009          0.891
     11/12/2009          0.774
     12/12/2009          0.644
     13/12/2009          0.501
     14/12/2009          0.390
     15/12/2009          0.322
     16/12/2009          0.291
     17/12/2009          0.277
     18/12/2009          0.251
     19/12/2009          0.214
     20/12/2009          0.188
     21/12/2009          0.177
     22/12/2009          0.176
     23/12/2009          0.183
     24/12/2009          0.196
     25/12/2009          0.216
     26/12/2009          0.249
     27/12/2009          0.281
     28/12/2009          0.296
     29/12/2009          0.286
     30/12/2009          0.261
     31/12/2009          0.236
     01/01/2010          0.206
     02/01/2010          0.180
     03/01/2010          0.161
     04/01/2010          0.140
     05/01/2010          0.120
     06/01/2010          0.104
     07/01/2010          0.089
     08/01/2010          0.076
     09/01/2010          0.065
     10/01/2010          0.058
     11/01/2010          0.055
     12/01/2010          0.051
     13/01/2010          0.047
     14/01/2010          0.044
     15/01/2010          0.043
     16/01/2010          0.044
     17/01/2010          0.047
     18/01/2010          0.053
     19/01/2010          0.062
     20/01/2010          0.074
     21/01/2010          0.089
     22/01/2010          0.107
     23/01/2010          0.129
     24/01/2010          0.165
     25/01/2010          0.275
     26/01/2010          0.269
     27/01/2010          0.293
     28/01/2010          0.311
     29/01/2010          0.309
     30/01/2010          0.295
     31/01/2010          0.271
     01/02/2010          0.236
     02/02/2010          0.203
     03/02/2010          0.172
     04/02/2010          0.150
     05/02/2010          0.138
     06/02/2010          0.129
     07/02/2010          0.123
     08/02/2010          0.125
     09/02/2010          0.137
     10/02/2010          0.151
     11/02/2010          0.160
     12/02/2010          0.155
     13/02/2010          0.141
     14/02/2010          0.126
     15/02/2010          0.115
     16/02/2010          0.109
     17/02/2010          0.109
     18/02/2010          0.110
     19/02/2010          0.112
     20/02/2010          0.114
     21/02/2010          0.113
     22/02/2010          0.113
     23/02/2010          0.116
     24/02/2010          0.120
     25/02/2010          0.124
     26/02/2010          0.122
     27/02/2010          0.115
     28/02/2010          0.103
     01/03/2010          0.092
     02/03/2010          0.084
     03/03/2010          0.080
     04/03/2010          0.082
     05/03/2010          0.086
     06/03/2010          0.092
     07/03/2010          0.098
     08/03/2010          0.107
     09/03/2010          0.328
     10/03/2010          0.394
     11/03/2010          0.443
     12/03/2010          0.876
     13/03/2010          1.033
     14/03/2010          1.190
     15/03/2010          1.178
     16/03/2010          3.165
     17/03/2010          3.282
     18/03/2010          2.035
     19/03/2010          4.943
     20/03/2010          5.630
     21/03/2010          1.931
     22/03/2010          1.493
     23/03/2010          1.663
     24/03/2010          2.512
     25/03/2010          3.643
     26/03/2010          3.357
     27/03/2010          2.073
     28/03/2010          1.915
     29/03/2010          2.933
     30/03/2010          2.874
     31/03/2010          2.990
     01/04/2010          5.475
     02/04/2010          6.110
     03/04/2010          6.284
     04/04/2010         15.997
     05/04/2010          9.086
     06/04/2010         10.377
     07/04/2010         10.113
     08/04/2010         15.666
     09/04/2010          7.057
     10/04/2010          6.586
     11/04/2010          9.628
     12/04/2010          9.062
     13/04/2010         10.868
     14/04/2010         10.873
     15/04/2010         10.261
     16/04/2010         14.045
     17/04/2010         27.845
     18/04/2010         12.926
     19/04/2010         10.482
     20/04/2010         10.738
     21/04/2010         11.540
     22/04/2010         11.004
     23/04/2010         16.679
     24/04/2010         14.950
     25/04/2010         12.490
     26/04/2010         16.757
     27/04/2010         10.924
     28/04/2010          9.152
     29/04/2010         10.403
     30/04/2010         10.758
     01/05/2010         16.330
     02/05/2010         16.741
     03/05/2010         14.634
     04/05/2010         14.795
     05/05/2010         12.451
     06/05/2010         17.666
     07/05/2010         15.353
     08/05/2010         12.859
     09/05/2010         11.319
     10/05/2010          8.900
     11/05/2010          9.016
     12/05/2010          9.496
     13/05/2010          9.780
     14/05/2010          7.132
     15/05/2010          9.708
     16/05/2010         12.100
     17/05/2010         14.780
     18/05/2010         15.261
     19/05/2010         16.350
     20/05/2010         14.700
     21/05/2010         15.369
     22/05/2010         15.270
     23/05/2010         19.948
     24/05/2010         23.472
     25/05/2010         25.706
     26/05/2010         23.300
     27/05/2010         25.129
     28/05/2010         24.739
     29/05/2010         24.352
     30/05/2010         24.314
     31/05/2010         25.089
     01/06/2010         27.370
     02/06/2010         27.162
     03/06/2010         30.746
     04/06/2010         29.498
     05/06/2010         28.949
     06/06/2010         31.541
     07/06/2010         29.792
     08/06/2010         29.051
     09/06/2010         29.974
     10/06/2010         34.380
     11/06/2010         29.120
     12/06/2010         28.949
     13/06/2010         28.603
     14/06/2010         30.390
     15/06/2010         27.298
     16/06/2010         26.700
     17/06/2010         27.128
     18/06/2010         27.758
     19/06/2010         29.687
     20/06/2010         27.765
     21/06/2010         28.037
     22/06/2010         28.196
     23/06/2010         33.580
     24/06/2010         38.497
     25/06/2010         36.522
     26/06/2010         35.959
     27/06/2010         37.362
     28/06/2010         37.459
     29/06/2010         34.914
     30/06/2010         34.402
     01/07/2010         34.001
     02/07/2010         34.446
     03/07/2010         34.830
     04/07/2010         34.568
     05/07/2010         36.518
     06/07/2010         37.614
     07/07/2010         39.713
     08/07/2010         39.291
     09/07/2010         37.159
     10/07/2010         37.209
     11/07/2010         37.691
     12/07/2010         36.811
     13/07/2010         37.888
     14/07/2010         38.058
     15/07/2010         36.170
     16/07/2010         43.141
     17/07/2010         39.810
     18/07/2010         39.605
     19/07/2010         42.090
     20/07/2010         39.319
     21/07/2010         36.286
     22/07/2010         36.223
     23/07/2010         37.947
     24/07/2010         41.406
     25/07/2010         41.524
     26/07/2010         37.263
     27/07/2010         37.882
     28/07/2010         39.906
     29/07/2010         43.048
     30/07/2010         38.553
     31/07/2010         37.264
     01/08/2010         39.457
     02/08/2010         38.888
     03/08/2010         39.439
     04/08/2010         39.441
     05/08/2010         40.526
     06/08/2010         40.572
     07/08/2010         36.279
     08/08/2010         37.648
     09/08/2010         39.420
     10/08/2010         40.609
     11/08/2010         38.134
     12/08/2010         39.120
     13/08/2010         40.508
     14/08/2010         43.989
     15/08/2010         43.749
     16/08/2010         42.928
     17/08/2010         39.619
     18/08/2010         39.903
     19/08/2010         37.170
     20/08/2010         43.110
     21/08/2010         39.830
     22/08/2010         40.390
     23/08/2010         42.437
     24/08/2010         42.948
     25/08/2010         41.859
     26/08/2010         38.851
     27/08/2010         36.373
     28/08/2010         36.428
     29/08/2010         38.090
     30/08/2010         37.687
     31/08/2010         38.735
     01/09/2010         39.992
     02/09/2010         40.458
     03/09/2010         40.112
     04/09/2010         35.088
     05/09/2010         31.284
     06/09/2010         30.890
     07/09/2010         35.441
     08/09/2010         36.999
     09/09/2010         31.943
     10/09/2010         31.037
     11/09/2010         34.796
     12/09/2010         34.157
     13/09/2010         33.049
     14/09/2010         35.754
     15/09/2010         35.886
     16/09/2010         34.542
     17/09/2010         35.525
     18/09/2010         27.077
     19/09/2010         32.496
     20/09/2010         14.080
     21/09/2010         24.295
     22/09/2010         36.261
     23/09/2010         12.896
     24/09/2010         36.869
     25/09/2010         37.040
     26/09/2010         33.242
     27/09/2010         19.625
     28/09/2010         25.481
     29/09/2010         23.928
     30/09/2010         28.556
     01/10/2010         31.706
     02/10/2010         29.030
     03/10/2010         28.229
     04/10/2010         15.781
     05/10/2010          8.794
     06/10/2010         19.390
     07/10/2010         23.492
     08/10/2010         26.334
     09/10/2010         23.157
     10/10/2010         27.560
     11/10/2010          9.389
     12/10/2010          9.824
     13/10/2010         10.406
     14/10/2010         17.414
     15/10/2010         16.845
     16/10/2010         14.515
     17/10/2010         13.454
     18/10/2010         12.231
     19/10/2010         11.213
     20/10/2010         10.317
     21/10/2010          9.774
     22/10/2010          9.834
     23/10/2010          9.930
     24/10/2010         10.009
     25/10/2010         11.412
     26/10/2010         12.461
     27/10/2010         12.941
     28/10/2010         15.104
     29/10/2010         11.489
     30/10/2010          8.045
     31/10/2010          8.749
     01/11/2010         11.827
     02/11/2010          7.576
     03/11/2010          7.056
     04/11/2010          6.251
     05/11/2010          8.354
     06/11/2010          5.691
     07/11/2010          4.807
     08/11/2010          5.370
     09/11/2010          7.083
     10/11/2010          7.246
     11/11/2010          8.066
     12/11/2010          8.618
     13/11/2010          6.608
     14/11/2010          6.214
     15/11/2010          5.360
     16/11/2010          4.770
     17/11/2010          4.933
     18/11/2010          4.547
     19/11/2010          3.894
     20/11/2010          3.542
     21/11/2010          3.560
     22/11/2010          3.161
     23/11/2010          4.514
     24/11/2010          2.964
     25/11/2010          2.555
     26/11/2010          2.274
     27/11/2010          2.038
     28/11/2010          1.824
     29/11/2010          1.712
     30/11/2010          2.780
     01/12/2010          2.283
     02/12/2010          1.642
     03/12/2010          1.479
     04/12/2010          1.354
     05/12/2010          1.257
     06/12/2010          1.172
     07/12/2010          1.082
     08/12/2010          0.984
     09/12/2010          0.890
     10/12/2010          0.801
     11/12/2010          0.754
     12/12/2010          0.773
     13/12/2010          0.707
     14/12/2010          0.704
     15/12/2010          0.656
     16/12/2010          0.581
     17/12/2010          0.513
     18/12/2010          0.465
     19/12/2010          0.435
     20/12/2010          0.405
     21/12/2010          0.374
     22/12/2010          0.346
     23/12/2010          0.330
     24/12/2010          0.332
     25/12/2010          0.342
     26/12/2010          0.361
     27/12/2010          0.381
     28/12/2010          0.385
     29/12/2010          0.371
     30/12/2010          0.344
     31/12/2010          0.316
     01/01/2011          0.792
     02/01/2011          0.306
     03/01/2011          0.317
     04/01/2011          0.310
     05/01/2011          0.295
     06/01/2011          0.285
     07/01/2011          0.278
     08/01/2011          0.275
     09/01/2011          0.281
     10/01/2011          0.285
     11/01/2011          0.274
     12/01/2011          0.254
     13/01/2011          0.239
     14/01/2011          0.225
     15/01/2011          0.205
     16/01/2011          0.180
     17/01/2011          0.161
     18/01/2011          0.147
     19/01/2011          0.137
     20/01/2011          0.131
     21/01/2011          0.129
     22/01/2011          0.123
     23/01/2011          0.111
     24/01/2011          0.099
     25/01/2011          0.088
     26/01/2011          0.080
     27/01/2011          0.073
     28/01/2011          0.069
     29/01/2011          0.069
     30/01/2011          0.071
     31/01/2011          0.075
     01/02/2011          0.082
     02/02/2011          0.088
     03/02/2011          0.094
     04/02/2011          0.096
     05/02/2011          0.092
     06/02/2011          0.084
     07/02/2011          0.077
     08/02/2011          0.073
     09/02/2011          0.073
     10/02/2011          0.075
     11/02/2011          0.071
     12/02/2011          0.063
     13/02/2011          0.056
     14/02/2011          0.051
     15/02/2011          1.296
     16/02/2011          0.179
     17/02/2011          0.703
     18/02/2011          1.048
     19/02/2011          3.860
     20/02/2011          0.869
     21/02/2011          0.480
     22/02/2011          0.660
     23/02/2011          0.370
     24/02/2011          0.335
     25/02/2011          0.353
     26/02/2011          0.317
     27/02/2011          0.280
     28/02/2011          0.250
     01/03/2011          0.220
     02/03/2011          0.201
     03/03/2011          0.260
     04/03/2011          0.199
     05/03/2011          0.946
     06/03/2011          0.294
     07/03/2011          0.272
     08/03/2011          0.263
     09/03/2011          0.287
     10/03/2011          0.576
     11/03/2011          0.430
     12/03/2011          0.427
     13/03/2011          1.346
     14/03/2011          0.570
     15/03/2011          0.474
     16/03/2011          0.640
     17/03/2011          1.372
     18/03/2011          3.130
     19/03/2011          6.755
     20/03/2011          2.110
     21/03/2011          2.110
     22/03/2011          7.306
     23/03/2011          3.225
     24/03/2011          6.269
     25/03/2011          2.387
     26/03/2011          1.562
     27/03/2011          1.450
     28/03/2011          1.315
     29/03/2011          1.181
     30/03/2011          1.093
     31/03/2011          1.137
     01/04/2011          1.399
     02/04/2011          2.107
     03/04/2011          3.841
     04/04/2011          3.397
     05/04/2011          6.786
     06/04/2011          2.681
     07/04/2011          3.490
     08/04/2011          4.659
     09/04/2011          5.876
     10/04/2011          6.760
     11/04/2011          8.735
     12/04/2011         10.633
     13/04/2011          8.735
     14/04/2011          8.205
     15/04/2011          7.503
     16/04/2011          8.679
     17/04/2011          4.295
     18/04/2011          4.774
     19/04/2011          3.914
     20/04/2011          3.899
     21/04/2011          2.575
     22/04/2011          3.307
     23/04/2011          2.695
     24/04/2011          4.692
     25/04/2011          4.554
     26/04/2011          4.581
     27/04/2011          5.175
     28/04/2011          4.748
     29/04/2011          5.733
     30/04/2011          7.089
     01/05/2011          8.558
     02/05/2011         10.401
     03/05/2011          7.001
     04/05/2011          4.789
     05/05/2011          4.187
     06/05/2011          4.965
     07/05/2011          7.689
     08/05/2011          7.694
     09/05/2011          8.396
     10/05/2011         13.116
     11/05/2011         15.442
     12/05/2011         16.356
     13/05/2011         25.272
     14/05/2011         28.651
     15/05/2011         14.365
     16/05/2011         10.562
     17/05/2011         12.988
     18/05/2011         12.433
     19/05/2011         13.225
     20/05/2011         14.589
     21/05/2011         17.852
     22/05/2011         19.254
     23/05/2011         23.886
     24/05/2011         23.818
     25/05/2011         28.789
     26/05/2011         25.422
     27/05/2011         18.770
     28/05/2011         16.006
     29/05/2011         15.506
     30/05/2011         20.749
     31/05/2011         24.213
     01/06/2011         28.130
     02/06/2011         29.041
     03/06/2011         27.042
     04/06/2011         29.976
     05/06/2011         24.755
     06/06/2011         28.812
     07/06/2011         28.485
     08/06/2011         37.561
     09/06/2011         38.641
     10/06/2011         37.285
     11/06/2011         33.252
     12/06/2011         33.406
     13/06/2011         32.122
     14/06/2011         24.695
     15/06/2011         24.404
     16/06/2011         25.959
     17/06/2011         26.252
     18/06/2011         28.587
     19/06/2011         29.853
     20/06/2011         29.086
     21/06/2011         28.498
     22/06/2011         30.235
     23/06/2011         27.739
     24/06/2011         25.070
     25/06/2011         23.461
     26/06/2011         25.076
     27/06/2011         31.064
     28/06/2011         30.418
     29/06/2011         33.671
     30/06/2011         33.488
     01/07/2011         35.531
     02/07/2011         40.907
     03/07/2011         42.991
     04/07/2011         38.446
     05/07/2011         36.584
     06/07/2011         32.278
     07/07/2011         35.827
     08/07/2011         36.758
     09/07/2011         37.361
     10/07/2011         38.045
     11/07/2011         39.013
     12/07/2011         39.891
     13/07/2011         43.896
     14/07/2011         38.908
     15/07/2011         36.999
     16/07/2011         38.432
     17/07/2011         39.971
     18/07/2011         42.334
     19/07/2011         38.634
     20/07/2011         39.631
     21/07/2011         40.276
     22/07/2011         40.260
     23/07/2011         40.514
     24/07/2011         42.483
     25/07/2011         42.247
     26/07/2011         41.890
     27/07/2011         41.949
     28/07/2011         43.781
     29/07/2011         45.251
     30/07/2011         43.079
     31/07/2011         46.294
     01/08/2011         40.472
     02/08/2011         41.386
     03/08/2011         41.986
     04/08/2011         40.464
     05/08/2011         35.495
     06/08/2011         42.175
     07/08/2011         44.764
     08/08/2011         46.905
     09/08/2011         40.760
     10/08/2011         41.725
     11/08/2011         39.596
     12/08/2011         37.885
     13/08/2011         37.201
     14/08/2011         38.700
     15/08/2011         36.459
     16/08/2011         35.812
     17/08/2011         34.743
     18/08/2011         38.603
     19/08/2011         34.955
     20/08/2011         38.156
     21/08/2011         34.346
     22/08/2011         35.208
     23/08/2011         34.221
     24/08/2011         33.616
     25/08/2011         34.772
     26/08/2011         30.460
     27/08/2011         29.432
     28/08/2011         29.356
     29/08/2011         26.552
     30/08/2011         26.412
     31/08/2011         24.376
     01/09/2011         11.818
     02/09/2011         36.160
     03/09/2011         34.446
     04/09/2011         36.657
     05/09/2011         29.882
     06/09/2011         31.582
     07/09/2011         24.170
     08/09/2011         23.232
     09/09/2011         23.998
     10/09/2011         26.218
     11/09/2011         27.025
     12/09/2011         25.587
     13/09/2011         25.262
     14/09/2011         25.232
     15/09/2011         19.205
     16/09/2011         11.062
     17/09/2011          7.041
     18/09/2011          9.360
     19/09/2011         12.233
     20/09/2011          5.579
     21/09/2011         23.743
     22/09/2011         21.802
     23/09/2011         15.150
     24/09/2011         10.275
     25/09/2011         10.216
     26/09/2011         10.091
     27/09/2011         10.037
     28/09/2011         14.584
     29/09/2011         16.488
     30/09/2011         20.247
     01/10/2011         17.974
     02/10/2011         11.364
     03/10/2011          8.193
     04/10/2011         12.894
     05/10/2011         14.130
     06/10/2011         18.271
     07/10/2011         19.250
     08/10/2011         17.963
     09/10/2011         20.125
     10/10/2011         20.084
     11/10/2011          0.567
     12/10/2011          0.803
     13/10/2011          0.599
     14/10/2011          4.858
     15/10/2011          6.955
     16/10/2011          6.200
     17/10/2011          1.348
     18/10/2011          0.863
     19/10/2011          0.770
     20/10/2011          0.817
     21/10/2011          0.811
     22/10/2011          0.716
     23/10/2011          0.609
     24/10/2011          0.531
     25/10/2011          0.517
     26/10/2011          0.431
     27/10/2011          0.411
     28/10/2011          0.399
     29/10/2011          0.385
     30/10/2011          0.371
     31/10/2011          0.357
     01/11/2011          0.341
     02/11/2011          0.327
     03/11/2011          0.313
     04/11/2011          2.766
     05/11/2011          1.540
     06/11/2011          1.094
     07/11/2011          2.915
     08/11/2011          3.086
     09/11/2011          2.930
     10/11/2011          1.775
     11/11/2011          2.495
     12/11/2011          1.347
     13/11/2011          2.200
     14/11/2011          3.627
     15/11/2011          4.694
     16/11/2011          4.035
     17/11/2011          3.166
     18/11/2011          1.332
     19/11/2011          0.838
     20/11/2011          2.454
     21/11/2011          1.678
     22/11/2011          0.840
     23/11/2011          0.610
     24/11/2011          1.370
     25/11/2011          1.524
     26/11/2011          1.686
     27/11/2011          2.331
     28/11/2011          3.644
     29/11/2011          1.509
     30/11/2011          1.065
     01/12/2011          0.759
     02/12/2011          0.565
     03/12/2011          0.477
     04/12/2011          0.386
     05/12/2011          0.419
     06/12/2011          0.359
     07/12/2011          0.338
     08/12/2011          0.299
     09/12/2011          0.262
     10/12/2011          0.238
     11/12/2011          0.227
     12/12/2011          0.203
     13/12/2011          0.190
     14/12/2011          0.705
     15/12/2011          0.979
     16/12/2011          2.774
     17/12/2011          0.485
     18/12/2011          0.381
     19/12/2011          0.329
     20/12/2011          1.154
     21/12/2011          0.361
     22/12/2011          0.370
     23/12/2011          0.553
     24/12/2011          0.345
     25/12/2011          0.299
     26/12/2011          0.273
     27/12/2011          0.386
     28/12/2011          0.313
     29/12/2011          0.315
     30/12/2011          0.356
     31/12/2011          1.688
     01/01/2012          0.825
     02/01/2012          0.474
     03/01/2012          0.424
     04/01/2012          0.396
     05/01/2012          0.372
     06/01/2012          0.347
     07/01/2012          0.512
     08/01/2012          2.502
     09/01/2012          1.063
     10/01/2012          0.567
     11/01/2012          0.527
     12/01/2012          0.859
     13/01/2012          0.805
     14/01/2012          0.569
     15/01/2012          0.480
     16/01/2012          0.378
     17/01/2012          0.314
     18/01/2012          0.312
     19/01/2012          0.322
     20/01/2012          0.297
     21/01/2012          0.283
     22/01/2012          0.264
     23/01/2012          0.246
     24/01/2012          0.225
     25/01/2012          0.206
     26/01/2012          0.196
     27/01/2012          0.197
     28/01/2012          0.206
     29/01/2012          0.276
     30/01/2012          0.260
     31/01/2012          0.295
     01/02/2012          0.326
     02/02/2012          1.460
     03/02/2012          0.792
     04/02/2012          1.002
     05/02/2012          1.029
     06/02/2012          0.857
     07/02/2012          0.868
     08/02/2012          0.811
     09/02/2012          0.743
     10/02/2012          0.695
     11/02/2012          0.645
     12/02/2012          0.583
     13/02/2012          0.531
     14/02/2012          0.481
     15/02/2012          0.432
     16/02/2012          0.391
     17/02/2012          0.368
     18/02/2012          0.482
     19/02/2012          0.442
     20/02/2012          0.648
     21/02/2012          0.521
     22/02/2012          0.536
     23/02/2012          0.832
     24/02/2012          1.296
     25/02/2012          2.050
     26/02/2012          1.082
     27/02/2012          0.994
     28/02/2012          0.855
     29/02/2012          1.091
     01/03/2012          0.840
     02/03/2012          1.206
     03/03/2012          1.849
     04/03/2012          1.247
     05/03/2012          1.482
     06/03/2012          1.279
     07/03/2012          1.047
     08/03/2012          0.892
     09/03/2012          5.348
     10/03/2012          2.636
     11/03/2012          1.931
     12/03/2012          1.648
     13/03/2012          3.580
     14/03/2012          4.709
     15/03/2012          5.505
     16/03/2012          6.266
     17/03/2012          7.888
     18/03/2012          9.124
     19/03/2012          8.659
     20/03/2012         10.082
     21/03/2012         12.320
     22/03/2012         18.425
     23/03/2012         19.781
     24/03/2012         18.811
     25/03/2012         17.702
     26/03/2012         16.822
     27/03/2012         16.513
     28/03/2012         17.364
     29/03/2012         15.322
     30/03/2012         16.251
     31/03/2012         14.097
     01/04/2012         16.918
     02/04/2012         16.891
     03/04/2012         17.019
     04/04/2012         18.429
     05/04/2012         18.911
     06/04/2012         16.681
     07/04/2012         15.719
     08/04/2012         12.882
     09/04/2012         10.981
     10/04/2012         11.208
     11/04/2012         10.667
     12/04/2012         10.095
     13/04/2012          9.174
     14/04/2012          8.330
     15/04/2012          7.845
     16/04/2012         11.718
     17/04/2012         14.528
     18/04/2012         19.247
     19/04/2012         11.146
     20/04/2012         11.732
     21/04/2012         16.602
     22/04/2012         11.808
     23/04/2012          9.876
     24/04/2012          9.420
     25/04/2012         11.530
     26/04/2012         12.277
     27/04/2012         18.564
     28/04/2012         21.108
     29/04/2012         16.660
     30/04/2012         13.840
     01/05/2012         11.604
     02/05/2012         10.966
     03/05/2012         15.184
     04/05/2012         20.888
     05/05/2012         24.043
     06/05/2012         26.349
     07/05/2012         27.320
     08/05/2012         28.499
     09/05/2012         27.108
     10/05/2012         24.425
     11/05/2012         20.288
     12/05/2012         20.078
     13/05/2012         21.908
     14/05/2012         23.727
     15/05/2012         23.136
     16/05/2012         22.888
     17/05/2012         26.039
     18/05/2012         29.791
     19/05/2012         27.283
     20/05/2012         30.004
     21/05/2012         32.221
     22/05/2012         34.206
     23/05/2012         30.726
     24/05/2012         28.141
     25/05/2012         32.331
     26/05/2012         30.491
     27/05/2012         29.953
     28/05/2012         28.901
     29/05/2012         26.341
     30/05/2012         30.514
     31/05/2012         26.899
     01/06/2012         23.430
     02/06/2012         20.773
     03/06/2012         18.200
     04/06/2012         18.500
     05/06/2012         23.946
     06/06/2012         23.172
     07/06/2012          8.471
     08/06/2012         27.157
     09/06/2012         22.337
     10/06/2012         20.638
     11/06/2012         20.116
     12/06/2012         19.837
     13/06/2012         20.617
     14/06/2012         19.618
     15/06/2012         15.746
     16/06/2012         16.361
     17/06/2012         17.868
     18/06/2012         27.041
     19/06/2012         22.959
     20/06/2012         22.913
     21/06/2012         20.803
     22/06/2012         19.957
     23/06/2012         26.969
     24/06/2012         23.495
     25/06/2012         19.019
     26/06/2012         16.483
     27/06/2012         18.446
     28/06/2012         16.749
     29/06/2012         19.462
     30/06/2012         23.739
     01/07/2012         22.477
     02/07/2012         21.675
     03/07/2012         20.216
     04/07/2012         22.385
     05/07/2012         22.227
     06/07/2012         22.481
     07/07/2012         22.485
     08/07/2012         24.980
     09/07/2012         22.139
     10/07/2012         20.578
     11/07/2012         18.711
     12/07/2012         26.740
     13/07/2012         19.596
     14/07/2012         17.992
     15/07/2012         18.297
     16/07/2012         21.956
     17/07/2012         19.571
     18/07/2012         19.087
     19/07/2012         19.499
     20/07/2012         20.223
     21/07/2012         20.402
     22/07/2012         17.969
     23/07/2012         16.149
     24/07/2012         15.901
     25/07/2012         19.594
     26/07/2012         20.170
     27/07/2012         18.701
     28/07/2012         23.952
     29/07/2012         18.012
     30/07/2012         15.056
     31/07/2012         18.964
     01/08/2012         30.843
     02/08/2012         20.942
     03/08/2012         17.311
     04/08/2012         16.014
     05/08/2012         16.477
     06/08/2012         16.013
     07/08/2012         21.423
     08/08/2012         15.277
     09/08/2012         14.339
     10/08/2012         14.678
     11/08/2012         21.024
     12/08/2012         18.480
     13/08/2012         14.984
     14/08/2012         13.504
     15/08/2012         15.186
     16/08/2012         14.478
     17/08/2012         14.013
     18/08/2012         13.858
     19/08/2012         16.013
     20/08/2012         12.024
     21/08/2012         10.040
     22/08/2012         11.199
     23/08/2012         11.633
     24/08/2012         11.534
     25/08/2012         12.974
     26/08/2012         13.243
     27/08/2012         13.176
     28/08/2012         17.277
     29/08/2012         17.251
     30/08/2012         13.885
     31/08/2012         13.486
     01/09/2012         13.963
     02/09/2012         14.688
     03/09/2012         12.559
     04/09/2012         12.044
     05/09/2012         11.858
     06/09/2012         13.124
     07/09/2012         13.873
     08/09/2012         15.646
     09/09/2012         11.616
     10/09/2012         11.095
     11/09/2012         10.001
     12/09/2012          9.276
     13/09/2012          9.951
     14/09/2012         11.508
     15/09/2012         10.438
     16/09/2012         11.497
     17/09/2012         10.035
     18/09/2012          9.720
     19/09/2012         10.097
     20/09/2012          8.304
     21/09/2012          5.743
     22/09/2012          9.949
     23/09/2012          7.284
     24/09/2012          7.466
     25/09/2012          4.033
     26/09/2012          3.255
     27/09/2012          6.453
     28/09/2012          9.266
     29/09/2012          7.609
     30/09/2012          5.937
     01/10/2012          6.517
     02/10/2012          8.018
     03/10/2012          8.893
     04/10/2012          7.997
     05/10/2012          7.373
     06/10/2012          7.215
     07/10/2012          5.039
     08/10/2012          0.318
     09/10/2012          0.314
     10/10/2012          0.309
     11/10/2012          0.303
     12/10/2012          0.442
     13/10/2012          0.291
     14/10/2012          0.284
     15/10/2012          0.812
     16/10/2012          4.126
     17/10/2012          7.680
     18/10/2012          4.457
     19/10/2012          3.708
     20/10/2012          5.723
     21/10/2012          6.577
     22/10/2012          5.745
     23/10/2012          6.951
     24/10/2012          6.304
     25/10/2012          8.930
     26/10/2012         12.841
     27/10/2012         15.170
     28/10/2012          8.468
     29/10/2012          3.709
     30/10/2012          2.800
     31/10/2012          2.332
     01/11/2012          2.952
     02/11/2012          2.338
     03/11/2012          2.551
     04/11/2012          3.485
     05/11/2012          2.291
     06/11/2012          2.777
     07/11/2012          3.455
     08/11/2012          3.389
     09/11/2012          5.129
     10/11/2012          2.962
     11/11/2012          4.949
     12/11/2012          5.669
     13/11/2012         11.155
     14/11/2012          6.205
     15/11/2012          1.929
     16/11/2012          1.105
     17/11/2012          4.129
     18/11/2012          4.319
     19/11/2012          1.876
     20/11/2012          3.508
     21/11/2012          3.789
     22/11/2012          4.399
     23/11/2012          3.935
     24/11/2012          4.064
     25/11/2012          4.570
     26/11/2012          1.816
     27/11/2012          0.901
     28/11/2012          0.800
     29/11/2012          0.665
     30/11/2012          0.465
     01/12/2012          0.391
     02/12/2012          0.983
     03/12/2012          0.690
     04/12/2012          1.722
     05/12/2012          2.013
     06/12/2012          2.334
     07/12/2012          2.682
     08/12/2012          1.283
     09/12/2012          1.948
     10/12/2012          1.407
     11/12/2012          1.043
     12/12/2012          0.683
     13/12/2012          0.448
     14/12/2012          0.361
     15/12/2012          0.733
     16/12/2012          1.443
     17/12/2012          0.583
     18/12/2012          2.167
     19/12/2012          0.675
     20/12/2012          0.491
     21/12/2012          0.442
     22/12/2012          0.464
     23/12/2012          0.377
     24/12/2012          0.308
     25/12/2012          0.293
     26/12/2012          0.287
     27/12/2012          0.278
     28/12/2012          0.267
     29/12/2012          0.256
     30/12/2012          0.243
     31/12/2012          0.230
     01/01/2013          0.219
     02/01/2013          0.210
     03/01/2013          0.203
     04/01/2013          0.198
     05/01/2013          0.193
     06/01/2013          0.188
     07/01/2013          0.183
     08/01/2013          0.178
     09/01/2013          0.175
     10/01/2013          0.173
     11/01/2013          0.172
     12/01/2013          0.263
     13/01/2013          0.174
     14/01/2013          1.307
     15/01/2013          0.235
     16/01/2013          0.190
     17/01/2013          0.191
     18/01/2013          0.195
     19/01/2013          0.200
     20/01/2013          0.195
     21/01/2013          0.535
     22/01/2013          0.209
     23/01/2013          0.194
     24/01/2013          0.194
     25/01/2013          0.193
     26/01/2013          0.188
     27/01/2013          0.182
     28/01/2013          0.175
     29/01/2013          0.168
     30/01/2013          0.163
     31/01/2013          0.455
     01/02/2013          1.389
     02/02/2013          0.166
     03/02/2013          0.164
     04/02/2013          0.168
     05/02/2013          0.169
     06/02/2013          0.167
     07/02/2013          0.165
     08/02/2013          0.163
     09/02/2013          0.163
     10/02/2013          0.165
     11/02/2013          0.169
     12/02/2013          0.172
     13/02/2013          0.763
     14/02/2013          0.295
     15/02/2013          0.270
     16/02/2013          0.495
     17/02/2013          0.337
     18/02/2013          0.276
     19/02/2013          0.217
     20/02/2013          0.203
     21/02/2013          0.206
     22/02/2013          0.200
     23/02/2013          0.190
     24/02/2013          0.184
     25/02/2013          0.179
     26/02/2013          0.174
     27/02/2013          0.169
     28/02/2013          0.165
     01/03/2013          0.173
     02/03/2013          0.196
     03/03/2013          0.202
     04/03/2013          0.206
     05/03/2013          0.195
     06/03/2013          0.187
     07/03/2013          0.227
     08/03/2013          0.296
     09/03/2013          0.252
     10/03/2013          0.208
     11/03/2013          0.195
     12/03/2013          0.481
     13/03/2013          0.324
     14/03/2013          0.345
     15/03/2013          0.334
     16/03/2013          0.320
     17/03/2013          0.341
     18/03/2013          1.230
     19/03/2013          0.816
     20/03/2013          0.795
     21/03/2013          0.723
     22/03/2013          0.624
     23/03/2013          0.506
     24/03/2013          0.402
     25/03/2013          0.383
     26/03/2013          0.522
     27/03/2013          0.567
     28/03/2013          0.687
     29/03/2013          0.782
     30/03/2013          0.884
     31/03/2013          1.624
     01/04/2013          2.570
     02/04/2013          4.686
     03/04/2013          2.928
     04/04/2013          2.167
     05/04/2013          1.829
     06/04/2013          1.929
     07/04/2013          3.005
     08/04/2013          3.268
     09/04/2013          5.539
     10/04/2013          5.612
     11/04/2013          7.268
     12/04/2013         10.384
     13/04/2013          5.698
     14/04/2013          4.640
     15/04/2013          3.812
     16/04/2013          4.138
     17/04/2013         10.302
     18/04/2013          5.132
     19/04/2013          5.137
     20/04/2013          5.125
     21/04/2013          5.005
     22/04/2013          4.862
     23/04/2013          4.708
     24/04/2013         11.108
     25/04/2013          9.787
     26/04/2013          5.795
     27/04/2013          6.037
     28/04/2013          7.436
     29/04/2013         11.801
     30/04/2013         11.068
     01/05/2013         18.713
     02/05/2013         23.760
     03/05/2013         26.033
     04/05/2013         14.071
     05/05/2013          9.277
     06/05/2013          7.848
     07/05/2013          7.498
     08/05/2013         11.331
     09/05/2013         16.345
     10/05/2013         18.832
     11/05/2013         21.768
     12/05/2013         19.223
     13/05/2013         17.927
     14/05/2013         14.178
     15/05/2013         12.993
     16/05/2013         15.302
     17/05/2013         18.233
     18/05/2013         18.932
     19/05/2013         19.434
     20/05/2013         19.973
     21/05/2013         20.389
     22/05/2013         34.732
     23/05/2013         32.753
     24/05/2013         28.419
     25/05/2013         24.576
     26/05/2013         24.726
     27/05/2013         23.583
     28/05/2013         20.348
     29/05/2013         19.799
     30/05/2013         24.027
     31/05/2013         26.403
     01/06/2013         27.253
     02/06/2013         27.567
     03/06/2013         28.395
     04/06/2013         25.707
     05/06/2013         24.182
     06/06/2013         24.873
     07/06/2013         25.069
     08/06/2013         25.438
     09/06/2013         25.249
     10/06/2013         25.201
     11/06/2013         26.204
     12/06/2013         28.543
     13/06/2013         30.822
     14/06/2013         34.575
     15/06/2013         37.439
     16/06/2013         38.054
     17/06/2013         37.477
     18/06/2013         37.776
     19/06/2013         40.332
     20/06/2013         38.327
     21/06/2013         40.344
     22/06/2013         40.029
     23/06/2013         41.068
     24/06/2013         43.816
     25/06/2013         44.186
     26/06/2013         45.498
     27/06/2013         45.093
     28/06/2013         44.851
     29/06/2013         47.851
     30/06/2013         46.745
     01/07/2013         47.540
     02/07/2013         45.431
     03/07/2013         43.733
     04/07/2013         43.231
     05/07/2013         42.254
     06/07/2013         40.353
     07/07/2013         41.181
     08/07/2013         42.274
     09/07/2013         44.008
     10/07/2013         45.567
     11/07/2013         45.234
     12/07/2013         46.012
     13/07/2013         41.174
     14/07/2013         39.173
     15/07/2013         38.717
     16/07/2013         38.230
     17/07/2013         38.055
     18/07/2013         38.037
     19/07/2013         40.425
     20/07/2013         41.180
     21/07/2013         40.768
     22/07/2013         40.106
     23/07/2013         36.203
     24/07/2013         35.395
     25/07/2013         44.407
     26/07/2013         38.458
     27/07/2013         35.206
     28/07/2013         34.551
     29/07/2013         31.436
     30/07/2013         26.065
     31/07/2013         25.516
     01/08/2013         24.391
     02/08/2013         29.413
     03/08/2013         31.769
     04/08/2013         26.677
     05/08/2013         25.979
     06/08/2013         23.760
     07/08/2013         22.167
     08/08/2013         23.542
     09/08/2013         23.751
     10/08/2013         22.544
     11/08/2013         20.827
     12/08/2013         21.216
     13/08/2013         20.419
     14/08/2013         32.526
     15/08/2013         29.581
     16/08/2013         28.984
     17/08/2013         26.593
     18/08/2013         26.267
     19/08/2013         25.157
     20/08/2013         24.596
     21/08/2013         23.007
     22/08/2013         22.590
     23/08/2013         23.784
     24/08/2013         23.900
     25/08/2013         21.964
     26/08/2013         21.500
     27/08/2013         22.533
     28/08/2013         23.255
     29/08/2013         23.344
     30/08/2013         23.433
     31/08/2013         22.466
     01/09/2013         21.916
     02/09/2013         21.023
     03/09/2013         19.010
     04/09/2013         16.697
     05/09/2013         16.010
     06/09/2013         18.537
     07/09/2013         19.713
     08/09/2013         19.379
     09/09/2013         20.292
     10/09/2013         18.984
     11/09/2013         21.365
     12/09/2013         23.036
     13/09/2013         19.507
     14/09/2013         15.235
     15/09/2013         12.270
     16/09/2013         12.693
     17/09/2013         13.319
     18/09/2013         11.310
     19/09/2013          5.802
     20/09/2013         24.484
     21/09/2013         25.153
     22/09/2013         15.072
     23/09/2013         15.710
     24/09/2013         15.909
     25/09/2013         14.683
     26/09/2013         14.374
     27/09/2013         14.209
     28/09/2013         15.821
     29/09/2013         16.489
     30/09/2013         11.144
     01/10/2013         13.403
     02/10/2013         13.584
     03/10/2013         14.937
     04/10/2013         14.524
     05/10/2013         17.038
     06/10/2013         24.798
     07/10/2013         23.095
     08/10/2013         10.693
     09/10/2013         15.371
     10/10/2013         19.309
     11/10/2013          7.706
     12/10/2013          7.984
     13/10/2013          8.965
     14/10/2013         12.963
     15/10/2013          7.785
     16/10/2013         10.111
     17/10/2013          9.121
     18/10/2013          7.158
     19/10/2013          8.127
     20/10/2013          6.327
     21/10/2013          6.323
     22/10/2013          7.169
     23/10/2013          4.701
     24/10/2013          3.473
     25/10/2013          2.586
     26/10/2013          2.639
     27/10/2013          3.081
     28/10/2013          2.945
     29/10/2013          3.898
     30/10/2013          3.864
     31/10/2013          5.334
     01/11/2013          9.041
     02/11/2013          6.631
     03/11/2013          6.350
     04/11/2013          5.527
     05/11/2013          4.778
     06/11/2013          5.217
     07/11/2013          5.478
     08/11/2013          2.697
     09/11/2013          2.245
     10/11/2013          3.691
     11/11/2013          4.650
