ApsimVersion = 7.6
Title = Pnew soilco2
           Date  soil_root_co2
   (dd/mm/yyyy)             ()
     05/05/2008          0.000
     06/05/2008         18.418
     07/05/2008         18.757
     08/05/2008         16.320
     09/05/2008         14.844
     10/05/2008         12.638
     11/05/2008         14.968
     12/05/2008         12.621
     13/05/2008         11.238
     14/05/2008         11.044
     15/05/2008         10.986
     16/05/2008         12.086
     17/05/2008         13.068
     18/05/2008         15.280
     19/05/2008         15.144
     20/05/2008         14.953
     21/05/2008         14.191
     22/05/2008         13.971
     23/05/2008         14.028
     24/05/2008         15.348
     25/05/2008         14.463
     26/05/2008         19.258
     27/05/2008         20.381
     28/05/2008         14.154
     29/05/2008         13.759
     30/05/2008         11.702
     31/05/2008         14.522
     01/06/2008         16.777
     02/06/2008         17.533
     03/06/2008         16.569
     04/06/2008         13.763
     05/06/2008         15.651
     06/06/2008         13.582
     07/06/2008         15.404
     08/06/2008         17.367
     09/06/2008         14.546
     10/06/2008         15.021
     11/06/2008         15.724
     12/06/2008         13.217
     13/06/2008         14.907
     14/06/2008         15.382
     15/06/2008         12.922
     16/06/2008         13.357
     17/06/2008         13.650
     18/06/2008         14.513
     19/06/2008         15.847
     20/06/2008         16.994
     21/06/2008         17.729
     22/06/2008         17.241
     23/06/2008         16.483
     24/06/2008         16.745
     25/06/2008         17.639
     26/06/2008         18.494
     27/06/2008         16.802
     28/06/2008         18.896
     29/06/2008         17.328
     30/06/2008         17.948
     01/07/2008         14.919
     02/07/2008         14.533
     03/07/2008         16.111
     04/07/2008         16.475
     05/07/2008         16.698
     06/07/2008         17.138
     07/07/2008         18.553
     08/07/2008         24.589
     09/07/2008         22.891
     10/07/2008         22.550
     11/07/2008         22.955
     12/07/2008         21.998
     13/07/2008         20.742
     14/07/2008         19.893
     15/07/2008         17.918
     16/07/2008         17.667
     17/07/2008         18.388
     18/07/2008         19.791
     19/07/2008         21.150
     20/07/2008         18.412
     21/07/2008         21.607
     22/07/2008         18.616
     23/07/2008         20.396
     24/07/2008         20.793
     25/07/2008         17.808
     26/07/2008         20.625
     27/07/2008         21.954
     28/07/2008         19.460
     29/07/2008         22.804
     30/07/2008         22.689
     31/07/2008         24.512
     01/08/2008         26.086
     02/08/2008         26.357
     03/08/2008         26.110
     04/08/2008         27.418
     05/08/2008         28.777
     06/08/2008         25.077
     07/08/2008         24.646
     08/08/2008         25.708
     09/08/2008         26.187
     10/08/2008         27.921
     11/08/2008         28.137
     12/08/2008         27.270
     13/08/2008         30.947
     14/08/2008         32.864
     15/08/2008         33.568
     16/08/2008         33.435
     17/08/2008         33.861
     18/08/2008         34.797
     19/08/2008         34.989
     20/08/2008         34.848
     21/08/2008         34.593
     22/08/2008         34.092
     23/08/2008         37.854
     24/08/2008         35.592
     25/08/2008         33.522
     26/08/2008         32.350
     27/08/2008         31.924
     28/08/2008         35.763
     29/08/2008         40.347
     30/08/2008         37.279
     31/08/2008         38.356
     01/09/2008         38.905
     02/09/2008         40.372
     03/09/2008         37.878
     04/09/2008         29.313
     05/09/2008         27.718
     06/09/2008         27.993
     07/09/2008         26.117
     08/09/2008         27.722
     09/09/2008         22.661
     10/09/2008         24.761
     11/09/2008         31.631
     12/09/2008         38.172
     13/09/2008         35.903
     14/09/2008         36.778
     15/09/2008         31.474
     16/09/2008         30.375
     17/09/2008         34.236
     18/09/2008         37.588
     19/09/2008         38.351
     20/09/2008         37.400
     21/09/2008         37.171
     22/09/2008         35.754
     23/09/2008         36.855
     24/09/2008         43.089
     25/09/2008         41.933
     26/09/2008         40.641
     27/09/2008         41.971
     28/09/2008         40.912
     29/09/2008         35.817
     30/09/2008         34.095
     01/10/2008         27.603
     02/10/2008         10.404
     03/10/2008          9.866
     04/10/2008          9.115
     05/10/2008         11.202
     06/10/2008         11.168
     07/10/2008         17.476
     08/10/2008         14.397
     09/10/2008         15.288
     10/10/2008         15.399
     11/10/2008         16.540
     12/10/2008         18.655
     13/10/2008         19.490
     14/10/2008         15.979
     15/10/2008         11.261
     16/10/2008         10.245
     17/10/2008          9.311
     18/10/2008          8.729
     19/10/2008          8.489
     20/10/2008         12.728
     21/10/2008          9.804
     22/10/2008          7.266
     23/10/2008          7.199
     24/10/2008          6.675
     25/10/2008          5.768
     26/10/2008          7.492
     27/10/2008          5.972
     28/10/2008          4.503
     29/10/2008          4.226
     30/10/2008          5.957
     31/10/2008          7.722
     01/11/2008          9.971
     02/11/2008          8.506
     03/11/2008         10.751
     04/11/2008         11.265
     05/11/2008         11.347
     06/11/2008         13.012
     07/11/2008          8.194
     08/11/2008          5.779
     09/11/2008          4.667
     10/11/2008          3.668
     11/11/2008          3.641
     12/11/2008          3.453
     13/11/2008          3.634
     14/11/2008          4.359
     15/11/2008          3.627
     16/11/2008          2.951
     17/11/2008          2.721
     18/11/2008          2.466
     19/11/2008          2.173
     20/11/2008          2.180
     21/11/2008          1.847
     22/11/2008          1.583
     23/11/2008          1.408
     24/11/2008          1.351
     25/11/2008          1.427
     26/11/2008          1.310
     27/11/2008          1.273
     28/11/2008          1.263
     29/11/2008          1.322
     30/11/2008          1.216
     01/12/2008          1.144
     02/12/2008          1.046
     03/12/2008          0.958
     04/12/2008          0.908
     05/12/2008          0.841
     06/12/2008          0.765
     07/12/2008          0.712
     08/12/2008          0.669
     09/12/2008          0.622
     10/12/2008          0.588
     11/12/2008          0.560
     12/12/2008          0.530
     13/12/2008          0.512
     14/12/2008          0.702
     15/12/2008          0.504
     16/12/2008          0.488
     17/12/2008          0.443
     18/12/2008          0.389
     19/12/2008          0.342
     20/12/2008          0.305
     21/12/2008          0.279
     22/12/2008          0.261
     23/12/2008          0.241
     24/12/2008          0.215
     25/12/2008          0.194
     26/12/2008          0.180
     27/12/2008          0.548
     28/12/2008          0.167
     29/12/2008          0.167
     30/12/2008          0.176
     31/12/2008          0.190
     01/01/2009          0.202
     02/01/2009          0.204
     03/01/2009          0.204
     04/01/2009          0.208
     05/01/2009          0.211
     06/01/2009          0.207
     07/01/2009          0.199
     08/01/2009          0.194
     09/01/2009          0.190
     10/01/2009          0.184
     11/01/2009          0.178
     12/01/2009          0.171
     13/01/2009          0.162
     14/01/2009          0.156
     15/01/2009          0.147
     16/01/2009          0.129
     17/01/2009          0.109
     18/01/2009          0.092
     19/01/2009          0.081
     20/01/2009          0.075
     21/01/2009          0.074
     22/01/2009          0.075
     23/01/2009          0.076
     24/01/2009          0.078
     25/01/2009          0.080
     26/01/2009          0.079
     27/01/2009          0.074
     28/01/2009          0.069
     29/01/2009          0.064
     30/01/2009          0.060
     31/01/2009          0.057
     01/02/2009          0.055
     02/02/2009          0.054
     03/02/2009          0.056
     04/02/2009          0.058
     05/02/2009          0.058
     06/02/2009          0.056
     07/02/2009          0.123
     08/02/2009          0.308
     09/02/2009          0.057
     10/02/2009          0.960
     11/02/2009          1.639
     12/02/2009          0.392
     13/02/2009          0.407
     14/02/2009          0.218
     15/02/2009          0.189
     16/02/2009          0.177
     17/02/2009          0.168
     18/02/2009          0.175
     19/02/2009          0.179
     20/02/2009          0.169
     21/02/2009          0.155
     22/02/2009          0.148
     23/02/2009          0.140
     24/02/2009          0.128
     25/02/2009          0.262
     26/02/2009          0.602
     27/02/2009          0.180
     28/02/2009          0.164
     01/03/2009          0.154
     02/03/2009          0.144
     03/03/2009          0.132
     04/03/2009          0.126
     05/03/2009          0.267
     06/03/2009          1.662
     07/03/2009          1.583
     08/03/2009          0.602
     09/03/2009          0.493
     10/03/2009          0.478
     11/03/2009          0.294
     12/03/2009          0.223
     13/03/2009          0.180
     14/03/2009          0.165
     15/03/2009          0.447
     16/03/2009          1.299
     17/03/2009          2.443
     18/03/2009          2.553
     19/03/2009          1.792
     20/03/2009          1.269
     21/03/2009          1.494
     22/03/2009          2.290
     23/03/2009          2.960
     24/03/2009          5.612
     25/03/2009          3.077
     26/03/2009          2.408
     27/03/2009          1.925
     28/03/2009          1.406
     29/03/2009          1.110
     30/03/2009          1.279
     31/03/2009          1.980
     01/04/2009          1.640
     02/04/2009          1.578
     03/04/2009          1.404
     04/04/2009          1.498
     05/04/2009          3.243
     06/04/2009          1.853
     07/04/2009          1.500
     08/04/2009          1.268
     09/04/2009          1.697
     10/04/2009          1.654
     11/04/2009          2.009
     12/04/2009          2.257
     13/04/2009          2.368
     14/04/2009          2.266
     15/04/2009          2.763
     16/04/2009          3.024
     17/04/2009          3.951
     18/04/2009          4.404
     19/04/2009         10.285
     20/04/2009          6.249
     21/04/2009          4.729
     22/04/2009          5.883
     23/04/2009          8.351
     24/04/2009         11.799
     25/04/2009         13.124
     26/04/2009         13.729
     27/04/2009         16.470
     28/04/2009          8.645
     29/04/2009          8.252
     30/04/2009         11.466
     01/05/2009         13.351
     02/05/2009         10.198
     03/05/2009         10.900
     04/05/2009         12.820
     05/05/2009         14.215
     06/05/2009         17.746
     07/05/2009         17.280
     08/05/2009         17.312
     09/05/2009         16.630
     10/05/2009         12.093
     11/05/2009         11.155
     12/05/2009         11.416
     13/05/2009         15.202
     14/05/2009         15.526
     15/05/2009         12.009
     16/05/2009         17.379
     17/05/2009         12.030
     18/05/2009         11.792
     19/05/2009         22.240
     20/05/2009         27.343
     21/05/2009         28.074
     22/05/2009         26.851
     23/05/2009         26.245
     24/05/2009         31.639
     25/05/2009         31.579
     26/05/2009         25.959
     27/05/2009         21.519
     28/05/2009         18.532
     29/05/2009         23.078
     30/05/2009         26.574
     31/05/2009         27.983
     01/06/2009         23.662
     02/06/2009         28.278
     03/06/2009         33.791
     04/06/2009         30.711
     05/06/2009         33.325
     06/06/2009         35.364
     07/06/2009         37.557
     08/06/2009         36.357
     09/06/2009         32.929
     10/06/2009         29.382
     11/06/2009         34.833
     12/06/2009         37.012
     13/06/2009         38.065
     14/06/2009         37.332
     15/06/2009         36.564
     16/06/2009         39.520
     17/06/2009         41.745
     18/06/2009         46.541
     19/06/2009         46.953
     20/06/2009         45.532
     21/06/2009         45.387
     22/06/2009         49.445
     23/06/2009         51.981
     24/06/2009         53.540
     25/06/2009         48.509
     26/06/2009         52.896
     27/06/2009         51.964
     28/06/2009         51.671
     29/06/2009         47.850
     30/06/2009         46.566
     01/07/2009         43.846
     02/07/2009         43.836
     03/07/2009         44.217
     04/07/2009         44.693
     05/07/2009         16.522
     06/07/2009         56.054
     07/07/2009         53.994
     08/07/2009         56.068
     09/07/2009         54.457
     10/07/2009         46.220
     11/07/2009         48.311
     12/07/2009         48.191
     13/07/2009         47.321
     14/07/2009         47.488
     15/07/2009         51.099
     16/07/2009         49.278
     17/07/2009         43.327
     18/07/2009         38.511
     19/07/2009         42.694
     20/07/2009         41.685
     21/07/2009         41.993
     22/07/2009         44.600
     23/07/2009         43.779
     24/07/2009         44.056
     25/07/2009         43.838
     26/07/2009         42.285
     27/07/2009         41.949
     28/07/2009         42.602
     29/07/2009         41.671
     30/07/2009         39.032
     31/07/2009         39.437
     01/08/2009         39.058
     02/08/2009         36.574
     03/08/2009         39.116
     04/08/2009         42.433
     05/08/2009         39.589
     06/08/2009         37.506
     07/08/2009         38.037
     08/08/2009         43.911
     09/08/2009         45.135
     10/08/2009         43.964
     11/08/2009         50.289
     12/08/2009         42.062
     13/08/2009         43.074
     14/08/2009         42.808
     15/08/2009         40.607
     16/08/2009         38.542
     17/08/2009         37.290
     18/08/2009         35.546
     19/08/2009         32.740
     20/08/2009         36.336
     21/08/2009         32.196
     22/08/2009         27.199
     23/08/2009         23.496
     24/08/2009         29.547
     25/08/2009         30.480
     26/08/2009         36.758
     27/08/2009          9.242
     28/08/2009         17.559
     29/08/2009         43.898
     30/08/2009         29.218
     31/08/2009         25.994
     01/09/2009         27.554
     02/09/2009         25.896
     03/09/2009         26.059
     04/09/2009         25.659
     05/09/2009         26.763
     06/09/2009         28.603
     07/09/2009         27.451
     08/09/2009         28.146
     09/09/2009         29.026
     10/09/2009         28.416
     11/09/2009         28.286
     12/09/2009         29.238
     13/09/2009         28.956
     14/09/2009         27.437
     15/09/2009         26.307
     16/09/2009         26.192
     17/09/2009         27.374
     18/09/2009         25.743
     19/09/2009         26.215
     20/09/2009         25.931
     21/09/2009         26.486
     22/09/2009          4.747
     23/09/2009         30.488
     24/09/2009         23.741
     25/09/2009         32.449
     26/09/2009         27.538
     27/09/2009         26.158
     28/09/2009         28.474
     29/09/2009         18.913
     30/09/2009         17.110
     01/10/2009         16.163
     02/10/2009          3.040
     03/10/2009         17.526
     04/10/2009         16.532
     05/10/2009         12.471
     06/10/2009         14.766
     07/10/2009         19.765
     08/10/2009         12.723
     09/10/2009         13.807
     10/10/2009         11.904
     11/10/2009          3.377
     12/10/2009          1.140
     13/10/2009          0.862
     14/10/2009          1.836
     15/10/2009          1.393
     16/10/2009          3.538
     17/10/2009          4.196
     18/10/2009          3.395
     19/10/2009          2.313
     20/10/2009          3.147
     21/10/2009          3.604
     22/10/2009          4.936
     23/10/2009         10.477
     24/10/2009          7.250
     25/10/2009          5.148
     26/10/2009          6.876
     27/10/2009          9.236
     28/10/2009          7.337
     29/10/2009          6.610
     30/10/2009          6.610
     31/10/2009         10.377
     01/11/2009          9.414
     02/11/2009          8.854
     03/11/2009          9.258
     04/11/2009          9.281
     05/11/2009          6.639
     06/11/2009          7.868
     07/11/2009          7.387
     08/11/2009          7.595
     09/11/2009          9.106
     10/11/2009         10.120
     11/11/2009          9.968
     12/11/2009          9.119
     13/11/2009          8.230
     14/11/2009          7.961
     15/11/2009          8.560
     16/11/2009          8.551
     17/11/2009          6.408
     18/11/2009          7.560
     19/11/2009          7.159
     20/11/2009          6.702
     21/11/2009          6.081
     22/11/2009          6.116
     23/11/2009          5.231
     24/11/2009          7.870
     25/11/2009          7.215
     26/11/2009          9.571
     27/11/2009          5.690
     28/11/2009          4.307
     29/11/2009          4.209
     30/11/2009          5.531
     01/12/2009          3.699
     02/12/2009          3.697
     03/12/2009          7.737
     04/12/2009          2.966
     05/12/2009          2.457
     06/12/2009          2.035
     07/12/2009          1.700
     08/12/2009          1.479
     09/12/2009          1.283
     10/12/2009          1.101
     11/12/2009          0.957
     12/12/2009          0.796
     13/12/2009          0.619
     14/12/2009          0.481
     15/12/2009          0.396
     16/12/2009          0.357
     17/12/2009          0.340
     18/12/2009          0.308
     19/12/2009          0.262
     20/12/2009          0.229
     21/12/2009          0.215
     22/12/2009          0.214
     23/12/2009          0.223
     24/12/2009          0.239
     25/12/2009          0.265
     26/12/2009          0.306
     27/12/2009          0.346
     28/12/2009          0.364
     29/12/2009          0.352
     30/12/2009          0.322
     31/12/2009          0.291
     01/01/2010          0.254
     02/01/2010          0.223
     03/01/2010          0.201
     04/01/2010          0.175
     05/01/2010          0.151
     06/01/2010          0.131
     07/01/2010          0.111
     08/01/2010          0.094
     09/01/2010          0.080
     10/01/2010          0.071
     11/01/2010          0.064
     12/01/2010          0.058
     13/01/2010          0.052
     14/01/2010          0.050
     15/01/2010          0.049
     16/01/2010          0.051
     17/01/2010          0.056
     18/01/2010          0.065
     19/01/2010          0.078
     20/01/2010          0.096
     21/01/2010          0.117
     22/01/2010          0.144
     23/01/2010          0.174
     24/01/2010          0.221
     25/01/2010          0.376
     26/01/2010          0.359
     27/01/2010          0.396
     28/01/2010          0.422
     29/01/2010          0.422
     30/01/2010          0.404
     31/01/2010          0.369
     01/02/2010          0.315
     02/02/2010          0.263
     03/02/2010          0.222
     04/02/2010          0.194
     05/02/2010          0.178
     06/02/2010          0.167
     07/02/2010          0.159
     08/02/2010          0.162
     09/02/2010          0.176
     10/02/2010          0.195
     11/02/2010          0.206
     12/02/2010          0.200
     13/02/2010          0.182
     14/02/2010          0.163
     15/02/2010          0.147
     16/02/2010          0.140
     17/02/2010          0.140
     18/02/2010          0.142
     19/02/2010          0.145
     20/02/2010          0.147
     21/02/2010          0.146
     22/02/2010          0.146
     23/02/2010          0.149
     24/02/2010          0.155
     25/02/2010          0.160
     26/02/2010          0.158
     27/02/2010          0.148
     28/02/2010          0.133
     01/03/2010          0.118
     02/03/2010          0.107
     03/03/2010          0.103
     04/03/2010          0.104
     05/03/2010          0.109
     06/03/2010          0.116
     07/03/2010          0.124
     08/03/2010          0.134
     09/03/2010          0.423
     10/03/2010          0.461
     11/03/2010          0.544
     12/03/2010          1.127
     13/03/2010          1.346
     14/03/2010          1.530
     15/03/2010          1.497
     16/03/2010          4.412
     17/03/2010          4.477
     18/03/2010          2.619
     19/03/2010          6.885
     20/03/2010          5.067
     21/03/2010          2.340
     22/03/2010          1.729
     23/03/2010          2.024
     24/03/2010          3.334
     25/03/2010          4.767
     26/03/2010          3.828
     27/03/2010          2.613
     28/03/2010          2.390
     29/03/2010          3.802
     30/03/2010          3.548
     31/03/2010          3.780
     01/04/2010          4.696
     02/04/2010          7.066
     03/04/2010          8.769
     04/04/2010         13.971
     05/04/2010         11.826
     06/04/2010          9.331
     07/04/2010         10.781
     08/04/2010         17.277
     09/04/2010          8.915
     10/04/2010          8.342
     11/04/2010         12.935
     12/04/2010         10.527
     13/04/2010         11.006
     14/04/2010         11.727
     15/04/2010         11.967
     16/04/2010         20.318
     17/04/2010         39.571
     18/04/2010         16.460
     19/04/2010         13.316
     20/04/2010         14.219
     21/04/2010         15.782
     22/04/2010         14.564
     23/04/2010         22.519
     24/04/2010         19.795
     25/04/2010         16.540
     26/04/2010         23.082
     27/04/2010         14.251
     28/04/2010         11.773
     29/04/2010         13.513
     30/04/2010         13.978
     01/05/2010         22.158
     02/05/2010         22.607
     03/05/2010         19.004
     04/05/2010         19.065
     05/05/2010         15.445
     06/05/2010         22.564
     07/05/2010         15.142
     08/05/2010         12.623
     09/05/2010         12.311
     10/05/2010          9.927
     11/05/2010          9.775
     12/05/2010         10.030
     13/05/2010         10.217
     14/05/2010          7.529
     15/05/2010          9.819
     16/05/2010         12.432
     17/05/2010         14.821
     18/05/2010         14.723
     19/05/2010         14.434
     20/05/2010         12.727
     21/05/2010         12.864
     22/05/2010         12.906
     23/05/2010         14.070
     24/05/2010         23.560
     25/05/2010         25.507
     26/05/2010         23.381
     27/05/2010         24.900
     28/05/2010         23.770
     29/05/2010         23.038
     30/05/2010         22.513
     31/05/2010         23.240
     01/06/2010         23.572
     02/06/2010         22.994
     03/06/2010         37.905
     04/06/2010         36.138
     05/06/2010         35.052
     06/06/2010         42.381
     07/06/2010         42.474
     08/06/2010         42.143
     09/06/2010         44.995
     10/06/2010         42.382
     11/06/2010         43.405
     12/06/2010         41.977
     13/06/2010         45.556
     14/06/2010         44.428
     15/06/2010         42.271
     16/06/2010         44.383
     17/06/2010         44.073
     18/06/2010         45.498
     19/06/2010         49.083
     20/06/2010         47.669
     21/06/2010         48.865
     22/06/2010         46.050
     23/06/2010         46.629
     24/06/2010         50.813
     25/06/2010         47.312
     26/06/2010         46.666
     27/06/2010         48.430
     28/06/2010         49.365
     29/06/2010         45.010
     30/06/2010         44.771
     01/07/2010         43.733
     02/07/2010         44.430
     03/07/2010         44.932
     04/07/2010         44.562
     05/07/2010         48.234
     06/07/2010         52.284
     07/07/2010         57.056
     08/07/2010         58.120
     09/07/2010         50.774
     10/07/2010         48.979
     11/07/2010         49.161
     12/07/2010         47.659
     13/07/2010         49.187
     14/07/2010         51.531
     15/07/2010         50.148
     16/07/2010         58.211
     17/07/2010         53.422
     18/07/2010         51.989
     19/07/2010         56.035
     20/07/2010         52.270
     21/07/2010         49.286
     22/07/2010         50.925
     23/07/2010         52.119
     24/07/2010         57.365
     25/07/2010         60.526
     26/07/2010         51.474
     27/07/2010         51.498
     28/07/2010         53.232
     29/07/2010         59.436
     30/07/2010         52.574
     31/07/2010         50.036
     01/08/2010         52.283
     02/08/2010         53.297
     03/08/2010         53.538
     04/08/2010         55.312
     05/08/2010         64.246
     06/08/2010         55.980
     07/08/2010         50.329
     08/08/2010         50.797
     09/08/2010         53.568
     10/08/2010         57.338
     11/08/2010         54.140
     12/08/2010         55.442
     13/08/2010         57.919
     14/08/2010         62.651
     15/08/2010         63.267
     16/08/2010         60.668
     17/08/2010         54.766
     18/08/2010         53.881
     19/08/2010         20.908
     20/08/2010         60.167
     21/08/2010         56.383
     22/08/2010         56.664
     23/08/2010         60.749
     24/08/2010         60.642
     25/08/2010         58.290
     26/08/2010         53.101
     27/08/2010         49.994
     28/08/2010         49.523
     29/08/2010         52.096
     30/08/2010         51.891
     31/08/2010         54.537
     01/09/2010         57.847
     02/09/2010         57.542
     03/09/2010         58.487
     04/09/2010         50.598
     05/09/2010         49.966
     06/09/2010         41.984
     07/09/2010         49.225
     08/09/2010         51.628
     09/09/2010         45.128
     10/09/2010         42.582
     11/09/2010         49.822
     12/09/2010         55.892
     13/09/2010         53.854
     14/09/2010         49.394
     15/09/2010         50.366
     16/09/2010         49.738
     17/09/2010         51.209
     18/09/2010         37.697
     19/09/2010         46.493
     20/09/2010         15.856
     21/09/2010         32.390
     22/09/2010         52.546
     23/09/2010         14.489
     24/09/2010         55.370
     25/09/2010         20.671
     26/09/2010         46.892
     27/09/2010         25.875
     28/09/2010         35.093
     29/09/2010         32.913
     30/09/2010         40.172
     01/10/2010         45.008
     02/10/2010         40.860
     03/10/2010         39.612
     04/10/2010         20.158
     05/10/2010         10.068
     06/10/2010         26.352
     07/10/2010         33.410
     08/10/2010         38.791
     09/10/2010         32.493
     10/10/2010         40.947
     11/10/2010         10.759
     12/10/2010         11.263
     13/10/2010         12.331
     14/10/2010         19.661
     15/10/2010         20.344
     16/10/2010         17.413
     17/10/2010         16.367
     18/10/2010         15.237
     19/10/2010         14.085
     20/10/2010         12.594
     21/10/2010         11.660
     22/10/2010         11.615
     23/10/2010         11.630
     24/10/2010         11.597
     25/10/2010         13.118
     26/10/2010         14.407
     27/10/2010         15.063
     28/10/2010         17.472
     29/10/2010         13.637
     30/10/2010          9.453
     31/10/2010         10.562
     01/11/2010         14.461
     02/11/2010          9.155
     03/11/2010          8.588
     04/11/2010          7.603
     05/11/2010         10.180
     06/11/2010          6.818
     07/11/2010          5.673
     08/11/2010          6.515
     09/11/2010          8.164
     10/11/2010          8.267
     11/11/2010          9.131
     12/11/2010          9.764
     13/11/2010          7.667
     14/11/2010          7.201
     15/11/2010          6.213
     16/11/2010          5.518
     17/11/2010          5.816
     18/11/2010          5.355
     19/11/2010          4.531
     20/11/2010          4.126
     21/11/2010          4.180
     22/11/2010          3.699
     23/11/2010          5.484
     24/11/2010          3.473
     25/11/2010          3.017
     26/11/2010          2.698
     27/11/2010          2.425
     28/11/2010          2.177
     29/11/2010          2.049
     30/11/2010          3.478
     01/12/2010          2.779
     02/12/2010          1.952
     03/12/2010          1.768
     04/12/2010          1.624
     05/12/2010          1.513
     06/12/2010          1.412
     07/12/2010          1.305
     08/12/2010          1.188
     09/12/2010          1.076
     10/12/2010          0.970
     11/12/2010          0.918
     12/12/2010          0.946
     13/12/2010          0.852
     14/12/2010          0.848
     15/12/2010          0.791
     16/12/2010          0.702
     17/12/2010          0.621
     18/12/2010          0.564
     19/12/2010          0.526
     20/12/2010          0.491
     21/12/2010          0.454
     22/12/2010          0.420
     23/12/2010          0.401
     24/12/2010          0.402
     25/12/2010          0.415
     26/12/2010          0.437
     27/12/2010          0.461
     28/12/2010          0.466
     29/12/2010          0.449
     30/12/2010          0.417
     31/12/2010          0.383
     01/01/2011          1.005
     02/01/2011          0.371
     03/01/2011          0.382
     04/01/2011          0.374
     05/01/2011          0.356
     06/01/2011          0.343
     07/01/2011          0.335
     08/01/2011          0.332
     09/01/2011          0.339
     10/01/2011          0.343
     11/01/2011          0.329
     12/01/2011          0.306
     13/01/2011          0.288
     14/01/2011          0.271
     15/01/2011          0.247
     16/01/2011          0.218
     17/01/2011          0.194
     18/01/2011          0.178
     19/01/2011          0.166
     20/01/2011          0.159
     21/01/2011          0.156
     22/01/2011          0.148
     23/01/2011          0.134
     24/01/2011          0.119
     25/01/2011          0.106
     26/01/2011          0.096
     27/01/2011          0.087
     28/01/2011          0.083
     29/01/2011          0.082
     30/01/2011          0.085
     31/01/2011          0.091
     01/02/2011          0.099
     02/02/2011          0.107
     03/02/2011          0.113
     04/02/2011          0.116
     05/02/2011          0.112
     06/02/2011          0.101
     07/02/2011          0.092
     08/02/2011          0.087
     09/02/2011          0.088
     10/02/2011          0.089
     11/02/2011          0.085
     12/02/2011          0.076
     13/02/2011          0.067
     14/02/2011          0.061
     15/02/2011          1.718
     16/02/2011          0.227
     17/02/2011          0.934
     18/02/2011          1.394
     19/02/2011          5.237
     20/02/2011          1.106
     21/02/2011          0.575
     22/02/2011          0.797
     23/02/2011          0.430
     24/02/2011          0.393
     25/02/2011          0.411
     26/02/2011          0.373
     27/02/2011          0.331
     28/02/2011          0.297
     01/03/2011          0.262
     02/03/2011          0.240
     03/03/2011          0.317
     04/03/2011          0.236
     05/03/2011          1.203
     06/03/2011          0.329
     07/03/2011          0.310
     08/03/2011          0.303
     09/03/2011          0.327
     10/03/2011          0.684
     11/03/2011          0.475
     12/03/2011          0.470
     13/03/2011          1.644
     14/03/2011          0.626
     15/03/2011          0.525
     16/03/2011          0.739
     17/03/2011          1.681
     18/03/2011          4.061
     19/03/2011          8.990
     20/03/2011          2.595
     21/03/2011          2.586
     22/03/2011          6.702
     23/03/2011          4.060
     24/03/2011          7.044
     25/03/2011          2.697
     26/03/2011          1.722
     27/03/2011          1.599
     28/03/2011          1.441
     29/03/2011          1.295
     30/03/2011          1.211
     31/03/2011          1.266
     01/04/2011          1.593
     02/04/2011          2.506
     03/04/2011          4.982
     04/04/2011          4.446
     05/04/2011          8.087
     06/04/2011          3.035
     07/04/2011          4.258
     08/04/2011          5.914
     09/04/2011          6.790
     10/04/2011          7.929
     11/04/2011          8.184
     12/04/2011         11.679
     13/04/2011         10.904
     14/04/2011         10.117
     15/04/2011          8.573
     16/04/2011         10.197
     17/04/2011          4.887
     18/04/2011          5.537
     19/04/2011          4.470
     20/04/2011          4.503
     21/04/2011          2.931
     22/04/2011          3.843
     23/04/2011          3.088
     24/04/2011          5.641
     25/04/2011          5.389
     26/04/2011          5.383
     27/04/2011          6.211
     28/04/2011          5.630
     29/04/2011          6.760
     30/04/2011          8.436
     01/05/2011         10.280
     02/05/2011         12.684
     03/05/2011          8.555
     04/05/2011          5.789
     05/05/2011          4.847
     06/05/2011          5.937
     07/05/2011          9.674
     08/05/2011          9.612
     09/05/2011         10.607
     10/05/2011         11.579
     11/05/2011         13.158
     12/05/2011         13.898
     13/05/2011         29.295
     14/05/2011         27.690
     15/05/2011         13.665
     16/05/2011         10.386
     17/05/2011         16.970
     18/05/2011         16.096
     19/05/2011         17.362
     20/05/2011         19.468
     21/05/2011         24.342
     22/05/2011         26.009
     23/05/2011         31.962
     24/05/2011         31.670
     25/05/2011         32.693
     26/05/2011         28.492
     27/05/2011         14.071
     28/05/2011         17.495
     29/05/2011         16.621
     30/05/2011         21.685
     31/05/2011         16.700
     01/06/2011         29.822
     02/06/2011         31.552
     03/06/2011         28.948
     04/06/2011         30.959
     05/06/2011         47.477
     06/06/2011         45.553
     07/06/2011         45.151
     08/06/2011         51.623
     09/06/2011         53.406
     10/06/2011         48.063
     11/06/2011         45.851
     12/06/2011         45.076
     13/06/2011         44.671
     14/06/2011         39.439
     15/06/2011         36.945
     16/06/2011         42.710
     17/06/2011         43.222
     18/06/2011         47.443
     19/06/2011         49.529
     20/06/2011         49.965
     21/06/2011         47.829
     22/06/2011         49.318
     23/06/2011         47.472
     24/06/2011         45.140
     25/06/2011         44.596
     26/06/2011         42.266
     27/06/2011         44.377
     28/06/2011         46.209
     29/06/2011         46.568
     30/06/2011         46.094
     01/07/2011         48.912
     02/07/2011         59.010
     03/07/2011         61.347
     04/07/2011         53.533
     05/07/2011         52.515
     06/07/2011         52.490
     07/07/2011         49.940
     08/07/2011         51.841
     09/07/2011         52.924
     10/07/2011         54.083
     11/07/2011         55.739
     12/07/2011         58.521
     13/07/2011         63.189
     14/07/2011         56.750
     15/07/2011         53.635
     16/07/2011         54.859
     17/07/2011         59.763
     18/07/2011         65.960
     19/07/2011         63.329
     20/07/2011         61.992
     21/07/2011         61.858
     22/07/2011         62.165
     23/07/2011         59.555
     24/07/2011         65.178
     25/07/2011         65.152
     26/07/2011         63.375
     27/07/2011         62.527
     28/07/2011         65.583
     29/07/2011         69.776
     30/07/2011         67.913
     31/07/2011         74.724
     01/08/2011         60.635
     02/08/2011         61.069
     03/08/2011         64.022
     04/08/2011         62.250
     05/08/2011         52.401
     06/08/2011         62.937
     07/08/2011         69.405
     08/08/2011         71.625
     09/08/2011         67.002
     10/08/2011         57.299
     11/08/2011         56.357
     12/08/2011         54.096
     13/08/2011         53.422
     14/08/2011         56.004
     15/08/2011         53.087
     16/08/2011         52.423
     17/08/2011         51.358
     18/08/2011         56.753
     19/08/2011         52.329
     20/08/2011         55.823
     21/08/2011         51.742
     22/08/2011         52.285
     23/08/2011         51.106
     24/08/2011         50.551
     25/08/2011         53.376
     26/08/2011         46.606
     27/08/2011         45.050
     28/08/2011         46.456
     29/08/2011         42.226
     30/08/2011         41.769
     31/08/2011         39.187
     01/09/2011         13.673
     02/09/2011         53.942
     03/09/2011         56.284
     04/09/2011         56.717
     05/09/2011         14.936
     06/09/2011         45.664
     07/09/2011         36.362
     08/09/2011         34.168
     09/09/2011         35.800
     10/09/2011         40.044
     11/09/2011         42.010
     12/09/2011         40.272
     13/09/2011         40.259
     14/09/2011         40.532
     15/09/2011         30.838
     16/09/2011         17.104
     17/09/2011         10.465
     18/09/2011         14.738
     19/09/2011         20.576
     20/09/2011          6.245
     21/09/2011         37.288
     22/09/2011         34.867
     23/09/2011         24.151
     24/09/2011         16.018
     25/09/2011         15.915
     26/09/2011         15.776
     27/09/2011         15.702
     28/09/2011         23.677
     29/09/2011         27.046
     30/09/2011         33.223
     01/10/2011         30.172
     02/10/2011         18.329
     03/10/2011         13.632
     04/10/2011         21.058
     05/10/2011         23.517
     06/10/2011         30.404
     07/10/2011         32.439
     08/10/2011         30.552
     09/10/2011         34.151
     10/10/2011         34.122
     11/10/2011          0.380
     12/10/2011          0.621
     13/10/2011          0.408
     14/10/2011          5.114
     15/10/2011          8.187
     16/10/2011          7.719
     17/10/2011          1.416
     18/10/2011          0.772
     19/10/2011          0.600
     20/10/2011          0.780
     21/10/2011          0.667
     22/10/2011          0.545
     23/10/2011          0.431
     24/10/2011          0.362
     25/10/2011          0.368
     26/10/2011          0.282
     27/10/2011          0.266
     28/10/2011          0.254
     29/10/2011          0.243
     30/10/2011          0.232
     31/10/2011          0.222
     01/11/2011          0.213
     02/11/2011          0.204
     03/11/2011          0.195
     04/11/2011          3.768
     05/11/2011          1.913
     06/11/2011          1.341
     07/11/2011          3.747
     08/11/2011          2.601
     09/11/2011          3.863
     10/11/2011          2.249
     11/11/2011          3.388
     12/11/2011          1.568
     13/11/2011          2.968
     14/11/2011          4.768
     15/11/2011          3.990
     16/11/2011          4.501
     17/11/2011          3.984
     18/11/2011          1.489
     19/11/2011          0.914
     20/11/2011          2.947
     21/11/2011          2.034
     22/11/2011          0.906
     23/11/2011          0.636
     24/11/2011          1.868
     25/11/2011          1.695
     26/11/2011          2.138
     27/11/2011          3.045
     28/11/2011          4.508
     29/11/2011          1.694
     30/11/2011          1.179
     01/12/2011          0.834
     02/12/2011          0.610
     03/12/2011          0.501
     04/12/2011          0.388
     05/12/2011          0.464
     06/12/2011          0.367
     07/12/2011          0.352
     08/12/2011          0.302
     09/12/2011          0.252
     10/12/2011          0.223
     11/12/2011          0.211
     12/12/2011          0.183
     13/12/2011          0.170
     14/12/2011          1.017
     15/12/2011          1.410
     16/12/2011          4.240
     17/12/2011          0.505
     18/12/2011          0.392
     19/12/2011          0.343
     20/12/2011          1.713
     21/12/2011          0.386
     22/12/2011          0.399
     23/12/2011          0.712
     24/12/2011          0.383
     25/12/2011          0.333
     26/12/2011          0.305
     27/12/2011          0.502
     28/12/2011          0.372
     29/12/2011          0.368
     30/12/2011          0.443
     31/12/2011          2.148
     01/01/2012          1.129
     02/01/2012          0.570
     03/01/2012          0.513
     04/01/2012          0.479
     05/01/2012          0.450
     06/01/2012          0.419
     07/01/2012          0.700
     08/01/2012          1.235
     09/01/2012          0.994
     10/01/2012          0.694
     11/01/2012          0.653
     12/01/2012          1.159
     13/01/2012          0.888
     14/01/2012          0.747
     15/01/2012          0.648
     16/01/2012          0.527
     17/01/2012          0.444
     18/01/2012          0.448
     19/01/2012          0.463
     20/01/2012          0.413
     21/01/2012          0.392
     22/01/2012          0.360
     23/01/2012          0.330
     24/01/2012          0.295
     25/01/2012          0.266
     26/01/2012          0.250
     27/01/2012          0.249
     28/01/2012          0.261
     29/01/2012          0.376
     30/01/2012          0.329
     31/01/2012          0.377
     01/02/2012          0.419
     02/02/2012          1.536
     03/02/2012          0.994
     04/02/2012          1.355
     05/02/2012          1.393
     06/02/2012          1.094
     07/02/2012          1.100
     08/02/2012          1.034
     09/02/2012          0.952
     10/02/2012          0.893
     11/02/2012          0.831
     12/02/2012          0.753
     13/02/2012          0.685
     14/02/2012          0.618
     15/02/2012          0.552
     16/02/2012          0.497
     17/02/2012          0.466
     18/02/2012          0.688
     19/02/2012          0.591
     20/02/2012          0.986
     21/02/2012          0.675
     22/02/2012          0.690
     23/02/2012          1.114
     24/02/2012          1.794
     25/02/2012          2.875
     26/02/2012          1.358
     27/02/2012          1.231
     28/02/2012          1.076
     29/02/2012          1.485
     01/03/2012          1.047
     02/03/2012          1.612
     03/03/2012          2.556
     04/03/2012          1.489
     05/03/2012          1.827
     06/03/2012          1.517
     07/03/2012          1.275
     08/03/2012          1.104
     09/03/2012          4.737
     10/03/2012          2.844
     11/03/2012          2.330
     12/03/2012          2.022
     13/03/2012          4.279
     14/03/2012          5.701
     15/03/2012          6.423
     16/03/2012          7.456
     17/03/2012          9.387
     18/03/2012         11.730
     19/03/2012         11.866
     20/03/2012         12.704
     21/03/2012         14.806
     22/03/2012         21.308
     23/03/2012         23.144
     24/03/2012         22.334
     25/03/2012         22.062
     26/03/2012         19.681
     27/03/2012         20.015
     28/03/2012         21.409
     29/03/2012         21.263
     30/03/2012         20.443
     31/03/2012         18.308
     01/04/2012         20.515
     02/04/2012         21.853
     03/04/2012         20.678
     04/04/2012         22.566
     05/04/2012         24.635
     06/04/2012         24.073
     07/04/2012         21.131
     08/04/2012         17.024
     09/04/2012         13.814
     10/04/2012         14.738
     11/04/2012         13.781
     12/04/2012         12.730
     13/04/2012         11.124
     14/04/2012         10.028
     15/04/2012          9.484
     16/04/2012         15.992
     17/04/2012         21.173
     18/04/2012         28.215
     19/04/2012         14.628
     20/04/2012         16.004
     21/04/2012         24.130
     22/04/2012         16.335
     23/04/2012         13.208
     24/04/2012         12.599
     25/04/2012         13.504
     26/04/2012         14.024
     27/04/2012         20.615
     28/04/2012         22.719
     29/04/2012         17.225
     30/04/2012         14.573
     01/05/2012         13.155
     02/05/2012         12.207
     03/05/2012         16.097
     04/05/2012         21.909
     05/05/2012         25.859
     06/05/2012         27.854
     07/05/2012         28.194
     08/05/2012         28.644
     09/05/2012         28.079
     10/05/2012         24.569
     11/05/2012         20.350
     12/05/2012         26.095
     13/05/2012         28.587
     14/05/2012         31.311
     15/05/2012         27.234
     16/05/2012         26.359
     17/05/2012         29.219
     18/05/2012         32.481
     19/05/2012         29.781
     20/05/2012         31.542
     21/05/2012         32.637
     22/05/2012         33.308
     23/05/2012         30.703
     24/05/2012         29.288
     25/05/2012         31.038
     26/05/2012         28.186
     27/05/2012         26.861
     28/05/2012         30.353
     29/05/2012         38.485
     30/05/2012         48.818
     31/05/2012         44.937
     01/06/2012         40.019
     02/06/2012         35.256
     03/06/2012         26.779
     04/06/2012         32.544
     05/06/2012         43.790
     06/06/2012         48.330
     07/06/2012         20.212
     08/06/2012         56.781
     09/06/2012         47.420
     10/06/2012         41.406
     11/06/2012         40.901
     12/06/2012         40.880
     13/06/2012         44.379
     14/06/2012         39.101
     15/06/2012         30.738
     16/06/2012         31.831
     17/06/2012         34.680
     18/06/2012         51.038
     19/06/2012         44.196
     20/06/2012         41.508
     21/06/2012         42.725
     22/06/2012         39.560
     23/06/2012         47.411
     24/06/2012         40.615
     25/06/2012         34.421
     26/06/2012         36.890
     27/06/2012         34.235
     28/06/2012         30.561
     29/06/2012         29.833
     30/06/2012         40.350
     01/07/2012         38.121
     02/07/2012         37.059
     03/07/2012         33.901
     04/07/2012         37.996
     05/07/2012         37.810
     06/07/2012         38.492
     07/07/2012         38.875
     08/07/2012         42.074
     09/07/2012         38.183
     10/07/2012         34.737
     11/07/2012         31.591
     12/07/2012         40.864
     13/07/2012         31.365
     14/07/2012         29.208
     15/07/2012         30.375
     16/07/2012         36.241
     17/07/2012         31.852
     18/07/2012         31.982
     19/07/2012         32.828
     20/07/2012         34.733
     21/07/2012         35.398
     22/07/2012         30.201
     23/07/2012         26.929
     24/07/2012         29.483
     25/07/2012         34.195
     26/07/2012         36.378
     27/07/2012         31.985
     28/07/2012         39.711
     29/07/2012         29.448
     30/07/2012         25.026
     31/07/2012         34.903
     01/08/2012         48.478
     02/08/2012         34.047
     03/08/2012         28.599
     04/08/2012         27.428
     05/08/2012         28.578
     06/08/2012         27.955
     07/08/2012         34.196
     08/08/2012         24.499
     09/08/2012         23.940
     10/08/2012         25.379
     11/08/2012         35.472
     12/08/2012         28.503
     13/08/2012         22.435
     14/08/2012         20.401
     15/08/2012         24.423
     16/08/2012         26.506
     17/08/2012         21.443
     18/08/2012         21.711
     19/08/2012         22.509
     20/08/2012         18.095
     21/08/2012         14.980
     22/08/2012         16.977
     23/08/2012         18.060
     24/08/2012         18.004
     25/08/2012         20.310
     26/08/2012         20.850
     27/08/2012         20.769
     28/08/2012          7.469
     29/08/2012         30.254
     30/08/2012         20.514
     31/08/2012         20.357
     01/09/2012         21.533
     02/09/2012         22.794
     03/09/2012         19.479
     04/09/2012         18.734
     05/09/2012         18.516
     06/09/2012         16.330
     07/09/2012         20.985
     08/09/2012         21.679
     09/09/2012         17.315
     10/09/2012         16.153
     11/09/2012         15.044
     12/09/2012         14.330
     13/09/2012         15.518
     14/09/2012         17.990
     15/09/2012         15.894
     16/09/2012         16.538
     17/09/2012         14.996
     18/09/2012         14.224
     19/09/2012         14.871
     20/09/2012         11.856
     21/09/2012          8.352
     22/09/2012         14.912
     23/09/2012         11.241
     24/09/2012         11.493
     25/09/2012          6.119
     26/09/2012          5.430
     27/09/2012         10.013
     28/09/2012         14.398
     29/09/2012         11.958
     30/09/2012          9.332
     01/10/2012         10.204
     02/10/2012         12.519
     03/10/2012         13.941
     04/10/2012         12.597
     05/10/2012         11.601
     06/10/2012         11.325
     07/10/2012          7.819
     08/10/2012          0.273
     09/10/2012          0.270
     10/10/2012          0.267
     11/10/2012          0.263
     12/10/2012          0.416
     13/10/2012          0.255
     14/10/2012          0.250
     15/10/2012          0.825
     16/10/2012          4.634
     17/10/2012          9.260
     18/10/2012          7.107
     19/10/2012          6.459
     20/10/2012          9.915
     21/10/2012          8.827
     22/10/2012          7.765
     23/10/2012          9.148
     24/10/2012          8.756
     25/10/2012         12.468
     26/10/2012         16.500
     27/10/2012         19.565
     28/10/2012         11.643
     29/10/2012          4.993
     30/10/2012          3.870
     31/10/2012          3.246
     01/11/2012          4.217
     02/11/2012          3.193
     03/11/2012          3.580
     04/11/2012          5.157
     05/11/2012          3.186
     06/11/2012          4.092
     07/11/2012          5.158
     08/11/2012          4.648
     09/11/2012          7.292
     10/11/2012          3.874
     11/11/2012          7.256
     12/11/2012          8.359
     13/11/2012         11.546
     14/11/2012          8.754
     15/11/2012          2.417
     16/11/2012          1.435
     17/11/2012          6.506
     18/11/2012          6.169
     19/11/2012          2.634
     20/11/2012          3.951
     21/11/2012          3.831
     22/11/2012          5.365
     23/11/2012          5.270
     24/11/2012          5.613
     25/11/2012          6.614
     26/11/2012          2.366
     27/11/2012          1.146
     28/11/2012          1.006
     29/11/2012          0.805
     30/11/2012          0.547
     01/12/2012          0.450
     02/12/2012          1.622
     03/12/2012          0.982
     04/12/2012          2.987
     05/12/2012          2.815
     06/12/2012          3.255
     07/12/2012          3.701
     08/12/2012          1.588
     09/12/2012          3.102
     10/12/2012          1.875
     11/12/2012          1.299
     12/12/2012          0.832
     13/12/2012          0.534
     14/12/2012          0.417
     15/12/2012          1.075
     16/12/2012          2.311
     17/12/2012          0.792
     18/12/2012          3.505
     19/12/2012          0.842
     20/12/2012          0.610
     21/12/2012          0.542
     22/12/2012          0.570
     23/12/2012          0.458
     24/12/2012          0.359
     25/12/2012          0.337
     26/12/2012          0.329
     27/12/2012          0.319
     28/12/2012          0.307
     29/12/2012          0.294
     30/12/2012          0.279
     31/12/2012          0.264
     01/01/2013          0.251
     02/01/2013          0.241
     03/01/2013          0.233
     04/01/2013          0.226
     05/01/2013          0.221
     06/01/2013          0.215
     07/01/2013          0.209
     08/01/2013          0.204
     09/01/2013          0.201
     10/01/2013          0.199
     11/01/2013          0.198
     12/01/2013          0.359
     13/01/2013          0.200
     14/01/2013          2.181
     15/01/2013          0.262
     16/01/2013          0.220
     17/01/2013          0.222
     18/01/2013          0.226
     19/01/2013          0.236
     20/01/2013          0.226
     21/01/2013          0.846
     22/01/2013          0.253
     23/01/2013          0.226
     24/01/2013          0.226
     25/01/2013          0.225
     26/01/2013          0.220
     27/01/2013          0.212
     28/01/2013          0.204
     29/01/2013          0.196
     30/01/2013          0.190
     31/01/2013          0.700
     01/02/2013          2.301
     02/02/2013          0.189
     03/02/2013          0.192
     04/02/2013          0.196
     05/02/2013          0.197
     06/02/2013          0.195
     07/02/2013          0.192
     08/02/2013          0.190
     09/02/2013          0.189
     10/02/2013          0.192
     11/02/2013          0.198
     12/02/2013          0.203
     13/02/2013          1.185
     14/02/2013          0.348
     15/02/2013          0.334
     16/02/2013          0.735
     17/02/2013          0.424
     18/02/2013          0.355
     19/02/2013          0.282
     20/02/2013          0.259
     21/02/2013          0.262
     22/02/2013          0.253
     23/02/2013          0.235
     24/02/2013          0.219
     25/02/2013          0.211
     26/02/2013          0.205
     27/02/2013          0.199
     28/02/2013          0.194
     01/03/2013          0.204
     02/03/2013          0.234
     03/03/2013          0.249
     04/03/2013          0.260
     05/03/2013          0.252
     06/03/2013          0.242
     07/03/2013          0.281
     08/03/2013          0.365
     09/03/2013          0.332
     10/03/2013          0.281
     11/03/2013          0.255
     12/03/2013          0.725
     13/03/2013          0.440
     14/03/2013          0.481
     15/03/2013          0.481
     16/03/2013          0.432
     17/03/2013          0.436
     18/03/2013          1.842
     19/03/2013          0.958
     20/03/2013          0.928
     21/03/2013          0.846
     22/03/2013          0.732
     23/03/2013          0.599
     24/03/2013          0.476
     25/03/2013          0.446
     26/03/2013          0.594
     27/03/2013          0.660
     28/03/2013          0.795
     29/03/2013          0.906
     30/03/2013          1.103
     31/03/2013          2.493
     01/04/2013          4.126
     02/04/2013          7.578
     03/04/2013          4.078
     04/04/2013          2.725
     05/04/2013          2.297
     06/04/2013          2.496
     07/04/2013          4.552
     08/04/2013          4.567
     09/04/2013          8.271
     10/04/2013          8.079
     11/04/2013          9.855
     12/04/2013         14.092
     13/04/2013          7.161
     14/04/2013          5.883
     15/04/2013          4.726
     16/04/2013          5.423
     17/04/2013         16.047
     18/04/2013          7.225
     19/04/2013          7.354
     20/04/2013          7.787
     21/04/2013          6.448
     22/04/2013          6.125
     23/04/2013          5.786
     24/04/2013         16.293
     25/04/2013         13.846
     26/04/2013          7.255
     27/04/2013          7.998
     28/04/2013         10.592
     29/04/2013         18.350
     30/04/2013         17.009
     01/05/2013         28.747
     02/05/2013         36.453
     03/05/2013         39.327
     04/05/2013         19.624
     05/05/2013         12.973
     06/05/2013         11.256
     07/05/2013         10.960
     08/05/2013         16.153
     09/05/2013         23.391
     10/05/2013         26.935
     11/05/2013         31.045
     12/05/2013         27.152
     13/05/2013         23.900
     14/05/2013         18.360
     15/05/2013         16.914
     16/05/2013         20.869
     17/05/2013         25.073
     18/05/2013         25.415
     19/05/2013         25.633
     20/05/2013         26.033
     21/05/2013         26.254
     22/05/2013         47.262
     23/05/2013         44.367
     24/05/2013         37.748
     25/05/2013         32.303
     26/05/2013         34.591
     27/05/2013         30.753
     28/05/2013         31.990
     29/05/2013         30.388
     30/05/2013         34.979
     31/05/2013         37.566
     01/06/2013         42.670
     02/06/2013         38.952
     03/06/2013         37.747
     04/06/2013         34.485
     05/06/2013         30.078
     06/06/2013         30.127
     07/06/2013         35.347
     08/06/2013         31.766
     09/06/2013         29.898
     10/06/2013         29.254
     11/06/2013         30.549
     12/06/2013         32.243
     13/06/2013         34.051
     14/06/2013         41.037
     15/06/2013         43.950
     16/06/2013         43.748
     17/06/2013         44.008
     18/06/2013         42.395
     19/06/2013         44.294
     20/06/2013         45.588
     21/06/2013         45.729
     22/06/2013         44.485
     23/06/2013         44.964
     24/06/2013         47.369
     25/06/2013         48.320
     26/06/2013         49.909
     27/06/2013         49.141
     28/06/2013         50.271
     29/06/2013         53.433
     30/06/2013         59.527
     01/07/2013         60.400
     02/07/2013         58.415
     03/07/2013         57.040
     04/07/2013         57.163
     05/07/2013         56.733
     06/07/2013         54.878
     07/07/2013         56.696
     08/07/2013         57.986
     09/07/2013         61.221
     10/07/2013         63.988
     11/07/2013         64.540
     12/07/2013         65.899
     13/07/2013         58.551
     14/07/2013         56.567
     15/07/2013         56.533
     16/07/2013         56.247
     17/07/2013         54.880
     18/07/2013         56.375
     19/07/2013         60.697
     20/07/2013         62.201
     21/07/2013         61.888
     22/07/2013         61.182
     23/07/2013         55.543
     24/07/2013         54.998
     25/07/2013         66.914
     26/07/2013         59.016
     27/07/2013         54.945
     28/07/2013         54.868
     29/07/2013         50.943
     30/07/2013         42.901
     31/07/2013         43.279
     01/08/2013         42.272
     02/08/2013         52.274
     03/08/2013         56.834
     04/08/2013         49.477
     05/08/2013         48.801
     06/08/2013         45.653
     07/08/2013         43.094
     08/08/2013         46.424
     09/08/2013         46.656
     10/08/2013         43.644
     11/08/2013         39.955
     12/08/2013         40.045
     13/08/2013         37.870
     14/08/2013         52.062
     15/08/2013         49.847
     16/08/2013         47.323
     17/08/2013         43.388
     18/08/2013         43.372
     19/08/2013         41.980
     20/08/2013         42.179
     21/08/2013         40.749
     22/08/2013         41.257
     23/08/2013         43.431
     24/08/2013         43.651
     25/08/2013         39.986
     26/08/2013         39.318
     27/08/2013         41.590
     28/08/2013         43.186
     29/08/2013         43.789
     30/08/2013         44.131
     31/08/2013         42.155
     01/09/2013         40.844
     02/09/2013         39.001
     03/09/2013         34.595
     04/09/2013         30.437
     05/09/2013         29.207
     06/09/2013         34.304
     07/09/2013         36.780
     08/09/2013         36.139
     09/09/2013         38.695
     10/09/2013         35.391
     11/09/2013         39.702
     12/09/2013         39.687
     13/09/2013         33.836
     14/09/2013         25.825
     15/09/2013         21.334
     16/09/2013         22.440
     17/09/2013         24.303
     18/09/2013         20.108
     19/09/2013          7.045
     20/09/2013         42.451
     21/09/2013         41.246
     22/09/2013         24.096
     23/09/2013         25.555
     24/09/2013         26.680
     25/09/2013         25.220
     26/09/2013         25.007
     27/09/2013         25.068
     28/09/2013         28.229
     29/09/2013         29.825
     30/09/2013         19.516
     01/10/2013         22.576
     02/10/2013         23.974
     03/10/2013         26.752
     04/10/2013         26.124
     05/10/2013         29.646
     06/10/2013         15.521
     07/10/2013         35.194
     08/10/2013         14.759
     09/10/2013         23.851
     10/10/2013         30.353
     11/10/2013          9.167
     12/10/2013          9.543
     13/10/2013         10.562
     14/10/2013         17.609
     15/10/2013         11.302
     16/10/2013         13.218
     17/10/2013         12.366
     18/10/2013          9.267
     19/10/2013         11.055
     20/10/2013          8.269
     21/10/2013          8.384
     22/10/2013          9.797
     23/10/2013          5.825
     24/10/2013          4.214
     25/10/2013          2.987
     26/10/2013          3.187
     27/10/2013          3.982
     28/10/2013          3.833
     29/10/2013          5.430
     30/10/2013          5.361
     31/10/2013          7.605
     01/11/2013         11.996
     02/11/2013          8.948
     03/11/2013          8.458
     04/11/2013          7.460
     05/11/2013          6.506
     06/11/2013          6.917
     07/11/2013          7.467
     08/11/2013          3.233
     09/11/2013          2.762
     10/11/2013          5.022
     11/11/2013          6.459
